[2023.05.14 16:02:12.388] [HTTP] /Dashboard1.page (Method: GET, IP: ::1)
[2023.05.14 16:02:12.399] [HTTP] /client/resources/css/reset.css (Method: GET, IP: ::1)
[2023.05.14 16:02:12.400] [HTTP] /client/resources/css/common.css (Method: GET, IP: ::1)
[2023.05.14 16:02:12.402] [HTTP] /client/resources/css/main.css (Method: GET, IP: ::1)
[2023.05.14 16:02:12.403] [HTTP] /client/build/bundle.js (Method: GET, IP: ::1)
[2023.05.14 16:02:40.749] [HTTP] /Dashboard1.page (Method: GET, IP: ::1)
[2023.05.14 16:02:40.771] [HTTP] /client/resources/css/reset.css (Method: GET, IP: ::1)
[2023.05.14 16:02:40.773] [HTTP] /client/resources/css/common.css (Method: GET, IP: ::1)
[2023.05.14 16:02:40.786] [HTTP] /client/resources/css/main.css (Method: GET, IP: ::1)
[2023.05.14 16:02:40.787] [HTTP] /client/build/bundle.js (Method: GET, IP: ::1)
[2023.05.14 16:03:00.885] [HTTP] /Dashboard1.page (Method: GET, IP: ::1)
[2023.05.14 16:03:00.901] [HTTP] /client/resources/css/reset.css (Method: GET, IP: ::1)
[2023.05.14 16:03:00.903] [HTTP] /client/resources/css/common.css (Method: GET, IP: ::1)
[2023.05.14 16:03:00.904] [HTTP] /client/resources/css/main.css (Method: GET, IP: ::1)
[2023.05.14 16:03:00.905] [HTTP] /client/build/bundle.js (Method: GET, IP: ::1)
[2023.05.14 16:03:01.464] [HTTP] /Dashboard1.page (Method: GET, IP: ::1)
[2023.05.14 16:03:01.474] [HTTP] /client/resources/css/reset.css (Method: GET, IP: ::1)
[2023.05.14 16:03:01.476] [HTTP] /client/resources/css/common.css (Method: GET, IP: ::1)
[2023.05.14 16:03:01.477] [HTTP] /client/resources/css/main.css (Method: GET, IP: ::1)
[2023.05.14 16:03:01.478] [HTTP] /client/build/bundle.js (Method: GET, IP: ::1)
[2023.05.14 16:04:12.562] [HTTP] /Dashboard1.page (Method: GET, IP: ::1)
[2023.05.14 16:04:12.573] [HTTP] /client/resources/css/reset.css (Method: GET, IP: ::1)
[2023.05.14 16:04:12.574] [HTTP] /client/resources/css/common.css (Method: GET, IP: ::1)
[2023.05.14 16:04:12.575] [HTTP] /client/resources/css/main.css (Method: GET, IP: ::1)
[2023.05.14 16:04:12.576] [HTTP] /client/build/bundle.js (Method: GET, IP: ::1)
[2023.05.14 18:15:39.066] [HTTP] /Dashboard1.page (Method: GET, IP: ::1)
[2023.05.14 18:15:39.081] [HTTP] /client/resources/css/reset.css (Method: GET, IP: ::1)
[2023.05.14 18:15:39.082] [HTTP] /client/resources/css/common.css (Method: GET, IP: ::1)
[2023.05.14 18:15:39.083] [HTTP] /client/resources/css/main.css (Method: GET, IP: ::1)
[2023.05.14 18:15:39.084] [HTTP] /client/build/bundle.js (Method: GET, IP: ::1)
[2023.05.14 18:15:40.501] [HTTP] /Dashboard1.page (Method: GET, IP: ::1)
[2023.05.14 18:15:40.513] [HTTP] /client/resources/css/reset.css (Method: GET, IP: ::1)
[2023.05.14 18:15:40.514] [HTTP] /client/resources/css/common.css (Method: GET, IP: ::1)
[2023.05.14 18:15:40.515] [HTTP] /client/resources/css/main.css (Method: GET, IP: ::1)
[2023.05.14 18:15:40.515] [HTTP] /client/build/bundle.js (Method: GET, IP: ::1)
[2023.05.14 18:15:44.993] [HTTP] /Dashboard1.page (Method: GET, IP: ::1)
[2023.05.14 18:15:45.004] [HTTP] /client/resources/css/reset.css (Method: GET, IP: ::1)
[2023.05.14 18:15:45.006] [HTTP] /client/resources/css/common.css (Method: GET, IP: ::1)
[2023.05.14 18:15:45.007] [HTTP] /client/resources/css/main.css (Method: GET, IP: ::1)
[2023.05.14 18:15:45.009] [HTTP] /client/build/bundle.js (Method: GET, IP: ::1)
[2023.05.14 18:21:43.008] [HTTP] / (Method: GET, IP: ::1)
[2023.05.14 18:21:43.043] [HTTP] /client/resources/css/reset.css (Method: GET, IP: ::1)
[2023.05.14 18:21:43.048] [HTTP] /client/resources/css/common.css (Method: GET, IP: ::1)
[2023.05.14 18:21:43.061] [HTTP] /client/resources/css/main.css (Method: GET, IP: ::1)
[2023.05.14 18:21:43.062] [HTTP] /client/build/bundle.js (Method: GET, IP: ::1)
[2023.05.14 20:19:58.490] ★★★ Node.js를 활용한 Web Server 구동(Port:8001) ★★★
[2023.05.14 20:20:12.781] [HTTP] / (Method: GET, IP: ::1)
[2023.05.14 20:20:12.812] [HTTP] /client/resources/css/reset.css (Method: GET, IP: ::1)
[2023.05.14 20:20:12.825] [HTTP] /client/resources/css/common.css (Method: GET, IP: ::1)
[2023.05.14 20:20:12.835] [HTTP] /client/resources/css/main.css (Method: GET, IP: ::1)
[2023.05.14 20:20:12.837] [HTTP] /client/build/bundle.js (Method: GET, IP: ::1)
[2023.05.14 20:20:12.931] [HTTP] /favicon.ico (Method: GET, IP: ::1)
[2023.05.14 20:20:12.934] [Error:404] /favicon.ico/n Error: ENOENT: no such file or directory, stat 'C:\takensoft\dev\nodejs\workspace\dgcatholic\favicon.ico'/n
[2023.05.14 20:20:25.963] [HTTP] /Dashboard1.page (Method: GET, IP: ::1)
[2023.05.14 20:20:25.977] [HTTP] /client/resources/css/reset.css (Method: GET, IP: ::1)
[2023.05.14 20:20:25.979] [HTTP] /client/resources/css/common.css (Method: GET, IP: ::1)
[2023.05.14 20:20:25.981] [HTTP] /client/resources/css/main.css (Method: GET, IP: ::1)
[2023.05.14 20:20:25.983] [HTTP] /client/build/bundle.js (Method: GET, IP: ::1)
[2023.05.14 20:35:19.835] [HTTP] /Dashboard1.page (Method: GET, IP: ::1)
[2023.05.14 20:35:19.846] [HTTP] /client/resources/css/reset.css (Method: GET, IP: ::1)
[2023.05.14 20:35:19.848] [HTTP] /client/resources/css/common.css (Method: GET, IP: ::1)
[2023.05.14 20:35:19.850] [HTTP] /client/resources/css/main.css (Method: GET, IP: ::1)
[2023.05.14 20:35:19.851] [HTTP] /client/build/bundle.js (Method: GET, IP: ::1)
[2023.05.14 23:07:04.074] [HTTP] /Dashboard1.page (Method: GET, IP: ::1)
[2023.05.14 23:07:04.086] [HTTP] /client/resources/css/reset.css (Method: GET, IP: ::1)
[2023.05.14 23:07:04.088] [HTTP] /client/resources/css/common.css (Method: GET, IP: ::1)
[2023.05.14 23:07:04.091] [HTTP] /client/resources/css/main.css (Method: GET, IP: ::1)
[2023.05.14 23:07:04.092] [HTTP] /client/build/bundle.js (Method: GET, IP: ::1)
[2023.05.14 23:07:38.084] [HTTP] /Dashboard1.page (Method: GET, IP: ::1)
[2023.05.14 23:07:38.098] [HTTP] /client/resources/css/reset.css (Method: GET, IP: ::1)
[2023.05.14 23:07:38.099] [HTTP] /client/resources/css/common.css (Method: GET, IP: ::1)
[2023.05.14 23:07:38.101] [HTTP] /client/resources/css/main.css (Method: GET, IP: ::1)
[2023.05.14 23:07:38.102] [HTTP] /client/build/bundle.js (Method: GET, IP: ::1)
[2023.05.14 23:09:06.951] [HTTP] /Dashboard1.page (Method: GET, IP: ::1)
[2023.05.14 23:09:06.961] [HTTP] /client/resources/css/common.css (Method: GET, IP: ::1)
[2023.05.14 23:09:06.962] [HTTP] /client/resources/css/reset.css (Method: GET, IP: ::1)
[2023.05.14 23:09:06.963] [HTTP] /client/resources/css/main.css (Method: GET, IP: ::1)
[2023.05.14 23:09:06.964] [HTTP] /client/build/bundle.js (Method: GET, IP: ::1)
[2023.05.14 23:09:16.469] [HTTP] /client/resources/css/reset.css (Method: GET, IP: ::1)
[2023.05.14 23:09:16.470] [HTTP] /client/resources/css/common.css (Method: GET, IP: ::1)
[2023.05.14 23:09:16.471] [HTTP] /client/resources/css/main.css (Method: GET, IP: ::1)
[2023.05.14 23:09:29.292] [HTTP] /Dashboard1.page (Method: GET, IP: ::1)
[2023.05.14 23:09:29.300] [HTTP] /client/resources/css/reset.css (Method: GET, IP: ::1)
[2023.05.14 23:09:29.302] [HTTP] /client/resources/css/common.css (Method: GET, IP: ::1)
[2023.05.14 23:09:29.302] [HTTP] /client/resources/css/main.css (Method: GET, IP: ::1)
[2023.05.14 23:09:29.303] [HTTP] /client/build/bundle.js (Method: GET, IP: ::1)
[2023.05.14 23:11:35.414] [HTTP] /Dashboard1.page (Method: GET, IP: ::1)
[2023.05.14 23:11:35.435] [HTTP] /client/resources/css/reset.css (Method: GET, IP: ::1)
[2023.05.14 23:11:35.436] [HTTP] /client/resources/css/common.css (Method: GET, IP: ::1)
[2023.05.14 23:11:35.437] [HTTP] /client/resources/css/main.css (Method: GET, IP: ::1)
[2023.05.14 23:11:35.438] [HTTP] /client/build/bundle.js (Method: GET, IP: ::1)
[2023.05.14 23:12:56.980] [HTTP] /Dashboard1.page (Method: GET, IP: ::1)
[2023.05.14 23:12:56.988] [HTTP] /client/resources/css/reset.css (Method: GET, IP: ::1)
[2023.05.14 23:12:56.990] [HTTP] /client/resources/css/common.css (Method: GET, IP: ::1)
[2023.05.14 23:12:56.991] [HTTP] /client/resources/css/main.css (Method: GET, IP: ::1)
[2023.05.14 23:12:56.992] [HTTP] /client/build/bundle.js (Method: GET, IP: ::1)
[2023.05.14 23:13:29.533] [HTTP] /Dashboard1.page (Method: GET, IP: ::1)
[2023.05.14 23:13:29.541] [HTTP] /client/resources/css/reset.css (Method: GET, IP: ::1)
[2023.05.14 23:13:29.543] [HTTP] /client/resources/css/common.css (Method: GET, IP: ::1)
[2023.05.14 23:13:29.544] [HTTP] /client/resources/css/main.css (Method: GET, IP: ::1)
[2023.05.14 23:13:29.545] [HTTP] /client/build/bundle.js (Method: GET, IP: ::1)
[2023.05.14 23:14:18.456] [HTTP] /Dashboard1.page (Method: GET, IP: ::1)
[2023.05.14 23:14:18.466] [HTTP] /client/resources/css/reset.css (Method: GET, IP: ::1)
[2023.05.14 23:14:18.468] [HTTP] /client/resources/css/common.css (Method: GET, IP: ::1)
[2023.05.14 23:14:18.469] [HTTP] /client/resources/css/main.css (Method: GET, IP: ::1)
[2023.05.14 23:14:18.470] [HTTP] /client/build/bundle.js (Method: GET, IP: ::1)
[2023.05.14 23:15:16.701] [HTTP] /Dashboard1.page (Method: GET, IP: ::1)
[2023.05.14 23:15:16.713] [HTTP] /client/resources/css/reset.css (Method: GET, IP: ::1)
[2023.05.14 23:15:16.715] [HTTP] /client/resources/css/common.css (Method: GET, IP: ::1)
[2023.05.14 23:15:16.716] [HTTP] /client/resources/css/main.css (Method: GET, IP: ::1)
[2023.05.14 23:15:16.717] [HTTP] /client/build/bundle.js (Method: GET, IP: ::1)
[2023.05.14 23:15:25.365] [HTTP] /Dashboard1.page (Method: GET, IP: ::1)
[2023.05.14 23:15:25.375] [HTTP] /client/resources/css/reset.css (Method: GET, IP: ::1)
[2023.05.14 23:15:25.380] [HTTP] /client/resources/css/common.css (Method: GET, IP: ::1)
[2023.05.14 23:15:25.381] [HTTP] /client/resources/css/main.css (Method: GET, IP: ::1)
[2023.05.14 23:15:25.382] [HTTP] /client/build/bundle.js (Method: GET, IP: ::1)
[2023.05.14 23:15:50.319] [HTTP] /Dashboard1.page (Method: GET, IP: ::1)
[2023.05.14 23:15:50.330] [HTTP] /client/resources/css/reset.css (Method: GET, IP: ::1)
[2023.05.14 23:15:50.332] [HTTP] /client/resources/css/common.css (Method: GET, IP: ::1)
[2023.05.14 23:15:50.333] [HTTP] /client/resources/css/main.css (Method: GET, IP: ::1)
[2023.05.14 23:15:50.334] [HTTP] /client/build/bundle.js (Method: GET, IP: ::1)
[2023.05.14 23:16:05.415] [HTTP] /Dashboard1.page (Method: GET, IP: ::1)
[2023.05.14 23:16:05.424] [HTTP] /client/resources/css/reset.css (Method: GET, IP: ::1)
[2023.05.14 23:16:05.425] [HTTP] /client/resources/css/common.css (Method: GET, IP: ::1)
[2023.05.14 23:16:05.427] [HTTP] /client/resources/css/main.css (Method: GET, IP: ::1)
[2023.05.14 23:16:05.428] [HTTP] /client/build/bundle.js (Method: GET, IP: ::1)
[2023.05.14 23:16:39.438] [HTTP] /Dashboard1.page (Method: GET, IP: ::1)
[2023.05.14 23:16:39.447] [HTTP] /client/resources/css/reset.css (Method: GET, IP: ::1)
[2023.05.14 23:16:39.448] [HTTP] /client/resources/css/common.css (Method: GET, IP: ::1)
[2023.05.14 23:16:39.449] [HTTP] /client/resources/css/main.css (Method: GET, IP: ::1)
[2023.05.14 23:16:39.450] [HTTP] /client/build/bundle.js (Method: GET, IP: ::1)
[2023.05.14 23:17:41.242] [HTTP] /Dashboard1.page (Method: GET, IP: ::1)
[2023.05.14 23:17:41.255] [HTTP] /client/resources/css/common.css (Method: GET, IP: ::1)
[2023.05.14 23:17:41.256] [HTTP] /client/resources/css/reset.css (Method: GET, IP: ::1)
[2023.05.14 23:17:41.257] [HTTP] /client/resources/css/main.css (Method: GET, IP: ::1)
[2023.05.14 23:17:41.258] [HTTP] /client/build/bundle.js (Method: GET, IP: ::1)
[2023.05.14 23:18:26.307] [HTTP] /Dashboard1.page (Method: GET, IP: ::1)
[2023.05.14 23:18:26.321] [HTTP] /client/resources/css/reset.css (Method: GET, IP: ::1)
[2023.05.14 23:18:26.323] [HTTP] /client/resources/css/common.css (Method: GET, IP: ::1)
[2023.05.14 23:18:26.323] [HTTP] /client/resources/css/main.css (Method: GET, IP: ::1)
[2023.05.14 23:18:26.324] [HTTP] /client/build/bundle.js (Method: GET, IP: ::1)
[2023.05.14 23:18:46.951] [HTTP] /Dashboard1.page (Method: GET, IP: ::1)
[2023.05.14 23:18:46.962] [HTTP] /client/resources/css/reset.css (Method: GET, IP: ::1)
[2023.05.14 23:18:46.964] [HTTP] /client/resources/css/common.css (Method: GET, IP: ::1)
[2023.05.14 23:18:46.966] [HTTP] /client/resources/css/main.css (Method: GET, IP: ::1)
[2023.05.14 23:18:46.967] [HTTP] /client/build/bundle.js (Method: GET, IP: ::1)
[2023.05.14 23:19:06.833] [HTTP] /Dashboard1.page (Method: GET, IP: ::1)
[2023.05.14 23:19:06.841] [HTTP] /client/resources/css/reset.css (Method: GET, IP: ::1)
[2023.05.14 23:19:06.842] [HTTP] /client/resources/css/common.css (Method: GET, IP: ::1)
[2023.05.14 23:19:06.843] [HTTP] /client/resources/css/main.css (Method: GET, IP: ::1)
[2023.05.14 23:19:06.844] [HTTP] /client/build/bundle.js (Method: GET, IP: ::1)
[2023.05.14 23:19:13.696] [HTTP] /Dashboard1.page (Method: GET, IP: ::1)
[2023.05.14 23:19:13.709] [HTTP] /client/resources/css/reset.css (Method: GET, IP: ::1)
[2023.05.14 23:19:13.712] [HTTP] /client/resources/css/common.css (Method: GET, IP: ::1)
[2023.05.14 23:19:13.714] [HTTP] /client/resources/css/main.css (Method: GET, IP: ::1)
[2023.05.14 23:19:13.716] [HTTP] /client/build/bundle.js (Method: GET, IP: ::1)
[2023.05.14 23:19:45.195] [HTTP] /Dashboard1.page (Method: GET, IP: ::1)
[2023.05.14 23:19:45.207] [HTTP] /client/resources/css/reset.css (Method: GET, IP: ::1)
[2023.05.14 23:19:45.209] [HTTP] /client/resources/css/common.css (Method: GET, IP: ::1)
[2023.05.14 23:19:45.210] [HTTP] /client/resources/css/main.css (Method: GET, IP: ::1)
[2023.05.14 23:19:45.210] [HTTP] /client/build/bundle.js (Method: GET, IP: ::1)
[2023.05.14 23:19:51.124] [HTTP] /Dashboard1.page (Method: GET, IP: ::1)
[2023.05.14 23:19:51.136] [HTTP] /client/resources/css/reset.css (Method: GET, IP: ::1)
[2023.05.14 23:19:51.138] [HTTP] /client/resources/css/common.css (Method: GET, IP: ::1)
[2023.05.14 23:19:51.140] [HTTP] /client/resources/css/main.css (Method: GET, IP: ::1)
[2023.05.14 23:19:51.141] [HTTP] /client/build/bundle.js (Method: GET, IP: ::1)
[2023.05.14 23:20:06.912] [HTTP] /Dashboard1.page (Method: GET, IP: ::1)
[2023.05.14 23:20:06.921] [HTTP] /client/resources/css/reset.css (Method: GET, IP: ::1)
[2023.05.14 23:20:06.924] [HTTP] /client/resources/css/common.css (Method: GET, IP: ::1)
[2023.05.14 23:20:06.925] [HTTP] /client/resources/css/main.css (Method: GET, IP: ::1)
[2023.05.14 23:20:06.926] [HTTP] /client/build/bundle.js (Method: GET, IP: ::1)
[2023.05.14 23:20:21.775] [HTTP] /Dashboard1.page (Method: GET, IP: ::1)
[2023.05.14 23:20:21.789] [HTTP] /client/resources/css/reset.css (Method: GET, IP: ::1)
[2023.05.14 23:20:21.791] [HTTP] /client/resources/css/common.css (Method: GET, IP: ::1)
[2023.05.14 23:20:21.793] [HTTP] /client/resources/css/main.css (Method: GET, IP: ::1)
[2023.05.14 23:20:21.794] [HTTP] /client/build/bundle.js (Method: GET, IP: ::1)
[2023.05.14 23:21:00.975] [HTTP] /Dashboard1.page (Method: GET, IP: ::1)
[2023.05.14 23:21:00.988] [HTTP] /client/resources/css/reset.css (Method: GET, IP: ::1)
[2023.05.14 23:21:00.990] [HTTP] /client/resources/css/common.css (Method: GET, IP: ::1)
[2023.05.14 23:21:00.991] [HTTP] /client/resources/css/main.css (Method: GET, IP: ::1)
[2023.05.14 23:21:00.992] [HTTP] /client/build/bundle.js (Method: GET, IP: ::1)
[2023.05.14 23:21:20.720] [HTTP] /Dashboard1.page (Method: GET, IP: ::1)
[2023.05.14 23:21:20.728] [HTTP] /client/resources/css/reset.css (Method: GET, IP: ::1)
[2023.05.14 23:21:20.730] [HTTP] /client/resources/css/common.css (Method: GET, IP: ::1)
[2023.05.14 23:21:20.731] [HTTP] /client/resources/css/main.css (Method: GET, IP: ::1)
[2023.05.14 23:21:20.732] [HTTP] /client/build/bundle.js (Method: GET, IP: ::1)
[2023.05.14 23:22:01.067] [HTTP] /Dashboard1.page (Method: GET, IP: ::1)
[2023.05.14 23:22:01.076] [HTTP] /client/resources/css/reset.css (Method: GET, IP: ::1)
[2023.05.14 23:22:01.077] [HTTP] /client/resources/css/common.css (Method: GET, IP: ::1)
[2023.05.14 23:22:01.078] [HTTP] /client/resources/css/main.css (Method: GET, IP: ::1)
[2023.05.14 23:22:01.079] [HTTP] /client/build/bundle.js (Method: GET, IP: ::1)
[2023.05.14 23:22:06.172] [HTTP] /Dashboard1.page (Method: GET, IP: ::1)
[2023.05.14 23:22:06.186] [HTTP] /client/resources/css/reset.css (Method: GET, IP: ::1)
[2023.05.14 23:22:06.188] [HTTP] /client/resources/css/common.css (Method: GET, IP: ::1)
[2023.05.14 23:22:06.189] [HTTP] /client/resources/css/main.css (Method: GET, IP: ::1)
[2023.05.14 23:22:06.191] [HTTP] /client/build/bundle.js (Method: GET, IP: ::1)
[2023.05.14 23:22:20.216] [HTTP] /Dashboard1.page (Method: GET, IP: ::1)
[2023.05.14 23:22:20.226] [HTTP] /client/resources/css/reset.css (Method: GET, IP: ::1)
[2023.05.14 23:22:20.227] [HTTP] /client/resources/css/common.css (Method: GET, IP: ::1)
[2023.05.14 23:22:20.228] [HTTP] /client/resources/css/main.css (Method: GET, IP: ::1)
[2023.05.14 23:22:20.229] [HTTP] /client/build/bundle.js (Method: GET, IP: ::1)
[2023.05.14 23:23:00.475] [HTTP] /Dashboard1.page (Method: GET, IP: ::1)
[2023.05.14 23:23:00.483] [HTTP] /client/resources/css/reset.css (Method: GET, IP: ::1)
[2023.05.14 23:23:00.485] [HTTP] /client/resources/css/common.css (Method: GET, IP: ::1)
[2023.05.14 23:23:00.486] [HTTP] /client/resources/css/main.css (Method: GET, IP: ::1)
[2023.05.14 23:23:00.487] [HTTP] /client/build/bundle.js (Method: GET, IP: ::1)
[2023.05.14 23:23:04.363] [HTTP] /Dashboard1.page (Method: GET, IP: ::1)
[2023.05.14 23:23:04.375] [HTTP] /client/resources/css/reset.css (Method: GET, IP: ::1)
[2023.05.14 23:23:04.376] [HTTP] /client/resources/css/common.css (Method: GET, IP: ::1)
[2023.05.14 23:23:04.377] [HTTP] /client/resources/css/main.css (Method: GET, IP: ::1)
[2023.05.14 23:23:04.378] [HTTP] /client/build/bundle.js (Method: GET, IP: ::1)
[2023.05.14 23:23:51.276] [HTTP] /Dashboard1.page (Method: GET, IP: ::1)
[2023.05.14 23:23:51.287] [HTTP] /client/resources/css/reset.css (Method: GET, IP: ::1)
[2023.05.14 23:23:51.291] [HTTP] /client/resources/css/common.css (Method: GET, IP: ::1)
[2023.05.14 23:23:51.292] [HTTP] /client/resources/css/main.css (Method: GET, IP: ::1)
[2023.05.14 23:23:51.293] [HTTP] /client/build/bundle.js (Method: GET, IP: ::1)
[2023.05.14 23:24:16.709] [HTTP] /Dashboard1.page (Method: GET, IP: ::1)
[2023.05.14 23:24:16.721] [HTTP] /client/resources/css/reset.css (Method: GET, IP: ::1)
[2023.05.14 23:24:16.723] [HTTP] /client/resources/css/common.css (Method: GET, IP: ::1)
[2023.05.14 23:24:16.724] [HTTP] /client/resources/css/main.css (Method: GET, IP: ::1)
[2023.05.14 23:24:16.725] [HTTP] /client/build/bundle.js (Method: GET, IP: ::1)
[2023.05.14 23:24:49.402] [HTTP] /Dashboard1.page (Method: GET, IP: ::1)
[2023.05.14 23:24:49.410] [HTTP] /client/resources/css/reset.css (Method: GET, IP: ::1)
[2023.05.14 23:24:49.412] [HTTP] /client/resources/css/common.css (Method: GET, IP: ::1)
[2023.05.14 23:24:49.412] [HTTP] /client/resources/css/main.css (Method: GET, IP: ::1)
[2023.05.14 23:24:49.413] [HTTP] /client/build/bundle.js (Method: GET, IP: ::1)
[2023.05.14 23:25:44.267] [HTTP] /Dashboard1.page (Method: GET, IP: ::1)
[2023.05.14 23:25:44.278] [HTTP] /client/resources/css/reset.css (Method: GET, IP: ::1)
[2023.05.14 23:25:44.280] [HTTP] /client/resources/css/common.css (Method: GET, IP: ::1)
[2023.05.14 23:25:44.281] [HTTP] /client/resources/css/main.css (Method: GET, IP: ::1)
[2023.05.14 23:25:44.282] [HTTP] /client/build/bundle.js (Method: GET, IP: ::1)
[2023.05.14 23:25:55.149] [HTTP] /Dashboard1.page (Method: GET, IP: ::1)
[2023.05.14 23:25:55.158] [HTTP] /client/resources/css/reset.css (Method: GET, IP: ::1)
[2023.05.14 23:25:55.159] [HTTP] /client/resources/css/common.css (Method: GET, IP: ::1)
[2023.05.14 23:25:55.161] [HTTP] /client/resources/css/main.css (Method: GET, IP: ::1)
[2023.05.14 23:25:55.162] [HTTP] /client/build/bundle.js (Method: GET, IP: ::1)
[2023.05.14 23:25:57.512] [HTTP] /Dashboard1.page (Method: GET, IP: ::1)
[2023.05.14 23:25:57.524] [HTTP] /client/resources/css/reset.css (Method: GET, IP: ::1)
[2023.05.14 23:25:57.525] [HTTP] /client/resources/css/common.css (Method: GET, IP: ::1)
[2023.05.14 23:25:57.526] [HTTP] /client/resources/css/main.css (Method: GET, IP: ::1)
[2023.05.14 23:25:57.527] [HTTP] /client/build/bundle.js (Method: GET, IP: ::1)
[2023.05.14 23:26:39.876] [HTTP] /Dashboard1.page (Method: GET, IP: ::1)
[2023.05.14 23:26:39.891] [HTTP] /client/resources/css/reset.css (Method: GET, IP: ::1)
[2023.05.14 23:26:39.894] [HTTP] /client/resources/css/common.css (Method: GET, IP: ::1)
[2023.05.14 23:26:39.900] [HTTP] /client/build/bundle.js (Method: GET, IP: ::1)
[2023.05.14 23:26:39.902] [HTTP] /client/resources/css/main.css (Method: GET, IP: ::1)
[2023.05.14 23:26:42.476] [HTTP] /Dashboard1.page (Method: GET, IP: ::1)
[2023.05.14 23:26:42.489] [HTTP] /client/resources/css/reset.css (Method: GET, IP: ::1)
[2023.05.14 23:26:42.490] [HTTP] /client/resources/css/common.css (Method: GET, IP: ::1)
[2023.05.14 23:26:42.491] [HTTP] /client/resources/css/main.css (Method: GET, IP: ::1)
[2023.05.14 23:26:42.492] [HTTP] /client/build/bundle.js (Method: GET, IP: ::1)
[2023.05.14 23:26:54.494] [HTTP] /Dashboard1.page (Method: GET, IP: ::1)
[2023.05.14 23:26:54.506] [HTTP] /client/resources/css/reset.css (Method: GET, IP: ::1)
[2023.05.14 23:26:54.508] [HTTP] /client/resources/css/common.css (Method: GET, IP: ::1)
[2023.05.14 23:26:54.509] [HTTP] /client/resources/css/main.css (Method: GET, IP: ::1)
[2023.05.14 23:26:54.509] [HTTP] /client/build/bundle.js (Method: GET, IP: ::1)
[2023.05.14 23:28:15.924] [HTTP] /Dashboard1.page (Method: GET, IP: ::1)
[2023.05.14 23:28:15.933] [HTTP] /client/resources/css/reset.css (Method: GET, IP: ::1)
[2023.05.14 23:28:15.935] [HTTP] /client/resources/css/common.css (Method: GET, IP: ::1)
[2023.05.14 23:28:15.936] [HTTP] /client/resources/css/main.css (Method: GET, IP: ::1)
[2023.05.14 23:28:15.938] [HTTP] /client/build/bundle.js (Method: GET, IP: ::1)
[2023.05.14 23:28:35.665] [HTTP] /Dashboard1.page (Method: GET, IP: ::1)
[2023.05.14 23:28:35.678] [HTTP] /client/resources/css/reset.css (Method: GET, IP: ::1)
[2023.05.14 23:28:35.679] [HTTP] /client/resources/css/common.css (Method: GET, IP: ::1)
[2023.05.14 23:28:35.680] [HTTP] /client/resources/css/main.css (Method: GET, IP: ::1)
[2023.05.14 23:28:35.682] [HTTP] /client/build/bundle.js (Method: GET, IP: ::1)
[2023.05.14 23:30:53.100] [HTTP] /Dashboard1.page (Method: GET, IP: ::1)
[2023.05.14 23:30:53.113] [HTTP] /client/resources/css/reset.css (Method: GET, IP: ::1)
[2023.05.14 23:30:53.114] [HTTP] /client/resources/css/common.css (Method: GET, IP: ::1)
[2023.05.14 23:30:53.115] [HTTP] /client/resources/css/main.css (Method: GET, IP: ::1)
[2023.05.14 23:30:53.116] [HTTP] /client/build/bundle.js (Method: GET, IP: ::1)
[2023.05.14 23:32:31.047] [HTTP] /Dashboard1.page (Method: GET, IP: ::1)
[2023.05.14 23:32:31.059] [HTTP] /client/resources/css/reset.css (Method: GET, IP: ::1)
[2023.05.14 23:32:31.061] [HTTP] /client/resources/css/common.css (Method: GET, IP: ::1)
[2023.05.14 23:32:31.062] [HTTP] /client/resources/css/main.css (Method: GET, IP: ::1)
[2023.05.14 23:32:31.064] [HTTP] /client/build/bundle.js (Method: GET, IP: ::1)
[2023.05.14 23:33:49.162] [HTTP] /Dashboard1.page (Method: GET, IP: ::1)
[2023.05.14 23:33:49.170] [HTTP] /client/resources/css/reset.css (Method: GET, IP: ::1)
[2023.05.14 23:33:49.171] [HTTP] /client/resources/css/common.css (Method: GET, IP: ::1)
[2023.05.14 23:33:49.172] [HTTP] /client/resources/css/main.css (Method: GET, IP: ::1)
[2023.05.14 23:33:49.174] [HTTP] /client/build/bundle.js (Method: GET, IP: ::1)
[2023.05.14 23:34:11.444] [HTTP] /Dashboard1.page (Method: GET, IP: ::1)
[2023.05.14 23:34:11.456] [HTTP] /client/resources/css/reset.css (Method: GET, IP: ::1)
[2023.05.14 23:34:11.458] [HTTP] /client/resources/css/common.css (Method: GET, IP: ::1)
[2023.05.14 23:34:11.460] [HTTP] /client/resources/css/main.css (Method: GET, IP: ::1)
[2023.05.14 23:34:11.461] [HTTP] /client/build/bundle.js (Method: GET, IP: ::1)
[2023.05.14 23:34:32.661] [HTTP] /Dashboard1.page (Method: GET, IP: ::1)
[2023.05.14 23:34:32.669] [HTTP] /client/resources/css/reset.css (Method: GET, IP: ::1)
[2023.05.14 23:34:32.670] [HTTP] /client/resources/css/common.css (Method: GET, IP: ::1)
[2023.05.14 23:34:32.671] [HTTP] /client/resources/css/main.css (Method: GET, IP: ::1)
[2023.05.14 23:34:32.672] [HTTP] /client/build/bundle.js (Method: GET, IP: ::1)
[2023.05.14 23:36:17.012] [HTTP] /Dashboard1.page (Method: GET, IP: ::1)
[2023.05.14 23:36:17.021] [HTTP] /client/resources/css/reset.css (Method: GET, IP: ::1)
[2023.05.14 23:36:17.026] [HTTP] /client/resources/css/common.css (Method: GET, IP: ::1)
[2023.05.14 23:36:17.028] [HTTP] /client/resources/css/main.css (Method: GET, IP: ::1)
[2023.05.14 23:36:17.029] [HTTP] /client/build/bundle.js (Method: GET, IP: ::1)
[2023.05.14 23:37:20.820] [HTTP] /Dashboard1.page (Method: GET, IP: ::1)
[2023.05.14 23:37:20.830] [HTTP] /client/resources/css/common.css (Method: GET, IP: ::1)
[2023.05.14 23:37:20.831] [HTTP] /client/resources/css/reset.css (Method: GET, IP: ::1)
[2023.05.14 23:37:20.832] [HTTP] /client/resources/css/main.css (Method: GET, IP: ::1)
[2023.05.14 23:37:20.834] [HTTP] /client/build/bundle.js (Method: GET, IP: ::1)
[2023.05.14 23:37:39.496] [HTTP] /Dashboard1.page (Method: GET, IP: ::1)
[2023.05.14 23:37:39.506] [HTTP] /client/resources/css/reset.css (Method: GET, IP: ::1)
[2023.05.14 23:37:39.508] [HTTP] /client/resources/css/common.css (Method: GET, IP: ::1)
[2023.05.14 23:37:39.510] [HTTP] /client/resources/css/main.css (Method: GET, IP: ::1)
[2023.05.14 23:37:39.511] [HTTP] /client/build/bundle.js (Method: GET, IP: ::1)
[2023.05.14 23:37:40.650] [HTTP] /Dashboard1.page (Method: GET, IP: ::1)
[2023.05.14 23:37:40.661] [HTTP] /client/resources/css/reset.css (Method: GET, IP: ::1)
[2023.05.14 23:37:40.663] [HTTP] /client/resources/css/common.css (Method: GET, IP: ::1)
[2023.05.14 23:37:40.664] [HTTP] /client/resources/css/main.css (Method: GET, IP: ::1)
[2023.05.14 23:37:40.665] [HTTP] /client/build/bundle.js (Method: GET, IP: ::1)
[2023.05.14 23:37:57.147] [HTTP] /Dashboard1.page (Method: GET, IP: ::1)
[2023.05.14 23:37:57.156] [HTTP] /client/resources/css/reset.css (Method: GET, IP: ::1)
[2023.05.14 23:37:57.158] [HTTP] /client/resources/css/common.css (Method: GET, IP: ::1)
[2023.05.14 23:37:57.159] [HTTP] /client/resources/css/main.css (Method: GET, IP: ::1)
[2023.05.14 23:37:57.160] [HTTP] /client/build/bundle.js (Method: GET, IP: ::1)
[2023.05.14 23:37:57.898] [HTTP] /Dashboard1.page (Method: GET, IP: ::1)
[2023.05.14 23:37:57.905] [HTTP] /client/resources/css/reset.css (Method: GET, IP: ::1)
[2023.05.14 23:37:57.906] [HTTP] /client/resources/css/common.css (Method: GET, IP: ::1)
[2023.05.14 23:37:57.907] [HTTP] /client/resources/css/main.css (Method: GET, IP: ::1)
[2023.05.14 23:37:57.908] [HTTP] /client/build/bundle.js (Method: GET, IP: ::1)
[2023.05.14 23:37:58.563] [HTTP] /Dashboard1.page (Method: GET, IP: ::1)
[2023.05.14 23:37:58.572] [HTTP] /client/resources/css/reset.css (Method: GET, IP: ::1)
[2023.05.14 23:37:58.573] [HTTP] /client/resources/css/common.css (Method: GET, IP: ::1)
[2023.05.14 23:37:58.574] [HTTP] /client/resources/css/main.css (Method: GET, IP: ::1)
[2023.05.14 23:37:58.575] [HTTP] /client/build/bundle.js (Method: GET, IP: ::1)
[2023.05.14 23:38:07.568] [HTTP] /Dashboard1.page (Method: GET, IP: ::1)
[2023.05.14 23:38:07.578] [HTTP] /client/resources/css/reset.css (Method: GET, IP: ::1)
[2023.05.14 23:38:07.584] [HTTP] /client/resources/css/common.css (Method: GET, IP: ::1)
[2023.05.14 23:38:07.586] [HTTP] /client/resources/css/main.css (Method: GET, IP: ::1)
[2023.05.14 23:38:07.587] [HTTP] /client/build/bundle.js (Method: GET, IP: ::1)
[2023.05.14 23:38:33.524] [HTTP] /Dashboard1.page (Method: GET, IP: ::1)
[2023.05.14 23:38:33.533] [HTTP] /client/resources/css/reset.css (Method: GET, IP: ::1)
[2023.05.14 23:38:33.535] [HTTP] /client/resources/css/common.css (Method: GET, IP: ::1)
[2023.05.14 23:38:33.535] [HTTP] /client/resources/css/main.css (Method: GET, IP: ::1)
[2023.05.14 23:38:33.536] [HTTP] /client/build/bundle.js (Method: GET, IP: ::1)
[2023.05.14 23:38:34.218] [HTTP] /Dashboard1.page (Method: GET, IP: ::1)
[2023.05.14 23:38:34.225] [HTTP] /client/resources/css/reset.css (Method: GET, IP: ::1)
[2023.05.14 23:38:34.226] [HTTP] /client/resources/css/common.css (Method: GET, IP: ::1)
[2023.05.14 23:38:34.227] [HTTP] /client/resources/css/main.css (Method: GET, IP: ::1)
[2023.05.14 23:38:34.229] [HTTP] /client/build/bundle.js (Method: GET, IP: ::1)
[2023.05.14 23:38:44.805] [HTTP] /Dashboard1.page (Method: GET, IP: ::1)
[2023.05.14 23:38:44.817] [HTTP] /client/resources/css/reset.css (Method: GET, IP: ::1)
[2023.05.14 23:38:44.819] [HTTP] /client/resources/css/common.css (Method: GET, IP: ::1)
[2023.05.14 23:38:44.820] [HTTP] /client/resources/css/main.css (Method: GET, IP: ::1)
[2023.05.14 23:38:44.821] [HTTP] /client/build/bundle.js (Method: GET, IP: ::1)
[2023.05.14 23:38:45.438] [HTTP] /Dashboard1.page (Method: GET, IP: ::1)
[2023.05.14 23:38:45.447] [HTTP] /client/resources/css/reset.css (Method: GET, IP: ::1)
[2023.05.14 23:38:45.448] [HTTP] /client/resources/css/common.css (Method: GET, IP: ::1)
[2023.05.14 23:38:45.449] [HTTP] /client/resources/css/main.css (Method: GET, IP: ::1)
[2023.05.14 23:38:45.450] [HTTP] /client/build/bundle.js (Method: GET, IP: ::1)
[2023.05.14 23:38:53.660] [HTTP] /Dashboard1.page (Method: GET, IP: ::1)
[2023.05.14 23:38:53.669] [HTTP] /client/resources/css/reset.css (Method: GET, IP: ::1)
[2023.05.14 23:38:53.670] [HTTP] /client/resources/css/common.css (Method: GET, IP: ::1)
[2023.05.14 23:38:53.671] [HTTP] /client/resources/css/main.css (Method: GET, IP: ::1)
[2023.05.14 23:38:53.672] [HTTP] /client/build/bundle.js (Method: GET, IP: ::1)
[2023.05.14 23:39:06.668] [HTTP] /Dashboard1.page (Method: GET, IP: ::1)
[2023.05.14 23:39:06.677] [HTTP] /client/resources/css/reset.css (Method: GET, IP: ::1)
[2023.05.14 23:39:06.679] [HTTP] /client/resources/css/common.css (Method: GET, IP: ::1)
[2023.05.14 23:39:06.680] [HTTP] /client/resources/css/main.css (Method: GET, IP: ::1)
[2023.05.14 23:39:06.681] [HTTP] /client/build/bundle.js (Method: GET, IP: ::1)
[2023.05.14 23:39:27.204] [HTTP] /Dashboard1.page (Method: GET, IP: ::1)
[2023.05.14 23:39:27.214] [HTTP] /client/resources/css/reset.css (Method: GET, IP: ::1)
[2023.05.14 23:39:27.216] [HTTP] /client/resources/css/common.css (Method: GET, IP: ::1)
[2023.05.14 23:39:27.217] [HTTP] /client/resources/css/main.css (Method: GET, IP: ::1)
[2023.05.14 23:39:27.218] [HTTP] /client/build/bundle.js (Method: GET, IP: ::1)
[2023.05.14 23:39:40.572] [HTTP] /Dashboard1.page (Method: GET, IP: ::1)
[2023.05.14 23:39:40.583] [HTTP] /client/resources/css/reset.css (Method: GET, IP: ::1)
[2023.05.14 23:39:40.585] [HTTP] /client/resources/css/common.css (Method: GET, IP: ::1)
[2023.05.14 23:39:40.586] [HTTP] /client/resources/css/main.css (Method: GET, IP: ::1)
[2023.05.14 23:39:40.588] [HTTP] /client/build/bundle.js (Method: GET, IP: ::1)
[2023.05.14 23:39:46.698] [HTTP] /Dashboard1.page (Method: GET, IP: ::1)
[2023.05.14 23:39:46.706] [HTTP] /client/resources/css/reset.css (Method: GET, IP: ::1)
[2023.05.14 23:39:46.707] [HTTP] /client/resources/css/common.css (Method: GET, IP: ::1)
[2023.05.14 23:39:46.708] [HTTP] /client/resources/css/main.css (Method: GET, IP: ::1)
[2023.05.14 23:39:46.709] [HTTP] /client/build/bundle.js (Method: GET, IP: ::1)
[2023.05.14 23:39:55.766] [HTTP] /Dashboard1.page (Method: GET, IP: ::1)
[2023.05.14 23:39:55.773] [HTTP] /client/resources/css/reset.css (Method: GET, IP: ::1)
[2023.05.14 23:39:55.774] [HTTP] /client/resources/css/common.css (Method: GET, IP: ::1)
[2023.05.14 23:39:55.776] [HTTP] /client/resources/css/main.css (Method: GET, IP: ::1)
[2023.05.14 23:39:55.777] [HTTP] /client/build/bundle.js (Method: GET, IP: ::1)
[2023.05.14 23:40:13.995] [HTTP] /Dashboard1.page (Method: GET, IP: ::1)
[2023.05.14 23:40:14.006] [HTTP] /client/resources/css/reset.css (Method: GET, IP: ::1)
[2023.05.14 23:40:14.007] [HTTP] /client/resources/css/common.css (Method: GET, IP: ::1)
[2023.05.14 23:40:14.008] [HTTP] /client/resources/css/main.css (Method: GET, IP: ::1)
[2023.05.14 23:40:14.009] [HTTP] /client/build/bundle.js (Method: GET, IP: ::1)
[2023.05.14 23:40:14.820] [HTTP] /Dashboard1.page (Method: GET, IP: ::1)
[2023.05.14 23:40:14.831] [HTTP] /client/resources/css/reset.css (Method: GET, IP: ::1)
[2023.05.14 23:40:14.833] [HTTP] /client/resources/css/common.css (Method: GET, IP: ::1)
[2023.05.14 23:40:14.834] [HTTP] /client/resources/css/main.css (Method: GET, IP: ::1)
[2023.05.14 23:40:14.836] [HTTP] /client/build/bundle.js (Method: GET, IP: ::1)
[2023.05.14 23:40:38.520] [HTTP] /Dashboard1.page (Method: GET, IP: ::1)
[2023.05.14 23:40:38.533] [HTTP] /client/resources/css/reset.css (Method: GET, IP: ::1)
[2023.05.14 23:40:38.535] [HTTP] /client/resources/css/common.css (Method: GET, IP: ::1)
[2023.05.14 23:40:38.538] [HTTP] /client/resources/css/main.css (Method: GET, IP: ::1)
[2023.05.14 23:40:38.540] [HTTP] /client/build/bundle.js (Method: GET, IP: ::1)
[2023.05.14 23:42:20.138] [HTTP] /Main.page (Method: GET, IP: ::1)
[2023.05.14 23:42:20.146] [HTTP] /client/resources/css/reset.css (Method: GET, IP: ::1)
[2023.05.14 23:42:20.148] [HTTP] /client/resources/css/common.css (Method: GET, IP: ::1)
[2023.05.14 23:42:20.149] [HTTP] /client/resources/css/main.css (Method: GET, IP: ::1)
[2023.05.14 23:42:20.149] [HTTP] /client/build/bundle.js (Method: GET, IP: ::1)
[2023.05.14 23:42:58.026] [HTTP] /Main.page (Method: GET, IP: ::1)
[2023.05.14 23:42:58.035] [HTTP] /client/resources/css/reset.css (Method: GET, IP: ::1)
[2023.05.14 23:42:58.036] [HTTP] /client/resources/css/common.css (Method: GET, IP: ::1)
[2023.05.14 23:42:58.037] [HTTP] /client/resources/css/main.css (Method: GET, IP: ::1)
[2023.05.14 23:42:58.038] [HTTP] /client/build/bundle.js (Method: GET, IP: ::1)
[2023.05.14 23:43:18.942] [HTTP] /Main.page (Method: GET, IP: ::1)
[2023.05.14 23:43:18.955] [HTTP] /client/resources/css/reset.css (Method: GET, IP: ::1)
[2023.05.14 23:43:18.957] [HTTP] /client/resources/css/common.css (Method: GET, IP: ::1)
[2023.05.14 23:43:18.958] [HTTP] /client/resources/css/main.css (Method: GET, IP: ::1)
[2023.05.14 23:43:18.959] [HTTP] /client/build/bundle.js (Method: GET, IP: ::1)
[2023.05.14 23:43:19.562] [HTTP] /Main.page (Method: GET, IP: ::1)
[2023.05.14 23:43:19.573] [HTTP] /client/resources/css/reset.css (Method: GET, IP: ::1)
[2023.05.14 23:43:19.574] [HTTP] /client/resources/css/common.css (Method: GET, IP: ::1)
[2023.05.14 23:43:19.576] [HTTP] /client/resources/css/main.css (Method: GET, IP: ::1)
[2023.05.14 23:43:19.577] [HTTP] /client/build/bundle.js (Method: GET, IP: ::1)
[2023.05.14 23:43:26.983] [HTTP] /Main.page (Method: GET, IP: ::1)
[2023.05.14 23:43:26.992] [HTTP] /client/resources/css/reset.css (Method: GET, IP: ::1)
[2023.05.14 23:43:26.994] [HTTP] /client/resources/css/common.css (Method: GET, IP: ::1)
[2023.05.14 23:43:26.995] [HTTP] /client/resources/css/main.css (Method: GET, IP: ::1)
[2023.05.14 23:43:26.996] [HTTP] /client/build/bundle.js (Method: GET, IP: ::1)
[2023.05.14 23:43:27.506] [HTTP] /Main.page (Method: GET, IP: ::1)
[2023.05.14 23:43:27.518] [HTTP] /client/resources/css/reset.css (Method: GET, IP: ::1)
[2023.05.14 23:43:27.519] [HTTP] /client/resources/css/common.css (Method: GET, IP: ::1)
[2023.05.14 23:43:27.520] [HTTP] /client/resources/css/main.css (Method: GET, IP: ::1)
[2023.05.14 23:43:27.521] [HTTP] /client/build/bundle.js (Method: GET, IP: ::1)
[2023.05.14 23:43:27.702] [HTTP] /Main.page (Method: GET, IP: ::1)
[2023.05.14 23:43:27.710] [HTTP] /client/resources/css/reset.css (Method: GET, IP: ::1)
[2023.05.14 23:43:27.711] [HTTP] /client/resources/css/common.css (Method: GET, IP: ::1)
[2023.05.14 23:43:27.712] [HTTP] /client/resources/css/main.css (Method: GET, IP: ::1)
[2023.05.14 23:43:27.712] [HTTP] /client/build/bundle.js (Method: GET, IP: ::1)
[2023.05.14 23:44:08.059] [HTTP] /Dashboard1.page (Method: GET, IP: ::1)
[2023.05.14 23:44:08.069] [HTTP] /client/resources/css/reset.css (Method: GET, IP: ::1)
[2023.05.14 23:44:08.071] [HTTP] /client/resources/css/common.css (Method: GET, IP: ::1)
[2023.05.14 23:44:08.072] [HTTP] /client/resources/css/main.css (Method: GET, IP: ::1)
[2023.05.14 23:44:08.073] [HTTP] /client/build/bundle.js (Method: GET, IP: ::1)
[2023.05.14 23:44:28.235] [HTTP] /Main.page (Method: GET, IP: ::1)
[2023.05.14 23:44:28.244] [HTTP] /client/resources/css/reset.css (Method: GET, IP: ::1)
[2023.05.14 23:44:28.245] [HTTP] /client/resources/css/main.css (Method: GET, IP: ::1)
[2023.05.14 23:44:28.247] [HTTP] /client/resources/css/common.css (Method: GET, IP: ::1)
[2023.05.14 23:44:28.248] [HTTP] /client/build/bundle.js (Method: GET, IP: ::1)
[2023.05.14 23:46:17.838] [HTTP] /Main.page (Method: GET, IP: ::1)
[2023.05.14 23:46:17.846] [HTTP] /client/resources/css/reset.css (Method: GET, IP: ::1)
[2023.05.14 23:46:17.848] [HTTP] /client/resources/css/common.css (Method: GET, IP: ::1)
[2023.05.14 23:46:17.849] [HTTP] /client/resources/css/main.css (Method: GET, IP: ::1)
[2023.05.14 23:46:17.850] [HTTP] /client/build/bundle.js (Method: GET, IP: ::1)
[2023.05.14 23:46:40.302] [HTTP] /Main.page (Method: GET, IP: ::1)
[2023.05.14 23:46:40.310] [HTTP] /client/resources/css/reset.css (Method: GET, IP: ::1)
[2023.05.14 23:46:40.311] [HTTP] /client/resources/css/common.css (Method: GET, IP: ::1)
[2023.05.14 23:46:40.312] [HTTP] /client/resources/css/main.css (Method: GET, IP: ::1)
[2023.05.14 23:46:40.314] [HTTP] /client/build/bundle.js (Method: GET, IP: ::1)
[2023.05.14 23:46:40.902] [HTTP] /Main.page (Method: GET, IP: ::1)
[2023.05.14 23:46:40.911] [HTTP] /client/resources/css/reset.css (Method: GET, IP: ::1)
[2023.05.14 23:46:40.912] [HTTP] /client/resources/css/common.css (Method: GET, IP: ::1)
[2023.05.14 23:46:40.913] [HTTP] /client/resources/css/main.css (Method: GET, IP: ::1)
[2023.05.14 23:46:40.915] [HTTP] /client/build/bundle.js (Method: GET, IP: ::1)
[2023.05.14 23:46:41.258] [HTTP] /Main.page (Method: GET, IP: ::1)
[2023.05.14 23:46:41.266] [HTTP] /client/resources/css/reset.css (Method: GET, IP: ::1)
[2023.05.14 23:46:41.267] [HTTP] /client/resources/css/common.css (Method: GET, IP: ::1)
[2023.05.14 23:46:41.268] [HTTP] /client/resources/css/main.css (Method: GET, IP: ::1)
[2023.05.14 23:46:41.269] [HTTP] /client/build/bundle.js (Method: GET, IP: ::1)
[2023.05.14 23:47:40.589] [HTTP] /Main.page (Method: GET, IP: ::1)
[2023.05.14 23:47:40.597] [HTTP] /client/resources/css/reset.css (Method: GET, IP: ::1)
[2023.05.14 23:47:40.598] [HTTP] /client/resources/css/common.css (Method: GET, IP: ::1)
[2023.05.14 23:47:40.599] [HTTP] /client/resources/css/main.css (Method: GET, IP: ::1)
[2023.05.14 23:47:40.600] [HTTP] /client/build/bundle.js (Method: GET, IP: ::1)
[2023.05.14 23:48:49.661] [HTTP] /Main.page (Method: GET, IP: ::1)
[2023.05.14 23:48:49.675] [HTTP] /client/resources/css/common.css (Method: GET, IP: ::1)
[2023.05.14 23:48:49.676] [HTTP] /client/resources/css/reset.css (Method: GET, IP: ::1)
[2023.05.14 23:48:49.678] [HTTP] /client/resources/css/main.css (Method: GET, IP: ::1)
[2023.05.14 23:48:49.679] [HTTP] /client/build/bundle.js (Method: GET, IP: ::1)
[2023.05.14 23:50:08.810] [HTTP] /Main.page (Method: GET, IP: ::1)
[2023.05.14 23:50:08.820] [HTTP] /client/resources/css/reset.css (Method: GET, IP: ::1)
[2023.05.14 23:50:08.821] [HTTP] /client/resources/css/common.css (Method: GET, IP: ::1)
[2023.05.14 23:50:08.822] [HTTP] /client/resources/css/main.css (Method: GET, IP: ::1)
[2023.05.14 23:50:08.824] [HTTP] /client/build/bundle.js (Method: GET, IP: ::1)
[2023.05.14 23:50:52.435] [HTTP] /Main.page (Method: GET, IP: ::1)
[2023.05.14 23:50:52.443] [HTTP] /client/resources/css/reset.css (Method: GET, IP: ::1)
[2023.05.14 23:50:52.445] [HTTP] /client/resources/css/common.css (Method: GET, IP: ::1)
[2023.05.14 23:50:52.446] [HTTP] /client/resources/css/main.css (Method: GET, IP: ::1)
[2023.05.14 23:50:52.447] [HTTP] /client/build/bundle.js (Method: GET, IP: ::1)
[2023.05.14 23:51:53.258] [HTTP] /Main.page (Method: GET, IP: ::1)
[2023.05.14 23:51:53.266] [HTTP] /client/resources/css/reset.css (Method: GET, IP: ::1)
[2023.05.14 23:51:53.268] [HTTP] /client/resources/css/common.css (Method: GET, IP: ::1)
[2023.05.14 23:51:53.269] [HTTP] /client/resources/css/main.css (Method: GET, IP: ::1)
[2023.05.14 23:51:53.270] [HTTP] /client/build/bundle.js (Method: GET, IP: ::1)
[2023.05.14 23:51:54.219] [HTTP] /Main.page (Method: GET, IP: ::1)
[2023.05.14 23:51:54.230] [HTTP] /client/resources/css/reset.css (Method: GET, IP: ::1)
[2023.05.14 23:51:54.232] [HTTP] /client/resources/css/common.css (Method: GET, IP: ::1)
[2023.05.14 23:51:54.233] [HTTP] /client/resources/css/main.css (Method: GET, IP: ::1)
[2023.05.14 23:51:54.235] [HTTP] /client/build/bundle.js (Method: GET, IP: ::1)
[2023.05.14 23:53:28.566] [HTTP] /Main.page (Method: GET, IP: ::1)
[2023.05.14 23:53:28.580] [HTTP] /client/resources/css/reset.css (Method: GET, IP: ::1)
[2023.05.14 23:53:28.582] [HTTP] /client/resources/css/common.css (Method: GET, IP: ::1)
[2023.05.14 23:53:28.583] [HTTP] /client/resources/css/main.css (Method: GET, IP: ::1)
[2023.05.14 23:53:28.585] [HTTP] /client/build/bundle.js (Method: GET, IP: ::1)
[2023.05.14 23:54:27.262] [HTTP] /Main.page (Method: GET, IP: ::1)
[2023.05.14 23:54:27.274] [HTTP] /client/resources/css/reset.css (Method: GET, IP: ::1)
[2023.05.14 23:54:27.276] [HTTP] /client/resources/css/common.css (Method: GET, IP: ::1)
[2023.05.14 23:54:27.277] [HTTP] /client/resources/css/main.css (Method: GET, IP: ::1)
[2023.05.14 23:54:27.277] [HTTP] /client/build/bundle.js (Method: GET, IP: ::1)
[2023.05.14 23:57:11.299] [HTTP] /Main.page (Method: GET, IP: ::1)
[2023.05.14 23:57:11.312] [HTTP] /client/resources/css/reset.css (Method: GET, IP: ::1)
[2023.05.14 23:57:11.314] [HTTP] /client/resources/css/common.css (Method: GET, IP: ::1)
[2023.05.14 23:57:11.316] [HTTP] /client/resources/css/main.css (Method: GET, IP: ::1)
[2023.05.14 23:57:11.317] [HTTP] /client/build/bundle.js (Method: GET, IP: ::1)
[2023.05.14 23:58:13.665] [HTTP] /Main.page (Method: GET, IP: ::1)
[2023.05.14 23:58:13.680] [HTTP] /client/resources/css/reset.css (Method: GET, IP: ::1)
[2023.05.14 23:58:13.682] [HTTP] /client/resources/css/common.css (Method: GET, IP: ::1)
[2023.05.14 23:58:13.683] [HTTP] /client/resources/css/main.css (Method: GET, IP: ::1)
[2023.05.14 23:58:13.684] [HTTP] /client/build/bundle.js (Method: GET, IP: ::1)
[2023.05.14 23:58:33.548] [HTTP] /Main.page (Method: GET, IP: ::1)
[2023.05.14 23:58:33.559] [HTTP] /client/resources/css/reset.css (Method: GET, IP: ::1)
[2023.05.14 23:58:33.561] [HTTP] /client/resources/css/common.css (Method: GET, IP: ::1)
[2023.05.14 23:58:33.562] [HTTP] /client/resources/css/main.css (Method: GET, IP: ::1)
[2023.05.14 23:58:33.563] [HTTP] /client/build/bundle.js (Method: GET, IP: ::1)
[2023.05.14 23:58:47.360] [HTTP] /Main.page (Method: GET, IP: ::1)
[2023.05.14 23:58:47.367] [HTTP] /client/resources/css/reset.css (Method: GET, IP: ::1)
[2023.05.14 23:58:47.368] [HTTP] /client/resources/css/common.css (Method: GET, IP: ::1)
[2023.05.14 23:58:47.369] [HTTP] /client/resources/css/main.css (Method: GET, IP: ::1)
[2023.05.14 23:58:47.370] [HTTP] /client/build/bundle.js (Method: GET, IP: ::1)
[2023.05.14 23:59:07.402] [HTTP] /Main.page (Method: GET, IP: ::1)
[2023.05.14 23:59:07.419] [HTTP] /client/resources/css/reset.css (Method: GET, IP: ::1)
[2023.05.14 23:59:07.421] [HTTP] /client/resources/css/common.css (Method: GET, IP: ::1)
[2023.05.14 23:59:07.423] [HTTP] /client/resources/css/main.css (Method: GET, IP: ::1)
[2023.05.14 23:59:07.424] [HTTP] /client/build/bundle.js (Method: GET, IP: ::1)
[2023.05.14 23:59:33.008] [HTTP] /Main.page (Method: GET, IP: ::1)
[2023.05.14 23:59:33.015] [HTTP] /client/resources/css/reset.css (Method: GET, IP: ::1)
[2023.05.14 23:59:33.016] [HTTP] /client/resources/css/common.css (Method: GET, IP: ::1)
[2023.05.14 23:59:33.017] [HTTP] /client/resources/css/main.css (Method: GET, IP: ::1)
[2023.05.14 23:59:33.020] [HTTP] /client/build/bundle.js (Method: GET, IP: ::1)
[2023.05.14 23:59:50.305] [HTTP] /Main.page (Method: GET, IP: ::1)
[2023.05.14 23:59:50.315] [HTTP] /client/resources/css/reset.css (Method: GET, IP: ::1)
[2023.05.14 23:59:50.316] [HTTP] /client/resources/css/common.css (Method: GET, IP: ::1)
[2023.05.14 23:59:50.317] [HTTP] /client/resources/css/main.css (Method: GET, IP: ::1)
[2023.05.14 23:59:50.318] [HTTP] /client/build/bundle.js (Method: GET, IP: ::1)
