[2023.05.24 11:01:07.533] ★★★ Node.js를 활용한 Web Server 구동(Port:8001) ★★★
[2023.05.24 11:01:20.517] [HTTP] /barChart.page (Method: GET, IP: ::1)
[2023.05.24 11:01:20.651] [HTTP] /client/resources/css/reset.css (Method: GET, IP: ::1)
[2023.05.24 11:01:20.657] [HTTP] /client/resources/css/main.css (Method: GET, IP: ::1)
[2023.05.24 11:01:20.660] [HTTP] /client/resources/css/common.css (Method: GET, IP: ::1)
[2023.05.24 11:01:20.679] [HTTP] /client/build/bundle.js (Method: GET, IP: ::1)
[2023.05.24 11:01:20.947] [HTTP] /favicon.ico (Method: GET, IP: ::1)
[2023.05.24 11:01:20.953] [Error:404] /favicon.ico/n Error: ENOENT: no such file or directory, stat 'C:\Users\younghyeon\Desktop\dgcatholic2\favicon.ico'/n
[2023.05.24 11:01:25.404] [HTTP] /DB.page (Method: GET, IP: ::1)
[2023.05.24 11:01:25.431] [HTTP] /client/resources/css/reset.css (Method: GET, IP: ::1)
[2023.05.24 11:01:25.435] [HTTP] /client/resources/css/common.css (Method: GET, IP: ::1)
[2023.05.24 11:01:25.439] [HTTP] /client/resources/css/main.css (Method: GET, IP: ::1)
[2023.05.24 11:01:25.442] [HTTP] /client/build/bundle.js (Method: GET, IP: ::1)
[2023.05.24 11:01:25.523] [HTTP] /api/database (Method: GET, IP: ::1)
[2023.05.24 11:02:44.973] [HTTP] /DB.page (Method: GET, IP: ::1)
[2023.05.24 11:02:45.000] [HTTP] /client/resources/css/reset.css (Method: GET, IP: ::1)
[2023.05.24 11:02:45.004] [HTTP] /client/resources/css/common.css (Method: GET, IP: ::1)
[2023.05.24 11:02:45.008] [HTTP] /client/resources/css/main.css (Method: GET, IP: ::1)
[2023.05.24 11:02:45.011] [HTTP] /client/build/bundle.js (Method: GET, IP: ::1)
[2023.05.24 11:02:45.102] [HTTP] /api/database (Method: GET, IP: ::1)
[2023.05.24 11:38:02.235] [HTTP] /client/resources/css/reset.css (Method: GET, IP: ::1)
[2023.05.24 11:38:02.247] [HTTP] /client/resources/css/common.css (Method: GET, IP: ::1)
[2023.05.24 11:38:02.252] [HTTP] /client/resources/css/main.css (Method: GET, IP: ::1)
[2023.05.24 11:38:02.255] [HTTP] /client/build/bundle.js (Method: GET, IP: ::1)
[2023.05.24 11:38:02.363] [HTTP] /api/database (Method: GET, IP: ::1)
[2023.05.24 11:42:00.897] [HTTP] /DB.page (Method: GET, IP: ::1)
[2023.05.24 11:42:00.913] [HTTP] /client/resources/css/reset.css (Method: GET, IP: ::1)
[2023.05.24 11:42:00.915] [HTTP] /client/resources/css/common.css (Method: GET, IP: ::1)
[2023.05.24 11:42:00.917] [HTTP] /client/resources/css/main.css (Method: GET, IP: ::1)
[2023.05.24 11:42:00.919] [HTTP] /client/build/bundle.js (Method: GET, IP: ::1)
[2023.05.24 11:42:02.217] [HTTP] /DB.page (Method: GET, IP: ::1)
[2023.05.24 11:42:02.233] [HTTP] /client/resources/css/reset.css (Method: GET, IP: ::1)
[2023.05.24 11:42:02.236] [HTTP] /client/resources/css/common.css (Method: GET, IP: ::1)
[2023.05.24 11:42:02.238] [HTTP] /client/resources/css/main.css (Method: GET, IP: ::1)
[2023.05.24 11:42:02.240] [HTTP] /client/build/bundle.js (Method: GET, IP: ::1)
[2023.05.24 11:42:04.470] [HTTP] /DB.page (Method: GET, IP: ::1)
[2023.05.24 11:42:04.488] [HTTP] /client/resources/css/reset.css (Method: GET, IP: ::1)
[2023.05.24 11:42:04.491] [HTTP] /client/resources/css/common.css (Method: GET, IP: ::1)
[2023.05.24 11:42:04.494] [HTTP] /client/resources/css/main.css (Method: GET, IP: ::1)
[2023.05.24 11:42:04.496] [HTTP] /client/build/bundle.js (Method: GET, IP: ::1)
[2023.05.24 11:42:05.610] [HTTP] /DB.page (Method: GET, IP: ::1)
[2023.05.24 11:42:05.624] [HTTP] /client/resources/css/reset.css (Method: GET, IP: ::1)
[2023.05.24 11:42:05.627] [HTTP] /client/resources/css/common.css (Method: GET, IP: ::1)
[2023.05.24 11:42:05.629] [HTTP] /client/resources/css/main.css (Method: GET, IP: ::1)
[2023.05.24 11:42:05.632] [HTTP] /client/build/bundle.js (Method: GET, IP: ::1)
[2023.05.24 11:42:08.524] [HTTP] /DB.page (Method: GET, IP: ::1)
[2023.05.24 11:42:08.538] [HTTP] /client/resources/css/reset.css (Method: GET, IP: ::1)
[2023.05.24 11:42:08.543] [HTTP] /client/build/bundle.js (Method: GET, IP: ::1)
[2023.05.24 11:42:08.545] [HTTP] /client/resources/css/common.css (Method: GET, IP: ::1)
[2023.05.24 11:42:08.547] [HTTP] /client/resources/css/main.css (Method: GET, IP: ::1)
[2023.05.24 11:42:09.733] [HTTP] /DB.page (Method: GET, IP: ::1)
[2023.05.24 11:42:09.754] [HTTP] /client/resources/css/reset.css (Method: GET, IP: ::1)
[2023.05.24 11:42:09.759] [HTTP] /client/resources/css/common.css (Method: GET, IP: ::1)
[2023.05.24 11:42:09.761] [HTTP] /client/resources/css/main.css (Method: GET, IP: ::1)
[2023.05.24 11:42:09.763] [HTTP] /client/build/bundle.js (Method: GET, IP: ::1)
[2023.05.24 11:42:48.495] [HTTP] /DB.page (Method: GET, IP: ::1)
[2023.05.24 11:42:48.510] [HTTP] /client/resources/css/reset.css (Method: GET, IP: ::1)
[2023.05.24 11:42:48.512] [HTTP] /client/resources/css/common.css (Method: GET, IP: ::1)
[2023.05.24 11:42:48.514] [HTTP] /client/resources/css/main.css (Method: GET, IP: ::1)
[2023.05.24 11:42:48.519] [HTTP] /client/build/bundle.js (Method: GET, IP: ::1)
[2023.05.24 11:42:49.596] [HTTP] /DB.page (Method: GET, IP: ::1)
[2023.05.24 11:42:49.613] [HTTP] /client/resources/css/reset.css (Method: GET, IP: ::1)
[2023.05.24 11:42:49.615] [HTTP] /client/resources/css/common.css (Method: GET, IP: ::1)
[2023.05.24 11:42:49.618] [HTTP] /client/resources/css/main.css (Method: GET, IP: ::1)
[2023.05.24 11:42:49.620] [HTTP] /client/build/bundle.js (Method: GET, IP: ::1)
[2023.05.24 11:42:49.750] [HTTP] /DB.page (Method: GET, IP: ::1)
[2023.05.24 11:42:49.765] [HTTP] /client/resources/css/reset.css (Method: GET, IP: ::1)
[2023.05.24 11:42:49.768] [HTTP] /client/build/bundle.js (Method: GET, IP: ::1)
[2023.05.24 11:42:49.771] [HTTP] /client/resources/css/common.css (Method: GET, IP: ::1)
[2023.05.24 11:42:49.774] [HTTP] /client/resources/css/main.css (Method: GET, IP: ::1)
[2023.05.24 11:42:49.910] [HTTP] /DB.page (Method: GET, IP: ::1)
[2023.05.24 11:42:49.925] [HTTP] /client/resources/css/reset.css (Method: GET, IP: ::1)
[2023.05.24 11:42:49.927] [HTTP] /client/build/bundle.js (Method: GET, IP: ::1)
[2023.05.24 11:42:49.930] [HTTP] /client/resources/css/common.css (Method: GET, IP: ::1)
[2023.05.24 11:42:49.931] [HTTP] /client/resources/css/main.css (Method: GET, IP: ::1)
[2023.05.24 11:42:50.082] [HTTP] /DB.page (Method: GET, IP: ::1)
[2023.05.24 11:42:50.096] [HTTP] /client/resources/css/reset.css (Method: GET, IP: ::1)
[2023.05.24 11:42:50.099] [HTTP] /client/resources/css/common.css (Method: GET, IP: ::1)
[2023.05.24 11:42:50.101] [HTTP] /client/resources/css/main.css (Method: GET, IP: ::1)
[2023.05.24 11:42:50.104] [HTTP] /client/build/bundle.js (Method: GET, IP: ::1)
[2023.05.24 11:42:50.528] [HTTP] /DB.page (Method: GET, IP: ::1)
[2023.05.24 11:42:50.541] [HTTP] /client/resources/css/reset.css (Method: GET, IP: ::1)
[2023.05.24 11:42:50.543] [HTTP] /client/resources/css/common.css (Method: GET, IP: ::1)
[2023.05.24 11:42:50.544] [HTTP] /client/resources/css/main.css (Method: GET, IP: ::1)
[2023.05.24 11:42:50.546] [HTTP] /client/build/bundle.js (Method: GET, IP: ::1)
[2023.05.24 11:42:50.679] [HTTP] /DB.page (Method: GET, IP: ::1)
[2023.05.24 11:42:50.694] [HTTP] /client/resources/css/reset.css (Method: GET, IP: ::1)
[2023.05.24 11:42:50.696] [HTTP] /client/resources/css/common.css (Method: GET, IP: ::1)
[2023.05.24 11:42:50.698] [HTTP] /client/resources/css/main.css (Method: GET, IP: ::1)
[2023.05.24 11:42:50.700] [HTTP] /client/build/bundle.js (Method: GET, IP: ::1)
[2023.05.24 11:42:50.844] [HTTP] /DB.page (Method: GET, IP: ::1)
[2023.05.24 11:42:50.861] [HTTP] /client/resources/css/reset.css (Method: GET, IP: ::1)
[2023.05.24 11:42:50.862] [HTTP] /client/resources/css/common.css (Method: GET, IP: ::1)
[2023.05.24 11:42:50.864] [HTTP] /client/resources/css/main.css (Method: GET, IP: ::1)
[2023.05.24 11:42:50.868] [HTTP] /client/build/bundle.js (Method: GET, IP: ::1)
[2023.05.24 11:42:51.023] [HTTP] /DB.page (Method: GET, IP: ::1)
[2023.05.24 11:42:51.049] [HTTP] /client/resources/css/reset.css (Method: GET, IP: ::1)
[2023.05.24 11:42:51.052] [HTTP] /client/resources/css/common.css (Method: GET, IP: ::1)
[2023.05.24 11:42:51.054] [HTTP] /client/resources/css/main.css (Method: GET, IP: ::1)
[2023.05.24 11:42:51.056] [HTTP] /client/build/bundle.js (Method: GET, IP: ::1)
[2023.05.24 11:42:51.161] [HTTP] /DB.page (Method: GET, IP: ::1)
[2023.05.24 11:42:51.183] [HTTP] /client/resources/css/reset.css (Method: GET, IP: ::1)
[2023.05.24 11:42:51.187] [HTTP] /client/resources/css/common.css (Method: GET, IP: ::1)
[2023.05.24 11:42:51.190] [HTTP] /client/resources/css/main.css (Method: GET, IP: ::1)
[2023.05.24 11:42:51.192] [HTTP] /client/build/bundle.js (Method: GET, IP: ::1)
[2023.05.24 11:42:51.318] [HTTP] /DB.page (Method: GET, IP: ::1)
[2023.05.24 11:42:51.342] [HTTP] /client/resources/css/reset.css (Method: GET, IP: ::1)
[2023.05.24 11:42:51.346] [HTTP] /client/resources/css/common.css (Method: GET, IP: ::1)
[2023.05.24 11:42:51.349] [HTTP] /client/resources/css/main.css (Method: GET, IP: ::1)
[2023.05.24 11:42:51.353] [HTTP] /client/build/bundle.js (Method: GET, IP: ::1)
[2023.05.24 11:42:51.475] [HTTP] /DB.page (Method: GET, IP: ::1)
[2023.05.24 11:42:51.497] [HTTP] /client/resources/css/reset.css (Method: GET, IP: ::1)
[2023.05.24 11:42:51.501] [HTTP] /client/resources/css/common.css (Method: GET, IP: ::1)
[2023.05.24 11:42:51.505] [HTTP] /client/resources/css/main.css (Method: GET, IP: ::1)
[2023.05.24 11:42:51.507] [HTTP] /client/build/bundle.js (Method: GET, IP: ::1)
[2023.05.24 11:42:51.624] [HTTP] /DB.page (Method: GET, IP: ::1)
[2023.05.24 11:42:51.651] [HTTP] /client/resources/css/reset.css (Method: GET, IP: ::1)
[2023.05.24 11:42:51.653] [HTTP] /client/resources/css/common.css (Method: GET, IP: ::1)
[2023.05.24 11:42:51.656] [HTTP] /client/resources/css/main.css (Method: GET, IP: ::1)
[2023.05.24 11:42:51.658] [HTTP] /client/build/bundle.js (Method: GET, IP: ::1)
[2023.05.24 11:42:52.678] [HTTP] /DB.page (Method: GET, IP: ::1)
[2023.05.24 11:42:52.690] [HTTP] /client/resources/css/reset.css (Method: GET, IP: ::1)
[2023.05.24 11:42:52.692] [HTTP] /client/resources/css/common.css (Method: GET, IP: ::1)
[2023.05.24 11:42:52.695] [HTTP] /client/resources/css/main.css (Method: GET, IP: ::1)
[2023.05.24 11:42:52.696] [HTTP] /client/build/bundle.js (Method: GET, IP: ::1)
[2023.05.24 11:48:54.787] [HTTP] / (Method: GET, IP: ::1)
[2023.05.24 11:48:54.812] [HTTP] /client/resources/css/reset.css (Method: GET, IP: ::1)
[2023.05.24 11:48:54.815] [HTTP] /client/resources/css/common.css (Method: GET, IP: ::1)
[2023.05.24 11:48:54.818] [HTTP] /client/resources/css/main.css (Method: GET, IP: ::1)
[2023.05.24 11:48:54.821] [HTTP] /client/build/bundle.js (Method: GET, IP: ::1)
[2023.05.24 11:49:08.613] [HTTP] /barChart.page (Method: GET, IP: ::1)
[2023.05.24 11:49:08.780] [HTTP] /client/resources/css/reset.css (Method: GET, IP: ::1)
[2023.05.24 11:49:08.783] [HTTP] /client/resources/css/common.css (Method: GET, IP: ::1)
[2023.05.24 11:49:08.785] [HTTP] /client/resources/css/main.css (Method: GET, IP: ::1)
[2023.05.24 11:49:08.807] [HTTP] /client/build/bundle.js (Method: GET, IP: ::1)
[2023.05.24 11:49:14.463] [HTTP] /DB.page (Method: GET, IP: ::1)
[2023.05.24 11:49:14.484] [HTTP] /client/resources/css/reset.css (Method: GET, IP: ::1)
[2023.05.24 11:49:14.488] [HTTP] /client/resources/css/common.css (Method: GET, IP: ::1)
[2023.05.24 11:49:14.491] [HTTP] /client/resources/css/main.css (Method: GET, IP: ::1)
[2023.05.24 11:49:14.493] [HTTP] /client/build/bundle.js (Method: GET, IP: ::1)
[2023.05.24 11:49:25.043] [HTTP] /client/resources/css/reset.css (Method: GET, IP: ::1)
[2023.05.24 11:49:25.046] [HTTP] /client/resources/css/common.css (Method: GET, IP: ::1)
[2023.05.24 11:49:25.048] [HTTP] /client/resources/css/main.css (Method: GET, IP: ::1)
[2023.05.24 11:50:31.037] [HTTP] /DB.page (Method: GET, IP: ::1)
[2023.05.24 11:50:31.060] [HTTP] /client/resources/css/reset.css (Method: GET, IP: ::1)
[2023.05.24 11:50:31.065] [HTTP] /client/resources/css/common.css (Method: GET, IP: ::1)
[2023.05.24 11:50:31.067] [HTTP] /client/resources/css/main.css (Method: GET, IP: ::1)
[2023.05.24 11:50:31.070] [HTTP] /client/build/bundle.js (Method: GET, IP: ::1)
[2023.05.24 11:50:31.248] [HTTP] /api/database (Method: GET, IP: ::1)
[2023.05.24 11:50:32.791] [HTTP] /DB.page (Method: GET, IP: ::1)
[2023.05.24 11:50:32.812] [HTTP] /client/resources/css/reset.css (Method: GET, IP: ::1)
[2023.05.24 11:50:32.825] [HTTP] /client/resources/css/common.css (Method: GET, IP: ::1)
[2023.05.24 11:50:32.827] [HTTP] /client/resources/css/main.css (Method: GET, IP: ::1)
[2023.05.24 11:50:32.830] [HTTP] /client/build/bundle.js (Method: GET, IP: ::1)
[2023.05.24 11:50:33.767] [HTTP] /api/database (Method: GET, IP: ::1)
[2023.05.24 12:50:45.238] ★★★ Node.js를 활용한 Web Server 구동(Port:8001) ★★★
[2023.05.24 12:50:59.697] [HTTP] /DB.page (Method: GET, IP: ::1)
[2023.05.24 12:50:59.718] [HTTP] /client/resources/css/reset.css (Method: GET, IP: ::1)
[2023.05.24 12:50:59.724] [HTTP] /client/resources/css/common.css (Method: GET, IP: ::1)
[2023.05.24 12:50:59.729] [HTTP] /client/resources/css/main.css (Method: GET, IP: ::1)
[2023.05.24 12:50:59.732] [HTTP] /client/build/bundle.js (Method: GET, IP: ::1)
[2023.05.24 12:50:59.918] [HTTP] /api/database (Method: GET, IP: ::1)
[2023.05.24 12:51:00.431] [HTTP] /DB.page (Method: GET, IP: ::1)
[2023.05.24 12:51:00.448] [HTTP] /client/resources/css/reset.css (Method: GET, IP: ::1)
[2023.05.24 12:51:00.453] [HTTP] /client/resources/css/common.css (Method: GET, IP: ::1)
[2023.05.24 12:51:00.456] [HTTP] /client/resources/css/main.css (Method: GET, IP: ::1)
[2023.05.24 12:51:00.458] [HTTP] /client/build/bundle.js (Method: GET, IP: ::1)
[2023.05.24 12:51:00.601] [HTTP] /api/database (Method: GET, IP: ::1)
[2023.05.24 12:51:00.838] [HTTP] /DB.page (Method: GET, IP: ::1)
[2023.05.24 12:51:00.855] [HTTP] /client/resources/css/reset.css (Method: GET, IP: ::1)
[2023.05.24 12:51:00.858] [HTTP] /client/resources/css/common.css (Method: GET, IP: ::1)
[2023.05.24 12:51:00.863] [HTTP] /client/resources/css/main.css (Method: GET, IP: ::1)
[2023.05.24 12:51:00.865] [HTTP] /client/build/bundle.js (Method: GET, IP: ::1)
[2023.05.24 12:51:00.968] [HTTP] /api/database (Method: GET, IP: ::1)
[2023.05.24 12:51:01.332] [HTTP] /DB.page (Method: GET, IP: ::1)
[2023.05.24 12:51:01.348] [HTTP] /client/resources/css/reset.css (Method: GET, IP: ::1)
[2023.05.24 12:51:01.351] [HTTP] /client/resources/css/common.css (Method: GET, IP: ::1)
[2023.05.24 12:51:01.353] [HTTP] /client/resources/css/main.css (Method: GET, IP: ::1)
[2023.05.24 12:51:01.356] [HTTP] /client/build/bundle.js (Method: GET, IP: ::1)
[2023.05.24 12:51:01.429] [HTTP] /api/database (Method: GET, IP: ::1)
[2023.05.24 12:51:03.550] [HTTP] / (Method: GET, IP: ::1)
[2023.05.24 12:51:03.573] [HTTP] /client/resources/css/reset.css (Method: GET, IP: ::1)
[2023.05.24 12:51:03.578] [HTTP] /client/resources/css/common.css (Method: GET, IP: ::1)
[2023.05.24 12:51:03.581] [HTTP] /client/resources/css/main.css (Method: GET, IP: ::1)
[2023.05.24 12:51:03.585] [HTTP] /client/build/bundle.js (Method: GET, IP: ::1)
[2023.05.24 12:54:20.836] ★★★ Node.js를 활용한 Web Server 구동(Port:8001) ★★★
[2023.05.24 12:54:22.676] [HTTP] /Barchart.page (Method: GET, IP: ::1)
[2023.05.24 12:54:22.701] [HTTP] /client/resources/css/reset.css (Method: GET, IP: ::1)
[2023.05.24 12:54:22.706] [HTTP] /client/resources/css/common.css (Method: GET, IP: ::1)
[2023.05.24 12:54:22.714] [HTTP] /client/resources/css/main.css (Method: GET, IP: ::1)
[2023.05.24 12:54:22.717] [HTTP] /client/build/bundle.js (Method: GET, IP: ::1)
[2023.05.24 12:54:46.603] [HTTP] /Bubblechart.page (Method: GET, IP: ::1)
[2023.05.24 12:54:46.630] [HTTP] /client/resources/css/reset.css (Method: GET, IP: ::1)
[2023.05.24 12:54:46.635] [HTTP] /client/resources/css/common.css (Method: GET, IP: ::1)
[2023.05.24 12:54:46.638] [HTTP] /client/build/bundle.js (Method: GET, IP: ::1)
[2023.05.24 12:54:46.641] [HTTP] /client/resources/css/main.css (Method: GET, IP: ::1)
[2023.05.24 12:55:10.012] [HTTP] /barChart.page (Method: GET, IP: ::1)
[2023.05.24 12:55:10.036] [HTTP] /client/resources/css/reset.css (Method: GET, IP: ::1)
[2023.05.24 12:55:10.040] [HTTP] /client/resources/css/common.css (Method: GET, IP: ::1)
[2023.05.24 12:55:10.042] [HTTP] /client/resources/css/main.css (Method: GET, IP: ::1)
[2023.05.24 12:55:10.045] [HTTP] /client/build/bundle.js (Method: GET, IP: ::1)
[2023.05.24 12:59:36.596] [HTTP] /barChart.page (Method: GET, IP: ::1)
[2023.05.24 12:59:36.620] [HTTP] /client/resources/css/reset.css (Method: GET, IP: ::1)
[2023.05.24 12:59:36.629] [HTTP] /client/resources/css/common.css (Method: GET, IP: ::1)
[2023.05.24 12:59:36.630] [HTTP] /client/resources/css/main.css (Method: GET, IP: ::1)
[2023.05.24 12:59:36.632] [HTTP] /client/build/bundle.js (Method: GET, IP: ::1)
[2023.05.24 12:59:45.384] [HTTP] /barChart.page (Method: GET, IP: ::1)
[2023.05.24 12:59:45.397] [HTTP] /client/resources/css/reset.css (Method: GET, IP: ::1)
[2023.05.24 12:59:45.401] [HTTP] /client/resources/css/common.css (Method: GET, IP: ::1)
[2023.05.24 12:59:45.404] [HTTP] /client/resources/css/main.css (Method: GET, IP: ::1)
[2023.05.24 12:59:45.406] [HTTP] /client/build/bundle.js (Method: GET, IP: ::1)
[2023.05.24 13:00:03.419] [HTTP] /barChart.page (Method: GET, IP: ::1)
[2023.05.24 13:00:03.437] [HTTP] /client/resources/css/reset.css (Method: GET, IP: ::1)
[2023.05.24 13:00:03.440] [HTTP] /client/resources/css/common.css (Method: GET, IP: ::1)
[2023.05.24 13:00:03.444] [HTTP] /client/resources/css/main.css (Method: GET, IP: ::1)
[2023.05.24 13:00:03.447] [HTTP] /client/build/bundle.js (Method: GET, IP: ::1)
[2023.05.24 13:00:52.107] [HTTP] /barChart.page (Method: GET, IP: ::1)
[2023.05.24 13:00:52.134] [HTTP] /client/resources/css/reset.css (Method: GET, IP: ::1)
[2023.05.24 13:00:52.136] [HTTP] /client/resources/css/common.css (Method: GET, IP: ::1)
[2023.05.24 13:00:52.141] [HTTP] /client/resources/css/main.css (Method: GET, IP: ::1)
[2023.05.24 13:00:52.143] [HTTP] /client/build/bundle.js (Method: GET, IP: ::1)
[2023.05.24 13:00:52.350] [HTTP] /barChart.page (Method: GET, IP: ::1)
[2023.05.24 13:00:52.366] [HTTP] /client/resources/css/reset.css (Method: GET, IP: ::1)
[2023.05.24 13:00:52.368] [HTTP] /client/resources/css/common.css (Method: GET, IP: ::1)
[2023.05.24 13:00:52.370] [HTTP] /client/resources/css/main.css (Method: GET, IP: ::1)
[2023.05.24 13:00:52.373] [HTTP] /client/build/bundle.js (Method: GET, IP: ::1)
[2023.05.24 13:00:52.525] [HTTP] /barChart.page (Method: GET, IP: ::1)
[2023.05.24 13:00:52.542] [HTTP] /client/resources/css/reset.css (Method: GET, IP: ::1)
[2023.05.24 13:00:52.545] [HTTP] /client/resources/css/common.css (Method: GET, IP: ::1)
[2023.05.24 13:00:52.547] [HTTP] /client/resources/css/main.css (Method: GET, IP: ::1)
[2023.05.24 13:00:52.549] [HTTP] /client/build/bundle.js (Method: GET, IP: ::1)
[2023.05.24 13:00:55.602] [HTTP] /barChart.page (Method: GET, IP: ::1)
[2023.05.24 13:00:55.617] [HTTP] /client/resources/css/reset.css (Method: GET, IP: ::1)
[2023.05.24 13:00:55.619] [HTTP] /client/resources/css/common.css (Method: GET, IP: ::1)
[2023.05.24 13:00:55.621] [HTTP] /client/resources/css/main.css (Method: GET, IP: ::1)
[2023.05.24 13:00:55.624] [HTTP] /client/build/bundle.js (Method: GET, IP: ::1)
[2023.05.24 13:00:56.264] [HTTP] /barChart.page (Method: GET, IP: ::1)
[2023.05.24 13:00:56.278] [HTTP] /client/resources/css/reset.css (Method: GET, IP: ::1)
[2023.05.24 13:00:56.280] [HTTP] /client/resources/css/common.css (Method: GET, IP: ::1)
[2023.05.24 13:00:56.282] [HTTP] /client/resources/css/main.css (Method: GET, IP: ::1)
[2023.05.24 13:00:56.284] [HTTP] /client/build/bundle.js (Method: GET, IP: ::1)
[2023.05.24 13:00:56.728] [HTTP] /barChart.page (Method: GET, IP: ::1)
[2023.05.24 13:00:56.743] [HTTP] /client/resources/css/reset.css (Method: GET, IP: ::1)
[2023.05.24 13:00:56.745] [HTTP] /client/build/bundle.js (Method: GET, IP: ::1)
[2023.05.24 13:00:56.748] [HTTP] /client/resources/css/common.css (Method: GET, IP: ::1)
[2023.05.24 13:00:56.750] [HTTP] /client/resources/css/main.css (Method: GET, IP: ::1)
[2023.05.24 13:48:17.834] ★★★ Node.js를 활용한 Web Server 구동(Port:8001) ★★★
[2023.05.24 13:53:47.806] [HTTP] / (Method: GET, IP: ::1)
[2023.05.24 13:53:47.870] [HTTP] /client/resources/css/reset.css (Method: GET, IP: ::1)
[2023.05.24 13:53:47.894] [HTTP] /client/resources/css/common.css (Method: GET, IP: ::1)
[2023.05.24 13:53:47.897] [HTTP] /client/resources/css/main.css (Method: GET, IP: ::1)
[2023.05.24 13:53:47.901] [HTTP] /client/build/bundle.js (Method: GET, IP: ::1)
[2023.05.24 13:53:48.024] [HTTP] /favicon.ico (Method: GET, IP: ::1)
[2023.05.24 13:53:48.029] [Error:404] /favicon.ico/n Error: ENOENT: no such file or directory, stat 'C:\Users\imj09\Desktop\dgcatholic\favicon.ico'/n
[2023.05.24 13:54:42.115] ★★★ Node.js를 활용한 Web Server 구동(Port:8001) ★★★
[2023.05.24 13:54:44.460] [HTTP] /Tableinsert.page (Method: GET, IP: ::1)
[2023.05.24 13:54:44.502] [HTTP] /client/resources/css/reset.css (Method: GET, IP: ::1)
[2023.05.24 13:54:44.506] [HTTP] /client/resources/css/common.css (Method: GET, IP: ::1)
[2023.05.24 13:54:44.511] [HTTP] /client/resources/css/main.css (Method: GET, IP: ::1)
[2023.05.24 13:54:44.513] [HTTP] /client/build/bundle.js (Method: GET, IP: ::1)
[2023.05.24 13:56:48.512] [HTTP] /Tableinsert.page (Method: GET, IP: ::1)
[2023.05.24 13:56:48.557] [HTTP] /client/resources/css/reset.css (Method: GET, IP: ::1)
[2023.05.24 13:56:48.561] [HTTP] /client/resources/css/common.css (Method: GET, IP: ::1)
[2023.05.24 13:56:48.565] [HTTP] /client/resources/css/main.css (Method: GET, IP: ::1)
[2023.05.24 13:56:48.567] [HTTP] /client/build/bundle.js (Method: GET, IP: ::1)
[2023.05.24 13:58:04.824] [HTTP] /client/resources/css/reset.css (Method: GET, IP: ::1)
[2023.05.24 13:58:04.826] [HTTP] /client/resources/css/common.css (Method: GET, IP: ::1)
[2023.05.24 13:58:04.828] [HTTP] /client/resources/css/main.css (Method: GET, IP: ::1)
[2023.05.24 13:59:18.158] [HTTP] /Tableinsert.page (Method: GET, IP: ::1)
[2023.05.24 13:59:18.211] [HTTP] /client/resources/css/reset.css (Method: GET, IP: ::1)
[2023.05.24 13:59:18.217] [HTTP] /client/resources/css/common.css (Method: GET, IP: ::1)
[2023.05.24 13:59:18.220] [HTTP] /client/resources/css/main.css (Method: GET, IP: ::1)
[2023.05.24 13:59:18.223] [HTTP] /client/build/bundle.js (Method: GET, IP: ::1)
[2023.05.24 14:01:34.599] [HTTP] /Tableinsert.page (Method: GET, IP: ::1)
[2023.05.24 14:01:34.648] [HTTP] /client/resources/css/reset.css (Method: GET, IP: ::1)
[2023.05.24 14:01:34.651] [HTTP] /client/resources/css/common.css (Method: GET, IP: ::1)
[2023.05.24 14:01:34.655] [HTTP] /client/resources/css/main.css (Method: GET, IP: ::1)
[2023.05.24 14:01:34.657] [HTTP] /client/build/bundle.js (Method: GET, IP: ::1)
[2023.05.24 14:02:31.431] [HTTP] /Tableinsert.page (Method: GET, IP: ::1)
[2023.05.24 14:02:31.485] [HTTP] /client/resources/css/reset.css (Method: GET, IP: ::1)
[2023.05.24 14:02:31.487] [HTTP] /client/resources/css/common.css (Method: GET, IP: ::1)
[2023.05.24 14:02:31.488] [HTTP] /client/resources/css/main.css (Method: GET, IP: ::1)
[2023.05.24 14:02:31.489] [HTTP] /client/build/bundle.js (Method: GET, IP: ::1)
[2023.05.24 14:02:36.281] [HTTP] /dataset/datasetInsert.json (Method: POST, IP: ::1)
[2023.05.24 14:02:36.299] [Error:500] /dataset/datasetInsert.json/n Error: connect ECONNREFUSED ::1:80
    at TCPConnectWrap.afterConnect [as oncomplete] (node:net:1494:16)/n
[2023.05.24 14:04:26.485] [HTTP] /dataset/datasetInsert.json (Method: POST, IP: ::1)
[2023.05.24 14:04:26.492] [Error:500] /dataset/datasetInsert.json/n Error: connect ECONNREFUSED ::1:80
    at TCPConnectWrap.afterConnect [as oncomplete] (node:net:1494:16)/n
[2023.05.24 14:04:30.600] [HTTP] /Tableinsert.page (Method: GET, IP: ::1)
[2023.05.24 14:04:30.634] [HTTP] /client/resources/css/reset.css (Method: GET, IP: ::1)
[2023.05.24 14:04:30.638] [HTTP] /client/resources/css/common.css (Method: GET, IP: ::1)
[2023.05.24 14:04:30.641] [HTTP] /client/resources/css/main.css (Method: GET, IP: ::1)
[2023.05.24 14:04:30.644] [HTTP] /client/build/bundle.js (Method: GET, IP: ::1)
[2023.05.24 14:04:36.273] [HTTP] /dataset/datasetInsert.json (Method: POST, IP: ::1)
[2023.05.24 14:04:36.278] [Error:500] /dataset/datasetInsert.json/n Error: connect ECONNREFUSED ::1:80
    at TCPConnectWrap.afterConnect [as oncomplete] (node:net:1494:16)/n
[2023.05.24 14:05:42.663] ★★★ Node.js를 활용한 Web Server 구동(Port:8001) ★★★
[2023.05.24 14:05:47.438] [HTTP] /Tableinsert.page (Method: GET, IP: ::1)
[2023.05.24 14:05:47.486] [HTTP] /client/resources/css/reset.css (Method: GET, IP: ::1)
[2023.05.24 14:05:47.489] [HTTP] /client/resources/css/common.css (Method: GET, IP: ::1)
[2023.05.24 14:05:47.497] [HTTP] /client/resources/css/main.css (Method: GET, IP: ::1)
[2023.05.24 14:05:47.501] [HTTP] /client/build/bundle.js (Method: GET, IP: ::1)
[2023.05.24 14:05:52.837] [HTTP] /dataset/datasetInsert.json (Method: POST, IP: ::1)
[2023.05.24 14:05:52.842] [Error:500] /dataset/datasetInsert.json/n ReferenceError: axios is not defined
    at C:\Users\imj09\Desktop\dgcatholic\server\modules\web\Server.js:68:3
    at Layer.handle [as handle_request] (C:\Users\imj09\Desktop\dgcatholic\node_modules\express\lib\router\layer.js:95:5)
    at next (C:\Users\imj09\Desktop\dgcatholic\node_modules\express\lib\router\route.js:144:13)
    at Route.dispatch (C:\Users\imj09\Desktop\dgcatholic\node_modules\express\lib\router\route.js:114:3)
    at Layer.handle [as handle_request] (C:\Users\imj09\Desktop\dgcatholic\node_modules\express\lib\router\layer.js:95:5)
    at C:\Users\imj09\Desktop\dgcatholic\node_modules\express\lib\router\index.js:284:15
    at Function.process_params (C:\Users\imj09\Desktop\dgcatholic\node_modules\express\lib\router\index.js:346:12)
    at next (C:\Users\imj09\Desktop\dgcatholic\node_modules\express\lib\router\index.js:280:10)
    at C:\Users\imj09\Desktop\dgcatholic\server\modules\web\Server.js:39:3
    at Layer.handle [as handle_request] (C:\Users\imj09\Desktop\dgcatholic\node_modules\express\lib\router\layer.js:95:5)/n
[2023.05.24 14:06:30.459] ★★★ Node.js를 활용한 Web Server 구동(Port:8001) ★★★
[2023.05.24 14:06:35.304] [HTTP] /Tableinsert.page (Method: GET, IP: ::1)
[2023.05.24 14:06:35.357] [HTTP] /client/resources/css/reset.css (Method: GET, IP: ::1)
[2023.05.24 14:06:35.362] [HTTP] /client/resources/css/common.css (Method: GET, IP: ::1)
[2023.05.24 14:06:35.370] [HTTP] /client/resources/css/main.css (Method: GET, IP: ::1)
[2023.05.24 14:06:35.373] [HTTP] /client/build/bundle.js (Method: GET, IP: ::1)
[2023.05.24 14:06:40.233] [HTTP] /dataset/datasetInsert.json (Method: POST, IP: ::1)
[2023.05.24 14:08:49.323] ★★★ Node.js를 활용한 Web Server 구동(Port:8001) ★★★
[2023.05.24 14:08:52.778] [HTTP] /dataset/datasetInsert.json (Method: POST, IP: ::1)
[2023.05.24 14:09:10.871] [HTTP] /dataset/datasetInsert.json (Method: POST, IP: ::1)
[2023.05.24 14:12:36.854] [HTTP] /dataset/datasetInsert.json (Method: POST, IP: ::1)
[2023.05.24 14:12:45.044] [HTTP] /Tableinsert.page (Method: GET, IP: ::1)
[2023.05.24 14:12:45.097] [HTTP] /client/resources/css/reset.css (Method: GET, IP: ::1)
[2023.05.24 14:12:45.104] [HTTP] /client/resources/css/common.css (Method: GET, IP: ::1)
[2023.05.24 14:12:45.107] [HTTP] /client/resources/css/main.css (Method: GET, IP: ::1)
[2023.05.24 14:12:45.110] [HTTP] /client/build/bundle.js (Method: GET, IP: ::1)
[2023.05.24 14:12:46.814] [HTTP] /Tableinsert.page (Method: GET, IP: ::1)
[2023.05.24 14:12:46.848] [HTTP] /client/resources/css/reset.css (Method: GET, IP: ::1)
[2023.05.24 14:12:46.851] [HTTP] /client/resources/css/common.css (Method: GET, IP: ::1)
[2023.05.24 14:12:46.853] [HTTP] /client/resources/css/main.css (Method: GET, IP: ::1)
[2023.05.24 14:12:46.855] [HTTP] /client/build/bundle.js (Method: GET, IP: ::1)
[2023.05.24 14:12:56.139] [HTTP] /Tableinsert.page (Method: GET, IP: ::1)
[2023.05.24 14:12:56.175] [HTTP] /client/resources/css/reset.css (Method: GET, IP: ::1)
[2023.05.24 14:12:56.177] [HTTP] /client/resources/css/common.css (Method: GET, IP: ::1)
[2023.05.24 14:12:56.181] [HTTP] /client/resources/css/main.css (Method: GET, IP: ::1)
[2023.05.24 14:12:56.183] [HTTP] /client/build/bundle.js (Method: GET, IP: ::1)
[2023.05.24 14:13:00.800] [HTTP] /dataset/datasetInsert.json (Method: POST, IP: ::1)
[2023.05.24 14:29:59.089] [HTTP] / (Method: GET, IP: ::1)
[2023.05.24 14:29:59.143] [HTTP] /client/resources/css/reset.css (Method: GET, IP: ::1)
[2023.05.24 14:29:59.154] [HTTP] /client/resources/css/common.css (Method: GET, IP: ::1)
[2023.05.24 14:29:59.156] [HTTP] /client/build/bundle.js (Method: GET, IP: ::1)
[2023.05.24 14:29:59.158] [HTTP] /client/resources/css/main.css (Method: GET, IP: ::1)
[2023.05.24 14:30:27.796] [HTTP] /dataset/datasetInsert.json (Method: POST, IP: ::1)
[2023.05.24 14:37:09.952] [HTTP] /client/resources/css/reset.css (Method: GET, IP: ::1)
[2023.05.24 14:37:09.955] [HTTP] /client/resources/css/common.css (Method: GET, IP: ::1)
[2023.05.24 14:37:09.958] [HTTP] /client/resources/css/main.css (Method: GET, IP: ::1)
[2023.05.24 14:45:45.750] [HTTP] /Tableinsert.page (Method: GET, IP: ::1)
[2023.05.24 14:45:45.788] [HTTP] /client/resources/css/reset.css (Method: GET, IP: ::1)
[2023.05.24 14:45:45.792] [HTTP] /client/resources/css/common.css (Method: GET, IP: ::1)
[2023.05.24 14:45:45.795] [HTTP] /client/resources/css/main.css (Method: GET, IP: ::1)
[2023.05.24 14:45:45.800] [HTTP] /client/build/bundle.js (Method: GET, IP: ::1)
[2023.05.24 14:46:44.795] ★★★ Node.js를 활용한 Web Server 구동(Port:8001) ★★★
[2023.05.24 14:47:04.075] [HTTP] /dataset/datasetInsert.json (Method: POST, IP: ::1)
[2023.05.24 14:50:04.049] ★★★ Node.js를 활용한 Web Server 구동(Port:8001) ★★★
[2023.05.24 14:50:11.506] [HTTP] /dataset/datasetInsert.json (Method: POST, IP: ::1)
[2023.05.24 15:18:55.572] [HTTP] /Tableinsert.page (Method: GET, IP: ::1)
[2023.05.24 15:18:55.611] [HTTP] /client/resources/css/reset.css (Method: GET, IP: ::1)
[2023.05.24 15:18:55.619] [HTTP] /client/resources/css/common.css (Method: GET, IP: ::1)
[2023.05.24 15:18:55.622] [HTTP] /client/resources/css/main.css (Method: GET, IP: ::1)
[2023.05.24 15:18:55.623] [HTTP] /client/build/bundle.js (Method: GET, IP: ::1)
[2023.05.24 15:18:59.446] [HTTP] /dataset/datasetInsert.json (Method: POST, IP: ::1)
[2023.05.24 15:19:45.012] [HTTP] /Tableinsert.page (Method: GET, IP: ::1)
[2023.05.24 15:19:45.045] [HTTP] /client/resources/css/reset.css (Method: GET, IP: ::1)
[2023.05.24 15:19:45.048] [HTTP] /client/resources/css/common.css (Method: GET, IP: ::1)
[2023.05.24 15:19:45.052] [HTTP] /client/resources/css/main.css (Method: GET, IP: ::1)
[2023.05.24 15:19:45.055] [HTTP] /client/build/bundle.js (Method: GET, IP: ::1)
[2023.05.24 15:19:45.820] [HTTP] /Tableinsert.page (Method: GET, IP: ::1)
[2023.05.24 15:19:45.849] [HTTP] /client/resources/css/reset.css (Method: GET, IP: ::1)
[2023.05.24 15:19:45.851] [HTTP] /client/resources/css/common.css (Method: GET, IP: ::1)
[2023.05.24 15:19:45.854] [HTTP] /client/resources/css/main.css (Method: GET, IP: ::1)
[2023.05.24 15:19:45.859] [HTTP] /client/build/bundle.js (Method: GET, IP: ::1)
[2023.05.24 15:19:50.311] [HTTP] /dataset/datasetInsert.json (Method: POST, IP: ::1)
[2023.05.24 15:19:56.252] [HTTP] /dataset/datasetInsert.json (Method: POST, IP: ::1)
[2023.05.24 15:20:26.346] [HTTP] /dataset/datasetInsert.json (Method: POST, IP: ::1)
