[2023.05.11 14:57:49.370] ★★★ Node.js를 활용한 Web Server 구동(Port:80) ★★★
[2023.05.11 15:01:45.450] [HTTP] / (Method: GET, IP: ::1)
[2023.05.11 15:01:45.504] [HTTP] /client/resources/css/reset.css (Method: GET, IP: ::1)
[2023.05.11 15:01:45.518] [HTTP] /client/resources/css/common.css (Method: GET, IP: ::1)
[2023.05.11 15:01:45.522] [HTTP] /client/build/bundle.js (Method: GET, IP: ::1)
[2023.05.11 15:01:45.617] [HTTP] /favicon.ico (Method: GET, IP: ::1)
[2023.05.11 15:01:45.620] [Error:404] /favicon.ico/n Error: ENOENT: no such file or directory, stat 'C:\takensoft\dev\nodejs\workspace\금오공대\favicon.ico'/n
[2023.05.11 15:02:45.085] [HTTP] /Dashboard1 (Method: GET, IP: ::1)
[2023.05.11 15:02:50.607] [HTTP] / (Method: GET, IP: ::1)
[2023.05.11 15:02:50.615] [HTTP] /client/resources/css/reset.css (Method: GET, IP: ::1)
[2023.05.11 15:02:50.617] [HTTP] /client/resources/css/common.css (Method: GET, IP: ::1)
[2023.05.11 15:02:50.618] [HTTP] /client/build/bundle.js (Method: GET, IP: ::1)
[2023.05.11 15:03:14.387] [HTTP] /client/resources/css/reset.css (Method: GET, IP: ::1)
[2023.05.11 15:03:14.389] [HTTP] /client/resources/css/common.css (Method: GET, IP: ::1)
[2023.05.11 15:03:41.491] [HTTP] / (Method: GET, IP: ::1)
[2023.05.11 15:03:41.514] [HTTP] /client/resources/css/reset.css (Method: GET, IP: ::1)
[2023.05.11 15:03:41.516] [HTTP] /client/resources/css/common.css (Method: GET, IP: ::1)
[2023.05.11 15:03:41.517] [HTTP] /client/build/bundle.js (Method: GET, IP: ::1)
[2023.05.11 15:03:41.626] [HTTP] /favicon.ico (Method: GET, IP: ::1)
[2023.05.11 15:03:41.628] [Error:404] /favicon.ico/n Error: ENOENT: no such file or directory, stat 'C:\takensoft\dev\nodejs\workspace\금오공대\favicon.ico'/n
[2023.05.11 15:04:18.248] [HTTP] / (Method: GET, IP: ::1)
[2023.05.11 15:04:18.268] [HTTP] /client/resources/css/reset.css (Method: GET, IP: ::1)
[2023.05.11 15:04:18.270] [HTTP] /client/resources/css/common.css (Method: GET, IP: ::1)
[2023.05.11 15:04:18.273] [HTTP] /client/build/bundle.js (Method: GET, IP: ::1)
[2023.05.11 15:04:18.365] [HTTP] /favicon.ico (Method: GET, IP: ::1)
[2023.05.11 15:04:18.367] [Error:404] /favicon.ico/n Error: ENOENT: no such file or directory, stat 'C:\takensoft\dev\nodejs\workspace\금오공대\favicon.ico'/n
[2023.05.11 15:04:38.736] [HTTP] / (Method: GET, IP: ::1)
[2023.05.11 15:04:38.765] [HTTP] /client/resources/css/reset.css (Method: GET, IP: ::1)
[2023.05.11 15:04:38.767] [HTTP] /client/resources/css/common.css (Method: GET, IP: ::1)
[2023.05.11 15:04:38.769] [HTTP] /client/build/bundle.js (Method: GET, IP: ::1)
[2023.05.11 15:04:38.867] [HTTP] /favicon.ico (Method: GET, IP: ::1)
[2023.05.11 15:04:38.869] [Error:404] /favicon.ico/n Error: ENOENT: no such file or directory, stat 'C:\takensoft\dev\nodejs\workspace\금오공대\favicon.ico'/n
[2023.05.11 15:05:23.083] [HTTP] / (Method: GET, IP: ::1)
[2023.05.11 15:05:23.109] [HTTP] /client/resources/css/reset.css (Method: GET, IP: ::1)
[2023.05.11 15:05:23.112] [HTTP] /client/resources/css/common.css (Method: GET, IP: ::1)
[2023.05.11 15:05:23.113] [HTTP] /client/build/bundle.js (Method: GET, IP: ::1)
[2023.05.11 15:05:23.209] [HTTP] /favicon.ico (Method: GET, IP: ::1)
[2023.05.11 15:05:23.211] [Error:404] /favicon.ico/n Error: ENOENT: no such file or directory, stat 'C:\takensoft\dev\nodejs\workspace\금오공대\favicon.ico'/n
[2023.05.11 15:06:11.958] [HTTP] / (Method: GET, IP: ::1)
[2023.05.11 15:06:11.973] [HTTP] /client/resources/css/reset.css (Method: GET, IP: ::1)
[2023.05.11 15:06:11.978] [HTTP] /client/resources/css/common.css (Method: GET, IP: ::1)
[2023.05.11 15:06:11.980] [HTTP] /client/build/bundle.js (Method: GET, IP: ::1)
[2023.05.11 15:06:12.078] [HTTP] /favicon.ico (Method: GET, IP: ::1)
[2023.05.11 15:06:12.079] [Error:404] /favicon.ico/n Error: ENOENT: no such file or directory, stat 'C:\takensoft\dev\nodejs\workspace\금오공대\favicon.ico'/n
[2023.05.11 15:06:29.292] [HTTP] / (Method: GET, IP: ::1)
[2023.05.11 15:06:29.309] [HTTP] /client/resources/css/reset.css (Method: GET, IP: ::1)
[2023.05.11 15:06:29.312] [HTTP] /client/resources/css/common.css (Method: GET, IP: ::1)
[2023.05.11 15:06:29.314] [HTTP] /client/build/bundle.js (Method: GET, IP: ::1)
[2023.05.11 15:06:31.914] [HTTP] / (Method: GET, IP: ::1)
[2023.05.11 15:06:31.944] [HTTP] /client/resources/css/reset.css (Method: GET, IP: ::1)
[2023.05.11 15:06:31.946] [HTTP] /client/resources/css/common.css (Method: GET, IP: ::1)
[2023.05.11 15:06:31.948] [HTTP] /client/build/bundle.js (Method: GET, IP: ::1)
[2023.05.11 15:06:32.043] [HTTP] /favicon.ico (Method: GET, IP: ::1)
[2023.05.11 15:06:32.045] [Error:404] /favicon.ico/n Error: ENOENT: no such file or directory, stat 'C:\takensoft\dev\nodejs\workspace\금오공대\favicon.ico'/n
[2023.05.11 15:10:32.160] [HTTP] / (Method: GET, IP: ::1)
[2023.05.11 15:10:32.180] [HTTP] /client/resources/css/reset.css (Method: GET, IP: ::1)
[2023.05.11 15:10:32.184] [HTTP] /client/resources/css/common.css (Method: GET, IP: ::1)
[2023.05.11 15:10:32.185] [HTTP] /client/build/bundle.js (Method: GET, IP: ::1)
[2023.05.11 15:10:32.283] [HTTP] /favicon.ico (Method: GET, IP: ::1)
[2023.05.11 15:10:32.284] [Error:404] /favicon.ico/n Error: ENOENT: no such file or directory, stat 'C:\takensoft\dev\nodejs\workspace\금오공대\favicon.ico'/n
[2023.05.11 15:11:10.551] [HTTP] / (Method: GET, IP: ::1)
[2023.05.11 15:11:10.572] [HTTP] /client/resources/css/reset.css (Method: GET, IP: ::1)
[2023.05.11 15:11:10.573] [HTTP] /client/resources/css/common.css (Method: GET, IP: ::1)
[2023.05.11 15:11:10.575] [HTTP] /client/build/bundle.js (Method: GET, IP: ::1)
[2023.05.11 15:14:20.015] [HTTP] / (Method: GET, IP: ::1)
[2023.05.11 15:14:20.029] [HTTP] /client/resources/css/reset.css (Method: GET, IP: ::1)
[2023.05.11 15:14:20.031] [HTTP] /client/resources/css/common.css (Method: GET, IP: ::1)
[2023.05.11 15:14:20.032] [HTTP] /client/build/bundle.js (Method: GET, IP: ::1)
[2023.05.11 15:14:20.138] [HTTP] /favicon.ico (Method: GET, IP: ::1)
[2023.05.11 15:14:20.140] [Error:404] /favicon.ico/n Error: ENOENT: no such file or directory, stat 'C:\takensoft\dev\nodejs\workspace\금오공대\favicon.ico'/n
[2023.05.11 15:15:02.132] [HTTP] / (Method: GET, IP: ::1)
[2023.05.11 15:15:02.145] [HTTP] /client/resources/css/reset.css (Method: GET, IP: ::1)
[2023.05.11 15:15:02.147] [HTTP] /client/resources/css/common.css (Method: GET, IP: ::1)
[2023.05.11 15:15:02.149] [HTTP] /client/build/bundle.js (Method: GET, IP: ::1)
[2023.05.11 15:15:02.248] [HTTP] /favicon.ico (Method: GET, IP: ::1)
[2023.05.11 15:15:02.250] [Error:404] /favicon.ico/n Error: ENOENT: no such file or directory, stat 'C:\takensoft\dev\nodejs\workspace\금오공대\favicon.ico'/n
[2023.05.11 15:15:40.107] [HTTP] / (Method: GET, IP: ::1)
[2023.05.11 15:15:40.129] [HTTP] /client/resources/css/reset.css (Method: GET, IP: ::1)
[2023.05.11 15:15:40.132] [HTTP] /client/resources/css/common.css (Method: GET, IP: ::1)
[2023.05.11 15:15:40.135] [HTTP] /client/build/bundle.js (Method: GET, IP: ::1)
[2023.05.11 15:15:40.232] [HTTP] /favicon.ico (Method: GET, IP: ::1)
[2023.05.11 15:15:40.233] [Error:404] /favicon.ico/n Error: ENOENT: no such file or directory, stat 'C:\takensoft\dev\nodejs\workspace\금오공대\favicon.ico'/n
[2023.05.11 15:16:12.316] [HTTP] / (Method: GET, IP: ::1)
[2023.05.11 15:16:12.325] [HTTP] /client/resources/css/reset.css (Method: GET, IP: ::1)
[2023.05.11 15:16:12.326] [HTTP] /client/resources/css/common.css (Method: GET, IP: ::1)
[2023.05.11 15:16:12.328] [HTTP] /client/build/bundle.js (Method: GET, IP: ::1)
[2023.05.11 15:17:38.352] [HTTP] / (Method: GET, IP: ::1)
[2023.05.11 15:17:38.377] [HTTP] /client/resources/css/reset.css (Method: GET, IP: ::1)
[2023.05.11 15:17:38.379] [HTTP] /client/resources/css/common.css (Method: GET, IP: ::1)
[2023.05.11 15:17:38.382] [HTTP] /client/build/bundle.js (Method: GET, IP: ::1)
[2023.05.11 15:17:38.473] [HTTP] /favicon.ico (Method: GET, IP: ::1)
[2023.05.11 15:17:38.474] [Error:404] /favicon.ico/n Error: ENOENT: no such file or directory, stat 'C:\takensoft\dev\nodejs\workspace\금오공대\favicon.ico'/n
[2023.05.11 15:18:07.160] [HTTP] / (Method: GET, IP: ::1)
[2023.05.11 15:18:07.184] [HTTP] /client/resources/css/reset.css (Method: GET, IP: ::1)
[2023.05.11 15:18:07.190] [HTTP] /client/resources/css/common.css (Method: GET, IP: ::1)
[2023.05.11 15:18:07.192] [HTTP] /client/build/bundle.js (Method: GET, IP: ::1)
[2023.05.11 15:18:07.284] [HTTP] /favicon.ico (Method: GET, IP: ::1)
[2023.05.11 15:18:07.286] [Error:404] /favicon.ico/n Error: ENOENT: no such file or directory, stat 'C:\takensoft\dev\nodejs\workspace\금오공대\favicon.ico'/n
[2023.05.11 15:19:50.377] [HTTP] / (Method: GET, IP: ::1)
[2023.05.11 15:19:50.409] [HTTP] /client/resources/css/reset.css (Method: GET, IP: ::1)
[2023.05.11 15:19:50.411] [HTTP] /client/resources/css/common.css (Method: GET, IP: ::1)
[2023.05.11 15:19:50.412] [HTTP] /client/build/bundle.js (Method: GET, IP: ::1)
[2023.05.11 15:19:50.505] [HTTP] /favicon.ico (Method: GET, IP: ::1)
[2023.05.11 15:19:50.506] [Error:404] /favicon.ico/n Error: ENOENT: no such file or directory, stat 'C:\takensoft\dev\nodejs\workspace\금오공대\favicon.ico'/n
[2023.05.11 15:20:39.443] [HTTP] / (Method: GET, IP: ::1)
[2023.05.11 15:20:39.458] [HTTP] /client/resources/css/reset.css (Method: GET, IP: ::1)
[2023.05.11 15:20:39.461] [HTTP] /client/resources/css/common.css (Method: GET, IP: ::1)
[2023.05.11 15:20:39.462] [HTTP] /client/build/bundle.js (Method: GET, IP: ::1)
[2023.05.11 15:20:39.573] [HTTP] /favicon.ico (Method: GET, IP: ::1)
[2023.05.11 15:20:39.575] [Error:404] /favicon.ico/n Error: ENOENT: no such file or directory, stat 'C:\takensoft\dev\nodejs\workspace\금오공대\favicon.ico'/n
[2023.05.11 15:20:53.986] [HTTP] / (Method: GET, IP: ::1)
[2023.05.11 15:20:54.008] [HTTP] /client/resources/css/reset.css (Method: GET, IP: ::1)
[2023.05.11 15:20:54.010] [HTTP] /client/resources/css/common.css (Method: GET, IP: ::1)
[2023.05.11 15:20:54.011] [HTTP] /client/build/bundle.js (Method: GET, IP: ::1)
[2023.05.11 15:20:54.109] [HTTP] /favicon.ico (Method: GET, IP: ::1)
[2023.05.11 15:20:54.110] [Error:404] /favicon.ico/n Error: ENOENT: no such file or directory, stat 'C:\takensoft\dev\nodejs\workspace\금오공대\favicon.ico'/n
[2023.05.11 16:33:59.497] [HTTP] / (Method: GET, IP: ::1)
[2023.05.11 16:33:59.513] [HTTP] /client/resources/css/reset.css (Method: GET, IP: ::1)
[2023.05.11 16:33:59.517] [HTTP] /client/resources/css/common.css (Method: GET, IP: ::1)
[2023.05.11 16:33:59.518] [HTTP] /client/build/bundle.js (Method: GET, IP: ::1)
[2023.05.11 16:34:01.600] [HTTP] / (Method: GET, IP: ::1)
[2023.05.11 16:34:01.614] [HTTP] /client/resources/css/reset.css (Method: GET, IP: ::1)
[2023.05.11 16:34:01.616] [HTTP] /client/resources/css/common.css (Method: GET, IP: ::1)
[2023.05.11 16:34:01.618] [HTTP] /client/build/bundle.js (Method: GET, IP: ::1)
[2023.05.11 16:34:19.204] [HTTP] /Dashboard1 (Method: GET, IP: ::1)
[2023.05.11 16:34:22.501] [HTTP] / (Method: GET, IP: ::1)
[2023.05.11 16:34:22.520] [HTTP] /client/resources/css/reset.css (Method: GET, IP: ::1)
[2023.05.11 16:34:22.522] [HTTP] /client/resources/css/common.css (Method: GET, IP: ::1)
[2023.05.11 16:34:22.523] [HTTP] /client/build/bundle.js (Method: GET, IP: ::1)
[2023.05.11 16:34:58.567] [HTTP] /Dashboard2 (Method: GET, IP: ::1)
[2023.05.11 16:36:08.994] [HTTP] /Dashboard2 (Method: GET, IP: ::1)
[2023.05.11 16:38:41.539] [HTTP] / (Method: GET, IP: ::1)
[2023.05.11 16:38:41.555] [HTTP] /client/resources/css/reset.css (Method: GET, IP: ::1)
[2023.05.11 16:38:41.557] [HTTP] /client/resources/css/common.css (Method: GET, IP: ::1)
[2023.05.11 16:38:41.558] [HTTP] /client/build/bundle.js (Method: GET, IP: ::1)
[2023.05.11 16:38:41.659] [HTTP] /favicon.ico (Method: GET, IP: ::1)
[2023.05.11 16:38:41.661] [Error:404] /favicon.ico/n Error: ENOENT: no such file or directory, stat 'C:\takensoft\dev\nodejs\workspace\금오공대\favicon.ico'/n
[2023.05.11 16:42:16.659] [HTTP] /Dashboard2 (Method: GET, IP: ::1)
[2023.05.11 16:42:20.068] [HTTP] / (Method: GET, IP: ::1)
[2023.05.11 16:42:20.085] [HTTP] /client/resources/css/reset.css (Method: GET, IP: ::1)
[2023.05.11 16:42:20.087] [HTTP] /client/resources/css/common.css (Method: GET, IP: ::1)
[2023.05.11 16:42:20.089] [HTTP] /client/build/bundle.js (Method: GET, IP: ::1)
[2023.05.11 16:42:20.199] [HTTP] /favicon.ico (Method: GET, IP: ::1)
[2023.05.11 16:42:20.201] [Error:404] /favicon.ico/n Error: ENOENT: no such file or directory, stat 'C:\takensoft\dev\nodejs\workspace\금오공대\favicon.ico'/n
[2023.05.11 16:42:22.928] [HTTP] / (Method: GET, IP: ::1)
[2023.05.11 16:42:22.953] [HTTP] /client/resources/css/reset.css (Method: GET, IP: ::1)
[2023.05.11 16:42:22.955] [HTTP] /client/resources/css/common.css (Method: GET, IP: ::1)
[2023.05.11 16:42:22.957] [HTTP] /client/build/bundle.js (Method: GET, IP: ::1)
[2023.05.11 16:42:46.005] ★★★ Node.js를 활용한 Web Server 구동(Port:8081) ★★★
[2023.05.11 16:42:50.093] [HTTP] / (Method: GET, IP: ::1)
[2023.05.11 16:42:50.128] [HTTP] /client/resources/css/reset.css (Method: GET, IP: ::1)
[2023.05.11 16:42:50.143] [HTTP] /client/resources/css/common.css (Method: GET, IP: ::1)
[2023.05.11 16:42:50.151] [HTTP] /client/build/bundle.js (Method: GET, IP: ::1)
[2023.05.11 16:42:50.254] [HTTP] /favicon.ico (Method: GET, IP: ::1)
[2023.05.11 16:42:50.258] [Error:404] /favicon.ico/n Error: ENOENT: no such file or directory, stat 'C:\takensoft\dev\nodejs\workspace\금오공대\favicon.ico'/n
[2023.05.11 16:42:53.918] [HTTP] /Dashboard1 (Method: GET, IP: ::1)
[2023.05.11 16:42:59.466] [HTTP] / (Method: GET, IP: ::1)
[2023.05.11 16:42:59.487] [HTTP] /client/resources/css/reset.css (Method: GET, IP: ::1)
[2023.05.11 16:42:59.489] [HTTP] /client/resources/css/common.css (Method: GET, IP: ::1)
[2023.05.11 16:42:59.490] [HTTP] /client/build/bundle.js (Method: GET, IP: ::1)
[2023.05.11 16:43:00.178] [HTTP] / (Method: GET, IP: ::1)
[2023.05.11 16:43:00.191] [HTTP] /client/resources/css/reset.css (Method: GET, IP: ::1)
[2023.05.11 16:43:00.193] [HTTP] /client/resources/css/common.css (Method: GET, IP: ::1)
[2023.05.11 16:43:00.195] [HTTP] /client/build/bundle.js (Method: GET, IP: ::1)
[2023.05.11 16:43:02.851] [HTTP] /client/resources/css/reset.css (Method: GET, IP: ::1)
[2023.05.11 16:43:02.853] [HTTP] /client/resources/css/common.css (Method: GET, IP: ::1)
[2023.05.11 16:43:03.653] [HTTP] / (Method: GET, IP: ::1)
[2023.05.11 16:43:03.669] [HTTP] /client/resources/css/reset.css (Method: GET, IP: ::1)
[2023.05.11 16:43:03.671] [HTTP] /client/resources/css/common.css (Method: GET, IP: ::1)
[2023.05.11 16:43:03.673] [HTTP] /client/build/bundle.js (Method: GET, IP: ::1)
[2023.05.11 16:43:08.171] [HTTP] /Dashboard2 (Method: GET, IP: ::1)
[2023.05.11 16:43:42.730] [HTTP] / (Method: GET, IP: ::1)
[2023.05.11 16:43:42.760] [HTTP] /client/resources/css/reset.css (Method: GET, IP: ::1)
[2023.05.11 16:43:42.775] [HTTP] /client/resources/css/common.css (Method: GET, IP: ::1)
[2023.05.11 16:43:42.779] [HTTP] /client/build/bundle.js (Method: GET, IP: ::1)
[2023.05.11 16:44:46.858] [HTTP] / (Method: GET, IP: ::1)
[2023.05.11 16:44:46.879] [HTTP] /client/resources/css/reset.css (Method: GET, IP: ::1)
[2023.05.11 16:44:46.882] [HTTP] /client/resources/css/common.css (Method: GET, IP: ::1)
[2023.05.11 16:44:46.884] [HTTP] /client/build/bundle.js (Method: GET, IP: ::1)
[2023.05.11 16:45:14.763] [HTTP] / (Method: GET, IP: ::1)
[2023.05.11 16:45:14.775] [HTTP] /client/resources/css/reset.css (Method: GET, IP: ::1)
[2023.05.11 16:45:14.777] [HTTP] /client/resources/css/common.css (Method: GET, IP: ::1)
[2023.05.11 16:45:14.779] [HTTP] /client/build/bundle.js (Method: GET, IP: ::1)
[2023.05.11 16:45:14.897] [HTTP] /favicon.ico (Method: GET, IP: ::1)
[2023.05.11 16:45:14.899] [Error:404] /favicon.ico/n Error: ENOENT: no such file or directory, stat 'C:\takensoft\dev\nodejs\workspace\금오공대\favicon.ico'/n
[2023.05.11 16:46:02.119] [HTTP] /Dashboard2 (Method: GET, IP: ::1)
[2023.05.11 16:46:03.547] [HTTP] /Dashboard2 (Method: GET, IP: ::1)
[2023.05.11 16:46:03.711] [HTTP] /Dashboard2 (Method: GET, IP: ::1)
[2023.05.11 16:46:03.862] [HTTP] /Dashboard2 (Method: GET, IP: ::1)
[2023.05.11 16:47:02.891] ★★★ Node.js를 활용한 Web Server 구동(Port:8081) ★★★
[2023.05.11 16:47:26.617] [HTTP] /Dashboard2 (Method: GET, IP: ::1)
[2023.05.11 16:47:27.074] [HTTP] /Dashboard2 (Method: GET, IP: ::1)
[2023.05.11 16:47:27.231] [HTTP] /Dashboard2 (Method: GET, IP: ::1)
[2023.05.11 16:47:27.420] [HTTP] /Dashboard2 (Method: GET, IP: ::1)
[2023.05.11 16:47:44.705] [HTTP] / (Method: GET, IP: ::1)
[2023.05.11 16:47:44.734] [HTTP] /client/resources/css/reset.css (Method: GET, IP: ::1)
[2023.05.11 16:47:44.747] [HTTP] /client/resources/css/common.css (Method: GET, IP: ::1)
[2023.05.11 16:47:44.755] [HTTP] /client/build/bundle.js (Method: GET, IP: ::1)
[2023.05.11 16:47:47.660] [HTTP] /Dashboard1 (Method: GET, IP: ::1)
[2023.05.11 16:51:00.587] [HTTP] / (Method: GET, IP: ::1)
[2023.05.11 16:51:00.605] [HTTP] /client/resources/css/reset.css (Method: GET, IP: ::1)
[2023.05.11 16:51:00.608] [HTTP] /client/resources/css/common.css (Method: GET, IP: ::1)
[2023.05.11 16:51:00.609] [HTTP] /client/build/bundle.js (Method: GET, IP: ::1)
[2023.05.11 16:54:15.266] [HTTP] /Main (Method: GET, IP: ::1)
[2023.05.11 16:54:16.368] [HTTP] /Main (Method: GET, IP: ::1)
[2023.05.11 16:54:16.531] [HTTP] /Main (Method: GET, IP: ::1)
[2023.05.11 16:54:16.698] [HTTP] /Main (Method: GET, IP: ::1)
[2023.05.11 16:54:23.334] [HTTP] / (Method: GET, IP: ::1)
[2023.05.11 16:54:23.347] [HTTP] /client/resources/css/reset.css (Method: GET, IP: ::1)
[2023.05.11 16:54:23.350] [HTTP] /client/resources/css/common.css (Method: GET, IP: ::1)
[2023.05.11 16:54:23.352] [HTTP] /client/build/bundle.js (Method: GET, IP: ::1)
[2023.05.11 16:54:38.611] [HTTP] /Dashboard2 (Method: GET, IP: ::1)
[2023.05.11 16:54:39.594] [HTTP] /Dashboard2 (Method: GET, IP: ::1)
[2023.05.11 16:54:39.758] [HTTP] /Dashboard2 (Method: GET, IP: ::1)
[2023.05.11 16:54:39.914] [HTTP] /Dashboard2 (Method: GET, IP: ::1)
[2023.05.11 16:54:42.657] [HTTP] / (Method: GET, IP: ::1)
[2023.05.11 16:54:42.679] [HTTP] /client/resources/css/reset.css (Method: GET, IP: ::1)
[2023.05.11 16:54:42.681] [HTTP] /client/resources/css/common.css (Method: GET, IP: ::1)
[2023.05.11 16:54:42.683] [HTTP] /client/build/bundle.js (Method: GET, IP: ::1)
[2023.05.11 16:54:56.006] [HTTP] /Dashboard2 (Method: GET, IP: ::1)
[2023.05.11 16:57:39.496] [HTTP] /Dashboard2 (Method: GET, IP: ::1)
[2023.05.11 16:59:30.114] [HTTP] /Dashboard2 (Method: GET, IP: ::1)
[2023.05.11 16:59:30.715] [HTTP] /Dashboard2 (Method: GET, IP: ::1)
[2023.05.11 16:59:30.900] [HTTP] /Dashboard2 (Method: GET, IP: ::1)
[2023.05.11 16:59:31.035] [HTTP] /Dashboard2 (Method: GET, IP: ::1)
[2023.05.11 16:59:33.828] [HTTP] / (Method: GET, IP: ::1)
[2023.05.11 16:59:33.838] [HTTP] /client/resources/css/reset.css (Method: GET, IP: ::1)
[2023.05.11 16:59:33.841] [HTTP] /client/resources/css/common.css (Method: GET, IP: ::1)
[2023.05.11 16:59:33.842] [HTTP] /client/build/bundle.js (Method: GET, IP: ::1)
[2023.05.11 16:59:36.528] [HTTP] /Main (Method: GET, IP: ::1)
[2023.05.11 16:59:37.279] [HTTP] /Main (Method: GET, IP: ::1)
[2023.05.11 16:59:37.503] [HTTP] /Main (Method: GET, IP: ::1)
[2023.05.11 16:59:37.764] [HTTP] /Main (Method: GET, IP: ::1)
[2023.05.11 16:59:38.799] [HTTP] /Main (Method: GET, IP: ::1)
[2023.05.11 16:59:38.959] [HTTP] /Main (Method: GET, IP: ::1)
[2023.05.11 16:59:39.132] [HTTP] /Main (Method: GET, IP: ::1)
[2023.05.11 16:59:39.306] [HTTP] /Main (Method: GET, IP: ::1)
[2023.05.11 16:59:39.383] [HTTP] /Main (Method: GET, IP: ::1)
[2023.05.11 16:59:39.543] [HTTP] /Main (Method: GET, IP: ::1)
[2023.05.11 16:59:42.624] [HTTP] / (Method: GET, IP: ::1)
[2023.05.11 16:59:42.638] [HTTP] /client/resources/css/reset.css (Method: GET, IP: ::1)
[2023.05.11 16:59:42.640] [HTTP] /client/resources/css/common.css (Method: GET, IP: ::1)
[2023.05.11 16:59:42.642] [HTTP] /client/build/bundle.js (Method: GET, IP: ::1)
[2023.05.11 16:59:42.730] [HTTP] /favicon.ico (Method: GET, IP: ::1)
[2023.05.11 16:59:42.733] [Error:404] /favicon.ico/n Error: ENOENT: no such file or directory, stat 'C:\takensoft\dev\nodejs\workspace\금오공대\favicon.ico'/n
[2023.05.11 16:59:44.560] [HTTP] /Main (Method: GET, IP: ::1)
[2023.05.11 17:04:38.262] ★★★ Node.js를 활용한 Web Server 구동(Port:8081) ★★★
[2023.05.11 17:04:42.058] [HTTP] /Main (Method: GET, IP: ::1)
[2023.05.11 17:04:44.969] [HTTP] / (Method: GET, IP: ::1)
[2023.05.11 17:04:44.990] [HTTP] /client/resources/css/reset.css (Method: GET, IP: ::1)
[2023.05.11 17:04:44.993] [HTTP] /client/resources/css/common.css (Method: GET, IP: ::1)
[2023.05.11 17:04:44.997] [HTTP] /client/build/bundle.js (Method: GET, IP: ::1)
[2023.05.11 17:05:59.400] [HTTP] /Dashboard2 (Method: GET, IP: ::1)
[2023.05.11 17:06:00.034] [HTTP] /Dashboard2 (Method: GET, IP: ::1)
[2023.05.11 17:06:09.865] [HTTP] / (Method: GET, IP: ::1)
[2023.05.11 17:06:09.892] [HTTP] /client/resources/css/reset.css (Method: GET, IP: ::1)
[2023.05.11 17:06:09.895] [HTTP] /client/resources/css/common.css (Method: GET, IP: ::1)
[2023.05.11 17:06:09.897] [HTTP] /client/build/bundle.js (Method: GET, IP: ::1)
[2023.05.11 17:06:41.357] [HTTP] /Main (Method: GET, IP: ::1)
[2023.05.11 17:06:42.113] [HTTP] /Main (Method: GET, IP: ::1)
[2023.05.11 17:06:44.376] [HTTP] / (Method: GET, IP: ::1)
[2023.05.11 17:06:44.392] [HTTP] /client/resources/css/reset.css (Method: GET, IP: ::1)
[2023.05.11 17:06:44.394] [HTTP] /client/resources/css/common.css (Method: GET, IP: ::1)
[2023.05.11 17:06:44.397] [HTTP] /client/build/bundle.js (Method: GET, IP: ::1)
[2023.05.11 17:06:56.283] [HTTP] /Dashboard2 (Method: GET, IP: ::1)
[2023.05.11 17:06:57.215] [HTTP] /Dashboard2 (Method: GET, IP: ::1)
[2023.05.11 17:07:01.357] [HTTP] / (Method: GET, IP: ::1)
[2023.05.11 17:07:01.376] [HTTP] /client/resources/css/reset.css (Method: GET, IP: ::1)
[2023.05.11 17:07:01.379] [HTTP] /client/resources/css/common.css (Method: GET, IP: ::1)
[2023.05.11 17:07:01.383] [HTTP] /client/build/bundle.js (Method: GET, IP: ::1)
[2023.05.11 17:08:36.224] [HTTP] /Dashboard2 (Method: GET, IP: ::1)
[2023.05.11 17:08:42.561] [HTTP] /Dashboard2 (Method: GET, IP: ::1)
[2023.05.11 17:08:47.020] [HTTP] / (Method: GET, IP: ::1)
[2023.05.11 17:08:47.038] [HTTP] /client/resources/css/reset.css (Method: GET, IP: ::1)
[2023.05.11 17:08:47.040] [HTTP] /client/resources/css/common.css (Method: GET, IP: ::1)
[2023.05.11 17:08:47.041] [HTTP] /client/build/bundle.js (Method: GET, IP: ::1)
[2023.05.11 17:08:47.146] [HTTP] /favicon.ico (Method: GET, IP: ::1)
[2023.05.11 17:08:47.150] [Error:404] /favicon.ico/n Error: ENOENT: no such file or directory, stat 'C:\takensoft\dev\nodejs\workspace\금오공대\favicon.ico'/n
[2023.05.11 17:13:51.648] [HTTP] / (Method: GET, IP: ::1)
[2023.05.11 17:13:51.671] [HTTP] /client/resources/css/reset.css (Method: GET, IP: ::1)
[2023.05.11 17:13:51.673] [HTTP] /client/resources/css/common.css (Method: GET, IP: ::1)
[2023.05.11 17:13:51.675] [HTTP] /client/build/bundle.js (Method: GET, IP: ::1)
[2023.05.11 17:36:49.339] [HTTP] / (Method: GET, IP: ::1)
[2023.05.11 17:36:49.354] [HTTP] /client/resources/css/reset.css (Method: GET, IP: ::1)
[2023.05.11 17:36:49.356] [HTTP] /client/resources/css/common.css (Method: GET, IP: ::1)
[2023.05.11 17:36:49.358] [HTTP] /client/build/bundle.js (Method: GET, IP: ::1)
[2023.05.11 17:36:57.061] [HTTP] / (Method: GET, IP: ::1)
[2023.05.11 17:36:57.071] [HTTP] /client/resources/css/reset.css (Method: GET, IP: ::1)
[2023.05.11 17:36:57.073] [HTTP] /client/resources/css/common.css (Method: GET, IP: ::1)
[2023.05.11 17:36:57.074] [HTTP] /client/build/bundle.js (Method: GET, IP: ::1)
[2023.05.11 17:38:45.999] [HTTP] / (Method: GET, IP: ::1)
[2023.05.11 17:38:46.018] [HTTP] /client/resources/css/reset.css (Method: GET, IP: ::1)
[2023.05.11 17:38:46.020] [HTTP] /client/resources/css/common.css (Method: GET, IP: ::1)
[2023.05.11 17:38:46.022] [HTTP] /client/build/bundle.js (Method: GET, IP: ::1)
[2023.05.11 17:47:35.648] [HTTP] / (Method: GET, IP: ::1)
[2023.05.11 17:47:35.669] [HTTP] /client/resources/css/reset.css (Method: GET, IP: ::1)
[2023.05.11 17:47:35.671] [HTTP] /client/resources/css/common.css (Method: GET, IP: ::1)
[2023.05.11 17:47:35.673] [HTTP] /client/build/bundle.js (Method: GET, IP: ::1)
[2023.05.11 17:47:35.726] [HTTP] /resources/images/menu.svg (Method: GET, IP: ::1)
[2023.05.11 17:47:35.728] [Error:404] /resources/images/menu.svg/n Error: ENOENT: no such file or directory, stat 'C:\takensoft\dev\nodejs\workspace\금오공대\resources\images\menu.svg'/n
[2023.05.11 17:47:37.321] [HTTP] /resources/images/close.svg (Method: GET, IP: ::1)
[2023.05.11 17:47:37.323] [Error:404] /resources/images/close.svg/n Error: ENOENT: no such file or directory, stat 'C:\takensoft\dev\nodejs\workspace\금오공대\resources\images\close.svg'/n
[2023.05.11 17:47:37.733] [HTTP] /resources/images/menu.svg (Method: GET, IP: ::1)
[2023.05.11 17:47:37.735] [Error:404] /resources/images/menu.svg/n Error: ENOENT: no such file or directory, stat 'C:\takensoft\dev\nodejs\workspace\금오공대\resources\images\menu.svg'/n
[2023.05.11 17:47:38.260] [HTTP] /resources/images/close.svg (Method: GET, IP: ::1)
[2023.05.11 17:47:38.262] [Error:404] /resources/images/close.svg/n Error: ENOENT: no such file or directory, stat 'C:\takensoft\dev\nodejs\workspace\금오공대\resources\images\close.svg'/n
[2023.05.11 17:47:38.623] [HTTP] /resources/images/menu.svg (Method: GET, IP: ::1)
[2023.05.11 17:47:38.625] [Error:404] /resources/images/menu.svg/n Error: ENOENT: no such file or directory, stat 'C:\takensoft\dev\nodejs\workspace\금오공대\resources\images\menu.svg'/n
[2023.05.11 17:47:39.380] [HTTP] /resources/images/close.svg (Method: GET, IP: ::1)
[2023.05.11 17:47:39.382] [Error:404] /resources/images/close.svg/n Error: ENOENT: no such file or directory, stat 'C:\takensoft\dev\nodejs\workspace\금오공대\resources\images\close.svg'/n
[2023.05.11 17:47:39.792] [HTTP] /resources/images/menu.svg (Method: GET, IP: ::1)
[2023.05.11 17:47:39.794] [Error:404] /resources/images/menu.svg/n Error: ENOENT: no such file or directory, stat 'C:\takensoft\dev\nodejs\workspace\금오공대\resources\images\menu.svg'/n
[2023.05.11 17:47:44.710] [HTTP] /resources/images/close.svg (Method: GET, IP: ::1)
[2023.05.11 17:47:44.712] [Error:404] /resources/images/close.svg/n Error: ENOENT: no such file or directory, stat 'C:\takensoft\dev\nodejs\workspace\금오공대\resources\images\close.svg'/n
[2023.05.11 17:47:45.522] [HTTP] /resources/images/menu.svg (Method: GET, IP: ::1)
[2023.05.11 17:47:45.526] [Error:404] /resources/images/menu.svg/n Error: ENOENT: no such file or directory, stat 'C:\takensoft\dev\nodejs\workspace\금오공대\resources\images\menu.svg'/n
[2023.05.11 17:47:46.343] [HTTP] /resources/images/close.svg (Method: GET, IP: ::1)
[2023.05.11 17:47:46.346] [Error:404] /resources/images/close.svg/n Error: ENOENT: no such file or directory, stat 'C:\takensoft\dev\nodejs\workspace\금오공대\resources\images\close.svg'/n
[2023.05.11 17:47:49.200] [HTTP] /resources/images/menu.svg (Method: GET, IP: ::1)
[2023.05.11 17:47:49.203] [Error:404] /resources/images/menu.svg/n Error: ENOENT: no such file or directory, stat 'C:\takensoft\dev\nodejs\workspace\금오공대\resources\images\menu.svg'/n
[2023.05.11 17:49:39.757] [HTTP] / (Method: GET, IP: ::1)
[2023.05.11 17:49:39.769] [HTTP] /client/resources/css/reset.css (Method: GET, IP: ::1)
[2023.05.11 17:49:39.772] [HTTP] /client/resources/css/common.css (Method: GET, IP: ::1)
[2023.05.11 17:49:39.773] [HTTP] /client/build/bundle.js (Method: GET, IP: ::1)
[2023.05.11 17:49:39.825] [HTTP] /resources/images/menu.png (Method: GET, IP: ::1)
[2023.05.11 17:49:39.827] [Error:404] /resources/images/menu.png/n Error: ENOENT: no such file or directory, stat 'C:\takensoft\dev\nodejs\workspace\금오공대\resources\images\menu.png'/n
[2023.05.11 17:49:41.940] [HTTP] / (Method: GET, IP: ::1)
[2023.05.11 17:49:41.971] [HTTP] /client/resources/css/reset.css (Method: GET, IP: ::1)
[2023.05.11 17:49:41.972] [HTTP] /client/resources/css/common.css (Method: GET, IP: ::1)
[2023.05.11 17:49:41.974] [HTTP] /client/build/bundle.js (Method: GET, IP: ::1)
[2023.05.11 17:49:42.021] [HTTP] /resources/images/menu.png (Method: GET, IP: ::1)
[2023.05.11 17:49:42.023] [Error:404] /resources/images/menu.png/n Error: ENOENT: no such file or directory, stat 'C:\takensoft\dev\nodejs\workspace\금오공대\resources\images\menu.png'/n
[2023.05.11 17:49:42.076] [HTTP] /favicon.ico (Method: GET, IP: ::1)
[2023.05.11 17:49:42.078] [Error:404] /favicon.ico/n Error: ENOENT: no such file or directory, stat 'C:\takensoft\dev\nodejs\workspace\금오공대\favicon.ico'/n
[2023.05.11 17:50:06.088] [HTTP] /resources/images/close.png (Method: GET, IP: ::1)
[2023.05.11 17:50:06.091] [Error:404] /resources/images/close.png/n Error: ENOENT: no such file or directory, stat 'C:\takensoft\dev\nodejs\workspace\금오공대\resources\images\close.png'/n
[2023.05.11 17:50:06.938] [HTTP] /resources/images/menu.png (Method: GET, IP: ::1)
[2023.05.11 17:50:06.940] [Error:404] /resources/images/menu.png/n Error: ENOENT: no such file or directory, stat 'C:\takensoft\dev\nodejs\workspace\금오공대\resources\images\menu.png'/n
[2023.05.11 17:54:00.455] [HTTP] / (Method: GET, IP: ::1)
[2023.05.11 17:54:00.466] [HTTP] /client/resources/css/reset.css (Method: GET, IP: ::1)
[2023.05.11 17:54:00.467] [HTTP] /client/resources/css/common.css (Method: GET, IP: ::1)
[2023.05.11 17:54:00.470] [HTTP] /client/build/bundle.js (Method: GET, IP: ::1)
[2023.05.11 17:54:00.531] [HTTP] /[object%20Object] (Method: GET, IP: ::1)
[2023.05.11 17:54:02.465] [HTTP] /[object%20Object] (Method: GET, IP: ::1)
[2023.05.11 17:54:03.089] [HTTP] /[object%20Object] (Method: GET, IP: ::1)
[2023.05.11 17:54:04.843] [HTTP] / (Method: GET, IP: ::1)
[2023.05.11 17:54:04.867] [HTTP] /client/resources/css/reset.css (Method: GET, IP: ::1)
[2023.05.11 17:54:04.869] [HTTP] /client/resources/css/common.css (Method: GET, IP: ::1)
[2023.05.11 17:54:04.870] [HTTP] /client/build/bundle.js (Method: GET, IP: ::1)
[2023.05.11 17:54:04.915] [HTTP] /[object%20Object] (Method: GET, IP: ::1)
[2023.05.11 17:54:04.970] [HTTP] /favicon.ico (Method: GET, IP: ::1)
[2023.05.11 17:54:04.972] [Error:404] /favicon.ico/n Error: ENOENT: no such file or directory, stat 'C:\takensoft\dev\nodejs\workspace\금오공대\favicon.ico'/n
[2023.05.11 17:54:07.666] [HTTP] /[object%20Object] (Method: GET, IP: ::1)
[2023.05.11 17:54:09.491] [HTTP] /[object%20Object] (Method: GET, IP: ::1)
[2023.05.11 17:54:09.874] [HTTP] /[object%20Object] (Method: GET, IP: ::1)
[2023.05.11 17:54:10.059] [HTTP] /[object%20Object] (Method: GET, IP: ::1)
[2023.05.11 17:54:10.231] [HTTP] /[object%20Object] (Method: GET, IP: ::1)
[2023.05.11 17:54:10.395] [HTTP] /[object%20Object] (Method: GET, IP: ::1)
[2023.05.11 17:54:10.555] [HTTP] /[object%20Object] (Method: GET, IP: ::1)
[2023.05.11 17:54:10.723] [HTTP] /[object%20Object] (Method: GET, IP: ::1)
[2023.05.11 17:54:10.899] [HTTP] /[object%20Object] (Method: GET, IP: ::1)
[2023.05.11 18:00:44.005] [HTTP] / (Method: GET, IP: ::1)
[2023.05.11 18:00:44.019] [HTTP] /client/resources/css/reset.css (Method: GET, IP: ::1)
[2023.05.11 18:00:44.021] [HTTP] /client/resources/css/common.css (Method: GET, IP: ::1)
[2023.05.11 18:00:44.022] [HTTP] /client/build/bundle.js (Method: GET, IP: ::1)
[2023.05.11 18:00:44.075] [HTTP] /%3Csvg%20xmlns=%22http://www.w3.org/2000/svg%22%20height=%2248%22%20viewBox=%220%2096%20960%20960%22%20width=%2248%22%3E%3Cpath%20d=%22M120%20816v-60h720v60H120Zm0-210v-60h720v60H120Zm0-210v-60h720v60H120Z%22/%3E%3C/svg%3E (Method: GET, IP: ::1)
[2023.05.11 18:00:44.078] [Error:404] /%3Csvg%20xmlns=%22http://www.w3.org/2000/svg%22%20height=%2248%22%20viewBox=%220%2096%20960%20960%22%20width=%2248%22%3E%3Cpath%20d=%22M120%20816v-60h720v60H120Zm0-210v-60h720v60H120Zm0-210v-60h720v60H120Z%22/%3E%3C/svg%3E/n Error: ENOENT: no such file or directory, stat 'C:\takensoft\dev\nodejs\workspace\금오공대\<svg xmlns="http:\www.w3.org\2000\svg" height="48" viewBox="0 96 960 960" width="48"><path d="M120 816v-60h720v60H120Zm0-210v-60h720v60H120Zm0-210v-60h720v60H120Z"\><\svg>'/n
[2023.05.11 18:00:45.481] [HTTP] /resources/images/close.png (Method: GET, IP: ::1)
[2023.05.11 18:00:45.483] [Error:404] /resources/images/close.png/n Error: ENOENT: no such file or directory, stat 'C:\takensoft\dev\nodejs\workspace\금오공대\resources\images\close.png'/n
[2023.05.11 18:00:46.044] [HTTP] /%3Csvg%20xmlns=%22http://www.w3.org/2000/svg%22%20height=%2248%22%20viewBox=%220%2096%20960%20960%22%20width=%2248%22%3E%3Cpath%20d=%22M120%20816v-60h720v60H120Zm0-210v-60h720v60H120Zm0-210v-60h720v60H120Z%22/%3E%3C/svg%3E (Method: GET, IP: ::1)
[2023.05.11 18:00:46.047] [Error:404] /%3Csvg%20xmlns=%22http://www.w3.org/2000/svg%22%20height=%2248%22%20viewBox=%220%2096%20960%20960%22%20width=%2248%22%3E%3Cpath%20d=%22M120%20816v-60h720v60H120Zm0-210v-60h720v60H120Zm0-210v-60h720v60H120Z%22/%3E%3C/svg%3E/n Error: ENOENT: no such file or directory, stat 'C:\takensoft\dev\nodejs\workspace\금오공대\<svg xmlns="http:\www.w3.org\2000\svg" height="48" viewBox="0 96 960 960" width="48"><path d="M120 816v-60h720v60H120Zm0-210v-60h720v60H120Zm0-210v-60h720v60H120Z"\><\svg>'/n
[2023.05.11 18:00:46.324] [HTTP] /resources/images/close.png (Method: GET, IP: ::1)
[2023.05.11 18:00:46.326] [Error:404] /resources/images/close.png/n Error: ENOENT: no such file or directory, stat 'C:\takensoft\dev\nodejs\workspace\금오공대\resources\images\close.png'/n
[2023.05.11 18:00:46.496] [HTTP] /%3Csvg%20xmlns=%22http://www.w3.org/2000/svg%22%20height=%2248%22%20viewBox=%220%2096%20960%20960%22%20width=%2248%22%3E%3Cpath%20d=%22M120%20816v-60h720v60H120Zm0-210v-60h720v60H120Zm0-210v-60h720v60H120Z%22/%3E%3C/svg%3E (Method: GET, IP: ::1)
[2023.05.11 18:00:46.499] [Error:404] /%3Csvg%20xmlns=%22http://www.w3.org/2000/svg%22%20height=%2248%22%20viewBox=%220%2096%20960%20960%22%20width=%2248%22%3E%3Cpath%20d=%22M120%20816v-60h720v60H120Zm0-210v-60h720v60H120Zm0-210v-60h720v60H120Z%22/%3E%3C/svg%3E/n Error: ENOENT: no such file or directory, stat 'C:\takensoft\dev\nodejs\workspace\금오공대\<svg xmlns="http:\www.w3.org\2000\svg" height="48" viewBox="0 96 960 960" width="48"><path d="M120 816v-60h720v60H120Zm0-210v-60h720v60H120Zm0-210v-60h720v60H120Z"\><\svg>'/n
[2023.05.11 18:00:46.648] [HTTP] /resources/images/close.png (Method: GET, IP: ::1)
[2023.05.11 18:00:46.650] [Error:404] /resources/images/close.png/n Error: ENOENT: no such file or directory, stat 'C:\takensoft\dev\nodejs\workspace\금오공대\resources\images\close.png'/n
[2023.05.11 18:00:46.788] [HTTP] /%3Csvg%20xmlns=%22http://www.w3.org/2000/svg%22%20height=%2248%22%20viewBox=%220%2096%20960%20960%22%20width=%2248%22%3E%3Cpath%20d=%22M120%20816v-60h720v60H120Zm0-210v-60h720v60H120Zm0-210v-60h720v60H120Z%22/%3E%3C/svg%3E (Method: GET, IP: ::1)
[2023.05.11 18:00:46.790] [Error:404] /%3Csvg%20xmlns=%22http://www.w3.org/2000/svg%22%20height=%2248%22%20viewBox=%220%2096%20960%20960%22%20width=%2248%22%3E%3Cpath%20d=%22M120%20816v-60h720v60H120Zm0-210v-60h720v60H120Zm0-210v-60h720v60H120Z%22/%3E%3C/svg%3E/n Error: ENOENT: no such file or directory, stat 'C:\takensoft\dev\nodejs\workspace\금오공대\<svg xmlns="http:\www.w3.org\2000\svg" height="48" viewBox="0 96 960 960" width="48"><path d="M120 816v-60h720v60H120Zm0-210v-60h720v60H120Zm0-210v-60h720v60H120Z"\><\svg>'/n
[2023.05.11 18:01:10.748] [HTTP] / (Method: GET, IP: ::1)
[2023.05.11 18:01:10.763] [HTTP] /client/resources/css/reset.css (Method: GET, IP: ::1)
[2023.05.11 18:01:10.765] [HTTP] /client/resources/css/common.css (Method: GET, IP: ::1)
[2023.05.11 18:01:10.767] [HTTP] /client/build/bundle.js (Method: GET, IP: ::1)
[2023.05.11 18:01:10.814] [HTTP] /resources/images/menu.png (Method: GET, IP: ::1)
[2023.05.11 18:01:10.816] [Error:404] /resources/images/menu.png/n Error: ENOENT: no such file or directory, stat 'C:\takensoft\dev\nodejs\workspace\금오공대\resources\images\menu.png'/n
[2023.05.11 18:04:23.151] [HTTP] / (Method: GET, IP: ::1)
[2023.05.11 18:04:23.171] [HTTP] /client/resources/css/reset.css (Method: GET, IP: ::1)
[2023.05.11 18:04:23.173] [HTTP] /client/resources/css/common.css (Method: GET, IP: ::1)
[2023.05.11 18:04:23.174] [HTTP] /client/build/bundle.js (Method: GET, IP: ::1)
[2023.05.11 18:04:23.231] [HTTP] /[object%20Module] (Method: GET, IP: ::1)
[2023.05.11 18:04:24.106] [HTTP] / (Method: GET, IP: ::1)
[2023.05.11 18:04:24.137] [HTTP] /client/resources/css/reset.css (Method: GET, IP: ::1)
[2023.05.11 18:04:24.140] [HTTP] /client/resources/css/common.css (Method: GET, IP: ::1)
[2023.05.11 18:04:24.141] [HTTP] /client/build/bundle.js (Method: GET, IP: ::1)
[2023.05.11 18:04:24.194] [HTTP] /[object%20Module] (Method: GET, IP: ::1)
[2023.05.11 18:04:24.279] [HTTP] / (Method: GET, IP: ::1)
[2023.05.11 18:04:24.293] [HTTP] /client/resources/css/reset.css (Method: GET, IP: ::1)
[2023.05.11 18:04:24.296] [HTTP] /client/resources/css/common.css (Method: GET, IP: ::1)
[2023.05.11 18:04:24.299] [HTTP] /client/build/bundle.js (Method: GET, IP: ::1)
[2023.05.11 18:04:24.335] [HTTP] /[object%20Module] (Method: GET, IP: ::1)
[2023.05.11 18:04:24.548] [HTTP] / (Method: GET, IP: ::1)
[2023.05.11 18:04:24.576] [HTTP] /client/resources/css/reset.css (Method: GET, IP: ::1)
[2023.05.11 18:04:24.597] [HTTP] /client/resources/css/common.css (Method: GET, IP: ::1)
[2023.05.11 18:04:24.600] [HTTP] /client/build/bundle.js (Method: GET, IP: ::1)
[2023.05.11 18:04:24.631] [HTTP] /[object%20Module] (Method: GET, IP: ::1)
[2023.05.11 18:04:24.638] [HTTP] / (Method: GET, IP: ::1)
[2023.05.11 18:04:24.753] [HTTP] /client/resources/css/reset.css (Method: GET, IP: ::1)
[2023.05.11 18:04:24.762] [HTTP] /client/resources/css/common.css (Method: GET, IP: ::1)
[2023.05.11 18:04:24.764] [HTTP] /client/build/bundle.js (Method: GET, IP: ::1)
[2023.05.11 18:04:24.816] [HTTP] /[object%20Module] (Method: GET, IP: ::1)
[2023.05.11 18:04:25.028] [HTTP] /resources/images/menu.png (Method: GET, IP: ::1)
[2023.05.11 18:04:25.029] [Error:404] /resources/images/menu.png/n Error: ENOENT: no such file or directory, stat 'C:\takensoft\dev\nodejs\workspace\금오공대\resources\images\menu.png'/n
[2023.05.11 18:04:25.488] [HTTP] /resources/images/close.png (Method: GET, IP: ::1)
[2023.05.11 18:04:25.490] [Error:404] /resources/images/close.png/n Error: ENOENT: no such file or directory, stat 'C:\takensoft\dev\nodejs\workspace\금오공대\resources\images\close.png'/n
[2023.05.11 18:04:25.665] [HTTP] /resources/images/menu.png (Method: GET, IP: ::1)
[2023.05.11 18:04:25.666] [Error:404] /resources/images/menu.png/n Error: ENOENT: no such file or directory, stat 'C:\takensoft\dev\nodejs\workspace\금오공대\resources\images\menu.png'/n
[2023.05.11 18:04:25.831] [HTTP] /resources/images/close.png (Method: GET, IP: ::1)
[2023.05.11 18:04:25.833] [Error:404] /resources/images/close.png/n Error: ENOENT: no such file or directory, stat 'C:\takensoft\dev\nodejs\workspace\금오공대\resources\images\close.png'/n
[2023.05.11 18:04:25.984] [HTTP] /resources/images/menu.png (Method: GET, IP: ::1)
[2023.05.11 18:04:25.986] [Error:404] /resources/images/menu.png/n Error: ENOENT: no such file or directory, stat 'C:\takensoft\dev\nodejs\workspace\금오공대\resources\images\menu.png'/n
[2023.05.11 18:04:26.136] [HTTP] /resources/images/close.png (Method: GET, IP: ::1)
[2023.05.11 18:04:26.137] [Error:404] /resources/images/close.png/n Error: ENOENT: no such file or directory, stat 'C:\takensoft\dev\nodejs\workspace\금오공대\resources\images\close.png'/n
[2023.05.11 18:04:32.660] [HTTP] /resources/images/menu.png (Method: GET, IP: ::1)
[2023.05.11 18:04:32.662] [Error:404] /resources/images/menu.png/n Error: ENOENT: no such file or directory, stat 'C:\takensoft\dev\nodejs\workspace\금오공대\resources\images\menu.png'/n
[2023.05.11 18:04:41.025] [HTTP] /resources/images/close.png (Method: GET, IP: ::1)
[2023.05.11 18:04:41.027] [Error:404] /resources/images/close.png/n Error: ENOENT: no such file or directory, stat 'C:\takensoft\dev\nodejs\workspace\금오공대\resources\images\close.png'/n
[2023.05.11 18:04:41.424] [HTTP] /resources/images/menu.png (Method: GET, IP: ::1)
[2023.05.11 18:04:41.426] [Error:404] /resources/images/menu.png/n Error: ENOENT: no such file or directory, stat 'C:\takensoft\dev\nodejs\workspace\금오공대\resources\images\menu.png'/n
[2023.05.11 18:04:41.620] [HTTP] /resources/images/close.png (Method: GET, IP: ::1)
[2023.05.11 18:04:41.622] [Error:404] /resources/images/close.png/n Error: ENOENT: no such file or directory, stat 'C:\takensoft\dev\nodejs\workspace\금오공대\resources\images\close.png'/n
[2023.05.11 18:04:41.792] [HTTP] /resources/images/menu.png (Method: GET, IP: ::1)
[2023.05.11 18:04:41.794] [Error:404] /resources/images/menu.png/n Error: ENOENT: no such file or directory, stat 'C:\takensoft\dev\nodejs\workspace\금오공대\resources\images\menu.png'/n
[2023.05.11 18:04:41.948] [HTTP] /resources/images/close.png (Method: GET, IP: ::1)
[2023.05.11 18:04:41.950] [Error:404] /resources/images/close.png/n Error: ENOENT: no such file or directory, stat 'C:\takensoft\dev\nodejs\workspace\금오공대\resources\images\close.png'/n
[2023.05.11 18:04:42.104] [HTTP] /resources/images/menu.png (Method: GET, IP: ::1)
[2023.05.11 18:04:42.106] [Error:404] /resources/images/menu.png/n Error: ENOENT: no such file or directory, stat 'C:\takensoft\dev\nodejs\workspace\금오공대\resources\images\menu.png'/n
[2023.05.11 18:04:42.268] [HTTP] /resources/images/close.png (Method: GET, IP: ::1)
[2023.05.11 18:04:42.270] [Error:404] /resources/images/close.png/n Error: ENOENT: no such file or directory, stat 'C:\takensoft\dev\nodejs\workspace\금오공대\resources\images\close.png'/n
[2023.05.11 18:04:42.424] [HTTP] /resources/images/menu.png (Method: GET, IP: ::1)
[2023.05.11 18:04:42.426] [Error:404] /resources/images/menu.png/n Error: ENOENT: no such file or directory, stat 'C:\takensoft\dev\nodejs\workspace\금오공대\resources\images\menu.png'/n
[2023.05.11 18:04:42.668] [HTTP] /resources/images/close.png (Method: GET, IP: ::1)
[2023.05.11 18:04:42.670] [Error:404] /resources/images/close.png/n Error: ENOENT: no such file or directory, stat 'C:\takensoft\dev\nodejs\workspace\금오공대\resources\images\close.png'/n
[2023.05.11 18:04:43.032] [HTTP] /resources/images/menu.png (Method: GET, IP: ::1)
[2023.05.11 18:04:43.034] [Error:404] /resources/images/menu.png/n Error: ENOENT: no such file or directory, stat 'C:\takensoft\dev\nodejs\workspace\금오공대\resources\images\menu.png'/n
[2023.05.11 18:04:43.499] [HTTP] /resources/images/close.png (Method: GET, IP: ::1)
[2023.05.11 18:04:43.501] [Error:404] /resources/images/close.png/n Error: ENOENT: no such file or directory, stat 'C:\takensoft\dev\nodejs\workspace\금오공대\resources\images\close.png'/n
[2023.05.11 18:04:43.872] [HTTP] /resources/images/menu.png (Method: GET, IP: ::1)
[2023.05.11 18:04:43.874] [Error:404] /resources/images/menu.png/n Error: ENOENT: no such file or directory, stat 'C:\takensoft\dev\nodejs\workspace\금오공대\resources\images\menu.png'/n
[2023.05.11 18:05:12.914] [HTTP] /resources/images/close.png (Method: GET, IP: ::1)
[2023.05.11 18:05:12.915] [Error:404] /resources/images/close.png/n Error: ENOENT: no such file or directory, stat 'C:\takensoft\dev\nodejs\workspace\금오공대\resources\images\close.png'/n
[2023.05.11 18:05:13.242] [HTTP] /resources/images/menu.png (Method: GET, IP: ::1)
[2023.05.11 18:05:13.244] [Error:404] /resources/images/menu.png/n Error: ENOENT: no such file or directory, stat 'C:\takensoft\dev\nodejs\workspace\금오공대\resources\images\menu.png'/n
[2023.05.11 18:05:13.450] [HTTP] /resources/images/close.png (Method: GET, IP: ::1)
[2023.05.11 18:05:13.452] [Error:404] /resources/images/close.png/n Error: ENOENT: no such file or directory, stat 'C:\takensoft\dev\nodejs\workspace\금오공대\resources\images\close.png'/n
[2023.05.11 18:05:13.621] [HTTP] /resources/images/menu.png (Method: GET, IP: ::1)
[2023.05.11 18:05:13.623] [Error:404] /resources/images/menu.png/n Error: ENOENT: no such file or directory, stat 'C:\takensoft\dev\nodejs\workspace\금오공대\resources\images\menu.png'/n
[2023.05.11 18:05:13.791] [HTTP] /resources/images/close.png (Method: GET, IP: ::1)
[2023.05.11 18:05:13.793] [Error:404] /resources/images/close.png/n Error: ENOENT: no such file or directory, stat 'C:\takensoft\dev\nodejs\workspace\금오공대\resources\images\close.png'/n
[2023.05.11 18:05:13.954] [HTTP] /resources/images/menu.png (Method: GET, IP: ::1)
[2023.05.11 18:05:13.956] [Error:404] /resources/images/menu.png/n Error: ENOENT: no such file or directory, stat 'C:\takensoft\dev\nodejs\workspace\금오공대\resources\images\menu.png'/n
[2023.05.11 18:05:14.130] [HTTP] /resources/images/close.png (Method: GET, IP: ::1)
[2023.05.11 18:05:14.132] [Error:404] /resources/images/close.png/n Error: ENOENT: no such file or directory, stat 'C:\takensoft\dev\nodejs\workspace\금오공대\resources\images\close.png'/n
[2023.05.11 18:05:14.302] [HTTP] /resources/images/menu.png (Method: GET, IP: ::1)
[2023.05.11 18:05:14.304] [Error:404] /resources/images/menu.png/n Error: ENOENT: no such file or directory, stat 'C:\takensoft\dev\nodejs\workspace\금오공대\resources\images\menu.png'/n
[2023.05.11 18:05:14.470] [HTTP] /resources/images/close.png (Method: GET, IP: ::1)
[2023.05.11 18:05:14.472] [Error:404] /resources/images/close.png/n Error: ENOENT: no such file or directory, stat 'C:\takensoft\dev\nodejs\workspace\금오공대\resources\images\close.png'/n
[2023.05.11 18:05:14.641] [HTTP] /resources/images/menu.png (Method: GET, IP: ::1)
[2023.05.11 18:05:14.644] [Error:404] /resources/images/menu.png/n Error: ENOENT: no such file or directory, stat 'C:\takensoft\dev\nodejs\workspace\금오공대\resources\images\menu.png'/n
[2023.05.11 18:05:14.810] [HTTP] /resources/images/close.png (Method: GET, IP: ::1)
[2023.05.11 18:05:14.812] [Error:404] /resources/images/close.png/n Error: ENOENT: no such file or directory, stat 'C:\takensoft\dev\nodejs\workspace\금오공대\resources\images\close.png'/n
[2023.05.11 18:05:14.986] [HTTP] /resources/images/menu.png (Method: GET, IP: ::1)
[2023.05.11 18:05:14.988] [Error:404] /resources/images/menu.png/n Error: ENOENT: no such file or directory, stat 'C:\takensoft\dev\nodejs\workspace\금오공대\resources\images\menu.png'/n
[2023.05.11 18:05:15.158] [HTTP] /resources/images/close.png (Method: GET, IP: ::1)
[2023.05.11 18:05:15.160] [Error:404] /resources/images/close.png/n Error: ENOENT: no such file or directory, stat 'C:\takensoft\dev\nodejs\workspace\금오공대\resources\images\close.png'/n
[2023.05.11 18:05:15.326] [HTTP] /resources/images/menu.png (Method: GET, IP: ::1)
[2023.05.11 18:05:15.328] [Error:404] /resources/images/menu.png/n Error: ENOENT: no such file or directory, stat 'C:\takensoft\dev\nodejs\workspace\금오공대\resources\images\menu.png'/n
[2023.05.11 18:05:15.498] [HTTP] /resources/images/close.png (Method: GET, IP: ::1)
[2023.05.11 18:05:15.500] [Error:404] /resources/images/close.png/n Error: ENOENT: no such file or directory, stat 'C:\takensoft\dev\nodejs\workspace\금오공대\resources\images\close.png'/n
[2023.05.11 18:05:15.665] [HTTP] /resources/images/menu.png (Method: GET, IP: ::1)
[2023.05.11 18:05:15.667] [Error:404] /resources/images/menu.png/n Error: ENOENT: no such file or directory, stat 'C:\takensoft\dev\nodejs\workspace\금오공대\resources\images\menu.png'/n
[2023.05.11 18:05:15.846] [HTTP] /resources/images/close.png (Method: GET, IP: ::1)
[2023.05.11 18:05:15.848] [Error:404] /resources/images/close.png/n Error: ENOENT: no such file or directory, stat 'C:\takensoft\dev\nodejs\workspace\금오공대\resources\images\close.png'/n
[2023.05.11 18:05:16.014] [HTTP] /resources/images/menu.png (Method: GET, IP: ::1)
[2023.05.11 18:05:16.016] [Error:404] /resources/images/menu.png/n Error: ENOENT: no such file or directory, stat 'C:\takensoft\dev\nodejs\workspace\금오공대\resources\images\menu.png'/n
[2023.05.11 18:05:16.182] [HTTP] /resources/images/close.png (Method: GET, IP: ::1)
[2023.05.11 18:05:16.184] [Error:404] /resources/images/close.png/n Error: ENOENT: no such file or directory, stat 'C:\takensoft\dev\nodejs\workspace\금오공대\resources\images\close.png'/n
[2023.05.11 18:05:16.342] [HTTP] /resources/images/menu.png (Method: GET, IP: ::1)
[2023.05.11 18:05:16.344] [Error:404] /resources/images/menu.png/n Error: ENOENT: no such file or directory, stat 'C:\takensoft\dev\nodejs\workspace\금오공대\resources\images\menu.png'/n
[2023.05.11 18:05:16.773] [HTTP] /resources/images/close.png (Method: GET, IP: ::1)
[2023.05.11 18:05:16.775] [Error:404] /resources/images/close.png/n Error: ENOENT: no such file or directory, stat 'C:\takensoft\dev\nodejs\workspace\금오공대\resources\images\close.png'/n
[2023.05.11 18:06:38.039] [HTTP] / (Method: GET, IP: ::1)
[2023.05.11 18:06:38.057] [HTTP] /client/resources/css/reset.css (Method: GET, IP: ::1)
[2023.05.11 18:06:38.059] [HTTP] /client/resources/css/common.css (Method: GET, IP: ::1)
[2023.05.11 18:06:38.060] [HTTP] /client/build/bundle.js (Method: GET, IP: ::1)
[2023.05.11 18:06:38.108] [HTTP] /[object%20Module] (Method: GET, IP: ::1)
[2023.05.11 18:06:38.588] [HTTP] / (Method: GET, IP: ::1)
[2023.05.11 18:06:38.603] [HTTP] /client/resources/css/reset.css (Method: GET, IP: ::1)
[2023.05.11 18:06:38.607] [HTTP] /client/resources/css/common.css (Method: GET, IP: ::1)
[2023.05.11 18:06:38.608] [HTTP] /client/build/bundle.js (Method: GET, IP: ::1)
[2023.05.11 18:06:38.658] [HTTP] /[object%20Module] (Method: GET, IP: ::1)
[2023.05.11 18:06:38.767] [HTTP] / (Method: GET, IP: ::1)
[2023.05.11 18:06:38.794] [HTTP] /client/resources/css/reset.css (Method: GET, IP: ::1)
[2023.05.11 18:06:38.795] [HTTP] /client/resources/css/common.css (Method: GET, IP: ::1)
[2023.05.11 18:06:38.797] [HTTP] /client/build/bundle.js (Method: GET, IP: ::1)
[2023.05.11 18:06:38.826] [HTTP] /[object%20Module] (Method: GET, IP: ::1)
[2023.05.11 18:06:38.996] [HTTP] / (Method: GET, IP: ::1)
[2023.05.11 18:06:39.008] [HTTP] /client/resources/css/reset.css (Method: GET, IP: ::1)
[2023.05.11 18:06:39.010] [HTTP] /client/resources/css/common.css (Method: GET, IP: ::1)
[2023.05.11 18:06:39.012] [HTTP] /client/build/bundle.js (Method: GET, IP: ::1)
[2023.05.11 18:06:39.065] [HTTP] /[object%20Module] (Method: GET, IP: ::1)
[2023.05.11 18:06:39.273] [HTTP] / (Method: GET, IP: ::1)
[2023.05.11 18:06:39.285] [HTTP] /client/resources/css/reset.css (Method: GET, IP: ::1)
[2023.05.11 18:06:39.287] [HTTP] /client/resources/css/common.css (Method: GET, IP: ::1)
[2023.05.11 18:06:39.288] [HTTP] /client/build/bundle.js (Method: GET, IP: ::1)
[2023.05.11 18:06:39.334] [HTTP] /[object%20Module] (Method: GET, IP: ::1)
[2023.05.11 18:06:40.561] [HTTP] /resources/images/close.png (Method: GET, IP: ::1)
[2023.05.11 18:06:40.563] [Error:404] /resources/images/close.png/n Error: ENOENT: no such file or directory, stat 'C:\takensoft\dev\nodejs\workspace\금오공대\resources\images\close.png'/n
[2023.05.11 18:06:40.908] [HTTP] /[object%20Module] (Method: GET, IP: ::1)
[2023.05.11 18:06:41.091] [HTTP] /resources/images/close.png (Method: GET, IP: ::1)
[2023.05.11 18:06:41.093] [Error:404] /resources/images/close.png/n Error: ENOENT: no such file or directory, stat 'C:\takensoft\dev\nodejs\workspace\금오공대\resources\images\close.png'/n
[2023.05.11 18:06:41.260] [HTTP] /[object%20Module] (Method: GET, IP: ::1)
[2023.05.11 18:09:48.820] [HTTP] / (Method: GET, IP: ::1)
[2023.05.11 18:09:48.838] [HTTP] /client/resources/css/reset.css (Method: GET, IP: ::1)
[2023.05.11 18:09:48.840] [HTTP] /client/resources/css/common.css (Method: GET, IP: ::1)
[2023.05.11 18:09:48.842] [HTTP] /client/build/bundle.js (Method: GET, IP: ::1)
[2023.05.11 18:09:48.899] [HTTP] /[object%20Module] (Method: GET, IP: ::1)
[2023.05.11 18:09:49.499] [HTTP] / (Method: GET, IP: ::1)
[2023.05.11 18:09:49.518] [HTTP] /client/resources/css/reset.css (Method: GET, IP: ::1)
[2023.05.11 18:09:49.520] [HTTP] /client/resources/css/common.css (Method: GET, IP: ::1)
[2023.05.11 18:09:49.523] [HTTP] /client/build/bundle.js (Method: GET, IP: ::1)
[2023.05.11 18:09:49.577] [HTTP] /[object%20Module] (Method: GET, IP: ::1)
[2023.05.11 18:09:49.866] [HTTP] / (Method: GET, IP: ::1)
[2023.05.11 18:09:49.875] [HTTP] /client/resources/css/reset.css (Method: GET, IP: ::1)
[2023.05.11 18:09:49.876] [HTTP] /client/resources/css/common.css (Method: GET, IP: ::1)
[2023.05.11 18:09:49.877] [HTTP] /client/build/bundle.js (Method: GET, IP: ::1)
[2023.05.11 18:09:49.908] [HTTP] /[object%20Module] (Method: GET, IP: ::1)
[2023.05.11 18:09:50.043] [HTTP] / (Method: GET, IP: ::1)
[2023.05.11 18:09:50.054] [HTTP] /client/resources/css/reset.css (Method: GET, IP: ::1)
[2023.05.11 18:09:50.056] [HTTP] /client/resources/css/common.css (Method: GET, IP: ::1)
[2023.05.11 18:09:50.057] [HTTP] /client/build/bundle.js (Method: GET, IP: ::1)
[2023.05.11 18:09:50.090] [HTTP] /[object%20Module] (Method: GET, IP: ::1)
[2023.05.11 18:10:30.145] [HTTP] / (Method: GET, IP: ::1)
[2023.05.11 18:10:30.158] [HTTP] /client/resources/css/reset.css (Method: GET, IP: ::1)
[2023.05.11 18:10:30.160] [HTTP] /client/resources/css/common.css (Method: GET, IP: ::1)
[2023.05.11 18:10:30.160] [HTTP] /client/build/bundle.js (Method: GET, IP: ::1)
[2023.05.11 18:10:30.228] [HTTP] /[object%20Module] (Method: GET, IP: ::1)
[2023.05.11 18:10:31.680] [HTTP] /resources/images/menu.png (Method: GET, IP: ::1)
[2023.05.11 18:10:31.682] [Error:404] /resources/images/menu.png/n Error: ENOENT: no such file or directory, stat 'C:\takensoft\dev\nodejs\workspace\금오공대\resources\images\menu.png'/n
[2023.05.11 18:10:32.131] [HTTP] /resources/images/close.png (Method: GET, IP: ::1)
[2023.05.11 18:10:32.132] [Error:404] /resources/images/close.png/n Error: ENOENT: no such file or directory, stat 'C:\takensoft\dev\nodejs\workspace\금오공대\resources\images\close.png'/n
[2023.05.11 18:10:32.576] [HTTP] /resources/images/menu.png (Method: GET, IP: ::1)
[2023.05.11 18:10:32.577] [Error:404] /resources/images/menu.png/n Error: ENOENT: no such file or directory, stat 'C:\takensoft\dev\nodejs\workspace\금오공대\resources\images\menu.png'/n
[2023.05.11 18:10:32.967] [HTTP] /resources/images/close.png (Method: GET, IP: ::1)
[2023.05.11 18:10:32.969] [Error:404] /resources/images/close.png/n Error: ENOENT: no such file or directory, stat 'C:\takensoft\dev\nodejs\workspace\금오공대\resources\images\close.png'/n
[2023.05.11 18:10:33.311] [HTTP] /resources/images/menu.png (Method: GET, IP: ::1)
[2023.05.11 18:10:33.314] [Error:404] /resources/images/menu.png/n Error: ENOENT: no such file or directory, stat 'C:\takensoft\dev\nodejs\workspace\금오공대\resources\images\menu.png'/n
[2023.05.11 18:10:33.620] [HTTP] /resources/images/close.png (Method: GET, IP: ::1)
[2023.05.11 18:10:33.622] [Error:404] /resources/images/close.png/n Error: ENOENT: no such file or directory, stat 'C:\takensoft\dev\nodejs\workspace\금오공대\resources\images\close.png'/n
[2023.05.11 18:10:33.967] [HTTP] /resources/images/menu.png (Method: GET, IP: ::1)
[2023.05.11 18:10:33.969] [Error:404] /resources/images/menu.png/n Error: ENOENT: no such file or directory, stat 'C:\takensoft\dev\nodejs\workspace\금오공대\resources\images\menu.png'/n
[2023.05.11 18:10:34.311] [HTTP] /resources/images/close.png (Method: GET, IP: ::1)
[2023.05.11 18:10:34.313] [Error:404] /resources/images/close.png/n Error: ENOENT: no such file or directory, stat 'C:\takensoft\dev\nodejs\workspace\금오공대\resources\images\close.png'/n
[2023.05.11 18:10:34.668] [HTTP] /resources/images/menu.png (Method: GET, IP: ::1)
[2023.05.11 18:10:34.670] [Error:404] /resources/images/menu.png/n Error: ENOENT: no such file or directory, stat 'C:\takensoft\dev\nodejs\workspace\금오공대\resources\images\menu.png'/n
[2023.05.11 18:10:34.967] [HTTP] /resources/images/close.png (Method: GET, IP: ::1)
[2023.05.11 18:10:34.969] [Error:404] /resources/images/close.png/n Error: ENOENT: no such file or directory, stat 'C:\takensoft\dev\nodejs\workspace\금오공대\resources\images\close.png'/n
[2023.05.11 18:10:35.268] [HTTP] /resources/images/menu.png (Method: GET, IP: ::1)
[2023.05.11 18:10:35.270] [Error:404] /resources/images/menu.png/n Error: ENOENT: no such file or directory, stat 'C:\takensoft\dev\nodejs\workspace\금오공대\resources\images\menu.png'/n
[2023.05.11 18:10:35.563] [HTTP] /resources/images/close.png (Method: GET, IP: ::1)
[2023.05.11 18:10:35.565] [Error:404] /resources/images/close.png/n Error: ENOENT: no such file or directory, stat 'C:\takensoft\dev\nodejs\workspace\금오공대\resources\images\close.png'/n
[2023.05.11 18:10:36.001] [HTTP] /resources/images/menu.png (Method: GET, IP: ::1)
[2023.05.11 18:10:36.002] [Error:404] /resources/images/menu.png/n Error: ENOENT: no such file or directory, stat 'C:\takensoft\dev\nodejs\workspace\금오공대\resources\images\menu.png'/n
[2023.05.11 18:10:36.441] [HTTP] /resources/images/close.png (Method: GET, IP: ::1)
[2023.05.11 18:10:36.444] [Error:404] /resources/images/close.png/n Error: ENOENT: no such file or directory, stat 'C:\takensoft\dev\nodejs\workspace\금오공대\resources\images\close.png'/n
[2023.05.11 18:11:19.368] [HTTP] / (Method: GET, IP: ::1)
[2023.05.11 18:11:19.378] [HTTP] /client/resources/css/reset.css (Method: GET, IP: ::1)
[2023.05.11 18:11:19.380] [HTTP] /client/resources/css/common.css (Method: GET, IP: ::1)
[2023.05.11 18:11:19.382] [HTTP] /client/build/bundle.js (Method: GET, IP: ::1)
[2023.05.11 18:11:19.444] [HTTP] /[object%20Module] (Method: GET, IP: ::1)
[2023.05.11 18:11:21.138] [HTTP] /[object%20Module] (Method: GET, IP: ::1)
[2023.05.11 18:11:21.535] [HTTP] /[object%20Module] (Method: GET, IP: ::1)
[2023.05.11 18:11:21.890] [HTTP] /[object%20Module] (Method: GET, IP: ::1)
[2023.05.11 18:11:22.203] [HTTP] /[object%20Module] (Method: GET, IP: ::1)
[2023.05.11 18:12:30.762] [HTTP] / (Method: GET, IP: ::1)
[2023.05.11 18:12:30.777] [HTTP] /client/resources/css/reset.css (Method: GET, IP: ::1)
[2023.05.11 18:12:30.778] [HTTP] /client/resources/css/common.css (Method: GET, IP: ::1)
[2023.05.11 18:12:30.780] [HTTP] /client/build/bundle.js (Method: GET, IP: ::1)
[2023.05.11 18:12:45.778] [HTTP] / (Method: GET, IP: ::1)
[2023.05.11 18:12:45.794] [HTTP] /client/resources/css/reset.css (Method: GET, IP: ::1)
[2023.05.11 18:12:45.795] [HTTP] /client/resources/css/common.css (Method: GET, IP: ::1)
[2023.05.11 18:12:45.797] [HTTP] /client/build/bundle.js (Method: GET, IP: ::1)
[2023.05.11 18:12:55.220] [HTTP] / (Method: GET, IP: ::1)
[2023.05.11 18:12:55.249] [HTTP] /client/resources/css/reset.css (Method: GET, IP: ::1)
[2023.05.11 18:12:55.251] [HTTP] /client/resources/css/common.css (Method: GET, IP: ::1)
[2023.05.11 18:12:55.252] [HTTP] /client/build/bundle.js (Method: GET, IP: ::1)
[2023.05.11 18:13:41.254] [HTTP] / (Method: GET, IP: ::1)
[2023.05.11 18:13:41.275] [HTTP] /client/resources/css/reset.css (Method: GET, IP: ::1)
[2023.05.11 18:13:41.277] [HTTP] /client/resources/css/common.css (Method: GET, IP: ::1)
[2023.05.11 18:13:41.278] [HTTP] /client/build/bundle.js (Method: GET, IP: ::1)
[2023.05.11 18:14:19.252] [HTTP] / (Method: GET, IP: ::1)
[2023.05.11 18:14:19.274] [HTTP] /client/resources/css/reset.css (Method: GET, IP: ::1)
[2023.05.11 18:14:19.278] [HTTP] /client/resources/css/common.css (Method: GET, IP: ::1)
[2023.05.11 18:14:19.279] [HTTP] /client/build/bundle.js (Method: GET, IP: ::1)
[2023.05.11 18:14:27.278] [HTTP] / (Method: GET, IP: ::1)
[2023.05.11 18:14:27.292] [HTTP] /client/resources/css/reset.css (Method: GET, IP: ::1)
[2023.05.11 18:14:27.293] [HTTP] /client/resources/css/common.css (Method: GET, IP: ::1)
[2023.05.11 18:14:27.294] [HTTP] /client/build/bundle.js (Method: GET, IP: ::1)
[2023.05.11 18:16:11.498] [HTTP] / (Method: GET, IP: ::1)
[2023.05.11 18:16:11.512] [HTTP] /client/resources/css/reset.css (Method: GET, IP: ::1)
[2023.05.11 18:16:11.513] [HTTP] /client/resources/css/common.css (Method: GET, IP: ::1)
[2023.05.11 18:16:11.514] [HTTP] /client/build/bundle.js (Method: GET, IP: ::1)
[2023.05.11 18:16:44.376] [HTTP] / (Method: GET, IP: ::1)
[2023.05.11 18:16:44.394] [HTTP] /client/resources/css/reset.css (Method: GET, IP: ::1)
[2023.05.11 18:16:44.396] [HTTP] /client/resources/css/common.css (Method: GET, IP: ::1)
[2023.05.11 18:16:44.397] [HTTP] /client/build/bundle.js (Method: GET, IP: ::1)
[2023.05.11 18:18:14.481] [HTTP] / (Method: GET, IP: ::1)
[2023.05.11 18:18:14.500] [HTTP] /client/resources/css/reset.css (Method: GET, IP: ::1)
[2023.05.11 18:18:14.509] [HTTP] /client/resources/css/common.css (Method: GET, IP: ::1)
[2023.05.11 18:18:14.511] [HTTP] /client/build/bundle.js (Method: GET, IP: ::1)
[2023.05.11 18:18:36.894] [HTTP] / (Method: GET, IP: ::1)
[2023.05.11 18:18:36.918] [HTTP] /client/resources/css/reset.css (Method: GET, IP: ::1)
[2023.05.11 18:18:36.920] [HTTP] /client/resources/css/common.css (Method: GET, IP: ::1)
[2023.05.11 18:18:36.921] [HTTP] /client/build/bundle.js (Method: GET, IP: ::1)
