[2023.05.18 10:32:17.950] [HTTP] /Main.page (Method: GET, IP: ::1)
[2023.05.18 10:32:17.960] [HTTP] /client/resources/css/reset.css (Method: GET, IP: ::1)
[2023.05.18 10:32:17.962] [HTTP] /client/resources/css/common.css (Method: GET, IP: ::1)
[2023.05.18 10:32:17.963] [HTTP] /client/resources/css/main.css (Method: GET, IP: ::1)
[2023.05.18 10:32:17.965] [HTTP] /client/build/bundle.js (Method: GET, IP: ::1)
[2023.05.18 10:42:35.031] [HTTP] /Dashboard.page (Method: GET, IP: ::1)
[2023.05.18 10:42:35.043] [HTTP] /client/resources/css/reset.css (Method: GET, IP: ::1)
[2023.05.18 10:42:35.045] [HTTP] /client/resources/css/common.css (Method: GET, IP: ::1)
[2023.05.18 10:42:35.047] [HTTP] /client/resources/css/main.css (Method: GET, IP: ::1)
[2023.05.18 10:42:35.048] [HTTP] /client/build/bundle.js (Method: GET, IP: ::1)
[2023.05.18 10:42:45.852] [HTTP] /Dashboard.page (Method: GET, IP: ::1)
[2023.05.18 10:42:45.862] [HTTP] /client/resources/css/reset.css (Method: GET, IP: ::1)
[2023.05.18 10:42:45.864] [HTTP] /client/resources/css/common.css (Method: GET, IP: ::1)
[2023.05.18 10:42:45.865] [HTTP] /client/resources/css/main.css (Method: GET, IP: ::1)
[2023.05.18 10:42:45.867] [HTTP] /client/build/bundle.js (Method: GET, IP: ::1)
[2023.05.18 10:44:38.623] [HTTP] /Dashboardlist.page (Method: GET, IP: ::1)
[2023.05.18 10:44:38.638] [HTTP] /client/resources/css/reset.css (Method: GET, IP: ::1)
[2023.05.18 10:44:38.640] [HTTP] /client/resources/css/common.css (Method: GET, IP: ::1)
[2023.05.18 10:44:38.641] [HTTP] /client/resources/css/main.css (Method: GET, IP: ::1)
[2023.05.18 10:44:38.642] [HTTP] /client/build/bundle.js (Method: GET, IP: ::1)
[2023.05.18 10:52:42.357] [HTTP] /Dashboard.page (Method: GET, IP: ::1)
[2023.05.18 10:52:42.372] [HTTP] /client/resources/css/reset.css (Method: GET, IP: ::1)
[2023.05.18 10:52:42.374] [HTTP] /client/resources/css/common.css (Method: GET, IP: ::1)
[2023.05.18 10:52:42.377] [HTTP] /client/resources/css/main.css (Method: GET, IP: ::1)
[2023.05.18 10:52:42.378] [HTTP] /client/build/bundle.js (Method: GET, IP: ::1)
[2023.05.18 10:53:56.320] [HTTP] /Dashboard.page (Method: GET, IP: ::1)
[2023.05.18 10:53:56.334] [HTTP] /client/resources/css/reset.css (Method: GET, IP: ::1)
[2023.05.18 10:53:56.336] [HTTP] /client/resources/css/common.css (Method: GET, IP: ::1)
[2023.05.18 10:53:56.339] [HTTP] /client/resources/css/main.css (Method: GET, IP: ::1)
[2023.05.18 10:53:56.340] [HTTP] /client/build/bundle.js (Method: GET, IP: ::1)
[2023.05.18 10:56:46.632] [HTTP] /Dashboard.page (Method: GET, IP: ::1)
[2023.05.18 10:56:46.644] [HTTP] /client/resources/css/reset.css (Method: GET, IP: ::1)
[2023.05.18 10:56:46.646] [HTTP] /client/resources/css/common.css (Method: GET, IP: ::1)
[2023.05.18 10:56:46.649] [HTTP] /client/resources/css/main.css (Method: GET, IP: ::1)
[2023.05.18 10:56:46.650] [HTTP] /client/build/bundle.js (Method: GET, IP: ::1)
[2023.05.18 11:11:52.889] [HTTP] /Dashboard.page (Method: GET, IP: ::1)
[2023.05.18 11:11:52.903] [HTTP] /client/resources/css/reset.css (Method: GET, IP: ::1)
[2023.05.18 11:11:52.905] [HTTP] /client/resources/css/common.css (Method: GET, IP: ::1)
[2023.05.18 11:11:52.907] [HTTP] /client/resources/css/main.css (Method: GET, IP: ::1)
[2023.05.18 11:11:52.908] [HTTP] /client/build/bundle.js (Method: GET, IP: ::1)
[2023.05.18 11:12:03.855] [HTTP] /Dashboard.page (Method: GET, IP: ::1)
[2023.05.18 11:12:03.868] [HTTP] /client/resources/css/reset.css (Method: GET, IP: ::1)
[2023.05.18 11:12:03.870] [HTTP] /client/resources/css/common.css (Method: GET, IP: ::1)
[2023.05.18 11:12:03.872] [HTTP] /client/resources/css/main.css (Method: GET, IP: ::1)
[2023.05.18 11:12:03.873] [HTTP] /client/build/bundle.js (Method: GET, IP: ::1)
[2023.05.18 11:21:28.963] [HTTP] /Dashboard.page (Method: GET, IP: ::1)
[2023.05.18 11:21:28.976] [HTTP] /client/resources/css/reset.css (Method: GET, IP: ::1)
[2023.05.18 11:21:28.977] [HTTP] /client/resources/css/common.css (Method: GET, IP: ::1)
[2023.05.18 11:21:28.979] [HTTP] /client/resources/css/main.css (Method: GET, IP: ::1)
[2023.05.18 11:21:28.981] [HTTP] /client/build/bundle.js (Method: GET, IP: ::1)
[2023.05.18 11:22:07.063] [HTTP] /Dashboard.page (Method: GET, IP: ::1)
[2023.05.18 11:22:07.075] [HTTP] /client/resources/css/reset.css (Method: GET, IP: ::1)
[2023.05.18 11:22:07.076] [HTTP] /client/resources/css/common.css (Method: GET, IP: ::1)
[2023.05.18 11:22:07.078] [HTTP] /client/resources/css/main.css (Method: GET, IP: ::1)
[2023.05.18 11:22:07.082] [HTTP] /client/build/bundle.js (Method: GET, IP: ::1)
[2023.05.18 11:22:35.767] [HTTP] /Dashboard.page (Method: GET, IP: ::1)
[2023.05.18 11:22:35.781] [HTTP] /client/resources/css/reset.css (Method: GET, IP: ::1)
[2023.05.18 11:22:35.782] [HTTP] /client/resources/css/common.css (Method: GET, IP: ::1)
[2023.05.18 11:22:35.784] [HTTP] /client/resources/css/main.css (Method: GET, IP: ::1)
[2023.05.18 11:22:35.785] [HTTP] /client/build/bundle.js (Method: GET, IP: ::1)
[2023.05.18 11:32:34.075] [HTTP] /Tablelist.page (Method: GET, IP: ::1)
[2023.05.18 11:32:34.089] [HTTP] /client/resources/css/reset.css (Method: GET, IP: ::1)
[2023.05.18 11:32:34.090] [HTTP] /client/resources/css/common.css (Method: GET, IP: ::1)
[2023.05.18 11:32:34.091] [HTTP] /client/resources/css/main.css (Method: GET, IP: ::1)
[2023.05.18 11:32:34.092] [HTTP] /client/build/bundle.js (Method: GET, IP: ::1)
[2023.05.18 11:58:16.363] [HTTP] /Tablelist.page (Method: GET, IP: ::1)
[2023.05.18 11:58:16.377] [HTTP] /client/resources/css/reset.css (Method: GET, IP: ::1)
[2023.05.18 11:58:16.378] [HTTP] /client/resources/css/common.css (Method: GET, IP: ::1)
[2023.05.18 11:58:16.380] [HTTP] /client/resources/css/main.css (Method: GET, IP: ::1)
[2023.05.18 11:58:16.381] [HTTP] /client/build/bundle.js (Method: GET, IP: ::1)
[2023.05.18 11:59:58.306] [HTTP] /Dashboard.page (Method: GET, IP: ::1)
[2023.05.18 11:59:58.321] [HTTP] /client/resources/css/reset.css (Method: GET, IP: ::1)
[2023.05.18 11:59:58.323] [HTTP] /client/resources/css/common.css (Method: GET, IP: ::1)
[2023.05.18 11:59:58.324] [HTTP] /client/resources/css/main.css (Method: GET, IP: ::1)
[2023.05.18 11:59:58.327] [HTTP] /client/build/bundle.js (Method: GET, IP: ::1)
[2023.05.18 14:40:44.407] [HTTP] /Dashboard.page (Method: GET, IP: ::1)
[2023.05.18 14:40:44.420] [HTTP] /client/resources/css/reset.css (Method: GET, IP: ::1)
[2023.05.18 14:40:44.423] [HTTP] /client/resources/css/common.css (Method: GET, IP: ::1)
[2023.05.18 14:40:44.425] [HTTP] /client/resources/css/main.css (Method: GET, IP: ::1)
[2023.05.18 14:40:44.426] [HTTP] /client/build/bundle.js (Method: GET, IP: ::1)
[2023.05.18 14:47:44.841] [HTTP] /Tablelist.page (Method: GET, IP: ::1)
[2023.05.18 14:47:44.855] [HTTP] /client/resources/css/reset.css (Method: GET, IP: ::1)
[2023.05.18 14:47:44.856] [HTTP] /client/resources/css/common.css (Method: GET, IP: ::1)
[2023.05.18 14:47:44.858] [HTTP] /client/resources/css/main.css (Method: GET, IP: ::1)
[2023.05.18 14:47:44.859] [HTTP] /client/build/bundle.js (Method: GET, IP: ::1)
[2023.05.18 14:59:34.873] [HTTP] /Dashboard.page (Method: GET, IP: ::1)
[2023.05.18 14:59:34.886] [HTTP] /client/resources/css/reset.css (Method: GET, IP: ::1)
[2023.05.18 14:59:34.887] [HTTP] /client/resources/css/common.css (Method: GET, IP: ::1)
[2023.05.18 14:59:34.888] [HTTP] /client/resources/css/main.css (Method: GET, IP: ::1)
[2023.05.18 14:59:34.889] [HTTP] /client/build/bundle.js (Method: GET, IP: ::1)
[2023.05.18 14:59:44.175] [HTTP] /Dashboard.page (Method: GET, IP: ::1)
[2023.05.18 14:59:44.188] [HTTP] /client/resources/css/reset.css (Method: GET, IP: ::1)
[2023.05.18 14:59:44.190] [HTTP] /client/resources/css/common.css (Method: GET, IP: ::1)
[2023.05.18 14:59:44.191] [HTTP] /client/resources/css/main.css (Method: GET, IP: ::1)
[2023.05.18 14:59:44.194] [HTTP] /client/build/bundle.js (Method: GET, IP: ::1)
[2023.05.18 15:01:56.505] [HTTP] /Dashboard.page (Method: GET, IP: ::1)
[2023.05.18 15:01:56.517] [HTTP] /client/resources/css/reset.css (Method: GET, IP: ::1)
[2023.05.18 15:01:56.519] [HTTP] /client/resources/css/common.css (Method: GET, IP: ::1)
[2023.05.18 15:01:56.522] [HTTP] /client/resources/css/main.css (Method: GET, IP: ::1)
[2023.05.18 15:01:56.523] [HTTP] /client/build/bundle.js (Method: GET, IP: ::1)
[2023.05.18 15:02:46.264] [HTTP] /Dashboard.page (Method: GET, IP: ::1)
[2023.05.18 15:02:46.280] [HTTP] /client/resources/css/reset.css (Method: GET, IP: ::1)
[2023.05.18 15:02:46.281] [HTTP] /client/resources/css/common.css (Method: GET, IP: ::1)
[2023.05.18 15:02:46.284] [HTTP] /client/resources/css/main.css (Method: GET, IP: ::1)
[2023.05.18 15:02:46.286] [HTTP] /client/build/bundle.js (Method: GET, IP: ::1)
[2023.05.18 15:02:57.576] [HTTP] /Dashboard.page (Method: GET, IP: ::1)
[2023.05.18 15:02:57.590] [HTTP] /client/resources/css/reset.css (Method: GET, IP: ::1)
[2023.05.18 15:02:57.591] [HTTP] /client/resources/css/common.css (Method: GET, IP: ::1)
[2023.05.18 15:02:57.593] [HTTP] /client/resources/css/main.css (Method: GET, IP: ::1)
[2023.05.18 15:02:57.594] [HTTP] /client/build/bundle.js (Method: GET, IP: ::1)
[2023.05.18 15:03:31.437] [HTTP] /Tablelist.page (Method: GET, IP: ::1)
[2023.05.18 15:03:31.466] [HTTP] /client/resources/css/reset.css (Method: GET, IP: ::1)
[2023.05.18 15:03:31.477] [HTTP] /client/resources/css/common.css (Method: GET, IP: ::1)
[2023.05.18 15:03:31.478] [HTTP] /client/resources/css/main.css (Method: GET, IP: ::1)
[2023.05.18 15:03:31.479] [HTTP] /client/build/bundle.js (Method: GET, IP: ::1)
[2023.05.18 15:16:03.011] [HTTP] /Dashboard.page (Method: GET, IP: ::1)
[2023.05.18 15:16:03.028] [HTTP] /client/resources/css/reset.css (Method: GET, IP: ::1)
[2023.05.18 15:16:03.029] [HTTP] /client/resources/css/common.css (Method: GET, IP: ::1)
[2023.05.18 15:16:03.031] [HTTP] /client/resources/css/main.css (Method: GET, IP: ::1)
[2023.05.18 15:16:03.032] [HTTP] /client/build/bundle.js (Method: GET, IP: ::1)
[2023.05.18 15:18:32.146] [HTTP] /Dashboard.page (Method: GET, IP: ::1)
[2023.05.18 15:18:32.157] [HTTP] /client/resources/css/reset.css (Method: GET, IP: ::1)
[2023.05.18 15:18:32.159] [HTTP] /client/resources/css/common.css (Method: GET, IP: ::1)
[2023.05.18 15:18:32.162] [HTTP] /client/resources/css/main.css (Method: GET, IP: ::1)
[2023.05.18 15:18:32.164] [HTTP] /client/build/bundle.js (Method: GET, IP: ::1)
[2023.05.18 15:18:48.786] [HTTP] /Dashboard.page (Method: GET, IP: ::1)
[2023.05.18 15:18:48.800] [HTTP] /client/resources/css/reset.css (Method: GET, IP: ::1)
[2023.05.18 15:18:48.803] [HTTP] /client/resources/css/common.css (Method: GET, IP: ::1)
[2023.05.18 15:18:48.805] [HTTP] /client/resources/css/main.css (Method: GET, IP: ::1)
[2023.05.18 15:18:48.808] [HTTP] /client/build/bundle.js (Method: GET, IP: ::1)
[2023.05.18 15:22:09.463] [HTTP] /Dashboard.page (Method: GET, IP: ::1)
[2023.05.18 15:22:09.477] [HTTP] /client/resources/css/reset.css (Method: GET, IP: ::1)
[2023.05.18 15:22:09.479] [HTTP] /client/resources/css/common.css (Method: GET, IP: ::1)
[2023.05.18 15:22:09.480] [HTTP] /client/resources/css/main.css (Method: GET, IP: ::1)
[2023.05.18 15:22:09.482] [HTTP] /client/build/bundle.js (Method: GET, IP: ::1)
[2023.05.18 15:22:28.370] [HTTP] /Dashboard.page (Method: GET, IP: ::1)
[2023.05.18 15:22:28.384] [HTTP] /client/resources/css/reset.css (Method: GET, IP: ::1)
[2023.05.18 15:22:28.385] [HTTP] /client/resources/css/common.css (Method: GET, IP: ::1)
[2023.05.18 15:22:28.387] [HTTP] /client/resources/css/main.css (Method: GET, IP: ::1)
[2023.05.18 15:22:28.390] [HTTP] /client/build/bundle.js (Method: GET, IP: ::1)
[2023.05.18 15:23:05.097] [HTTP] /Dashboard.page (Method: GET, IP: ::1)
[2023.05.18 15:23:05.111] [HTTP] /client/resources/css/reset.css (Method: GET, IP: ::1)
[2023.05.18 15:23:05.112] [HTTP] /client/resources/css/common.css (Method: GET, IP: ::1)
[2023.05.18 15:23:05.114] [HTTP] /client/resources/css/main.css (Method: GET, IP: ::1)
[2023.05.18 15:23:05.115] [HTTP] /client/build/bundle.js (Method: GET, IP: ::1)
[2023.05.18 15:23:06.446] [HTTP] /Dashboard.page (Method: GET, IP: ::1)
[2023.05.18 15:23:06.460] [HTTP] /client/resources/css/reset.css (Method: GET, IP: ::1)
[2023.05.18 15:23:06.462] [HTTP] /client/resources/css/common.css (Method: GET, IP: ::1)
[2023.05.18 15:23:06.463] [HTTP] /client/resources/css/main.css (Method: GET, IP: ::1)
[2023.05.18 15:23:06.464] [HTTP] /client/build/bundle.js (Method: GET, IP: ::1)
[2023.05.18 15:23:10.281] [HTTP] /Dashboard.page (Method: GET, IP: ::1)
[2023.05.18 15:23:10.295] [HTTP] /client/resources/css/reset.css (Method: GET, IP: ::1)
[2023.05.18 15:23:10.297] [HTTP] /client/resources/css/common.css (Method: GET, IP: ::1)
[2023.05.18 15:23:10.298] [HTTP] /client/resources/css/main.css (Method: GET, IP: ::1)
[2023.05.18 15:23:10.299] [HTTP] /client/build/bundle.js (Method: GET, IP: ::1)
[2023.05.18 15:24:55.042] [HTTP] /Tablelist.page (Method: GET, IP: ::1)
[2023.05.18 15:24:55.054] [HTTP] /client/resources/css/reset.css (Method: GET, IP: ::1)
[2023.05.18 15:24:55.056] [HTTP] /client/resources/css/common.css (Method: GET, IP: ::1)
[2023.05.18 15:24:55.057] [HTTP] /client/resources/css/main.css (Method: GET, IP: ::1)
[2023.05.18 15:24:55.058] [HTTP] /client/build/bundle.js (Method: GET, IP: ::1)
[2023.05.18 15:25:51.834] [HTTP] /Dashboard.page (Method: GET, IP: ::1)
[2023.05.18 15:25:51.848] [HTTP] /client/resources/css/reset.css (Method: GET, IP: ::1)
[2023.05.18 15:25:51.850] [HTTP] /client/resources/css/common.css (Method: GET, IP: ::1)
[2023.05.18 15:25:51.852] [HTTP] /client/resources/css/main.css (Method: GET, IP: ::1)
[2023.05.18 15:25:51.852] [HTTP] /client/build/bundle.js (Method: GET, IP: ::1)
[2023.05.18 15:27:09.810] [HTTP] /Tablelist.page (Method: GET, IP: ::1)
[2023.05.18 15:27:09.823] [HTTP] /client/resources/css/reset.css (Method: GET, IP: ::1)
[2023.05.18 15:27:09.825] [HTTP] /client/resources/css/common.css (Method: GET, IP: ::1)
[2023.05.18 15:27:09.828] [HTTP] /client/resources/css/main.css (Method: GET, IP: ::1)
[2023.05.18 15:27:09.830] [HTTP] /client/build/bundle.js (Method: GET, IP: ::1)
[2023.05.18 15:27:19.008] [HTTP] /Dashboard.page (Method: GET, IP: ::1)
[2023.05.18 15:27:19.019] [HTTP] /client/resources/css/reset.css (Method: GET, IP: ::1)
[2023.05.18 15:27:19.021] [HTTP] /client/resources/css/common.css (Method: GET, IP: ::1)
[2023.05.18 15:27:19.022] [HTTP] /client/resources/css/main.css (Method: GET, IP: ::1)
[2023.05.18 15:27:19.023] [HTTP] /client/build/bundle.js (Method: GET, IP: ::1)
[2023.05.18 15:39:43.438] [HTTP] /Dashboard.page (Method: GET, IP: ::1)
[2023.05.18 15:39:43.452] [HTTP] /client/resources/css/reset.css (Method: GET, IP: ::1)
[2023.05.18 15:39:43.454] [HTTP] /client/resources/css/common.css (Method: GET, IP: ::1)
[2023.05.18 15:39:43.458] [HTTP] /client/resources/css/main.css (Method: GET, IP: ::1)
[2023.05.18 15:39:43.459] [HTTP] /client/build/bundle.js (Method: GET, IP: ::1)
[2023.05.18 15:46:12.675] [HTTP] /Dashboard.page (Method: GET, IP: ::1)
[2023.05.18 15:46:12.686] [HTTP] /client/resources/css/reset.css (Method: GET, IP: ::1)
[2023.05.18 15:46:12.688] [HTTP] /client/resources/css/common.css (Method: GET, IP: ::1)
[2023.05.18 15:46:12.690] [HTTP] /client/resources/css/main.css (Method: GET, IP: ::1)
[2023.05.18 15:46:12.690] [HTTP] /client/build/bundle.js (Method: GET, IP: ::1)
[2023.05.18 15:46:31.269] [HTTP] /Dashboard.page (Method: GET, IP: ::1)
[2023.05.18 15:46:31.284] [HTTP] /client/resources/css/reset.css (Method: GET, IP: ::1)
[2023.05.18 15:46:31.287] [HTTP] /client/resources/css/common.css (Method: GET, IP: ::1)
[2023.05.18 15:46:31.289] [HTTP] /client/resources/css/main.css (Method: GET, IP: ::1)
[2023.05.18 15:46:31.290] [HTTP] /client/build/bundle.js (Method: GET, IP: ::1)
[2023.05.18 15:46:42.833] [HTTP] /Dashboard.page (Method: GET, IP: ::1)
[2023.05.18 15:46:42.844] [HTTP] /client/resources/css/reset.css (Method: GET, IP: ::1)
[2023.05.18 15:46:42.845] [HTTP] /client/resources/css/common.css (Method: GET, IP: ::1)
[2023.05.18 15:46:42.847] [HTTP] /client/resources/css/main.css (Method: GET, IP: ::1)
[2023.05.18 15:46:42.849] [HTTP] /client/build/bundle.js (Method: GET, IP: ::1)
[2023.05.18 15:47:08.451] [HTTP] /Dashboard.page (Method: GET, IP: ::1)
[2023.05.18 15:47:08.464] [HTTP] /client/resources/css/reset.css (Method: GET, IP: ::1)
[2023.05.18 15:47:08.466] [HTTP] /client/resources/css/common.css (Method: GET, IP: ::1)
[2023.05.18 15:47:08.469] [HTTP] /client/resources/css/main.css (Method: GET, IP: ::1)
[2023.05.18 15:47:08.470] [HTTP] /client/build/bundle.js (Method: GET, IP: ::1)
[2023.05.18 15:48:47.899] [HTTP] /Dashboard.page (Method: GET, IP: ::1)
[2023.05.18 15:48:47.914] [HTTP] /client/resources/css/reset.css (Method: GET, IP: ::1)
[2023.05.18 15:48:47.915] [HTTP] /client/resources/css/common.css (Method: GET, IP: ::1)
[2023.05.18 15:48:47.917] [HTTP] /client/resources/css/main.css (Method: GET, IP: ::1)
[2023.05.18 15:48:47.918] [HTTP] /client/build/bundle.js (Method: GET, IP: ::1)
[2023.05.18 15:50:32.452] [HTTP] /Dashboard.page (Method: GET, IP: ::1)
[2023.05.18 15:50:32.462] [HTTP] /client/resources/css/reset.css (Method: GET, IP: ::1)
[2023.05.18 15:50:32.463] [HTTP] /client/resources/css/common.css (Method: GET, IP: ::1)
[2023.05.18 15:50:32.464] [HTTP] /client/resources/css/main.css (Method: GET, IP: ::1)
[2023.05.18 15:50:32.465] [HTTP] /client/build/bundle.js (Method: GET, IP: ::1)
[2023.05.18 15:50:39.705] [HTTP] /Dashboard.page (Method: GET, IP: ::1)
[2023.05.18 15:50:39.721] [HTTP] /client/resources/css/reset.css (Method: GET, IP: ::1)
[2023.05.18 15:50:39.723] [HTTP] /client/resources/css/common.css (Method: GET, IP: ::1)
[2023.05.18 15:50:39.725] [HTTP] /client/resources/css/main.css (Method: GET, IP: ::1)
[2023.05.18 15:50:39.726] [HTTP] /client/build/bundle.js (Method: GET, IP: ::1)
[2023.05.18 15:50:40.040] [HTTP] /Dashboard.page (Method: GET, IP: ::1)
[2023.05.18 15:50:40.052] [HTTP] /client/resources/css/reset.css (Method: GET, IP: ::1)
[2023.05.18 15:50:40.055] [HTTP] /client/resources/css/common.css (Method: GET, IP: ::1)
[2023.05.18 15:50:40.057] [HTTP] /client/resources/css/main.css (Method: GET, IP: ::1)
[2023.05.18 15:50:40.058] [HTTP] /client/build/bundle.js (Method: GET, IP: ::1)
[2023.05.18 15:50:52.738] [HTTP] /Dashboard.page (Method: GET, IP: ::1)
[2023.05.18 15:50:52.750] [HTTP] /client/resources/css/reset.css (Method: GET, IP: ::1)
[2023.05.18 15:50:52.753] [HTTP] /client/resources/css/common.css (Method: GET, IP: ::1)
[2023.05.18 15:50:52.755] [HTTP] /client/resources/css/main.css (Method: GET, IP: ::1)
[2023.05.18 15:50:52.756] [HTTP] /client/build/bundle.js (Method: GET, IP: ::1)
[2023.05.18 15:50:59.634] [HTTP] /Dashboard.page (Method: GET, IP: ::1)
[2023.05.18 15:50:59.646] [HTTP] /client/resources/css/reset.css (Method: GET, IP: ::1)
[2023.05.18 15:50:59.647] [HTTP] /client/resources/css/common.css (Method: GET, IP: ::1)
[2023.05.18 15:50:59.649] [HTTP] /client/resources/css/main.css (Method: GET, IP: ::1)
[2023.05.18 15:50:59.650] [HTTP] /client/build/bundle.js (Method: GET, IP: ::1)
[2023.05.18 15:51:07.602] [HTTP] /Dashboard.page (Method: GET, IP: ::1)
[2023.05.18 15:51:07.612] [HTTP] /client/resources/css/reset.css (Method: GET, IP: ::1)
[2023.05.18 15:51:07.614] [HTTP] /client/resources/css/common.css (Method: GET, IP: ::1)
[2023.05.18 15:51:07.614] [HTTP] /client/resources/css/main.css (Method: GET, IP: ::1)
[2023.05.18 15:51:07.615] [HTTP] /client/build/bundle.js (Method: GET, IP: ::1)
[2023.05.18 15:51:13.931] [HTTP] /Dashboard.page (Method: GET, IP: ::1)
[2023.05.18 15:51:13.943] [HTTP] /client/resources/css/reset.css (Method: GET, IP: ::1)
[2023.05.18 15:51:13.945] [HTTP] /client/resources/css/common.css (Method: GET, IP: ::1)
[2023.05.18 15:51:13.947] [HTTP] /client/resources/css/main.css (Method: GET, IP: ::1)
[2023.05.18 15:51:13.949] [HTTP] /client/build/bundle.js (Method: GET, IP: ::1)
[2023.05.18 15:51:59.762] [HTTP] /Dashboard.page (Method: GET, IP: ::1)
[2023.05.18 15:51:59.776] [HTTP] /client/resources/css/reset.css (Method: GET, IP: ::1)
[2023.05.18 15:51:59.778] [HTTP] /client/resources/css/common.css (Method: GET, IP: ::1)
[2023.05.18 15:51:59.779] [HTTP] /client/resources/css/main.css (Method: GET, IP: ::1)
[2023.05.18 15:51:59.781] [HTTP] /client/build/bundle.js (Method: GET, IP: ::1)
[2023.05.18 15:52:15.429] [HTTP] /Dashboard.page (Method: GET, IP: ::1)
[2023.05.18 15:52:15.442] [HTTP] /client/resources/css/reset.css (Method: GET, IP: ::1)
[2023.05.18 15:52:15.444] [HTTP] /client/resources/css/common.css (Method: GET, IP: ::1)
[2023.05.18 15:52:15.447] [HTTP] /client/resources/css/main.css (Method: GET, IP: ::1)
[2023.05.18 15:52:15.449] [HTTP] /client/build/bundle.js (Method: GET, IP: ::1)
[2023.05.18 15:52:51.854] [HTTP] /client/resources/css/reset.css (Method: GET, IP: ::1)
[2023.05.18 15:52:51.855] [HTTP] /client/resources/css/common.css (Method: GET, IP: ::1)
[2023.05.18 15:52:51.857] [HTTP] /client/resources/css/main.css (Method: GET, IP: ::1)
[2023.05.18 15:58:00.844] [HTTP] /Tablelist.page (Method: GET, IP: ::1)
[2023.05.18 15:58:00.860] [HTTP] /client/resources/css/reset.css (Method: GET, IP: ::1)
[2023.05.18 15:58:00.861] [HTTP] /client/resources/css/common.css (Method: GET, IP: ::1)
[2023.05.18 15:58:00.864] [HTTP] /client/resources/css/main.css (Method: GET, IP: ::1)
[2023.05.18 15:58:00.865] [HTTP] /client/build/bundle.js (Method: GET, IP: ::1)
[2023.05.18 15:59:16.516] [HTTP] /Tablelist.page (Method: GET, IP: ::1)
[2023.05.18 15:59:16.529] [HTTP] /client/resources/css/reset.css (Method: GET, IP: ::1)
[2023.05.18 15:59:16.530] [HTTP] /client/resources/css/common.css (Method: GET, IP: ::1)
[2023.05.18 15:59:16.531] [HTTP] /client/resources/css/main.css (Method: GET, IP: ::1)
[2023.05.18 15:59:16.532] [HTTP] /client/build/bundle.js (Method: GET, IP: ::1)
[2023.05.18 15:59:38.115] [HTTP] /Tablelist.page (Method: GET, IP: ::1)
[2023.05.18 15:59:38.128] [HTTP] /client/resources/css/reset.css (Method: GET, IP: ::1)
[2023.05.18 15:59:38.131] [HTTP] /client/resources/css/common.css (Method: GET, IP: ::1)
[2023.05.18 15:59:38.132] [HTTP] /client/resources/css/main.css (Method: GET, IP: ::1)
[2023.05.18 15:59:38.134] [HTTP] /client/build/bundle.js (Method: GET, IP: ::1)
[2023.05.18 16:00:07.348] [HTTP] /Tablelist.page (Method: GET, IP: ::1)
[2023.05.18 16:00:07.363] [HTTP] /client/resources/css/reset.css (Method: GET, IP: ::1)
[2023.05.18 16:00:07.364] [HTTP] /client/resources/css/common.css (Method: GET, IP: ::1)
[2023.05.18 16:00:07.365] [HTTP] /client/resources/css/main.css (Method: GET, IP: ::1)
[2023.05.18 16:00:07.367] [HTTP] /client/build/bundle.js (Method: GET, IP: ::1)
[2023.05.18 16:01:59.301] [HTTP] /Tablelist.page (Method: GET, IP: ::1)
[2023.05.18 16:01:59.313] [HTTP] /client/resources/css/reset.css (Method: GET, IP: ::1)
[2023.05.18 16:01:59.314] [HTTP] /client/resources/css/common.css (Method: GET, IP: ::1)
[2023.05.18 16:01:59.316] [HTTP] /client/resources/css/main.css (Method: GET, IP: ::1)
[2023.05.18 16:01:59.318] [HTTP] /client/build/bundle.js (Method: GET, IP: ::1)
[2023.05.18 16:02:23.221] [HTTP] /Tablelist.page (Method: GET, IP: ::1)
[2023.05.18 16:02:23.238] [HTTP] /client/resources/css/reset.css (Method: GET, IP: ::1)
[2023.05.18 16:02:23.240] [HTTP] /client/resources/css/common.css (Method: GET, IP: ::1)
[2023.05.18 16:02:23.242] [HTTP] /client/resources/css/main.css (Method: GET, IP: ::1)
[2023.05.18 16:02:23.244] [HTTP] /client/build/bundle.js (Method: GET, IP: ::1)
[2023.05.18 16:02:59.947] [HTTP] /Tablelist.page (Method: GET, IP: ::1)
[2023.05.18 16:02:59.960] [HTTP] /client/resources/css/reset.css (Method: GET, IP: ::1)
[2023.05.18 16:02:59.961] [HTTP] /client/resources/css/common.css (Method: GET, IP: ::1)
[2023.05.18 16:02:59.964] [HTTP] /client/resources/css/main.css (Method: GET, IP: ::1)
[2023.05.18 16:02:59.967] [HTTP] /client/build/bundle.js (Method: GET, IP: ::1)
[2023.05.18 16:03:27.693] [HTTP] /Tablelist.page (Method: GET, IP: ::1)
[2023.05.18 16:03:27.708] [HTTP] /client/resources/css/reset.css (Method: GET, IP: ::1)
[2023.05.18 16:03:27.709] [HTTP] /client/resources/css/common.css (Method: GET, IP: ::1)
[2023.05.18 16:03:27.711] [HTTP] /client/resources/css/main.css (Method: GET, IP: ::1)
[2023.05.18 16:03:27.713] [HTTP] /client/build/bundle.js (Method: GET, IP: ::1)
[2023.05.18 16:03:28.000] [HTTP] /Tablelist.page (Method: GET, IP: ::1)
[2023.05.18 16:03:28.013] [HTTP] /client/resources/css/reset.css (Method: GET, IP: ::1)
[2023.05.18 16:03:28.016] [HTTP] /client/resources/css/common.css (Method: GET, IP: ::1)
[2023.05.18 16:03:28.018] [HTTP] /client/resources/css/main.css (Method: GET, IP: ::1)
[2023.05.18 16:03:28.020] [HTTP] /client/build/bundle.js (Method: GET, IP: ::1)
[2023.05.18 16:03:56.325] [HTTP] /Tablelist.page (Method: GET, IP: ::1)
[2023.05.18 16:03:56.352] [HTTP] /client/resources/css/reset.css (Method: GET, IP: ::1)
[2023.05.18 16:03:56.354] [HTTP] /client/resources/css/common.css (Method: GET, IP: ::1)
[2023.05.18 16:03:56.356] [HTTP] /client/resources/css/main.css (Method: GET, IP: ::1)
[2023.05.18 16:03:56.358] [HTTP] /client/build/bundle.js (Method: GET, IP: ::1)
[2023.05.18 16:04:40.908] [HTTP] /Tablelist.page (Method: GET, IP: ::1)
[2023.05.18 16:04:40.922] [HTTP] /client/resources/css/reset.css (Method: GET, IP: ::1)
[2023.05.18 16:04:40.923] [HTTP] /client/resources/css/common.css (Method: GET, IP: ::1)
[2023.05.18 16:04:40.926] [HTTP] /client/resources/css/main.css (Method: GET, IP: ::1)
[2023.05.18 16:04:40.929] [HTTP] /client/build/bundle.js (Method: GET, IP: ::1)
[2023.05.18 16:05:27.500] [HTTP] /Tablelist.page (Method: GET, IP: ::1)
[2023.05.18 16:05:27.513] [HTTP] /client/resources/css/reset.css (Method: GET, IP: ::1)
[2023.05.18 16:05:27.515] [HTTP] /client/resources/css/common.css (Method: GET, IP: ::1)
[2023.05.18 16:05:27.516] [HTTP] /client/resources/css/main.css (Method: GET, IP: ::1)
[2023.05.18 16:05:27.518] [HTTP] /client/build/bundle.js (Method: GET, IP: ::1)
[2023.05.18 16:13:04.190] [HTTP] /Tablelist.page (Method: GET, IP: ::1)
[2023.05.18 16:13:04.204] [HTTP] /client/resources/css/reset.css (Method: GET, IP: ::1)
[2023.05.18 16:13:04.205] [HTTP] /client/resources/css/common.css (Method: GET, IP: ::1)
[2023.05.18 16:13:04.206] [HTTP] /client/resources/css/main.css (Method: GET, IP: ::1)
[2023.05.18 16:13:04.207] [HTTP] /client/build/bundle.js (Method: GET, IP: ::1)
[2023.05.18 16:13:36.826] [HTTP] /Tablelist.page (Method: GET, IP: ::1)
[2023.05.18 16:13:36.838] [HTTP] /client/resources/css/reset.css (Method: GET, IP: ::1)
[2023.05.18 16:13:36.839] [HTTP] /client/resources/css/common.css (Method: GET, IP: ::1)
[2023.05.18 16:13:36.841] [HTTP] /client/resources/css/main.css (Method: GET, IP: ::1)
[2023.05.18 16:13:36.842] [HTTP] /client/build/bundle.js (Method: GET, IP: ::1)
[2023.05.18 16:14:07.524] [HTTP] /Tablelist.page (Method: GET, IP: ::1)
[2023.05.18 16:14:07.537] [HTTP] /client/resources/css/reset.css (Method: GET, IP: ::1)
[2023.05.18 16:14:07.540] [HTTP] /client/resources/css/common.css (Method: GET, IP: ::1)
[2023.05.18 16:14:07.541] [HTTP] /client/resources/css/main.css (Method: GET, IP: ::1)
[2023.05.18 16:14:07.542] [HTTP] /client/build/bundle.js (Method: GET, IP: ::1)
[2023.05.18 16:16:33.227] [HTTP] /Dashboard.page (Method: GET, IP: ::1)
[2023.05.18 16:16:33.239] [HTTP] /client/resources/css/reset.css (Method: GET, IP: ::1)
[2023.05.18 16:16:33.242] [HTTP] /client/resources/css/common.css (Method: GET, IP: ::1)
[2023.05.18 16:16:33.244] [HTTP] /client/resources/css/main.css (Method: GET, IP: ::1)
[2023.05.18 16:16:33.245] [HTTP] /client/build/bundle.js (Method: GET, IP: ::1)
[2023.05.18 16:16:55.931] [HTTP] /Tablelist.page (Method: GET, IP: ::1)
[2023.05.18 16:16:55.944] [HTTP] /client/resources/css/reset.css (Method: GET, IP: ::1)
[2023.05.18 16:16:55.945] [HTTP] /client/resources/css/common.css (Method: GET, IP: ::1)
[2023.05.18 16:16:55.946] [HTTP] /client/resources/css/main.css (Method: GET, IP: ::1)
[2023.05.18 16:16:55.947] [HTTP] /client/build/bundle.js (Method: GET, IP: ::1)
[2023.05.18 16:19:50.091] [HTTP] /Tablelist.page (Method: GET, IP: ::1)
[2023.05.18 16:19:50.104] [HTTP] /client/resources/css/reset.css (Method: GET, IP: ::1)
[2023.05.18 16:19:50.106] [HTTP] /client/resources/css/common.css (Method: GET, IP: ::1)
[2023.05.18 16:19:50.108] [HTTP] /client/resources/css/main.css (Method: GET, IP: ::1)
[2023.05.18 16:19:50.109] [HTTP] /client/build/bundle.js (Method: GET, IP: ::1)
[2023.05.18 16:32:34.067] [HTTP] /Tableinsert.page (Method: GET, IP: ::1)
[2023.05.18 16:32:34.081] [HTTP] /client/resources/css/reset.css (Method: GET, IP: ::1)
[2023.05.18 16:32:34.084] [HTTP] /client/resources/css/common.css (Method: GET, IP: ::1)
[2023.05.18 16:32:34.085] [HTTP] /client/resources/css/main.css (Method: GET, IP: ::1)
[2023.05.18 16:32:34.086] [HTTP] /client/build/bundle.js (Method: GET, IP: ::1)
[2023.05.18 16:32:54.149] [HTTP] /Dashboard.page (Method: GET, IP: ::1)
[2023.05.18 16:32:54.165] [HTTP] /client/resources/css/reset.css (Method: GET, IP: ::1)
[2023.05.18 16:32:54.166] [HTTP] /client/resources/css/common.css (Method: GET, IP: ::1)
[2023.05.18 16:32:54.169] [HTTP] /client/resources/css/main.css (Method: GET, IP: ::1)
[2023.05.18 16:32:54.170] [HTTP] /client/build/bundle.js (Method: GET, IP: ::1)
[2023.05.18 16:34:11.308] [HTTP] /Dashboard.page (Method: GET, IP: ::1)
[2023.05.18 16:34:11.324] [HTTP] /client/resources/css/reset.css (Method: GET, IP: ::1)
[2023.05.18 16:34:11.326] [HTTP] /client/resources/css/common.css (Method: GET, IP: ::1)
[2023.05.18 16:34:11.329] [HTTP] /client/resources/css/main.css (Method: GET, IP: ::1)
[2023.05.18 16:34:11.329] [HTTP] /client/build/bundle.js (Method: GET, IP: ::1)
[2023.05.18 16:36:42.990] [HTTP] /Dashboard.page (Method: GET, IP: ::1)
[2023.05.18 16:36:43.006] [HTTP] /client/resources/css/reset.css (Method: GET, IP: ::1)
[2023.05.18 16:36:43.007] [HTTP] /client/resources/css/common.css (Method: GET, IP: ::1)
[2023.05.18 16:36:43.009] [HTTP] /client/resources/css/main.css (Method: GET, IP: ::1)
[2023.05.18 16:36:43.011] [HTTP] /client/build/bundle.js (Method: GET, IP: ::1)
[2023.05.18 16:37:24.661] [HTTP] /Dashboard.page (Method: GET, IP: ::1)
[2023.05.18 16:37:24.674] [HTTP] /client/resources/css/reset.css (Method: GET, IP: ::1)
[2023.05.18 16:37:24.677] [HTTP] /client/resources/css/common.css (Method: GET, IP: ::1)
[2023.05.18 16:37:24.679] [HTTP] /client/resources/css/main.css (Method: GET, IP: ::1)
[2023.05.18 16:37:24.680] [HTTP] /client/build/bundle.js (Method: GET, IP: ::1)
[2023.05.18 16:37:36.123] [HTTP] /Dashboard.page (Method: GET, IP: ::1)
[2023.05.18 16:37:36.136] [HTTP] /client/resources/css/reset.css (Method: GET, IP: ::1)
[2023.05.18 16:37:36.137] [HTTP] /client/resources/css/common.css (Method: GET, IP: ::1)
[2023.05.18 16:37:36.138] [HTTP] /client/resources/css/main.css (Method: GET, IP: ::1)
[2023.05.18 16:37:36.141] [HTTP] /client/build/bundle.js (Method: GET, IP: ::1)
[2023.05.18 16:38:44.295] [HTTP] /Dashboard.page (Method: GET, IP: ::1)
[2023.05.18 16:38:44.309] [HTTP] /client/resources/css/reset.css (Method: GET, IP: ::1)
[2023.05.18 16:38:44.312] [HTTP] /client/resources/css/common.css (Method: GET, IP: ::1)
[2023.05.18 16:38:44.313] [HTTP] /client/resources/css/main.css (Method: GET, IP: ::1)
[2023.05.18 16:38:44.315] [HTTP] /client/build/bundle.js (Method: GET, IP: ::1)
[2023.05.18 16:39:10.669] [HTTP] /Dashboard.page (Method: GET, IP: ::1)
[2023.05.18 16:39:10.682] [HTTP] /client/resources/css/reset.css (Method: GET, IP: ::1)
[2023.05.18 16:39:10.684] [HTTP] /client/resources/css/common.css (Method: GET, IP: ::1)
[2023.05.18 16:39:10.685] [HTTP] /client/resources/css/main.css (Method: GET, IP: ::1)
[2023.05.18 16:39:10.687] [HTTP] /client/build/bundle.js (Method: GET, IP: ::1)
[2023.05.18 16:39:33.261] [HTTP] /Dashboard.page (Method: GET, IP: ::1)
[2023.05.18 16:39:33.275] [HTTP] /client/resources/css/reset.css (Method: GET, IP: ::1)
[2023.05.18 16:39:33.278] [HTTP] /client/resources/css/common.css (Method: GET, IP: ::1)
[2023.05.18 16:39:33.279] [HTTP] /client/resources/css/main.css (Method: GET, IP: ::1)
[2023.05.18 16:39:33.280] [HTTP] /client/build/bundle.js (Method: GET, IP: ::1)
[2023.05.18 16:39:39.202] [HTTP] /Dashboard.page (Method: GET, IP: ::1)
[2023.05.18 16:39:39.215] [HTTP] /client/resources/css/reset.css (Method: GET, IP: ::1)
[2023.05.18 16:39:39.216] [HTTP] /client/resources/css/common.css (Method: GET, IP: ::1)
[2023.05.18 16:39:39.219] [HTTP] /client/resources/css/main.css (Method: GET, IP: ::1)
[2023.05.18 16:39:39.221] [HTTP] /client/build/bundle.js (Method: GET, IP: ::1)
[2023.05.18 16:40:50.684] [HTTP] /Dashboard.page (Method: GET, IP: ::1)
[2023.05.18 16:40:50.700] [HTTP] /client/resources/css/reset.css (Method: GET, IP: ::1)
[2023.05.18 16:40:50.702] [HTTP] /client/resources/css/common.css (Method: GET, IP: ::1)
[2023.05.18 16:40:50.703] [HTTP] /client/resources/css/main.css (Method: GET, IP: ::1)
[2023.05.18 16:40:50.704] [HTTP] /client/build/bundle.js (Method: GET, IP: ::1)
[2023.05.18 16:40:54.754] [HTTP] /Dashboard.page (Method: GET, IP: ::1)
[2023.05.18 16:40:54.769] [HTTP] /client/resources/css/reset.css (Method: GET, IP: ::1)
[2023.05.18 16:40:54.772] [HTTP] /client/resources/css/common.css (Method: GET, IP: ::1)
[2023.05.18 16:40:54.773] [HTTP] /client/resources/css/main.css (Method: GET, IP: ::1)
[2023.05.18 16:40:54.774] [HTTP] /client/build/bundle.js (Method: GET, IP: ::1)
[2023.05.18 16:42:12.461] [HTTP] /Dashboard.page (Method: GET, IP: ::1)
[2023.05.18 16:42:12.476] [HTTP] /client/resources/css/reset.css (Method: GET, IP: ::1)
[2023.05.18 16:42:12.478] [HTTP] /client/resources/css/common.css (Method: GET, IP: ::1)
[2023.05.18 16:42:12.479] [HTTP] /client/resources/css/main.css (Method: GET, IP: ::1)
[2023.05.18 16:42:12.482] [HTTP] /client/build/bundle.js (Method: GET, IP: ::1)
[2023.05.18 16:42:25.948] [HTTP] /Dashboard.page (Method: GET, IP: ::1)
[2023.05.18 16:42:25.963] [HTTP] /client/resources/css/reset.css (Method: GET, IP: ::1)
[2023.05.18 16:42:25.964] [HTTP] /client/resources/css/common.css (Method: GET, IP: ::1)
[2023.05.18 16:42:25.967] [HTTP] /client/resources/css/main.css (Method: GET, IP: ::1)
[2023.05.18 16:42:25.968] [HTTP] /client/build/bundle.js (Method: GET, IP: ::1)
[2023.05.18 16:43:02.732] [HTTP] /Dashboard.page (Method: GET, IP: ::1)
[2023.05.18 16:43:02.748] [HTTP] /client/resources/css/reset.css (Method: GET, IP: ::1)
[2023.05.18 16:43:02.750] [HTTP] /client/resources/css/common.css (Method: GET, IP: ::1)
[2023.05.18 16:43:02.752] [HTTP] /client/resources/css/main.css (Method: GET, IP: ::1)
[2023.05.18 16:43:02.753] [HTTP] /client/build/bundle.js (Method: GET, IP: ::1)
[2023.05.18 16:45:50.973] [HTTP] /Dashboard.page (Method: GET, IP: ::1)
[2023.05.18 16:45:50.987] [HTTP] /client/resources/css/reset.css (Method: GET, IP: ::1)
[2023.05.18 16:45:50.989] [HTTP] /client/resources/css/common.css (Method: GET, IP: ::1)
[2023.05.18 16:45:50.992] [HTTP] /client/resources/css/main.css (Method: GET, IP: ::1)
[2023.05.18 16:45:50.994] [HTTP] /client/build/bundle.js (Method: GET, IP: ::1)
[2023.05.18 16:47:34.717] [HTTP] /Dashboard.page (Method: GET, IP: ::1)
[2023.05.18 16:47:34.747] [HTTP] /client/resources/css/reset.css (Method: GET, IP: ::1)
[2023.05.18 16:47:34.749] [HTTP] /client/resources/css/common.css (Method: GET, IP: ::1)
[2023.05.18 16:47:34.750] [HTTP] /client/resources/css/main.css (Method: GET, IP: ::1)
[2023.05.18 16:47:34.751] [HTTP] /client/build/bundle.js (Method: GET, IP: ::1)
[2023.05.18 16:47:40.821] [HTTP] /Dashboard.page (Method: GET, IP: ::1)
[2023.05.18 16:47:40.836] [HTTP] /client/resources/css/reset.css (Method: GET, IP: ::1)
[2023.05.18 16:47:40.838] [HTTP] /client/resources/css/common.css (Method: GET, IP: ::1)
[2023.05.18 16:47:40.839] [HTTP] /client/resources/css/main.css (Method: GET, IP: ::1)
[2023.05.18 16:47:40.840] [HTTP] /client/build/bundle.js (Method: GET, IP: ::1)
[2023.05.18 16:47:40.968] [HTTP] /Dashboard.page (Method: GET, IP: ::1)
[2023.05.18 16:47:40.980] [HTTP] /client/resources/css/reset.css (Method: GET, IP: ::1)
[2023.05.18 16:47:40.982] [HTTP] /client/resources/css/common.css (Method: GET, IP: ::1)
[2023.05.18 16:47:40.983] [HTTP] /client/resources/css/main.css (Method: GET, IP: ::1)
[2023.05.18 16:47:40.985] [HTTP] /client/build/bundle.js (Method: GET, IP: ::1)
[2023.05.18 16:47:41.122] [HTTP] /Dashboard.page (Method: GET, IP: ::1)
[2023.05.18 16:47:41.133] [HTTP] /client/resources/css/reset.css (Method: GET, IP: ::1)
[2023.05.18 16:47:41.135] [HTTP] /client/resources/css/common.css (Method: GET, IP: ::1)
[2023.05.18 16:47:41.136] [HTTP] /client/resources/css/main.css (Method: GET, IP: ::1)
[2023.05.18 16:47:41.136] [HTTP] /client/build/bundle.js (Method: GET, IP: ::1)
[2023.05.18 16:48:57.557] [HTTP] /Dashboard.page (Method: GET, IP: ::1)
[2023.05.18 16:48:57.571] [HTTP] /client/resources/css/reset.css (Method: GET, IP: ::1)
[2023.05.18 16:48:57.572] [HTTP] /client/resources/css/common.css (Method: GET, IP: ::1)
[2023.05.18 16:48:57.574] [HTTP] /client/resources/css/main.css (Method: GET, IP: ::1)
[2023.05.18 16:48:57.576] [HTTP] /client/build/bundle.js (Method: GET, IP: ::1)
[2023.05.18 18:38:21.251] [HTTP] /Tablelist.page (Method: GET, IP: ::1)
[2023.05.18 18:38:21.305] [HTTP] /client/resources/css/reset.css (Method: GET, IP: ::1)
[2023.05.18 18:38:21.308] [HTTP] /client/resources/css/common.css (Method: GET, IP: ::1)
[2023.05.18 18:38:21.310] [HTTP] /client/resources/css/main.css (Method: GET, IP: ::1)
[2023.05.18 18:38:21.312] [HTTP] /client/build/bundle.js (Method: GET, IP: ::1)
[2023.05.18 18:38:21.740] [HTTP] /Tablelist.page (Method: GET, IP: ::1)
[2023.05.18 18:38:21.762] [HTTP] /client/resources/css/reset.css (Method: GET, IP: ::1)
[2023.05.18 18:38:21.766] [HTTP] /client/resources/css/common.css (Method: GET, IP: ::1)
[2023.05.18 18:38:21.771] [HTTP] /client/resources/css/main.css (Method: GET, IP: ::1)
[2023.05.18 18:38:21.774] [HTTP] /client/build/bundle.js (Method: GET, IP: ::1)
[2023.05.18 18:40:12.661] [HTTP] /Tablelist.page (Method: GET, IP: ::1)
[2023.05.18 18:40:12.683] [HTTP] /client/resources/css/reset.css (Method: GET, IP: ::1)
[2023.05.18 18:40:12.685] [HTTP] /client/resources/css/common.css (Method: GET, IP: ::1)
[2023.05.18 18:40:12.688] [HTTP] /client/resources/css/main.css (Method: GET, IP: ::1)
[2023.05.18 18:40:12.690] [HTTP] /client/build/bundle.js (Method: GET, IP: ::1)
[2023.05.18 18:42:05.340] [HTTP] /Visualization.page (Method: GET, IP: ::1)
[2023.05.18 18:42:05.363] [HTTP] /client/resources/css/reset.css (Method: GET, IP: ::1)
[2023.05.18 18:42:05.367] [HTTP] /client/resources/css/common.css (Method: GET, IP: ::1)
[2023.05.18 18:42:05.371] [HTTP] /client/resources/css/main.css (Method: GET, IP: ::1)
[2023.05.18 18:42:05.374] [HTTP] /client/build/bundle.js (Method: GET, IP: ::1)
[2023.05.18 18:45:20.658] [HTTP] /Visualization.page (Method: GET, IP: ::1)
[2023.05.18 18:45:20.680] [HTTP] /client/resources/css/reset.css (Method: GET, IP: ::1)
[2023.05.18 18:45:20.684] [HTTP] /client/resources/css/common.css (Method: GET, IP: ::1)
[2023.05.18 18:45:20.687] [HTTP] /client/resources/css/main.css (Method: GET, IP: ::1)
[2023.05.18 18:45:20.693] [HTTP] /client/build/bundle.js (Method: GET, IP: ::1)
[2023.05.18 18:48:20.011] [HTTP] /Tablelist.page (Method: GET, IP: ::1)
[2023.05.18 18:48:20.042] [HTTP] /client/resources/css/reset.css (Method: GET, IP: ::1)
[2023.05.18 18:48:20.045] [HTTP] /client/resources/css/common.css (Method: GET, IP: ::1)
[2023.05.18 18:48:20.048] [HTTP] /client/resources/css/main.css (Method: GET, IP: ::1)
[2023.05.18 18:48:20.050] [HTTP] /client/build/bundle.js (Method: GET, IP: ::1)
[2023.05.18 18:49:55.369] [HTTP] /Main.page (Method: GET, IP: ::1)
[2023.05.18 18:49:55.397] [HTTP] /client/resources/css/reset.css (Method: GET, IP: ::1)
[2023.05.18 18:49:55.401] [HTTP] /client/resources/css/common.css (Method: GET, IP: ::1)
[2023.05.18 18:49:55.404] [HTTP] /client/resources/css/main.css (Method: GET, IP: ::1)
[2023.05.18 18:49:55.407] [HTTP] /client/build/bundle.js (Method: GET, IP: ::1)
[2023.05.18 18:51:33.906] [HTTP] /Visualization.page (Method: GET, IP: ::1)
[2023.05.18 18:51:33.930] [HTTP] /client/resources/css/reset.css (Method: GET, IP: ::1)
[2023.05.18 18:51:33.933] [HTTP] /client/resources/css/common.css (Method: GET, IP: ::1)
[2023.05.18 18:51:33.935] [HTTP] /client/resources/css/main.css (Method: GET, IP: ::1)
[2023.05.18 18:51:33.938] [HTTP] /client/build/bundle.js (Method: GET, IP: ::1)
[2023.05.18 18:52:19.371] [HTTP] /Visualization.page (Method: GET, IP: ::1)
[2023.05.18 18:52:19.395] [HTTP] /client/resources/css/reset.css (Method: GET, IP: ::1)
[2023.05.18 18:52:19.397] [HTTP] /client/resources/css/common.css (Method: GET, IP: ::1)
[2023.05.18 18:52:19.400] [HTTP] /client/resources/css/main.css (Method: GET, IP: ::1)
[2023.05.18 18:52:19.403] [HTTP] /client/build/bundle.js (Method: GET, IP: ::1)
[2023.05.18 18:54:56.236] [HTTP] /Tablelist.page (Method: GET, IP: ::1)
[2023.05.18 18:54:56.261] [HTTP] /client/resources/css/reset.css (Method: GET, IP: ::1)
[2023.05.18 18:54:56.264] [HTTP] /client/resources/css/common.css (Method: GET, IP: ::1)
[2023.05.18 18:54:56.266] [HTTP] /client/resources/css/main.css (Method: GET, IP: ::1)
[2023.05.18 18:54:56.268] [HTTP] /client/build/bundle.js (Method: GET, IP: ::1)
[2023.05.18 18:56:35.762] [HTTP] /Tablelist.page (Method: GET, IP: ::1)
[2023.05.18 18:56:35.788] [HTTP] /client/resources/css/reset.css (Method: GET, IP: ::1)
[2023.05.18 18:56:35.790] [HTTP] /client/resources/css/common.css (Method: GET, IP: ::1)
[2023.05.18 18:56:35.796] [HTTP] /client/resources/css/main.css (Method: GET, IP: ::1)
[2023.05.18 18:56:35.799] [HTTP] /client/build/bundle.js (Method: GET, IP: ::1)
[2023.05.18 19:01:25.227] [HTTP] /Visualization.page (Method: GET, IP: ::1)
[2023.05.18 19:01:25.251] [HTTP] /client/resources/css/reset.css (Method: GET, IP: ::1)
[2023.05.18 19:01:25.254] [HTTP] /client/resources/css/common.css (Method: GET, IP: ::1)
[2023.05.18 19:01:25.256] [HTTP] /client/resources/css/main.css (Method: GET, IP: ::1)
[2023.05.18 19:01:25.260] [HTTP] /client/build/bundle.js (Method: GET, IP: ::1)
[2023.05.18 19:02:24.934] [HTTP] /Tablelist.page (Method: GET, IP: ::1)
[2023.05.18 19:02:24.962] [HTTP] /client/resources/css/reset.css (Method: GET, IP: ::1)
[2023.05.18 19:02:24.965] [HTTP] /client/resources/css/common.css (Method: GET, IP: ::1)
[2023.05.18 19:02:24.968] [HTTP] /client/resources/css/main.css (Method: GET, IP: ::1)
[2023.05.18 19:02:24.971] [HTTP] /client/build/bundle.js (Method: GET, IP: ::1)
[2023.05.18 19:03:11.763] [HTTP] /Visualization.page (Method: GET, IP: ::1)
[2023.05.18 19:03:11.798] [HTTP] /client/resources/css/reset.css (Method: GET, IP: ::1)
[2023.05.18 19:03:11.802] [HTTP] /client/resources/css/common.css (Method: GET, IP: ::1)
[2023.05.18 19:03:11.806] [HTTP] /client/resources/css/main.css (Method: GET, IP: ::1)
[2023.05.18 19:03:11.808] [HTTP] /client/build/bundle.js (Method: GET, IP: ::1)
[2023.05.18 19:03:23.980] [HTTP] /Visualization.page (Method: GET, IP: ::1)
[2023.05.18 19:03:24.003] [HTTP] /client/resources/css/reset.css (Method: GET, IP: ::1)
[2023.05.18 19:03:24.019] [HTTP] /client/resources/css/common.css (Method: GET, IP: ::1)
[2023.05.18 19:03:24.023] [HTTP] /client/resources/css/main.css (Method: GET, IP: ::1)
[2023.05.18 19:03:24.027] [HTTP] /client/build/bundle.js (Method: GET, IP: ::1)
[2023.05.18 19:07:24.039] [HTTP] /Visualization.page (Method: GET, IP: ::1)
[2023.05.18 19:07:24.060] [HTTP] /client/resources/css/reset.css (Method: GET, IP: ::1)
[2023.05.18 19:07:24.064] [HTTP] /client/resources/css/common.css (Method: GET, IP: ::1)
[2023.05.18 19:07:24.068] [HTTP] /client/resources/css/main.css (Method: GET, IP: ::1)
[2023.05.18 19:07:24.072] [HTTP] /client/build/bundle.js (Method: GET, IP: ::1)
[2023.05.18 19:08:54.841] [HTTP] /Visualization.page (Method: GET, IP: ::1)
[2023.05.18 19:08:54.865] [HTTP] /client/resources/css/reset.css (Method: GET, IP: ::1)
[2023.05.18 19:08:54.868] [HTTP] /client/resources/css/common.css (Method: GET, IP: ::1)
[2023.05.18 19:08:54.870] [HTTP] /client/resources/css/main.css (Method: GET, IP: ::1)
[2023.05.18 19:08:54.874] [HTTP] /client/build/bundle.js (Method: GET, IP: ::1)
[2023.05.18 19:10:33.024] [HTTP] /Visualization.page (Method: GET, IP: ::1)
[2023.05.18 19:10:33.057] [HTTP] /client/resources/css/reset.css (Method: GET, IP: ::1)
[2023.05.18 19:10:33.062] [HTTP] /client/resources/css/common.css (Method: GET, IP: ::1)
[2023.05.18 19:10:33.064] [HTTP] /client/resources/css/main.css (Method: GET, IP: ::1)
[2023.05.18 19:10:33.066] [HTTP] /client/build/bundle.js (Method: GET, IP: ::1)
[2023.05.18 19:10:35.835] [HTTP] /Visualization.page (Method: GET, IP: ::1)
[2023.05.18 19:10:35.857] [HTTP] /client/resources/css/reset.css (Method: GET, IP: ::1)
[2023.05.18 19:10:35.859] [HTTP] /client/resources/css/common.css (Method: GET, IP: ::1)
[2023.05.18 19:10:35.863] [HTTP] /client/resources/css/main.css (Method: GET, IP: ::1)
[2023.05.18 19:10:35.865] [HTTP] /client/build/bundle.js (Method: GET, IP: ::1)
[2023.05.18 19:10:36.130] [HTTP] /Visualization.page (Method: GET, IP: ::1)
[2023.05.18 19:10:36.154] [HTTP] /client/resources/css/reset.css (Method: GET, IP: ::1)
[2023.05.18 19:10:36.156] [HTTP] /client/resources/css/common.css (Method: GET, IP: ::1)
[2023.05.18 19:10:36.159] [HTTP] /client/resources/css/main.css (Method: GET, IP: ::1)
[2023.05.18 19:10:36.161] [HTTP] /client/build/bundle.js (Method: GET, IP: ::1)
[2023.05.18 19:11:35.927] [HTTP] /Visualization.page (Method: GET, IP: ::1)
[2023.05.18 19:11:35.950] [HTTP] /client/resources/css/reset.css (Method: GET, IP: ::1)
[2023.05.18 19:11:35.954] [HTTP] /client/resources/css/common.css (Method: GET, IP: ::1)
[2023.05.18 19:11:35.957] [HTTP] /client/resources/css/main.css (Method: GET, IP: ::1)
[2023.05.18 19:11:35.959] [HTTP] /client/build/bundle.js (Method: GET, IP: ::1)
[2023.05.18 19:11:36.371] [HTTP] /Visualization.page (Method: GET, IP: ::1)
[2023.05.18 19:11:36.395] [HTTP] /client/resources/css/reset.css (Method: GET, IP: ::1)
[2023.05.18 19:11:36.396] [HTTP] /client/resources/css/common.css (Method: GET, IP: ::1)
[2023.05.18 19:11:36.398] [HTTP] /client/resources/css/main.css (Method: GET, IP: ::1)
[2023.05.18 19:11:36.400] [HTTP] /client/build/bundle.js (Method: GET, IP: ::1)
[2023.05.18 19:11:36.660] [HTTP] /Visualization.page (Method: GET, IP: ::1)
[2023.05.18 19:11:36.683] [HTTP] /client/resources/css/reset.css (Method: GET, IP: ::1)
[2023.05.18 19:11:36.685] [HTTP] /client/resources/css/common.css (Method: GET, IP: ::1)
[2023.05.18 19:11:36.687] [HTTP] /client/resources/css/main.css (Method: GET, IP: ::1)
[2023.05.18 19:11:36.689] [HTTP] /client/build/bundle.js (Method: GET, IP: ::1)
[2023.05.18 19:12:11.738] [HTTP] /Visualization.page (Method: GET, IP: ::1)
[2023.05.18 19:12:11.761] [HTTP] /client/resources/css/reset.css (Method: GET, IP: ::1)
[2023.05.18 19:12:11.765] [HTTP] /client/resources/css/common.css (Method: GET, IP: ::1)
[2023.05.18 19:12:11.768] [HTTP] /client/resources/css/main.css (Method: GET, IP: ::1)
[2023.05.18 19:12:11.770] [HTTP] /client/build/bundle.js (Method: GET, IP: ::1)
[2023.05.18 19:12:12.018] [HTTP] /Visualization.page (Method: GET, IP: ::1)
[2023.05.18 19:12:12.040] [HTTP] /client/resources/css/reset.css (Method: GET, IP: ::1)
[2023.05.18 19:12:12.042] [HTTP] /client/resources/css/common.css (Method: GET, IP: ::1)
[2023.05.18 19:12:12.045] [HTTP] /client/resources/css/main.css (Method: GET, IP: ::1)
[2023.05.18 19:12:12.047] [HTTP] /client/build/bundle.js (Method: GET, IP: ::1)
[2023.05.18 19:12:12.302] [HTTP] /Visualization.page (Method: GET, IP: ::1)
[2023.05.18 19:12:12.325] [HTTP] /client/resources/css/reset.css (Method: GET, IP: ::1)
[2023.05.18 19:12:12.328] [HTTP] /client/resources/css/common.css (Method: GET, IP: ::1)
[2023.05.18 19:12:12.331] [HTTP] /client/resources/css/main.css (Method: GET, IP: ::1)
[2023.05.18 19:12:12.334] [HTTP] /client/build/bundle.js (Method: GET, IP: ::1)
[2023.05.18 19:12:12.454] [HTTP] /Visualization.page (Method: GET, IP: ::1)
[2023.05.18 19:12:12.474] [HTTP] /client/resources/css/reset.css (Method: GET, IP: ::1)
[2023.05.18 19:12:12.476] [HTTP] /client/resources/css/common.css (Method: GET, IP: ::1)
[2023.05.18 19:12:12.479] [HTTP] /client/resources/css/main.css (Method: GET, IP: ::1)
[2023.05.18 19:12:12.482] [HTTP] /client/build/bundle.js (Method: GET, IP: ::1)
[2023.05.18 19:12:50.823] [HTTP] /Tablelist.page (Method: GET, IP: ::1)
[2023.05.18 19:12:50.852] [HTTP] /client/resources/css/reset.css (Method: GET, IP: ::1)
[2023.05.18 19:12:50.855] [HTTP] /client/resources/css/common.css (Method: GET, IP: ::1)
[2023.05.18 19:12:50.857] [HTTP] /client/resources/css/main.css (Method: GET, IP: ::1)
[2023.05.18 19:12:50.859] [HTTP] /client/build/bundle.js (Method: GET, IP: ::1)
[2023.05.18 19:20:09.404] [HTTP] /Tablelist.page (Method: GET, IP: ::1)
[2023.05.18 19:20:09.431] [HTTP] /client/resources/css/reset.css (Method: GET, IP: ::1)
[2023.05.18 19:20:09.435] [HTTP] /client/resources/css/common.css (Method: GET, IP: ::1)
[2023.05.18 19:20:09.439] [HTTP] /client/resources/css/main.css (Method: GET, IP: ::1)
[2023.05.18 19:20:09.441] [HTTP] /client/build/bundle.js (Method: GET, IP: ::1)
[2023.05.18 19:20:09.972] [HTTP] /Tablelist.page (Method: GET, IP: ::1)
[2023.05.18 19:20:09.995] [HTTP] /client/resources/css/reset.css (Method: GET, IP: ::1)
[2023.05.18 19:20:09.999] [HTTP] /client/resources/css/common.css (Method: GET, IP: ::1)
[2023.05.18 19:20:10.001] [HTTP] /client/resources/css/main.css (Method: GET, IP: ::1)
[2023.05.18 19:20:10.003] [HTTP] /client/build/bundle.js (Method: GET, IP: ::1)
[2023.05.18 19:20:37.261] [HTTP] /Visualization.page (Method: GET, IP: ::1)
[2023.05.18 19:20:37.283] [HTTP] /client/resources/css/reset.css (Method: GET, IP: ::1)
[2023.05.18 19:20:37.286] [HTTP] /client/resources/css/common.css (Method: GET, IP: ::1)
[2023.05.18 19:20:37.290] [HTTP] /client/resources/css/main.css (Method: GET, IP: ::1)
[2023.05.18 19:20:37.294] [HTTP] /client/build/bundle.js (Method: GET, IP: ::1)
[2023.05.18 19:20:37.504] [HTTP] /Visualization.page (Method: GET, IP: ::1)
[2023.05.18 19:20:37.523] [HTTP] /client/resources/css/reset.css (Method: GET, IP: ::1)
[2023.05.18 19:20:37.526] [HTTP] /client/resources/css/common.css (Method: GET, IP: ::1)
[2023.05.18 19:20:37.529] [HTTP] /client/resources/css/main.css (Method: GET, IP: ::1)
[2023.05.18 19:20:37.531] [HTTP] /client/build/bundle.js (Method: GET, IP: ::1)
[2023.05.18 19:20:37.820] [HTTP] /Visualization.page (Method: GET, IP: ::1)
[2023.05.18 19:20:37.843] [HTTP] /client/resources/css/reset.css (Method: GET, IP: ::1)
[2023.05.18 19:20:37.845] [HTTP] /client/resources/css/common.css (Method: GET, IP: ::1)
[2023.05.18 19:20:37.847] [HTTP] /client/resources/css/main.css (Method: GET, IP: ::1)
[2023.05.18 19:20:37.849] [HTTP] /client/build/bundle.js (Method: GET, IP: ::1)
[2023.05.18 19:20:59.056] [HTTP] /Visualization.page (Method: GET, IP: ::1)
[2023.05.18 19:20:59.081] [HTTP] /client/resources/css/reset.css (Method: GET, IP: ::1)
[2023.05.18 19:20:59.084] [HTTP] /client/resources/css/common.css (Method: GET, IP: ::1)
[2023.05.18 19:20:59.086] [HTTP] /client/resources/css/main.css (Method: GET, IP: ::1)
[2023.05.18 19:20:59.088] [HTTP] /client/build/bundle.js (Method: GET, IP: ::1)
[2023.05.18 19:21:25.452] [HTTP] /Tablelist.page (Method: GET, IP: ::1)
[2023.05.18 19:21:25.475] [HTTP] /client/resources/css/reset.css (Method: GET, IP: ::1)
[2023.05.18 19:21:25.478] [HTTP] /client/resources/css/common.css (Method: GET, IP: ::1)
[2023.05.18 19:21:25.481] [HTTP] /client/resources/css/main.css (Method: GET, IP: ::1)
[2023.05.18 19:21:25.486] [HTTP] /client/build/bundle.js (Method: GET, IP: ::1)
[2023.05.18 19:21:25.611] [HTTP] /Tablelist.page (Method: GET, IP: ::1)
[2023.05.18 19:21:25.647] [HTTP] /client/resources/css/reset.css (Method: GET, IP: ::1)
[2023.05.18 19:21:25.649] [HTTP] /client/resources/css/common.css (Method: GET, IP: ::1)
[2023.05.18 19:21:25.654] [HTTP] /client/resources/css/main.css (Method: GET, IP: ::1)
[2023.05.18 19:21:25.657] [HTTP] /client/build/bundle.js (Method: GET, IP: ::1)
[2023.05.18 19:21:25.762] [HTTP] /Tablelist.page (Method: GET, IP: ::1)
[2023.05.18 19:21:25.788] [HTTP] /client/resources/css/reset.css (Method: GET, IP: ::1)
[2023.05.18 19:21:25.790] [HTTP] /client/resources/css/common.css (Method: GET, IP: ::1)
[2023.05.18 19:21:25.792] [HTTP] /client/resources/css/main.css (Method: GET, IP: ::1)
[2023.05.18 19:21:25.795] [HTTP] /client/build/bundle.js (Method: GET, IP: ::1)
[2023.05.18 19:22:21.106] [HTTP] /Visualization.page (Method: GET, IP: ::1)
[2023.05.18 19:22:21.126] [HTTP] /client/resources/css/reset.css (Method: GET, IP: ::1)
[2023.05.18 19:22:21.129] [HTTP] /client/resources/css/common.css (Method: GET, IP: ::1)
[2023.05.18 19:22:21.132] [HTTP] /client/resources/css/main.css (Method: GET, IP: ::1)
[2023.05.18 19:22:21.136] [HTTP] /client/build/bundle.js (Method: GET, IP: ::1)
[2023.05.18 19:22:21.403] [HTTP] /Visualization.page (Method: GET, IP: ::1)
[2023.05.18 19:22:21.416] [HTTP] /client/resources/css/reset.css (Method: GET, IP: ::1)
[2023.05.18 19:22:21.418] [HTTP] /client/resources/css/common.css (Method: GET, IP: ::1)
[2023.05.18 19:22:21.419] [HTTP] /client/resources/css/main.css (Method: GET, IP: ::1)
[2023.05.18 19:22:21.421] [HTTP] /client/build/bundle.js (Method: GET, IP: ::1)
[2023.05.18 19:22:21.699] [HTTP] /Visualization.page (Method: GET, IP: ::1)
[2023.05.18 19:22:21.721] [HTTP] /client/resources/css/reset.css (Method: GET, IP: ::1)
[2023.05.18 19:22:21.724] [HTTP] /client/resources/css/common.css (Method: GET, IP: ::1)
[2023.05.18 19:22:21.726] [HTTP] /client/resources/css/main.css (Method: GET, IP: ::1)
[2023.05.18 19:22:21.728] [HTTP] /client/build/bundle.js (Method: GET, IP: ::1)
[2023.05.18 19:22:21.836] [HTTP] /Visualization.page (Method: GET, IP: ::1)
[2023.05.18 19:22:21.858] [HTTP] /client/resources/css/reset.css (Method: GET, IP: ::1)
[2023.05.18 19:22:21.861] [HTTP] /client/resources/css/common.css (Method: GET, IP: ::1)
[2023.05.18 19:22:21.864] [HTTP] /client/resources/css/main.css (Method: GET, IP: ::1)
[2023.05.18 19:22:21.868] [HTTP] /client/build/bundle.js (Method: GET, IP: ::1)
[2023.05.18 19:22:21.987] [HTTP] /Visualization.page (Method: GET, IP: ::1)
[2023.05.18 19:22:22.008] [HTTP] /client/resources/css/reset.css (Method: GET, IP: ::1)
[2023.05.18 19:22:22.013] [HTTP] /client/resources/css/common.css (Method: GET, IP: ::1)
[2023.05.18 19:22:22.015] [HTTP] /client/resources/css/main.css (Method: GET, IP: ::1)
[2023.05.18 19:22:22.017] [HTTP] /client/build/bundle.js (Method: GET, IP: ::1)
[2023.05.18 19:22:22.140] [HTTP] /Visualization.page (Method: GET, IP: ::1)
[2023.05.18 19:22:22.159] [HTTP] /client/resources/css/reset.css (Method: GET, IP: ::1)
[2023.05.18 19:22:22.161] [HTTP] /client/resources/css/common.css (Method: GET, IP: ::1)
[2023.05.18 19:22:22.165] [HTTP] /client/resources/css/main.css (Method: GET, IP: ::1)
[2023.05.18 19:22:22.167] [HTTP] /client/build/bundle.js (Method: GET, IP: ::1)
[2023.05.18 19:22:22.282] [HTTP] /Visualization.page (Method: GET, IP: ::1)
[2023.05.18 19:22:22.302] [HTTP] /client/resources/css/reset.css (Method: GET, IP: ::1)
[2023.05.18 19:22:22.304] [HTTP] /client/resources/css/common.css (Method: GET, IP: ::1)
[2023.05.18 19:22:22.307] [HTTP] /client/resources/css/main.css (Method: GET, IP: ::1)
[2023.05.18 19:22:22.310] [HTTP] /client/build/bundle.js (Method: GET, IP: ::1)
[2023.05.18 19:29:58.037] [HTTP] /Tablelist.page (Method: GET, IP: ::1)
[2023.05.18 19:29:58.069] [HTTP] /client/resources/css/reset.css (Method: GET, IP: ::1)
[2023.05.18 19:29:58.072] [HTTP] /client/resources/css/common.css (Method: GET, IP: ::1)
[2023.05.18 19:29:58.075] [HTTP] /client/resources/css/main.css (Method: GET, IP: ::1)
[2023.05.18 19:29:58.078] [HTTP] /client/build/bundle.js (Method: GET, IP: ::1)
[2023.05.18 19:29:58.350] [HTTP] /Tablelist.page (Method: GET, IP: ::1)
[2023.05.18 19:29:58.378] [HTTP] /client/resources/css/reset.css (Method: GET, IP: ::1)
[2023.05.18 19:29:58.380] [HTTP] /client/resources/css/common.css (Method: GET, IP: ::1)
[2023.05.18 19:29:58.383] [HTTP] /client/resources/css/main.css (Method: GET, IP: ::1)
[2023.05.18 19:29:58.385] [HTTP] /client/build/bundle.js (Method: GET, IP: ::1)
[2023.05.18 19:29:58.646] [HTTP] /Tablelist.page (Method: GET, IP: ::1)
[2023.05.18 19:29:58.669] [HTTP] /client/resources/css/reset.css (Method: GET, IP: ::1)
[2023.05.18 19:29:58.672] [HTTP] /client/resources/css/common.css (Method: GET, IP: ::1)
[2023.05.18 19:29:58.675] [HTTP] /client/resources/css/main.css (Method: GET, IP: ::1)
[2023.05.18 19:29:58.678] [HTTP] /client/build/bundle.js (Method: GET, IP: ::1)
[2023.05.18 19:29:58.809] [HTTP] /Tablelist.page (Method: GET, IP: ::1)
[2023.05.18 19:29:58.834] [HTTP] /client/resources/css/reset.css (Method: GET, IP: ::1)
[2023.05.18 19:29:58.837] [HTTP] /client/resources/css/common.css (Method: GET, IP: ::1)
[2023.05.18 19:29:58.839] [HTTP] /client/resources/css/main.css (Method: GET, IP: ::1)
[2023.05.18 19:29:58.842] [HTTP] /client/build/bundle.js (Method: GET, IP: ::1)
[2023.05.18 19:29:58.959] [HTTP] /Tablelist.page (Method: GET, IP: ::1)
[2023.05.18 19:29:58.981] [HTTP] /client/resources/css/reset.css (Method: GET, IP: ::1)
[2023.05.18 19:29:58.983] [HTTP] /client/resources/css/common.css (Method: GET, IP: ::1)
[2023.05.18 19:29:58.985] [HTTP] /client/resources/css/main.css (Method: GET, IP: ::1)
[2023.05.18 19:29:58.987] [HTTP] /client/build/bundle.js (Method: GET, IP: ::1)
[2023.05.18 19:30:03.484] [HTTP] /Visualization.page (Method: GET, IP: ::1)
[2023.05.18 19:30:03.507] [HTTP] /client/resources/css/reset.css (Method: GET, IP: ::1)
[2023.05.18 19:30:03.511] [HTTP] /client/resources/css/common.css (Method: GET, IP: ::1)
[2023.05.18 19:30:03.514] [HTTP] /client/resources/css/main.css (Method: GET, IP: ::1)
[2023.05.18 19:30:03.517] [HTTP] /client/build/bundle.js (Method: GET, IP: ::1)
[2023.05.18 19:30:03.684] [HTTP] /Visualization.page (Method: GET, IP: ::1)
[2023.05.18 19:30:03.705] [HTTP] /client/resources/css/reset.css (Method: GET, IP: ::1)
[2023.05.18 19:30:03.709] [HTTP] /client/resources/css/common.css (Method: GET, IP: ::1)
[2023.05.18 19:30:03.712] [HTTP] /client/resources/css/main.css (Method: GET, IP: ::1)
[2023.05.18 19:30:03.715] [HTTP] /client/build/bundle.js (Method: GET, IP: ::1)
[2023.05.18 19:30:03.837] [HTTP] /Visualization.page (Method: GET, IP: ::1)
[2023.05.18 19:30:03.856] [HTTP] /client/resources/css/reset.css (Method: GET, IP: ::1)
[2023.05.18 19:30:03.859] [HTTP] /client/resources/css/common.css (Method: GET, IP: ::1)
[2023.05.18 19:30:03.861] [HTTP] /client/resources/css/main.css (Method: GET, IP: ::1)
[2023.05.18 19:30:03.864] [HTTP] /client/build/bundle.js (Method: GET, IP: ::1)
[2023.05.18 19:30:35.877] [HTTP] /Visualization.page (Method: GET, IP: ::1)
[2023.05.18 19:30:35.901] [HTTP] /client/resources/css/reset.css (Method: GET, IP: ::1)
[2023.05.18 19:30:35.905] [HTTP] /client/resources/css/common.css (Method: GET, IP: ::1)
[2023.05.18 19:30:35.909] [HTTP] /client/resources/css/main.css (Method: GET, IP: ::1)
[2023.05.18 19:30:35.912] [HTTP] /client/build/bundle.js (Method: GET, IP: ::1)
[2023.05.18 19:30:36.180] [HTTP] /Visualization.page (Method: GET, IP: ::1)
[2023.05.18 19:30:36.203] [HTTP] /client/resources/css/reset.css (Method: GET, IP: ::1)
[2023.05.18 19:30:36.206] [HTTP] /client/resources/css/common.css (Method: GET, IP: ::1)
[2023.05.18 19:30:36.209] [HTTP] /client/resources/css/main.css (Method: GET, IP: ::1)
[2023.05.18 19:30:36.211] [HTTP] /client/build/bundle.js (Method: GET, IP: ::1)
[2023.05.18 19:30:36.486] [HTTP] /Visualization.page (Method: GET, IP: ::1)
[2023.05.18 19:30:36.510] [HTTP] /client/resources/css/reset.css (Method: GET, IP: ::1)
[2023.05.18 19:30:36.512] [HTTP] /client/resources/css/common.css (Method: GET, IP: ::1)
[2023.05.18 19:30:36.515] [HTTP] /client/resources/css/main.css (Method: GET, IP: ::1)
[2023.05.18 19:30:36.517] [HTTP] /client/build/bundle.js (Method: GET, IP: ::1)
[2023.05.18 19:30:36.636] [HTTP] /Visualization.page (Method: GET, IP: ::1)
[2023.05.18 19:30:36.654] [HTTP] /client/resources/css/reset.css (Method: GET, IP: ::1)
[2023.05.18 19:30:36.656] [HTTP] /client/resources/css/common.css (Method: GET, IP: ::1)
[2023.05.18 19:30:36.657] [HTTP] /client/resources/css/main.css (Method: GET, IP: ::1)
[2023.05.18 19:30:36.660] [HTTP] /client/build/bundle.js (Method: GET, IP: ::1)
