[2023.05.16 01:34:35.410] [HTTP] /Dashboard.page (Method: GET, IP: ::1)
[2023.05.16 01:34:35.427] [HTTP] /client/resources/css/reset.css (Method: GET, IP: ::1)
[2023.05.16 01:34:35.429] [HTTP] /client/resources/css/common.css (Method: GET, IP: ::1)
[2023.05.16 01:34:35.430] [HTTP] /client/resources/css/main.css (Method: GET, IP: ::1)
[2023.05.16 01:34:35.431] [HTTP] /client/build/bundle.js (Method: GET, IP: ::1)
[2023.05.16 01:34:37.981] [HTTP] /Dashboard.page (Method: GET, IP: ::1)
[2023.05.16 01:34:37.995] [HTTP] /client/resources/css/reset.css (Method: GET, IP: ::1)
[2023.05.16 01:34:37.997] [HTTP] /client/resources/css/common.css (Method: GET, IP: ::1)
[2023.05.16 01:34:37.998] [HTTP] /client/resources/css/main.css (Method: GET, IP: ::1)
[2023.05.16 01:34:37.999] [HTTP] /client/build/bundle.js (Method: GET, IP: ::1)
[2023.05.16 01:34:39.952] [HTTP] /Dashboard.page (Method: GET, IP: ::1)
[2023.05.16 01:34:39.965] [HTTP] /client/resources/css/reset.css (Method: GET, IP: ::1)
[2023.05.16 01:34:39.967] [HTTP] /client/resources/css/common.css (Method: GET, IP: ::1)
[2023.05.16 01:34:39.968] [HTTP] /client/resources/css/main.css (Method: GET, IP: ::1)
[2023.05.16 01:34:39.969] [HTTP] /client/build/bundle.js (Method: GET, IP: ::1)
[2023.05.16 01:35:16.247] [HTTP] /Dashboard.page (Method: GET, IP: ::1)
[2023.05.16 01:35:16.255] [HTTP] /client/resources/css/reset.css (Method: GET, IP: ::1)
[2023.05.16 01:35:16.256] [HTTP] /client/resources/css/common.css (Method: GET, IP: ::1)
[2023.05.16 01:35:16.257] [HTTP] /client/resources/css/main.css (Method: GET, IP: ::1)
[2023.05.16 01:35:16.258] [HTTP] /client/build/bundle.js (Method: GET, IP: ::1)
[2023.05.16 01:36:25.473] [HTTP] /Tablelist.page (Method: GET, IP: ::1)
[2023.05.16 01:36:25.486] [HTTP] /client/resources/css/reset.css (Method: GET, IP: ::1)
[2023.05.16 01:36:25.488] [HTTP] /client/resources/css/common.css (Method: GET, IP: ::1)
[2023.05.16 01:36:25.489] [HTTP] /client/resources/css/main.css (Method: GET, IP: ::1)
[2023.05.16 01:36:25.490] [HTTP] /client/build/bundle.js (Method: GET, IP: ::1)
[2023.05.16 01:36:35.066] [HTTP] /Dashboardlist.page (Method: GET, IP: ::1)
[2023.05.16 01:36:35.075] [HTTP] /client/resources/css/reset.css (Method: GET, IP: ::1)
[2023.05.16 01:36:35.077] [HTTP] /client/resources/css/common.css (Method: GET, IP: ::1)
[2023.05.16 01:36:35.078] [HTTP] /client/resources/css/main.css (Method: GET, IP: ::1)
[2023.05.16 01:36:35.080] [HTTP] /client/build/bundle.js (Method: GET, IP: ::1)
[2023.05.16 01:36:36.888] [HTTP] /Dashboardlist.page (Method: GET, IP: ::1)
[2023.05.16 01:36:36.901] [HTTP] /client/resources/css/reset.css (Method: GET, IP: ::1)
[2023.05.16 01:36:36.903] [HTTP] /client/resources/css/common.css (Method: GET, IP: ::1)
[2023.05.16 01:36:36.904] [HTTP] /client/resources/css/main.css (Method: GET, IP: ::1)
[2023.05.16 01:36:36.905] [HTTP] /client/build/bundle.js (Method: GET, IP: ::1)
[2023.05.16 01:36:37.272] [HTTP] /Dashboardlist.page (Method: GET, IP: ::1)
[2023.05.16 01:36:37.281] [HTTP] /client/resources/css/reset.css (Method: GET, IP: ::1)
[2023.05.16 01:36:37.282] [HTTP] /client/resources/css/common.css (Method: GET, IP: ::1)
[2023.05.16 01:36:37.283] [HTTP] /client/resources/css/main.css (Method: GET, IP: ::1)
[2023.05.16 01:36:37.283] [HTTP] /client/build/bundle.js (Method: GET, IP: ::1)
[2023.05.16 01:36:37.418] [HTTP] /Dashboardlist.page (Method: GET, IP: ::1)
[2023.05.16 01:36:37.441] [HTTP] /client/resources/css/reset.css (Method: GET, IP: ::1)
[2023.05.16 01:36:37.443] [HTTP] /client/resources/css/common.css (Method: GET, IP: ::1)
[2023.05.16 01:36:37.444] [HTTP] /client/resources/css/main.css (Method: GET, IP: ::1)
[2023.05.16 01:36:37.445] [HTTP] /client/build/bundle.js (Method: GET, IP: ::1)
[2023.05.16 01:36:58.134] [HTTP] /Dashboardlist.page (Method: GET, IP: ::1)
[2023.05.16 01:36:58.142] [HTTP] /client/resources/css/reset.css (Method: GET, IP: ::1)
[2023.05.16 01:36:58.143] [HTTP] /client/resources/css/common.css (Method: GET, IP: ::1)
[2023.05.16 01:36:58.144] [HTTP] /client/resources/css/main.css (Method: GET, IP: ::1)
[2023.05.16 01:36:58.145] [HTTP] /client/build/bundle.js (Method: GET, IP: ::1)
[2023.05.16 01:36:58.682] [HTTP] /Dashboardlist.page (Method: GET, IP: ::1)
[2023.05.16 01:36:58.692] [HTTP] /client/resources/css/reset.css (Method: GET, IP: ::1)
[2023.05.16 01:36:58.694] [HTTP] /client/resources/css/common.css (Method: GET, IP: ::1)
[2023.05.16 01:36:58.696] [HTTP] /client/resources/css/main.css (Method: GET, IP: ::1)
[2023.05.16 01:36:58.697] [HTTP] /client/build/bundle.js (Method: GET, IP: ::1)
[2023.05.16 01:36:58.852] [HTTP] /Dashboardlist.page (Method: GET, IP: ::1)
[2023.05.16 01:36:58.876] [HTTP] /client/resources/css/reset.css (Method: GET, IP: ::1)
[2023.05.16 01:36:58.877] [HTTP] /client/resources/css/common.css (Method: GET, IP: ::1)
[2023.05.16 01:36:58.878] [HTTP] /client/resources/css/main.css (Method: GET, IP: ::1)
[2023.05.16 01:36:58.879] [HTTP] /client/build/bundle.js (Method: GET, IP: ::1)
[2023.05.16 01:37:09.214] [HTTP] /Dashboardlist.page (Method: GET, IP: ::1)
[2023.05.16 01:37:09.225] [HTTP] /client/resources/css/reset.css (Method: GET, IP: ::1)
[2023.05.16 01:37:09.227] [HTTP] /client/resources/css/common.css (Method: GET, IP: ::1)
[2023.05.16 01:37:09.228] [HTTP] /client/resources/css/main.css (Method: GET, IP: ::1)
[2023.05.16 01:37:09.229] [HTTP] /client/build/bundle.js (Method: GET, IP: ::1)
[2023.05.16 01:37:09.757] [HTTP] /Dashboardlist.page (Method: GET, IP: ::1)
[2023.05.16 01:37:09.766] [HTTP] /client/resources/css/reset.css (Method: GET, IP: ::1)
[2023.05.16 01:37:09.768] [HTTP] /client/resources/css/common.css (Method: GET, IP: ::1)
[2023.05.16 01:37:09.768] [HTTP] /client/resources/css/main.css (Method: GET, IP: ::1)
[2023.05.16 01:37:09.769] [HTTP] /client/build/bundle.js (Method: GET, IP: ::1)
[2023.05.16 01:37:18.155] [HTTP] /Dashboardlist.page (Method: GET, IP: ::1)
[2023.05.16 01:37:18.171] [HTTP] /client/resources/css/reset.css (Method: GET, IP: ::1)
[2023.05.16 01:37:18.172] [HTTP] /client/resources/css/common.css (Method: GET, IP: ::1)
[2023.05.16 01:37:18.173] [HTTP] /client/resources/css/main.css (Method: GET, IP: ::1)
[2023.05.16 01:37:18.174] [HTTP] /client/build/bundle.js (Method: GET, IP: ::1)
[2023.05.16 01:38:45.506] [HTTP] /Tablelist.page (Method: GET, IP: ::1)
[2023.05.16 01:38:45.515] [HTTP] /client/resources/css/reset.css (Method: GET, IP: ::1)
[2023.05.16 01:38:45.516] [HTTP] /client/resources/css/common.css (Method: GET, IP: ::1)
[2023.05.16 01:38:45.517] [HTTP] /client/resources/css/main.css (Method: GET, IP: ::1)
[2023.05.16 01:38:45.518] [HTTP] /client/build/bundle.js (Method: GET, IP: ::1)
[2023.05.16 02:04:08.464] [HTTP] /Dashboardlist.page (Method: GET, IP: ::1)
[2023.05.16 02:04:08.480] [HTTP] /client/resources/css/reset.css (Method: GET, IP: ::1)
[2023.05.16 02:04:08.482] [HTTP] /client/resources/css/common.css (Method: GET, IP: ::1)
[2023.05.16 02:04:08.482] [HTTP] /client/resources/css/main.css (Method: GET, IP: ::1)
[2023.05.16 02:04:08.483] [HTTP] /client/build/bundle.js (Method: GET, IP: ::1)
[2023.05.16 15:32:25.251] [HTTP] /Dashboardlist.page (Method: GET, IP: ::1)
[2023.05.16 15:32:25.266] [HTTP] /client/resources/css/reset.css (Method: GET, IP: ::1)
[2023.05.16 15:32:25.268] [HTTP] /client/resources/css/common.css (Method: GET, IP: ::1)
[2023.05.16 15:32:25.269] [HTTP] /client/resources/css/main.css (Method: GET, IP: ::1)
[2023.05.16 15:32:25.269] [HTTP] /client/build/bundle.js (Method: GET, IP: ::1)
[2023.05.16 15:32:25.377] [HTTP] /favicon.ico (Method: GET, IP: ::1)
[2023.05.16 15:32:25.380] [Error:404] /favicon.ico/n Error: ENOENT: no such file or directory, stat 'C:\takensoft\dev\nodejs\workspace\dgcatholic\favicon.ico'/n
[2023.05.16 15:32:49.103] [HTTP] /Dashboardlist.page (Method: GET, IP: ::1)
[2023.05.16 15:32:49.116] [HTTP] /client/resources/css/reset.css (Method: GET, IP: ::1)
[2023.05.16 15:32:49.118] [HTTP] /client/resources/css/common.css (Method: GET, IP: ::1)
[2023.05.16 15:32:49.119] [HTTP] /client/resources/css/main.css (Method: GET, IP: ::1)
[2023.05.16 15:32:49.120] [HTTP] /client/build/bundle.js (Method: GET, IP: ::1)
[2023.05.16 15:33:50.376] [HTTP] /Dashboardlist.page (Method: GET, IP: ::1)
[2023.05.16 15:33:50.390] [HTTP] /client/resources/css/reset.css (Method: GET, IP: ::1)
[2023.05.16 15:33:50.392] [HTTP] /client/resources/css/common.css (Method: GET, IP: ::1)
[2023.05.16 15:33:50.393] [HTTP] /client/resources/css/main.css (Method: GET, IP: ::1)
[2023.05.16 15:33:50.394] [HTTP] /client/build/bundle.js (Method: GET, IP: ::1)
[2023.05.16 15:35:07.622] [HTTP] /Tablelist.page (Method: GET, IP: ::1)
[2023.05.16 15:35:07.638] [HTTP] /client/resources/css/reset.css (Method: GET, IP: ::1)
[2023.05.16 15:35:07.640] [HTTP] /client/resources/css/common.css (Method: GET, IP: ::1)
[2023.05.16 15:35:07.641] [HTTP] /client/resources/css/main.css (Method: GET, IP: ::1)
[2023.05.16 15:35:07.642] [HTTP] /client/build/bundle.js (Method: GET, IP: ::1)
[2023.05.16 15:37:56.132] [HTTP] /Tablelist.page (Method: GET, IP: ::1)
[2023.05.16 15:37:56.144] [HTTP] /client/resources/css/reset.css (Method: GET, IP: ::1)
[2023.05.16 15:37:56.148] [HTTP] /client/resources/css/common.css (Method: GET, IP: ::1)
[2023.05.16 15:37:56.149] [HTTP] /client/resources/css/main.css (Method: GET, IP: ::1)
[2023.05.16 15:37:56.150] [HTTP] /client/build/bundle.js (Method: GET, IP: ::1)
[2023.05.16 15:38:11.672] [HTTP] /Tablelist.page (Method: GET, IP: ::1)
[2023.05.16 15:38:11.691] [HTTP] /client/resources/css/reset.css (Method: GET, IP: ::1)
[2023.05.16 15:38:11.693] [HTTP] /client/resources/css/common.css (Method: GET, IP: ::1)
[2023.05.16 15:38:11.694] [HTTP] /client/resources/css/main.css (Method: GET, IP: ::1)
[2023.05.16 15:38:11.695] [HTTP] /client/build/bundle.js (Method: GET, IP: ::1)
[2023.05.16 15:38:49.453] [HTTP] /Tablelist.page (Method: GET, IP: ::1)
[2023.05.16 15:38:49.466] [HTTP] /client/resources/css/reset.css (Method: GET, IP: ::1)
[2023.05.16 15:38:49.467] [HTTP] /client/resources/css/common.css (Method: GET, IP: ::1)
[2023.05.16 15:38:49.468] [HTTP] /client/resources/css/main.css (Method: GET, IP: ::1)
[2023.05.16 15:38:49.470] [HTTP] /client/build/bundle.js (Method: GET, IP: ::1)
[2023.05.16 15:39:28.030] [HTTP] /Tablelist.page (Method: GET, IP: ::1)
[2023.05.16 15:39:28.044] [HTTP] /client/resources/css/reset.css (Method: GET, IP: ::1)
[2023.05.16 15:39:28.045] [HTTP] /client/resources/css/common.css (Method: GET, IP: ::1)
[2023.05.16 15:39:28.047] [HTTP] /client/resources/css/main.css (Method: GET, IP: ::1)
[2023.05.16 15:39:28.050] [HTTP] /client/build/bundle.js (Method: GET, IP: ::1)
[2023.05.16 15:40:03.368] [HTTP] /Tablelist.page (Method: GET, IP: ::1)
[2023.05.16 15:40:03.379] [HTTP] /client/resources/css/reset.css (Method: GET, IP: ::1)
[2023.05.16 15:40:03.380] [HTTP] /client/resources/css/common.css (Method: GET, IP: ::1)
[2023.05.16 15:40:03.382] [HTTP] /client/resources/css/main.css (Method: GET, IP: ::1)
[2023.05.16 15:40:03.383] [HTTP] /client/build/bundle.js (Method: GET, IP: ::1)
[2023.05.16 15:40:03.509] [HTTP] /favicon.ico (Method: GET, IP: ::1)
[2023.05.16 15:40:03.510] [Error:404] /favicon.ico/n Error: ENOENT: no such file or directory, stat 'C:\takensoft\dev\nodejs\workspace\dgcatholic\favicon.ico'/n
[2023.05.16 15:40:21.807] [HTTP] /Tablelist.page (Method: GET, IP: ::1)
[2023.05.16 15:40:21.817] [HTTP] /client/resources/css/reset.css (Method: GET, IP: ::1)
[2023.05.16 15:40:21.823] [HTTP] /client/resources/css/common.css (Method: GET, IP: ::1)
[2023.05.16 15:40:21.825] [HTTP] /client/resources/css/main.css (Method: GET, IP: ::1)
[2023.05.16 15:40:21.826] [HTTP] /client/build/bundle.js (Method: GET, IP: ::1)
[2023.05.16 15:40:59.339] [HTTP] /Tablelist.page (Method: GET, IP: ::1)
[2023.05.16 15:40:59.348] [HTTP] /client/resources/css/reset.css (Method: GET, IP: ::1)
[2023.05.16 15:40:59.350] [HTTP] /client/resources/css/common.css (Method: GET, IP: ::1)
[2023.05.16 15:40:59.351] [HTTP] /client/resources/css/main.css (Method: GET, IP: ::1)
[2023.05.16 15:40:59.353] [HTTP] /client/build/bundle.js (Method: GET, IP: ::1)
[2023.05.16 15:41:33.343] [HTTP] /Tablelist.page (Method: GET, IP: ::1)
[2023.05.16 15:41:33.356] [HTTP] /client/resources/css/reset.css (Method: GET, IP: ::1)
[2023.05.16 15:41:33.357] [HTTP] /client/resources/css/common.css (Method: GET, IP: ::1)
[2023.05.16 15:41:33.359] [HTTP] /client/resources/css/main.css (Method: GET, IP: ::1)
[2023.05.16 15:41:33.360] [HTTP] /client/build/bundle.js (Method: GET, IP: ::1)
[2023.05.16 15:41:33.464] [HTTP] /favicon.ico (Method: GET, IP: ::1)
[2023.05.16 15:41:33.465] [Error:404] /favicon.ico/n Error: ENOENT: no such file or directory, stat 'C:\takensoft\dev\nodejs\workspace\dgcatholic\favicon.ico'/n
[2023.05.16 15:43:10.081] [HTTP] /Tablelist.page (Method: GET, IP: ::1)
[2023.05.16 15:43:10.092] [HTTP] /client/resources/css/reset.css (Method: GET, IP: ::1)
[2023.05.16 15:43:10.093] [HTTP] /client/resources/css/common.css (Method: GET, IP: ::1)
[2023.05.16 15:43:10.094] [HTTP] /client/resources/css/main.css (Method: GET, IP: ::1)
[2023.05.16 15:43:10.095] [HTTP] /client/build/bundle.js (Method: GET, IP: ::1)
[2023.05.16 15:44:03.748] [HTTP] /Tablelist.page (Method: GET, IP: ::1)
[2023.05.16 15:44:03.769] [HTTP] /client/resources/css/reset.css (Method: GET, IP: ::1)
[2023.05.16 15:44:03.771] [HTTP] /client/resources/css/common.css (Method: GET, IP: ::1)
[2023.05.16 15:44:03.773] [HTTP] /client/resources/css/main.css (Method: GET, IP: ::1)
[2023.05.16 15:44:03.774] [HTTP] /client/build/bundle.js (Method: GET, IP: ::1)
[2023.05.16 15:44:05.484] [HTTP] /Tablelist.page (Method: GET, IP: ::1)
[2023.05.16 15:44:05.509] [HTTP] /client/resources/css/reset.css (Method: GET, IP: ::1)
[2023.05.16 15:44:05.511] [HTTP] /client/resources/css/common.css (Method: GET, IP: ::1)
[2023.05.16 15:44:05.512] [HTTP] /client/resources/css/main.css (Method: GET, IP: ::1)
[2023.05.16 15:44:05.513] [HTTP] /client/build/bundle.js (Method: GET, IP: ::1)
[2023.05.16 15:44:05.618] [HTTP] /favicon.ico (Method: GET, IP: ::1)
[2023.05.16 15:44:05.620] [Error:404] /favicon.ico/n Error: ENOENT: no such file or directory, stat 'C:\takensoft\dev\nodejs\workspace\dgcatholic\favicon.ico'/n
[2023.05.16 15:44:45.343] [HTTP] /Tablelist.page (Method: GET, IP: ::1)
[2023.05.16 15:44:45.353] [HTTP] /client/resources/css/reset.css (Method: GET, IP: ::1)
[2023.05.16 15:44:45.355] [HTTP] /client/resources/css/common.css (Method: GET, IP: ::1)
[2023.05.16 15:44:45.356] [HTTP] /client/resources/css/main.css (Method: GET, IP: ::1)
[2023.05.16 15:44:45.357] [HTTP] /client/build/bundle.js (Method: GET, IP: ::1)
[2023.05.16 15:44:45.484] [HTTP] /favicon.ico (Method: GET, IP: ::1)
[2023.05.16 15:44:45.486] [Error:404] /favicon.ico/n Error: ENOENT: no such file or directory, stat 'C:\takensoft\dev\nodejs\workspace\dgcatholic\favicon.ico'/n
[2023.05.16 15:45:05.692] [HTTP] /Datalist.page (Method: GET, IP: ::1)
[2023.05.16 15:45:05.716] [HTTP] /client/resources/css/reset.css (Method: GET, IP: ::1)
[2023.05.16 15:45:05.717] [HTTP] /client/resources/css/common.css (Method: GET, IP: ::1)
[2023.05.16 15:45:05.719] [HTTP] /client/resources/css/main.css (Method: GET, IP: ::1)
[2023.05.16 15:45:05.720] [HTTP] /client/build/bundle.js (Method: GET, IP: ::1)
[2023.05.16 15:45:24.986] [HTTP] /Tablelist.page (Method: GET, IP: ::1)
[2023.05.16 15:45:25.002] [HTTP] /client/resources/css/reset.css (Method: GET, IP: ::1)
[2023.05.16 15:45:25.003] [HTTP] /client/resources/css/common.css (Method: GET, IP: ::1)
[2023.05.16 15:45:25.005] [HTTP] /client/resources/css/main.css (Method: GET, IP: ::1)
[2023.05.16 15:45:25.006] [HTTP] /client/build/bundle.js (Method: GET, IP: ::1)
[2023.05.16 15:45:36.626] [HTTP] /Tablelist.page (Method: GET, IP: ::1)
[2023.05.16 15:45:36.642] [HTTP] /client/resources/css/reset.css (Method: GET, IP: ::1)
[2023.05.16 15:45:36.644] [HTTP] /client/resources/css/common.css (Method: GET, IP: ::1)
[2023.05.16 15:45:36.645] [HTTP] /client/resources/css/main.css (Method: GET, IP: ::1)
[2023.05.16 15:45:36.646] [HTTP] /client/build/bundle.js (Method: GET, IP: ::1)
[2023.05.16 15:46:30.698] [HTTP] /Tablelist.page (Method: GET, IP: ::1)
[2023.05.16 15:46:30.719] [HTTP] /client/resources/css/reset.css (Method: GET, IP: ::1)
[2023.05.16 15:46:30.721] [HTTP] /client/resources/css/common.css (Method: GET, IP: ::1)
[2023.05.16 15:46:30.723] [HTTP] /client/resources/css/main.css (Method: GET, IP: ::1)
[2023.05.16 15:46:30.724] [HTTP] /client/build/bundle.js (Method: GET, IP: ::1)
[2023.05.16 15:46:53.920] [HTTP] /Tablelist.page (Method: GET, IP: ::1)
[2023.05.16 15:46:53.930] [HTTP] /client/resources/css/reset.css (Method: GET, IP: ::1)
[2023.05.16 15:46:53.932] [HTTP] /client/resources/css/common.css (Method: GET, IP: ::1)
[2023.05.16 15:46:53.933] [HTTP] /client/resources/css/main.css (Method: GET, IP: ::1)
[2023.05.16 15:46:53.934] [HTTP] /client/build/bundle.js (Method: GET, IP: ::1)
[2023.05.16 15:46:54.060] [HTTP] /favicon.ico (Method: GET, IP: ::1)
[2023.05.16 15:46:54.061] [Error:404] /favicon.ico/n Error: ENOENT: no such file or directory, stat 'C:\takensoft\dev\nodejs\workspace\dgcatholic\favicon.ico'/n
[2023.05.16 15:47:08.076] [HTTP] /Tablelist.page (Method: GET, IP: ::1)
[2023.05.16 15:47:08.086] [HTTP] /client/resources/css/reset.css (Method: GET, IP: ::1)
[2023.05.16 15:47:08.089] [HTTP] /client/resources/css/common.css (Method: GET, IP: ::1)
[2023.05.16 15:47:08.090] [HTTP] /client/resources/css/main.css (Method: GET, IP: ::1)
[2023.05.16 15:47:08.092] [HTTP] /client/build/bundle.js (Method: GET, IP: ::1)
[2023.05.16 15:47:21.374] [HTTP] /Tablelist.page (Method: GET, IP: ::1)
[2023.05.16 15:47:21.388] [HTTP] /client/resources/css/reset.css (Method: GET, IP: ::1)
[2023.05.16 15:47:21.390] [HTTP] /client/resources/css/common.css (Method: GET, IP: ::1)
[2023.05.16 15:47:21.394] [HTTP] /client/resources/css/main.css (Method: GET, IP: ::1)
[2023.05.16 15:47:21.396] [HTTP] /client/build/bundle.js (Method: GET, IP: ::1)
[2023.05.16 15:48:00.838] [HTTP] /Tablelist.page (Method: GET, IP: ::1)
[2023.05.16 15:48:00.849] [HTTP] /client/resources/css/reset.css (Method: GET, IP: ::1)
[2023.05.16 15:48:00.852] [HTTP] /client/resources/css/common.css (Method: GET, IP: ::1)
[2023.05.16 15:48:00.853] [HTTP] /client/resources/css/main.css (Method: GET, IP: ::1)
[2023.05.16 15:48:00.854] [HTTP] /client/build/bundle.js (Method: GET, IP: ::1)
[2023.05.16 15:48:01.010] [HTTP] /favicon.ico (Method: GET, IP: ::1)
[2023.05.16 15:48:01.011] [Error:404] /favicon.ico/n Error: ENOENT: no such file or directory, stat 'C:\takensoft\dev\nodejs\workspace\dgcatholic\favicon.ico'/n
[2023.05.16 15:48:22.888] [HTTP] /Tablelist.page (Method: GET, IP: ::1)
[2023.05.16 15:48:22.898] [HTTP] /client/resources/css/reset.css (Method: GET, IP: ::1)
[2023.05.16 15:48:22.900] [HTTP] /client/build/bundle.js (Method: GET, IP: ::1)
[2023.05.16 15:48:22.901] [HTTP] /client/resources/css/common.css (Method: GET, IP: ::1)
[2023.05.16 15:48:22.901] [HTTP] /client/resources/css/main.css (Method: GET, IP: ::1)
[2023.05.16 15:49:38.359] [HTTP] /Tablelist.page (Method: GET, IP: ::1)
[2023.05.16 15:49:38.371] [HTTP] /client/resources/css/reset.css (Method: GET, IP: ::1)
[2023.05.16 15:49:38.375] [HTTP] /client/resources/css/common.css (Method: GET, IP: ::1)
[2023.05.16 15:49:38.376] [HTTP] /client/resources/css/main.css (Method: GET, IP: ::1)
[2023.05.16 15:49:38.377] [HTTP] /client/build/bundle.js (Method: GET, IP: ::1)
[2023.05.16 15:51:05.133] [HTTP] /Tablelist.page (Method: GET, IP: ::1)
[2023.05.16 15:51:05.144] [HTTP] /client/resources/css/reset.css (Method: GET, IP: ::1)
[2023.05.16 15:51:05.145] [HTTP] /client/resources/css/common.css (Method: GET, IP: ::1)
[2023.05.16 15:51:05.147] [HTTP] /client/resources/css/main.css (Method: GET, IP: ::1)
[2023.05.16 15:51:05.148] [HTTP] /client/build/bundle.js (Method: GET, IP: ::1)
[2023.05.16 15:51:45.111] [HTTP] /Tablelist.page (Method: GET, IP: ::1)
[2023.05.16 15:51:45.120] [HTTP] /client/resources/css/reset.css (Method: GET, IP: ::1)
[2023.05.16 15:51:45.121] [HTTP] /client/resources/css/common.css (Method: GET, IP: ::1)
[2023.05.16 15:51:45.122] [HTTP] /client/resources/css/main.css (Method: GET, IP: ::1)
[2023.05.16 15:51:45.124] [HTTP] /client/build/bundle.js (Method: GET, IP: ::1)
[2023.05.16 15:52:02.912] [HTTP] /Tablelist.page (Method: GET, IP: ::1)
[2023.05.16 15:52:02.920] [HTTP] /client/resources/css/reset.css (Method: GET, IP: ::1)
[2023.05.16 15:52:02.921] [HTTP] /client/resources/css/common.css (Method: GET, IP: ::1)
[2023.05.16 15:52:02.922] [HTTP] /client/resources/css/main.css (Method: GET, IP: ::1)
[2023.05.16 15:52:02.924] [HTTP] /client/build/bundle.js (Method: GET, IP: ::1)
[2023.05.16 15:52:17.387] [HTTP] /Tablelist.page (Method: GET, IP: ::1)
[2023.05.16 15:52:17.405] [HTTP] /client/resources/css/reset.css (Method: GET, IP: ::1)
[2023.05.16 15:52:17.406] [HTTP] /client/resources/css/common.css (Method: GET, IP: ::1)
[2023.05.16 15:52:17.408] [HTTP] /client/resources/css/main.css (Method: GET, IP: ::1)
[2023.05.16 15:52:17.409] [HTTP] /client/build/bundle.js (Method: GET, IP: ::1)
[2023.05.16 15:52:48.001] [HTTP] /Tablelist.page (Method: GET, IP: ::1)
[2023.05.16 15:52:48.013] [HTTP] /client/resources/css/reset.css (Method: GET, IP: ::1)
[2023.05.16 15:52:48.014] [HTTP] /client/resources/css/common.css (Method: GET, IP: ::1)
[2023.05.16 15:52:48.015] [HTTP] /client/resources/css/main.css (Method: GET, IP: ::1)
[2023.05.16 15:52:48.016] [HTTP] /client/build/bundle.js (Method: GET, IP: ::1)
[2023.05.16 15:55:29.947] [HTTP] /Tablelist.page (Method: GET, IP: ::1)
[2023.05.16 15:55:29.958] [HTTP] /client/resources/css/reset.css (Method: GET, IP: ::1)
[2023.05.16 15:55:29.960] [HTTP] /client/resources/css/common.css (Method: GET, IP: ::1)
[2023.05.16 15:55:29.961] [HTTP] /client/resources/css/main.css (Method: GET, IP: ::1)
[2023.05.16 15:55:29.962] [HTTP] /client/build/bundle.js (Method: GET, IP: ::1)
[2023.05.16 15:56:54.236] [HTTP] /Tablelist.page (Method: GET, IP: ::1)
[2023.05.16 15:56:54.253] [HTTP] /client/resources/css/reset.css (Method: GET, IP: ::1)
[2023.05.16 15:56:54.257] [HTTP] /client/resources/css/common.css (Method: GET, IP: ::1)
[2023.05.16 15:56:54.259] [HTTP] /client/build/bundle.js (Method: GET, IP: ::1)
[2023.05.16 15:56:54.260] [HTTP] /client/resources/css/main.css (Method: GET, IP: ::1)
[2023.05.16 15:58:23.188] [HTTP] /Tablelist.page (Method: GET, IP: ::1)
[2023.05.16 15:58:23.198] [HTTP] /client/resources/css/reset.css (Method: GET, IP: ::1)
[2023.05.16 15:58:23.202] [HTTP] /client/resources/css/common.css (Method: GET, IP: ::1)
[2023.05.16 15:58:23.204] [HTTP] /client/resources/css/main.css (Method: GET, IP: ::1)
[2023.05.16 15:58:23.205] [HTTP] /client/build/bundle.js (Method: GET, IP: ::1)
[2023.05.16 16:00:02.703] [HTTP] /Tablelist.page (Method: GET, IP: ::1)
[2023.05.16 16:00:02.719] [HTTP] /client/resources/css/reset.css (Method: GET, IP: ::1)
[2023.05.16 16:00:02.720] [HTTP] /client/resources/css/common.css (Method: GET, IP: ::1)
[2023.05.16 16:00:02.721] [HTTP] /client/resources/css/main.css (Method: GET, IP: ::1)
[2023.05.16 16:00:02.723] [HTTP] /client/build/bundle.js (Method: GET, IP: ::1)
[2023.05.16 16:01:15.384] [HTTP] /Tablelist.page (Method: GET, IP: ::1)
[2023.05.16 16:01:15.396] [HTTP] /client/resources/css/reset.css (Method: GET, IP: ::1)
[2023.05.16 16:01:15.397] [HTTP] /client/resources/css/common.css (Method: GET, IP: ::1)
[2023.05.16 16:01:15.404] [HTTP] /client/resources/css/main.css (Method: GET, IP: ::1)
[2023.05.16 16:01:15.405] [HTTP] /client/build/bundle.js (Method: GET, IP: ::1)
[2023.05.16 16:02:09.769] [HTTP] /Tablelist.page (Method: GET, IP: ::1)
[2023.05.16 16:02:09.780] [HTTP] /client/resources/css/reset.css (Method: GET, IP: ::1)
[2023.05.16 16:02:09.781] [HTTP] /client/resources/css/common.css (Method: GET, IP: ::1)
[2023.05.16 16:02:09.783] [HTTP] /client/resources/css/main.css (Method: GET, IP: ::1)
[2023.05.16 16:02:09.783] [HTTP] /client/build/bundle.js (Method: GET, IP: ::1)
[2023.05.16 16:03:16.046] [HTTP] /Tablelist.page (Method: GET, IP: ::1)
[2023.05.16 16:03:16.059] [HTTP] /client/resources/css/reset.css (Method: GET, IP: ::1)
[2023.05.16 16:03:16.063] [HTTP] /client/resources/css/common.css (Method: GET, IP: ::1)
[2023.05.16 16:03:16.064] [HTTP] /client/resources/css/main.css (Method: GET, IP: ::1)
[2023.05.16 16:03:16.065] [HTTP] /client/build/bundle.js (Method: GET, IP: ::1)
[2023.05.16 16:03:46.204] [HTTP] /Tablelist.page (Method: GET, IP: ::1)
[2023.05.16 16:03:46.217] [HTTP] /client/resources/css/reset.css (Method: GET, IP: ::1)
[2023.05.16 16:03:46.218] [HTTP] /client/resources/css/common.css (Method: GET, IP: ::1)
[2023.05.16 16:03:46.219] [HTTP] /client/resources/css/main.css (Method: GET, IP: ::1)
[2023.05.16 16:03:46.220] [HTTP] /client/build/bundle.js (Method: GET, IP: ::1)
[2023.05.16 16:04:52.705] [HTTP] /Tablelist.page (Method: GET, IP: ::1)
[2023.05.16 16:04:52.719] [HTTP] /client/resources/css/reset.css (Method: GET, IP: ::1)
[2023.05.16 16:04:52.722] [HTTP] /client/resources/css/common.css (Method: GET, IP: ::1)
[2023.05.16 16:04:52.723] [HTTP] /client/resources/css/main.css (Method: GET, IP: ::1)
[2023.05.16 16:04:52.724] [HTTP] /client/build/bundle.js (Method: GET, IP: ::1)
[2023.05.16 16:06:50.358] [HTTP] /Tablelist.page (Method: GET, IP: ::1)
[2023.05.16 16:06:50.374] [HTTP] /client/resources/css/reset.css (Method: GET, IP: ::1)
[2023.05.16 16:06:50.376] [HTTP] /client/resources/css/common.css (Method: GET, IP: ::1)
[2023.05.16 16:06:50.377] [HTTP] /client/resources/css/main.css (Method: GET, IP: ::1)
[2023.05.16 16:06:50.377] [HTTP] /client/build/bundle.js (Method: GET, IP: ::1)
[2023.05.16 16:07:07.292] [HTTP] /Tablelist.page (Method: GET, IP: ::1)
[2023.05.16 16:07:07.305] [HTTP] /client/resources/css/reset.css (Method: GET, IP: ::1)
[2023.05.16 16:07:07.307] [HTTP] /client/resources/css/common.css (Method: GET, IP: ::1)
[2023.05.16 16:07:07.308] [HTTP] /client/resources/css/main.css (Method: GET, IP: ::1)
[2023.05.16 16:07:07.309] [HTTP] /client/build/bundle.js (Method: GET, IP: ::1)
[2023.05.16 16:07:07.606] [HTTP] /Tablelist.page (Method: GET, IP: ::1)
[2023.05.16 16:07:07.614] [HTTP] /client/resources/css/reset.css (Method: GET, IP: ::1)
[2023.05.16 16:07:07.615] [HTTP] /client/resources/css/common.css (Method: GET, IP: ::1)
[2023.05.16 16:07:07.616] [HTTP] /client/resources/css/main.css (Method: GET, IP: ::1)
[2023.05.16 16:07:07.617] [HTTP] /client/build/bundle.js (Method: GET, IP: ::1)
[2023.05.16 16:08:10.540] [HTTP] /Tablelist.page (Method: GET, IP: ::1)
[2023.05.16 16:08:10.548] [HTTP] /client/resources/css/reset.css (Method: GET, IP: ::1)
[2023.05.16 16:08:10.550] [HTTP] /client/resources/css/common.css (Method: GET, IP: ::1)
[2023.05.16 16:08:10.551] [HTTP] /client/resources/css/main.css (Method: GET, IP: ::1)
[2023.05.16 16:08:10.552] [HTTP] /client/build/bundle.js (Method: GET, IP: ::1)
[2023.05.16 16:08:32.112] [HTTP] /Tablelist.page (Method: GET, IP: ::1)
[2023.05.16 16:08:32.127] [HTTP] /client/resources/css/reset.css (Method: GET, IP: ::1)
[2023.05.16 16:08:32.128] [HTTP] /client/resources/css/common.css (Method: GET, IP: ::1)
[2023.05.16 16:08:32.129] [HTTP] /client/resources/css/main.css (Method: GET, IP: ::1)
[2023.05.16 16:08:32.131] [HTTP] /client/build/bundle.js (Method: GET, IP: ::1)
[2023.05.16 16:09:14.640] [HTTP] /Tablelist.page (Method: GET, IP: ::1)
[2023.05.16 16:09:14.654] [HTTP] /client/resources/css/reset.css (Method: GET, IP: ::1)
[2023.05.16 16:09:14.656] [HTTP] /client/resources/css/common.css (Method: GET, IP: ::1)
[2023.05.16 16:09:14.658] [HTTP] /client/resources/css/main.css (Method: GET, IP: ::1)
[2023.05.16 16:09:14.658] [HTTP] /client/build/bundle.js (Method: GET, IP: ::1)
[2023.05.16 16:09:28.112] [HTTP] /Tablelist.page (Method: GET, IP: ::1)
[2023.05.16 16:09:28.141] [HTTP] /client/resources/css/reset.css (Method: GET, IP: ::1)
[2023.05.16 16:09:28.143] [HTTP] /client/build/bundle.js (Method: GET, IP: ::1)
[2023.05.16 16:09:28.144] [HTTP] /client/resources/css/common.css (Method: GET, IP: ::1)
[2023.05.16 16:09:28.145] [HTTP] /client/resources/css/main.css (Method: GET, IP: ::1)
[2023.05.16 16:09:31.073] [HTTP] /Tablelist.page (Method: GET, IP: ::1)
[2023.05.16 16:09:31.084] [HTTP] /client/resources/css/reset.css (Method: GET, IP: ::1)
[2023.05.16 16:09:31.085] [HTTP] /client/resources/css/common.css (Method: GET, IP: ::1)
[2023.05.16 16:09:31.087] [HTTP] /client/resources/css/main.css (Method: GET, IP: ::1)
[2023.05.16 16:09:31.088] [HTTP] /client/build/bundle.js (Method: GET, IP: ::1)
[2023.05.16 16:09:43.461] [HTTP] /Tablelist.page (Method: GET, IP: ::1)
[2023.05.16 16:09:43.479] [HTTP] /client/resources/css/reset.css (Method: GET, IP: ::1)
[2023.05.16 16:09:43.481] [HTTP] /client/resources/css/common.css (Method: GET, IP: ::1)
[2023.05.16 16:09:43.482] [HTTP] /client/resources/css/main.css (Method: GET, IP: ::1)
[2023.05.16 16:09:43.483] [HTTP] /client/build/bundle.js (Method: GET, IP: ::1)
[2023.05.16 16:10:18.588] [HTTP] /Tablelist.page (Method: GET, IP: ::1)
[2023.05.16 16:10:18.597] [HTTP] /client/resources/css/reset.css (Method: GET, IP: ::1)
[2023.05.16 16:10:18.598] [HTTP] /client/resources/css/common.css (Method: GET, IP: ::1)
[2023.05.16 16:10:18.599] [HTTP] /client/resources/css/main.css (Method: GET, IP: ::1)
[2023.05.16 16:10:18.600] [HTTP] /client/build/bundle.js (Method: GET, IP: ::1)
[2023.05.16 16:12:24.498] [HTTP] /Tablelist.page (Method: GET, IP: ::1)
[2023.05.16 16:12:24.512] [HTTP] /client/resources/css/reset.css (Method: GET, IP: ::1)
[2023.05.16 16:12:24.513] [HTTP] /client/resources/css/common.css (Method: GET, IP: ::1)
[2023.05.16 16:12:24.514] [HTTP] /client/resources/css/main.css (Method: GET, IP: ::1)
[2023.05.16 16:12:24.515] [HTTP] /client/build/bundle.js (Method: GET, IP: ::1)
[2023.05.16 16:13:19.330] [HTTP] /Tablelist.page (Method: GET, IP: ::1)
[2023.05.16 16:13:19.345] [HTTP] /client/resources/css/reset.css (Method: GET, IP: ::1)
[2023.05.16 16:13:19.347] [HTTP] /client/resources/css/common.css (Method: GET, IP: ::1)
[2023.05.16 16:13:19.347] [HTTP] /client/resources/css/main.css (Method: GET, IP: ::1)
[2023.05.16 16:13:19.348] [HTTP] /client/build/bundle.js (Method: GET, IP: ::1)
[2023.05.16 16:15:27.855] [HTTP] /Tablelist.page (Method: GET, IP: ::1)
[2023.05.16 16:15:27.869] [HTTP] /client/resources/css/reset.css (Method: GET, IP: ::1)
[2023.05.16 16:15:27.876] [HTTP] /client/resources/css/common.css (Method: GET, IP: ::1)
[2023.05.16 16:15:27.877] [HTTP] /client/resources/css/main.css (Method: GET, IP: ::1)
[2023.05.16 16:15:27.878] [HTTP] /client/build/bundle.js (Method: GET, IP: ::1)
[2023.05.16 16:17:37.741] [HTTP] /Tablelist.page (Method: GET, IP: ::1)
[2023.05.16 16:17:37.752] [HTTP] /client/resources/css/reset.css (Method: GET, IP: ::1)
[2023.05.16 16:17:37.754] [HTTP] /client/resources/css/common.css (Method: GET, IP: ::1)
[2023.05.16 16:17:37.755] [HTTP] /client/resources/css/main.css (Method: GET, IP: ::1)
[2023.05.16 16:17:37.756] [HTTP] /client/build/bundle.js (Method: GET, IP: ::1)
[2023.05.16 16:17:37.882] [HTTP] /favicon.ico (Method: GET, IP: ::1)
[2023.05.16 16:17:37.883] [Error:404] /favicon.ico/n Error: ENOENT: no such file or directory, stat 'C:\takensoft\dev\nodejs\workspace\dgcatholic\favicon.ico'/n
[2023.05.16 16:18:15.875] [HTTP] /Tablelist.page (Method: GET, IP: ::1)
[2023.05.16 16:18:15.891] [HTTP] /client/resources/css/reset.css (Method: GET, IP: ::1)
[2023.05.16 16:18:15.893] [HTTP] /client/resources/css/common.css (Method: GET, IP: ::1)
[2023.05.16 16:18:15.895] [HTTP] /client/resources/css/main.css (Method: GET, IP: ::1)
[2023.05.16 16:18:15.896] [HTTP] /client/build/bundle.js (Method: GET, IP: ::1)
[2023.05.16 16:19:09.836] [HTTP] /Tablelist.page (Method: GET, IP: ::1)
[2023.05.16 16:19:09.848] [HTTP] /client/resources/css/reset.css (Method: GET, IP: ::1)
[2023.05.16 16:19:09.850] [HTTP] /client/resources/css/common.css (Method: GET, IP: ::1)
[2023.05.16 16:19:09.851] [HTTP] /client/resources/css/main.css (Method: GET, IP: ::1)
[2023.05.16 16:19:09.853] [HTTP] /client/build/bundle.js (Method: GET, IP: ::1)
[2023.05.16 16:20:21.347] [HTTP] /Tableinsert.page (Method: GET, IP: ::1)
[2023.05.16 16:20:21.357] [HTTP] /client/resources/css/reset.css (Method: GET, IP: ::1)
[2023.05.16 16:20:21.359] [HTTP] /client/resources/css/common.css (Method: GET, IP: ::1)
[2023.05.16 16:20:21.360] [HTTP] /client/resources/css/main.css (Method: GET, IP: ::1)
[2023.05.16 16:20:21.362] [HTTP] /client/build/bundle.js (Method: GET, IP: ::1)
[2023.05.16 16:21:18.613] [HTTP] /Tableinsert.page (Method: GET, IP: ::1)
[2023.05.16 16:21:18.627] [HTTP] /client/resources/css/reset.css (Method: GET, IP: ::1)
[2023.05.16 16:21:18.629] [HTTP] /client/resources/css/common.css (Method: GET, IP: ::1)
[2023.05.16 16:21:18.630] [HTTP] /client/resources/css/main.css (Method: GET, IP: ::1)
[2023.05.16 16:21:18.631] [HTTP] /client/build/bundle.js (Method: GET, IP: ::1)
[2023.05.16 16:21:48.642] [HTTP] /Tableinsert.page (Method: GET, IP: ::1)
[2023.05.16 16:21:48.655] [HTTP] /client/resources/css/reset.css (Method: GET, IP: ::1)
[2023.05.16 16:21:48.660] [HTTP] /client/resources/css/common.css (Method: GET, IP: ::1)
[2023.05.16 16:21:48.662] [HTTP] /client/build/bundle.js (Method: GET, IP: ::1)
[2023.05.16 16:21:48.663] [HTTP] /client/resources/css/main.css (Method: GET, IP: ::1)
[2023.05.16 16:25:35.620] [HTTP] /Dashboardlist.page (Method: GET, IP: ::1)
[2023.05.16 16:25:35.629] [HTTP] /client/resources/css/reset.css (Method: GET, IP: ::1)
[2023.05.16 16:25:35.631] [HTTP] /client/resources/css/common.css (Method: GET, IP: ::1)
[2023.05.16 16:25:35.634] [HTTP] /client/resources/css/main.css (Method: GET, IP: ::1)
[2023.05.16 16:25:35.635] [HTTP] /client/build/bundle.js (Method: GET, IP: ::1)
[2023.05.16 16:26:18.441] [HTTP] /Dashboardlist.page (Method: GET, IP: ::1)
[2023.05.16 16:26:18.457] [HTTP] /client/resources/css/reset.css (Method: GET, IP: ::1)
[2023.05.16 16:26:18.458] [HTTP] /client/resources/css/common.css (Method: GET, IP: ::1)
[2023.05.16 16:26:18.460] [HTTP] /client/resources/css/main.css (Method: GET, IP: ::1)
[2023.05.16 16:26:18.461] [HTTP] /client/build/bundle.js (Method: GET, IP: ::1)
[2023.05.16 16:26:19.516] [HTTP] /Dashboardlist.page (Method: GET, IP: ::1)
[2023.05.16 16:26:19.525] [HTTP] /client/resources/css/reset.css (Method: GET, IP: ::1)
[2023.05.16 16:26:19.526] [HTTP] /client/resources/css/common.css (Method: GET, IP: ::1)
[2023.05.16 16:26:19.527] [HTTP] /client/resources/css/main.css (Method: GET, IP: ::1)
[2023.05.16 16:26:19.528] [HTTP] /client/build/bundle.js (Method: GET, IP: ::1)
[2023.05.16 16:26:20.136] [HTTP] /Dashboardlist.page (Method: GET, IP: ::1)
[2023.05.16 16:26:20.145] [HTTP] /client/resources/css/reset.css (Method: GET, IP: ::1)
[2023.05.16 16:26:20.147] [HTTP] /client/resources/css/common.css (Method: GET, IP: ::1)
[2023.05.16 16:26:20.148] [HTTP] /client/resources/css/main.css (Method: GET, IP: ::1)
[2023.05.16 16:26:20.149] [HTTP] /client/build/bundle.js (Method: GET, IP: ::1)
[2023.05.16 16:26:50.670] [HTTP] /Datalist.page (Method: GET, IP: ::1)
[2023.05.16 16:26:50.688] [HTTP] /client/resources/css/reset.css (Method: GET, IP: ::1)
[2023.05.16 16:26:50.690] [HTTP] /client/resources/css/common.css (Method: GET, IP: ::1)
[2023.05.16 16:26:50.692] [HTTP] /client/resources/css/main.css (Method: GET, IP: ::1)
[2023.05.16 16:26:50.694] [HTTP] /client/build/bundle.js (Method: GET, IP: ::1)
[2023.05.16 16:27:04.057] [HTTP] /Datalist.page (Method: GET, IP: ::1)
[2023.05.16 16:27:04.067] [HTTP] /client/resources/css/reset.css (Method: GET, IP: ::1)
[2023.05.16 16:27:04.071] [HTTP] /client/resources/css/common.css (Method: GET, IP: ::1)
[2023.05.16 16:27:04.077] [HTTP] /client/resources/css/main.css (Method: GET, IP: ::1)
[2023.05.16 16:27:04.079] [HTTP] /client/build/bundle.js (Method: GET, IP: ::1)
[2023.05.16 16:27:59.195] [HTTP] /Dashboardlist.page (Method: GET, IP: ::1)
[2023.05.16 16:27:59.208] [HTTP] /client/resources/css/reset.css (Method: GET, IP: ::1)
[2023.05.16 16:27:59.209] [HTTP] /client/resources/css/common.css (Method: GET, IP: ::1)
[2023.05.16 16:27:59.211] [HTTP] /client/resources/css/main.css (Method: GET, IP: ::1)
[2023.05.16 16:27:59.212] [HTTP] /client/build/bundle.js (Method: GET, IP: ::1)
