[2023.05.09 15:42:16.993] ★★★ Node.js를 활용한 Web Server 구동(Port:80) ★★★
[2023.05.09 15:42:25.501] [HTTP] / (Method: GET, IP: ::1)
[2023.05.09 15:42:25.542] [HTTP] /client/build/bundle.js (Method: GET, IP: ::1)
[2023.05.09 15:42:25.642] [HTTP] /favicon.ico (Method: GET, IP: ::1)
[2023.05.09 15:42:25.647] [Error:404] /favicon.ico/n Error: ENOENT: no such file or directory, stat 'C:\takensoft\dev\nodejs\workspace\금오공대\favicon.ico'/n
[2023.05.09 15:42:59.203] [HTTP] / (Method: GET, IP: ::1)
[2023.05.09 15:42:59.215] [HTTP] /client/build/bundle.js (Method: GET, IP: ::1)
[2023.05.09 15:43:02.396] [HTTP] / (Method: GET, IP: ::1)
[2023.05.09 15:43:02.409] [HTTP] /client/build/bundle.js (Method: GET, IP: ::1)
[2023.05.09 15:49:12.736] [HTTP] / (Method: GET, IP: ::1)
[2023.05.09 15:49:12.748] [HTTP] /client/build/bundle.js (Method: GET, IP: ::1)
[2023.05.09 16:17:51.203] [HTTP] / (Method: GET, IP: ::1)
[2023.05.09 16:17:51.216] [HTTP] /client/build/bundle.js (Method: GET, IP: ::1)
[2023.05.09 16:18:05.654] [HTTP] / (Method: GET, IP: ::1)
[2023.05.09 16:18:05.669] [HTTP] /client/build/bundle.js (Method: GET, IP: ::1)
[2023.05.09 16:18:46.176] [HTTP] / (Method: GET, IP: ::1)
[2023.05.09 16:18:46.188] [HTTP] /client/build/bundle.js (Method: GET, IP: ::1)
[2023.05.09 16:20:41.219] [HTTP] / (Method: GET, IP: ::1)
[2023.05.09 16:20:41.233] [HTTP] /client/build/bundle.js (Method: GET, IP: ::1)
[2023.05.09 16:20:42.566] [HTTP] / (Method: GET, IP: ::1)
[2023.05.09 16:20:42.584] [HTTP] /client/build/bundle.js (Method: GET, IP: ::1)
[2023.05.09 16:20:43.129] [HTTP] / (Method: GET, IP: ::1)
[2023.05.09 16:20:43.139] [HTTP] /client/build/bundle.js (Method: GET, IP: ::1)
[2023.05.09 16:20:43.658] [HTTP] / (Method: GET, IP: ::1)
[2023.05.09 16:20:43.670] [HTTP] /client/build/bundle.js (Method: GET, IP: ::1)
[2023.05.09 16:20:43.871] [HTTP] / (Method: GET, IP: ::1)
[2023.05.09 16:20:43.885] [HTTP] /client/build/bundle.js (Method: GET, IP: ::1)
[2023.05.09 16:20:45.450] [HTTP] / (Method: GET, IP: ::1)
[2023.05.09 16:20:45.461] [HTTP] /client/build/bundle.js (Method: GET, IP: ::1)
[2023.05.09 16:21:04.149] [HTTP] / (Method: GET, IP: ::1)
[2023.05.09 16:21:04.167] [HTTP] /client/build/bundle.js (Method: GET, IP: ::1)
[2023.05.09 16:21:04.267] [HTTP] /favicon.ico (Method: GET, IP: ::1)
[2023.05.09 16:21:04.269] [Error:404] /favicon.ico/n Error: ENOENT: no such file or directory, stat 'C:\takensoft\dev\nodejs\workspace\금오공대\favicon.ico'/n
[2023.05.09 16:22:25.469] [HTTP] / (Method: GET, IP: ::1)
[2023.05.09 16:22:25.488] [HTTP] /client/build/bundle.js (Method: GET, IP: ::1)
[2023.05.09 16:22:26.605] [HTTP] / (Method: GET, IP: ::1)
[2023.05.09 16:22:26.619] [HTTP] /client/build/bundle.js (Method: GET, IP: ::1)
[2023.05.09 16:22:27.128] [HTTP] / (Method: GET, IP: ::1)
[2023.05.09 16:22:27.141] [HTTP] /client/build/bundle.js (Method: GET, IP: ::1)
[2023.05.09 16:22:27.534] [HTTP] / (Method: GET, IP: ::1)
[2023.05.09 16:22:27.546] [HTTP] /client/build/bundle.js (Method: GET, IP: ::1)
[2023.05.09 16:22:32.032] [HTTP] / (Method: GET, IP: ::1)
[2023.05.09 16:22:32.040] [HTTP] /client/build/bundle.js (Method: GET, IP: ::1)
[2023.05.09 16:22:38.849] [HTTP] / (Method: GET, IP: ::1)
[2023.05.09 16:22:38.861] [HTTP] /client/build/bundle.js (Method: GET, IP: ::1)
[2023.05.09 16:22:40.089] [HTTP] / (Method: GET, IP: ::1)
[2023.05.09 16:22:40.104] [HTTP] /client/build/bundle.js (Method: GET, IP: ::1)
[2023.05.09 16:22:40.602] [HTTP] / (Method: GET, IP: ::1)
[2023.05.09 16:22:40.613] [HTTP] /client/build/bundle.js (Method: GET, IP: ::1)
[2023.05.09 16:22:40.897] [HTTP] / (Method: GET, IP: ::1)
[2023.05.09 16:22:40.905] [HTTP] /client/build/bundle.js (Method: GET, IP: ::1)
[2023.05.09 16:22:41.035] [HTTP] / (Method: GET, IP: ::1)
[2023.05.09 16:22:41.046] [HTTP] /client/build/bundle.js (Method: GET, IP: ::1)
[2023.05.09 16:25:34.012] [HTTP] / (Method: GET, IP: ::1)
[2023.05.09 16:25:34.022] [HTTP] /client/resources/css/reset.css (Method: GET, IP: ::1)
[2023.05.09 16:25:34.033] [HTTP] /client/resources/css/common.css (Method: GET, IP: ::1)
[2023.05.09 16:25:34.034] [HTTP] /client/build/bundle.js (Method: GET, IP: ::1)
[2023.05.09 16:26:34.640] [HTTP] / (Method: GET, IP: ::1)
[2023.05.09 16:26:34.660] [HTTP] /client/resources/css/reset.css (Method: GET, IP: ::1)
[2023.05.09 16:26:34.661] [HTTP] /client/resources/css/common.css (Method: GET, IP: ::1)
[2023.05.09 16:26:34.663] [HTTP] /client/build/bundle.js (Method: GET, IP: ::1)
[2023.05.09 16:28:27.298] [HTTP] / (Method: GET, IP: ::1)
[2023.05.09 16:28:27.309] [HTTP] /client/resources/css/reset.css (Method: GET, IP: ::1)
[2023.05.09 16:28:27.310] [HTTP] /client/resources/css/common.css (Method: GET, IP: ::1)
[2023.05.09 16:28:27.311] [HTTP] /client/build/bundle.js (Method: GET, IP: ::1)
[2023.05.09 16:29:16.111] [HTTP] / (Method: GET, IP: ::1)
[2023.05.09 16:29:16.126] [HTTP] /client/resources/css/reset.css (Method: GET, IP: ::1)
[2023.05.09 16:29:16.128] [HTTP] /client/resources/css/common.css (Method: GET, IP: ::1)
[2023.05.09 16:29:16.131] [HTTP] /client/build/bundle.js (Method: GET, IP: ::1)
[2023.05.09 16:29:17.815] [HTTP] / (Method: GET, IP: ::1)
[2023.05.09 16:29:17.827] [HTTP] /client/resources/css/reset.css (Method: GET, IP: ::1)
[2023.05.09 16:29:17.829] [HTTP] /client/resources/css/common.css (Method: GET, IP: ::1)
[2023.05.09 16:29:17.831] [HTTP] /client/build/bundle.js (Method: GET, IP: ::1)
[2023.05.09 16:29:18.586] [HTTP] / (Method: GET, IP: ::1)
[2023.05.09 16:29:18.601] [HTTP] /client/resources/css/reset.css (Method: GET, IP: ::1)
[2023.05.09 16:29:18.603] [HTTP] /client/resources/css/common.css (Method: GET, IP: ::1)
[2023.05.09 16:29:18.606] [HTTP] /client/build/bundle.js (Method: GET, IP: ::1)
[2023.05.09 16:29:19.275] [HTTP] / (Method: GET, IP: ::1)
[2023.05.09 16:29:19.290] [HTTP] /client/resources/css/reset.css (Method: GET, IP: ::1)
[2023.05.09 16:29:19.294] [HTTP] /client/resources/css/common.css (Method: GET, IP: ::1)
[2023.05.09 16:29:19.296] [HTTP] /client/build/bundle.js (Method: GET, IP: ::1)
[2023.05.09 16:29:19.878] [HTTP] / (Method: GET, IP: ::1)
[2023.05.09 16:29:19.892] [HTTP] /client/resources/css/reset.css (Method: GET, IP: ::1)
[2023.05.09 16:29:19.894] [HTTP] /client/resources/css/common.css (Method: GET, IP: ::1)
[2023.05.09 16:29:19.895] [HTTP] /client/build/bundle.js (Method: GET, IP: ::1)
[2023.05.09 16:29:20.458] [HTTP] / (Method: GET, IP: ::1)
[2023.05.09 16:29:20.475] [HTTP] /client/resources/css/reset.css (Method: GET, IP: ::1)
[2023.05.09 16:29:20.478] [HTTP] /client/resources/css/common.css (Method: GET, IP: ::1)
[2023.05.09 16:29:20.479] [HTTP] /client/build/bundle.js (Method: GET, IP: ::1)
[2023.05.09 16:29:26.384] [HTTP] / (Method: GET, IP: ::1)
[2023.05.09 16:29:26.396] [HTTP] /client/resources/css/reset.css (Method: GET, IP: ::1)
[2023.05.09 16:29:26.398] [HTTP] /client/resources/css/common.css (Method: GET, IP: ::1)
[2023.05.09 16:29:26.400] [HTTP] /client/build/bundle.js (Method: GET, IP: ::1)
[2023.05.09 16:29:27.012] [HTTP] / (Method: GET, IP: ::1)
[2023.05.09 16:29:27.024] [HTTP] /client/resources/css/reset.css (Method: GET, IP: ::1)
[2023.05.09 16:29:27.027] [HTTP] /client/resources/css/common.css (Method: GET, IP: ::1)
[2023.05.09 16:29:27.028] [HTTP] /client/build/bundle.js (Method: GET, IP: ::1)
[2023.05.09 16:29:27.410] [HTTP] / (Method: GET, IP: ::1)
[2023.05.09 16:29:27.425] [HTTP] /client/resources/css/reset.css (Method: GET, IP: ::1)
[2023.05.09 16:29:27.426] [HTTP] /client/resources/css/common.css (Method: GET, IP: ::1)
[2023.05.09 16:29:27.427] [HTTP] /client/build/bundle.js (Method: GET, IP: ::1)
[2023.05.09 16:30:14.889] [HTTP] / (Method: GET, IP: ::1)
[2023.05.09 16:30:14.904] [HTTP] /client/resources/css/reset.css (Method: GET, IP: ::1)
[2023.05.09 16:30:14.906] [HTTP] /client/resources/css/common.css (Method: GET, IP: ::1)
[2023.05.09 16:30:14.908] [HTTP] /client/build/bundle.js (Method: GET, IP: ::1)
[2023.05.09 16:30:33.859] [HTTP] / (Method: GET, IP: ::1)
[2023.05.09 16:30:33.875] [HTTP] /client/resources/css/reset.css (Method: GET, IP: ::1)
[2023.05.09 16:30:33.878] [HTTP] /client/resources/css/common.css (Method: GET, IP: ::1)
[2023.05.09 16:30:33.879] [HTTP] /client/build/bundle.js (Method: GET, IP: ::1)
[2023.05.09 16:33:24.041] [HTTP] / (Method: GET, IP: ::1)
[2023.05.09 16:33:24.055] [HTTP] /client/resources/css/reset.css (Method: GET, IP: ::1)
[2023.05.09 16:33:24.058] [HTTP] /client/resources/css/common.css (Method: GET, IP: ::1)
[2023.05.09 16:33:24.060] [HTTP] /client/build/bundle.js (Method: GET, IP: ::1)
[2023.05.09 16:34:16.460] [HTTP] / (Method: GET, IP: ::1)
[2023.05.09 16:34:16.477] [HTTP] /client/resources/css/reset.css (Method: GET, IP: ::1)
[2023.05.09 16:34:16.479] [HTTP] /client/resources/css/common.css (Method: GET, IP: ::1)
[2023.05.09 16:34:16.481] [HTTP] /client/build/bundle.js (Method: GET, IP: ::1)
[2023.05.09 16:34:22.491] [HTTP] / (Method: GET, IP: ::1)
[2023.05.09 16:34:22.504] [HTTP] /client/resources/css/reset.css (Method: GET, IP: ::1)
[2023.05.09 16:34:22.507] [HTTP] /client/resources/css/common.css (Method: GET, IP: ::1)
[2023.05.09 16:34:22.509] [HTTP] /client/build/bundle.js (Method: GET, IP: ::1)
[2023.05.09 16:34:36.395] [HTTP] / (Method: GET, IP: ::1)
[2023.05.09 16:34:36.411] [HTTP] /client/resources/css/reset.css (Method: GET, IP: ::1)
[2023.05.09 16:34:36.414] [HTTP] /client/resources/css/common.css (Method: GET, IP: ::1)
[2023.05.09 16:34:36.416] [HTTP] /client/build/bundle.js (Method: GET, IP: ::1)
[2023.05.09 16:35:24.347] [HTTP] / (Method: GET, IP: ::1)
[2023.05.09 16:35:24.363] [HTTP] /client/resources/css/reset.css (Method: GET, IP: ::1)
[2023.05.09 16:35:24.365] [HTTP] /client/resources/css/common.css (Method: GET, IP: ::1)
[2023.05.09 16:35:24.366] [HTTP] /client/build/bundle.js (Method: GET, IP: ::1)
[2023.05.09 16:35:26.644] [HTTP] / (Method: GET, IP: ::1)
[2023.05.09 16:35:26.662] [HTTP] /client/resources/css/reset.css (Method: GET, IP: ::1)
[2023.05.09 16:35:26.664] [HTTP] /client/resources/css/common.css (Method: GET, IP: ::1)
[2023.05.09 16:35:26.666] [HTTP] /client/build/bundle.js (Method: GET, IP: ::1)
[2023.05.09 16:35:27.245] [HTTP] / (Method: GET, IP: ::1)
[2023.05.09 16:35:27.260] [HTTP] /client/resources/css/reset.css (Method: GET, IP: ::1)
[2023.05.09 16:35:27.263] [HTTP] /client/resources/css/common.css (Method: GET, IP: ::1)
[2023.05.09 16:35:27.265] [HTTP] /client/build/bundle.js (Method: GET, IP: ::1)
[2023.05.09 16:35:27.828] [HTTP] / (Method: GET, IP: ::1)
[2023.05.09 16:35:27.844] [HTTP] /client/resources/css/reset.css (Method: GET, IP: ::1)
[2023.05.09 16:35:27.846] [HTTP] /client/resources/css/common.css (Method: GET, IP: ::1)
[2023.05.09 16:35:27.847] [HTTP] /client/build/bundle.js (Method: GET, IP: ::1)
[2023.05.09 16:35:38.323] [HTTP] / (Method: GET, IP: ::1)
[2023.05.09 16:35:38.334] [HTTP] /client/resources/css/reset.css (Method: GET, IP: ::1)
[2023.05.09 16:35:38.336] [HTTP] /client/resources/css/common.css (Method: GET, IP: ::1)
[2023.05.09 16:35:38.338] [HTTP] /client/build/bundle.js (Method: GET, IP: ::1)
[2023.05.09 16:35:39.111] [HTTP] / (Method: GET, IP: ::1)
[2023.05.09 16:35:39.127] [HTTP] /client/resources/css/reset.css (Method: GET, IP: ::1)
[2023.05.09 16:35:39.130] [HTTP] /client/resources/css/common.css (Method: GET, IP: ::1)
[2023.05.09 16:35:39.131] [HTTP] /client/build/bundle.js (Method: GET, IP: ::1)
[2023.05.09 16:35:50.672] [HTTP] / (Method: GET, IP: ::1)
[2023.05.09 16:35:50.685] [HTTP] /client/resources/css/reset.css (Method: GET, IP: ::1)
[2023.05.09 16:35:50.687] [HTTP] /client/resources/css/common.css (Method: GET, IP: ::1)
[2023.05.09 16:35:50.689] [HTTP] /client/build/bundle.js (Method: GET, IP: ::1)
[2023.05.09 16:35:54.358] [HTTP] / (Method: GET, IP: ::1)
[2023.05.09 16:35:54.373] [HTTP] /client/resources/css/reset.css (Method: GET, IP: ::1)
[2023.05.09 16:35:54.377] [HTTP] /client/resources/css/common.css (Method: GET, IP: ::1)
[2023.05.09 16:35:54.380] [HTTP] /client/build/bundle.js (Method: GET, IP: ::1)
[2023.05.09 16:35:55.046] [HTTP] / (Method: GET, IP: ::1)
[2023.05.09 16:35:55.056] [HTTP] /client/resources/css/reset.css (Method: GET, IP: ::1)
[2023.05.09 16:35:55.058] [HTTP] /client/resources/css/common.css (Method: GET, IP: ::1)
[2023.05.09 16:35:55.060] [HTTP] /client/build/bundle.js (Method: GET, IP: ::1)
[2023.05.09 16:35:55.679] [HTTP] / (Method: GET, IP: ::1)
[2023.05.09 16:35:55.696] [HTTP] /client/resources/css/reset.css (Method: GET, IP: ::1)
[2023.05.09 16:35:55.699] [HTTP] /client/resources/css/common.css (Method: GET, IP: ::1)
[2023.05.09 16:35:55.701] [HTTP] /client/build/bundle.js (Method: GET, IP: ::1)
[2023.05.09 16:35:56.096] [HTTP] / (Method: GET, IP: ::1)
[2023.05.09 16:35:56.110] [HTTP] /client/resources/css/reset.css (Method: GET, IP: ::1)
[2023.05.09 16:35:56.113] [HTTP] /client/resources/css/common.css (Method: GET, IP: ::1)
[2023.05.09 16:35:56.115] [HTTP] /client/build/bundle.js (Method: GET, IP: ::1)
[2023.05.09 16:35:56.318] [HTTP] / (Method: GET, IP: ::1)
[2023.05.09 16:35:56.328] [HTTP] /client/resources/css/reset.css (Method: GET, IP: ::1)
[2023.05.09 16:35:56.330] [HTTP] /client/resources/css/common.css (Method: GET, IP: ::1)
[2023.05.09 16:35:56.331] [HTTP] /client/build/bundle.js (Method: GET, IP: ::1)
[2023.05.09 16:36:13.891] [HTTP] / (Method: GET, IP: ::1)
[2023.05.09 16:36:13.903] [HTTP] /client/resources/css/reset.css (Method: GET, IP: ::1)
[2023.05.09 16:36:13.906] [HTTP] /client/resources/css/common.css (Method: GET, IP: ::1)
[2023.05.09 16:36:13.909] [HTTP] /client/build/bundle.js (Method: GET, IP: ::1)
[2023.05.09 16:36:14.798] [HTTP] / (Method: GET, IP: ::1)
[2023.05.09 16:36:14.811] [HTTP] /client/resources/css/reset.css (Method: GET, IP: ::1)
[2023.05.09 16:36:14.813] [HTTP] /client/resources/css/common.css (Method: GET, IP: ::1)
[2023.05.09 16:36:14.816] [HTTP] /client/build/bundle.js (Method: GET, IP: ::1)
[2023.05.09 16:36:34.859] [HTTP] / (Method: GET, IP: ::1)
[2023.05.09 16:36:34.871] [HTTP] /client/resources/css/reset.css (Method: GET, IP: ::1)
[2023.05.09 16:36:34.873] [HTTP] /client/resources/css/common.css (Method: GET, IP: ::1)
[2023.05.09 16:36:34.875] [HTTP] /client/build/bundle.js (Method: GET, IP: ::1)
[2023.05.09 16:36:35.210] [HTTP] / (Method: GET, IP: ::1)
[2023.05.09 16:36:35.224] [HTTP] /client/resources/css/reset.css (Method: GET, IP: ::1)
[2023.05.09 16:36:35.226] [HTTP] /client/resources/css/common.css (Method: GET, IP: ::1)
[2023.05.09 16:36:35.228] [HTTP] /client/build/bundle.js (Method: GET, IP: ::1)
[2023.05.09 16:37:08.781] [HTTP] / (Method: GET, IP: ::1)
[2023.05.09 16:37:08.797] [HTTP] /client/resources/css/reset.css (Method: GET, IP: ::1)
[2023.05.09 16:37:08.799] [HTTP] /client/resources/css/common.css (Method: GET, IP: ::1)
[2023.05.09 16:37:08.800] [HTTP] /client/build/bundle.js (Method: GET, IP: ::1)
[2023.05.09 16:37:38.511] [HTTP] / (Method: GET, IP: ::1)
[2023.05.09 16:37:38.524] [HTTP] /client/resources/css/reset.css (Method: GET, IP: ::1)
[2023.05.09 16:37:38.526] [HTTP] /client/resources/css/common.css (Method: GET, IP: ::1)
[2023.05.09 16:37:38.529] [HTTP] /client/build/bundle.js (Method: GET, IP: ::1)
[2023.05.09 16:38:09.447] [HTTP] / (Method: GET, IP: ::1)
[2023.05.09 16:38:09.458] [HTTP] /client/resources/css/reset.css (Method: GET, IP: ::1)
[2023.05.09 16:38:09.464] [HTTP] /client/resources/css/common.css (Method: GET, IP: ::1)
[2023.05.09 16:38:09.467] [HTTP] /client/build/bundle.js (Method: GET, IP: ::1)
[2023.05.09 16:39:11.397] [HTTP] / (Method: GET, IP: ::1)
[2023.05.09 16:39:11.410] [HTTP] /client/resources/css/reset.css (Method: GET, IP: ::1)
[2023.05.09 16:39:11.412] [HTTP] /client/resources/css/common.css (Method: GET, IP: ::1)
[2023.05.09 16:39:11.414] [HTTP] /client/build/bundle.js (Method: GET, IP: ::1)
[2023.05.09 16:39:25.795] [HTTP] / (Method: GET, IP: ::1)
[2023.05.09 16:39:25.805] [HTTP] /client/resources/css/reset.css (Method: GET, IP: ::1)
[2023.05.09 16:39:25.807] [HTTP] /client/resources/css/common.css (Method: GET, IP: ::1)
[2023.05.09 16:39:25.808] [HTTP] /client/build/bundle.js (Method: GET, IP: ::1)
[2023.05.09 16:39:43.167] [HTTP] / (Method: GET, IP: ::1)
[2023.05.09 16:39:43.192] [HTTP] /client/resources/css/reset.css (Method: GET, IP: ::1)
[2023.05.09 16:39:43.194] [HTTP] /client/resources/css/common.css (Method: GET, IP: ::1)
[2023.05.09 16:39:43.196] [HTTP] /client/build/bundle.js (Method: GET, IP: ::1)
[2023.05.09 16:39:53.936] [HTTP] / (Method: GET, IP: ::1)
[2023.05.09 16:39:53.953] [HTTP] /client/resources/css/reset.css (Method: GET, IP: ::1)
[2023.05.09 16:39:53.955] [HTTP] /client/resources/css/common.css (Method: GET, IP: ::1)
[2023.05.09 16:39:53.957] [HTTP] /client/build/bundle.js (Method: GET, IP: ::1)
[2023.05.09 16:40:03.078] [HTTP] / (Method: GET, IP: ::1)
[2023.05.09 16:40:03.092] [HTTP] /client/resources/css/reset.css (Method: GET, IP: ::1)
[2023.05.09 16:40:03.094] [HTTP] /client/resources/css/common.css (Method: GET, IP: ::1)
[2023.05.09 16:40:03.097] [HTTP] /client/build/bundle.js (Method: GET, IP: ::1)
[2023.05.09 16:40:04.468] [HTTP] / (Method: GET, IP: ::1)
[2023.05.09 16:40:04.482] [HTTP] /client/resources/css/reset.css (Method: GET, IP: ::1)
[2023.05.09 16:40:04.484] [HTTP] /client/resources/css/common.css (Method: GET, IP: ::1)
[2023.05.09 16:40:04.485] [HTTP] /client/build/bundle.js (Method: GET, IP: ::1)
[2023.05.09 16:40:04.927] [HTTP] / (Method: GET, IP: ::1)
[2023.05.09 16:40:04.937] [HTTP] /client/resources/css/reset.css (Method: GET, IP: ::1)
[2023.05.09 16:40:04.943] [HTTP] /client/resources/css/common.css (Method: GET, IP: ::1)
[2023.05.09 16:40:04.944] [HTTP] /client/build/bundle.js (Method: GET, IP: ::1)
[2023.05.09 16:40:05.385] [HTTP] / (Method: GET, IP: ::1)
[2023.05.09 16:40:05.398] [HTTP] /client/resources/css/reset.css (Method: GET, IP: ::1)
[2023.05.09 16:40:05.401] [HTTP] /client/resources/css/common.css (Method: GET, IP: ::1)
[2023.05.09 16:40:05.403] [HTTP] /client/build/bundle.js (Method: GET, IP: ::1)
[2023.05.09 16:40:11.251] [HTTP] / (Method: GET, IP: ::1)
[2023.05.09 16:40:11.268] [HTTP] /client/resources/css/reset.css (Method: GET, IP: ::1)
[2023.05.09 16:40:11.270] [HTTP] /client/resources/css/common.css (Method: GET, IP: ::1)
[2023.05.09 16:40:11.271] [HTTP] /client/build/bundle.js (Method: GET, IP: ::1)
[2023.05.09 16:40:15.381] [HTTP] / (Method: GET, IP: ::1)
[2023.05.09 16:40:15.395] [HTTP] /client/resources/css/reset.css (Method: GET, IP: ::1)
[2023.05.09 16:40:15.397] [HTTP] /client/resources/css/common.css (Method: GET, IP: ::1)
[2023.05.09 16:40:15.398] [HTTP] /client/build/bundle.js (Method: GET, IP: ::1)
[2023.05.09 16:40:16.088] [HTTP] / (Method: GET, IP: ::1)
[2023.05.09 16:40:16.105] [HTTP] /client/resources/css/reset.css (Method: GET, IP: ::1)
[2023.05.09 16:40:16.107] [HTTP] /client/resources/css/common.css (Method: GET, IP: ::1)
[2023.05.09 16:40:16.111] [HTTP] /client/build/bundle.js (Method: GET, IP: ::1)
[2023.05.09 16:40:25.862] [HTTP] / (Method: GET, IP: ::1)
[2023.05.09 16:40:25.878] [HTTP] /client/resources/css/reset.css (Method: GET, IP: ::1)
[2023.05.09 16:40:25.881] [HTTP] /client/resources/css/common.css (Method: GET, IP: ::1)
[2023.05.09 16:40:25.884] [HTTP] /client/build/bundle.js (Method: GET, IP: ::1)
[2023.05.09 16:42:32.621] [HTTP] / (Method: GET, IP: ::1)
[2023.05.09 16:42:32.634] [HTTP] /client/resources/css/reset.css (Method: GET, IP: ::1)
[2023.05.09 16:42:32.636] [HTTP] /client/resources/css/common.css (Method: GET, IP: ::1)
[2023.05.09 16:42:32.638] [HTTP] /client/build/bundle.js (Method: GET, IP: ::1)
[2023.05.09 16:42:59.845] [HTTP] /main2 (Method: GET, IP: ::1)
[2023.05.09 16:43:01.503] [HTTP] /main2 (Method: GET, IP: ::1)
[2023.05.09 16:44:29.029] [HTTP] /main2 (Method: GET, IP: ::1)
[2023.05.09 16:44:33.768] [HTTP] /main2 (Method: GET, IP: ::1)
[2023.05.09 16:46:40.723] [HTTP] /main2 (Method: GET, IP: ::1)
[2023.05.09 16:46:48.104] [HTTP] / (Method: GET, IP: ::1)
[2023.05.09 16:46:48.120] [HTTP] /client/resources/css/reset.css (Method: GET, IP: ::1)
[2023.05.09 16:46:48.122] [HTTP] /client/resources/css/common.css (Method: GET, IP: ::1)
[2023.05.09 16:46:48.124] [HTTP] /client/build/bundle.js (Method: GET, IP: ::1)
[2023.05.09 16:47:23.850] [HTTP] /Dashboard2 (Method: GET, IP: ::1)
[2023.05.09 16:47:26.074] [HTTP] /Dashboard2 (Method: GET, IP: ::1)
[2023.05.09 16:47:31.567] [HTTP] / (Method: GET, IP: ::1)
[2023.05.09 16:47:31.583] [HTTP] /client/resources/css/reset.css (Method: GET, IP: ::1)
[2023.05.09 16:47:31.584] [HTTP] /client/resources/css/common.css (Method: GET, IP: ::1)
[2023.05.09 16:47:31.586] [HTTP] /client/build/bundle.js (Method: GET, IP: ::1)
[2023.05.09 16:47:40.019] [HTTP] /Dashboard2 (Method: GET, IP: ::1)
[2023.05.09 16:48:07.640] [HTTP] /Dashboard2 (Method: GET, IP: ::1)
[2023.05.09 16:48:08.461] [HTTP] /Dashboard2 (Method: GET, IP: ::1)
[2023.05.09 16:48:09.788] [HTTP] /Dashboard2 (Method: GET, IP: ::1)
[2023.05.09 16:50:07.506] [HTTP] /Dashboard2 (Method: GET, IP: ::1)
[2023.05.09 16:50:08.225] [HTTP] /Dashboard2 (Method: GET, IP: ::1)
[2023.05.09 16:50:08.633] [HTTP] /Dashboard2 (Method: GET, IP: ::1)
[2023.05.09 16:50:08.803] [HTTP] /Dashboard2 (Method: GET, IP: ::1)
[2023.05.09 16:51:10.941] [HTTP] /Dashboard2 (Method: GET, IP: ::1)
[2023.05.09 16:51:11.685] [HTTP] /Dashboard2 (Method: GET, IP: ::1)
[2023.05.09 16:51:14.937] [HTTP] / (Method: GET, IP: ::1)
[2023.05.09 16:51:14.955] [HTTP] /client/resources/css/reset.css (Method: GET, IP: ::1)
[2023.05.09 16:51:14.957] [HTTP] /client/resources/css/common.css (Method: GET, IP: ::1)
[2023.05.09 16:51:14.958] [HTTP] /client/build/bundle.js (Method: GET, IP: ::1)
[2023.05.09 16:51:46.954] [HTTP] /Main (Method: GET, IP: ::1)
[2023.05.09 16:51:48.162] [HTTP] /Main (Method: GET, IP: ::1)
[2023.05.09 16:51:48.412] [HTTP] /Main (Method: GET, IP: ::1)
[2023.05.09 16:51:48.538] [HTTP] /Main (Method: GET, IP: ::1)
[2023.05.09 16:54:21.177] [HTTP] / (Method: GET, IP: ::1)
[2023.05.09 16:54:21.194] [HTTP] /client/resources/css/reset.css (Method: GET, IP: ::1)
[2023.05.09 16:54:21.197] [HTTP] /client/resources/css/common.css (Method: GET, IP: ::1)
[2023.05.09 16:54:21.200] [HTTP] /client/build/bundle.js (Method: GET, IP: ::1)
[2023.05.09 16:54:29.338] [HTTP] /Dashboard2 (Method: GET, IP: ::1)
[2023.05.09 16:56:39.273] [HTTP] /Dashboard2 (Method: GET, IP: ::1)
[2023.05.09 16:56:40.014] [HTTP] /Dashboard2 (Method: GET, IP: ::1)
[2023.05.09 16:56:44.872] [HTTP] / (Method: GET, IP: ::1)
[2023.05.09 16:56:44.891] [HTTP] /client/resources/css/reset.css (Method: GET, IP: ::1)
[2023.05.09 16:56:44.894] [HTTP] /client/resources/css/common.css (Method: GET, IP: ::1)
[2023.05.09 16:56:44.895] [HTTP] /client/build/bundle.js (Method: GET, IP: ::1)
[2023.05.09 16:56:51.324] [HTTP] /Dashboard2 (Method: GET, IP: ::1)
[2023.05.09 16:58:31.984] [HTTP] /Dashboard2 (Method: GET, IP: ::1)
[2023.05.09 16:58:32.794] [HTTP] /Dashboard2 (Method: GET, IP: ::1)
[2023.05.09 16:58:35.624] [HTTP] / (Method: GET, IP: ::1)
[2023.05.09 16:58:35.643] [HTTP] /client/resources/css/reset.css (Method: GET, IP: ::1)
[2023.05.09 16:58:35.646] [HTTP] /client/resources/css/common.css (Method: GET, IP: ::1)
[2023.05.09 16:58:35.647] [HTTP] /client/build/bundle.js (Method: GET, IP: ::1)
[2023.05.09 16:58:38.432] [HTTP] / (Method: GET, IP: ::1)
[2023.05.09 16:58:38.442] [HTTP] /client/resources/css/reset.css (Method: GET, IP: ::1)
[2023.05.09 16:58:38.444] [HTTP] /client/resources/css/common.css (Method: GET, IP: ::1)
[2023.05.09 16:58:38.445] [HTTP] /client/build/bundle.js (Method: GET, IP: ::1)
[2023.05.09 16:58:50.616] [HTTP] / (Method: GET, IP: ::1)
[2023.05.09 16:58:50.626] [HTTP] /client/resources/css/reset.css (Method: GET, IP: ::1)
[2023.05.09 16:58:50.628] [HTTP] /client/resources/css/common.css (Method: GET, IP: ::1)
[2023.05.09 16:58:50.630] [HTTP] /client/build/bundle.js (Method: GET, IP: ::1)
[2023.05.09 16:58:51.374] [HTTP] / (Method: GET, IP: ::1)
[2023.05.09 16:58:51.387] [HTTP] /client/resources/css/reset.css (Method: GET, IP: ::1)
[2023.05.09 16:58:51.389] [HTTP] /client/resources/css/common.css (Method: GET, IP: ::1)
[2023.05.09 16:58:51.391] [HTTP] /client/build/bundle.js (Method: GET, IP: ::1)
[2023.05.09 16:58:56.030] [HTTP] / (Method: GET, IP: ::1)
[2023.05.09 16:58:56.041] [HTTP] /client/resources/css/reset.css (Method: GET, IP: ::1)
[2023.05.09 16:58:56.043] [HTTP] /client/resources/css/common.css (Method: GET, IP: ::1)
[2023.05.09 16:58:56.044] [HTTP] /client/build/bundle.js (Method: GET, IP: ::1)
[2023.05.09 16:58:56.708] [HTTP] / (Method: GET, IP: ::1)
[2023.05.09 16:58:56.720] [HTTP] /client/resources/css/reset.css (Method: GET, IP: ::1)
[2023.05.09 16:58:56.722] [HTTP] /client/resources/css/common.css (Method: GET, IP: ::1)
[2023.05.09 16:58:56.724] [HTTP] /client/build/bundle.js (Method: GET, IP: ::1)
[2023.05.09 16:58:57.628] [HTTP] / (Method: GET, IP: ::1)
[2023.05.09 16:58:57.640] [HTTP] /client/resources/css/reset.css (Method: GET, IP: ::1)
[2023.05.09 16:58:57.643] [HTTP] /client/resources/css/common.css (Method: GET, IP: ::1)
[2023.05.09 16:58:57.644] [HTTP] /client/build/bundle.js (Method: GET, IP: ::1)
[2023.05.09 16:58:58.300] [HTTP] / (Method: GET, IP: ::1)
[2023.05.09 16:58:58.311] [HTTP] /client/resources/css/reset.css (Method: GET, IP: ::1)
[2023.05.09 16:58:58.313] [HTTP] /client/resources/css/common.css (Method: GET, IP: ::1)
[2023.05.09 16:58:58.315] [HTTP] /client/build/bundle.js (Method: GET, IP: ::1)
[2023.05.09 16:58:58.788] [HTTP] / (Method: GET, IP: ::1)
[2023.05.09 16:58:58.800] [HTTP] /client/resources/css/reset.css (Method: GET, IP: ::1)
[2023.05.09 16:58:58.802] [HTTP] /client/resources/css/common.css (Method: GET, IP: ::1)
[2023.05.09 16:58:58.804] [HTTP] /client/build/bundle.js (Method: GET, IP: ::1)
[2023.05.09 16:58:58.986] [HTTP] / (Method: GET, IP: ::1)
[2023.05.09 16:58:58.997] [HTTP] /client/resources/css/reset.css (Method: GET, IP: ::1)
[2023.05.09 16:58:58.998] [HTTP] /client/resources/css/common.css (Method: GET, IP: ::1)
[2023.05.09 16:58:58.999] [HTTP] /client/build/bundle.js (Method: GET, IP: ::1)
[2023.05.09 17:01:33.241] [HTTP] / (Method: GET, IP: ::1)
[2023.05.09 17:01:33.252] [HTTP] /client/resources/css/reset.css (Method: GET, IP: ::1)
[2023.05.09 17:01:33.254] [HTTP] /client/resources/css/common.css (Method: GET, IP: ::1)
[2023.05.09 17:01:33.255] [HTTP] /client/build/bundle.js (Method: GET, IP: ::1)
[2023.05.09 17:01:34.136] [HTTP] / (Method: GET, IP: ::1)
[2023.05.09 17:01:34.144] [HTTP] /client/resources/css/reset.css (Method: GET, IP: ::1)
[2023.05.09 17:01:34.146] [HTTP] /client/resources/css/common.css (Method: GET, IP: ::1)
[2023.05.09 17:01:34.147] [HTTP] /client/build/bundle.js (Method: GET, IP: ::1)
[2023.05.09 17:01:39.385] [HTTP] / (Method: GET, IP: ::1)
[2023.05.09 17:01:39.397] [HTTP] /client/resources/css/reset.css (Method: GET, IP: ::1)
[2023.05.09 17:01:39.398] [HTTP] /client/resources/css/common.css (Method: GET, IP: ::1)
[2023.05.09 17:01:39.400] [HTTP] /client/build/bundle.js (Method: GET, IP: ::1)
[2023.05.09 17:01:50.613] [HTTP] / (Method: GET, IP: ::1)
[2023.05.09 17:01:50.627] [HTTP] /client/resources/css/reset.css (Method: GET, IP: ::1)
[2023.05.09 17:01:50.629] [HTTP] /client/resources/css/common.css (Method: GET, IP: ::1)
[2023.05.09 17:01:50.630] [HTTP] /client/build/bundle.js (Method: GET, IP: ::1)
[2023.05.09 17:01:51.209] [HTTP] / (Method: GET, IP: ::1)
[2023.05.09 17:01:51.220] [HTTP] /client/resources/css/reset.css (Method: GET, IP: ::1)
[2023.05.09 17:01:51.221] [HTTP] /client/resources/css/common.css (Method: GET, IP: ::1)
[2023.05.09 17:01:51.223] [HTTP] /client/build/bundle.js (Method: GET, IP: ::1)
[2023.05.09 17:01:51.610] [HTTP] / (Method: GET, IP: ::1)
[2023.05.09 17:01:51.623] [HTTP] /client/resources/css/reset.css (Method: GET, IP: ::1)
[2023.05.09 17:01:51.625] [HTTP] /client/resources/css/common.css (Method: GET, IP: ::1)
[2023.05.09 17:01:51.626] [HTTP] /client/build/bundle.js (Method: GET, IP: ::1)
[2023.05.09 17:03:05.608] [HTTP] / (Method: GET, IP: ::1)
[2023.05.09 17:03:05.620] [HTTP] /client/resources/css/reset.css (Method: GET, IP: ::1)
[2023.05.09 17:03:05.621] [HTTP] /client/resources/css/common.css (Method: GET, IP: ::1)
[2023.05.09 17:03:05.625] [HTTP] /client/build/bundle.js (Method: GET, IP: ::1)
[2023.05.09 17:03:13.710] [HTTP] / (Method: GET, IP: ::1)
[2023.05.09 17:03:13.724] [HTTP] /client/resources/css/reset.css (Method: GET, IP: ::1)
[2023.05.09 17:03:13.725] [HTTP] /client/resources/css/common.css (Method: GET, IP: ::1)
[2023.05.09 17:03:13.728] [HTTP] /client/build/bundle.js (Method: GET, IP: ::1)
[2023.05.09 17:07:31.431] [HTTP] /Dashboard2 (Method: GET, IP: ::1)
[2023.05.09 17:07:44.247] [HTTP] / (Method: GET, IP: ::1)
[2023.05.09 17:07:44.265] [HTTP] /client/resources/css/reset.css (Method: GET, IP: ::1)
[2023.05.09 17:07:44.266] [HTTP] /client/resources/css/common.css (Method: GET, IP: ::1)
[2023.05.09 17:07:44.268] [HTTP] /client/build/bundle.js (Method: GET, IP: ::1)
[2023.05.09 17:08:32.915] [HTTP] / (Method: GET, IP: ::1)
[2023.05.09 17:08:32.929] [HTTP] /client/resources/css/reset.css (Method: GET, IP: ::1)
[2023.05.09 17:08:32.930] [HTTP] /client/resources/css/common.css (Method: GET, IP: ::1)
[2023.05.09 17:08:32.931] [HTTP] /client/build/bundle.js (Method: GET, IP: ::1)
[2023.05.09 17:08:47.331] [HTTP] / (Method: GET, IP: ::1)
[2023.05.09 17:08:47.346] [HTTP] /client/resources/css/reset.css (Method: GET, IP: ::1)
[2023.05.09 17:08:47.348] [HTTP] /client/resources/css/common.css (Method: GET, IP: ::1)
[2023.05.09 17:08:47.349] [HTTP] /client/build/bundle.js (Method: GET, IP: ::1)
[2023.05.09 17:09:08.727] [HTTP] / (Method: GET, IP: ::1)
[2023.05.09 17:09:08.740] [HTTP] /client/resources/css/reset.css (Method: GET, IP: ::1)
[2023.05.09 17:09:08.741] [HTTP] /client/resources/css/common.css (Method: GET, IP: ::1)
[2023.05.09 17:09:08.743] [HTTP] /client/build/bundle.js (Method: GET, IP: ::1)
[2023.05.09 17:13:09.218] [HTTP] / (Method: GET, IP: ::1)
[2023.05.09 17:13:09.231] [HTTP] /client/resources/css/reset.css (Method: GET, IP: ::1)
[2023.05.09 17:13:09.235] [HTTP] /client/resources/css/common.css (Method: GET, IP: ::1)
[2023.05.09 17:13:09.236] [HTTP] /client/build/bundle.js (Method: GET, IP: ::1)
[2023.05.09 17:13:31.923] [HTTP] / (Method: GET, IP: ::1)
[2023.05.09 17:13:31.939] [HTTP] /client/resources/css/reset.css (Method: GET, IP: ::1)
[2023.05.09 17:13:31.940] [HTTP] /client/resources/css/common.css (Method: GET, IP: ::1)
[2023.05.09 17:13:31.941] [HTTP] /client/build/bundle.js (Method: GET, IP: ::1)
[2023.05.09 17:23:47.619] [HTTP] / (Method: GET, IP: ::1)
[2023.05.09 17:23:47.636] [HTTP] /client/resources/css/reset.css (Method: GET, IP: ::1)
[2023.05.09 17:23:47.638] [HTTP] /client/resources/css/common.css (Method: GET, IP: ::1)
[2023.05.09 17:23:47.640] [HTTP] /client/build/bundle.js (Method: GET, IP: ::1)
[2023.05.09 17:26:39.732] [HTTP] / (Method: GET, IP: ::1)
[2023.05.09 17:26:39.743] [HTTP] /client/resources/css/reset.css (Method: GET, IP: ::1)
[2023.05.09 17:26:39.748] [HTTP] /client/resources/css/common.css (Method: GET, IP: ::1)
[2023.05.09 17:26:39.749] [HTTP] /client/build/bundle.js (Method: GET, IP: ::1)
[2023.05.09 17:26:41.152] [HTTP] / (Method: GET, IP: ::1)
[2023.05.09 17:26:41.166] [HTTP] /client/resources/css/reset.css (Method: GET, IP: ::1)
[2023.05.09 17:26:41.168] [HTTP] /client/resources/css/common.css (Method: GET, IP: ::1)
[2023.05.09 17:26:41.170] [HTTP] /client/build/bundle.js (Method: GET, IP: ::1)
[2023.05.09 18:00:43.299] [HTTP] / (Method: GET, IP: ::1)
[2023.05.09 18:00:43.314] [HTTP] /client/resources/css/reset.css (Method: GET, IP: ::1)
[2023.05.09 18:00:43.318] [HTTP] /client/resources/css/common.css (Method: GET, IP: ::1)
[2023.05.09 18:00:43.320] [HTTP] /client/build/bundle.js (Method: GET, IP: ::1)
[2023.05.09 18:01:31.001] [HTTP] / (Method: GET, IP: ::1)
[2023.05.09 18:01:31.019] [HTTP] /client/resources/css/reset.css (Method: GET, IP: ::1)
[2023.05.09 18:01:31.021] [HTTP] /client/resources/css/common.css (Method: GET, IP: ::1)
[2023.05.09 18:01:31.022] [HTTP] /client/build/bundle.js (Method: GET, IP: ::1)
[2023.05.09 18:03:18.526] [HTTP] / (Method: GET, IP: ::1)
[2023.05.09 18:03:18.541] [HTTP] /client/resources/css/reset.css (Method: GET, IP: ::1)
[2023.05.09 18:03:18.543] [HTTP] /client/resources/css/common.css (Method: GET, IP: ::1)
[2023.05.09 18:03:18.545] [HTTP] /client/build/bundle.js (Method: GET, IP: ::1)
[2023.05.09 18:03:37.032] [HTTP] / (Method: GET, IP: ::1)
[2023.05.09 18:03:37.042] [HTTP] /client/resources/css/reset.css (Method: GET, IP: ::1)
[2023.05.09 18:03:37.044] [HTTP] /client/resources/css/common.css (Method: GET, IP: ::1)
[2023.05.09 18:03:37.045] [HTTP] /client/build/bundle.js (Method: GET, IP: ::1)
[2023.05.09 18:03:51.538] [HTTP] / (Method: GET, IP: ::1)
[2023.05.09 18:03:51.555] [HTTP] /client/resources/css/reset.css (Method: GET, IP: ::1)
[2023.05.09 18:03:51.556] [HTTP] /client/resources/css/common.css (Method: GET, IP: ::1)
[2023.05.09 18:03:51.558] [HTTP] /client/build/bundle.js (Method: GET, IP: ::1)
[2023.05.09 18:04:30.985] [HTTP] / (Method: GET, IP: ::1)
[2023.05.09 18:04:31.000] [HTTP] /client/resources/css/reset.css (Method: GET, IP: ::1)
[2023.05.09 18:04:31.002] [HTTP] /client/resources/css/common.css (Method: GET, IP: ::1)
[2023.05.09 18:04:31.003] [HTTP] /client/build/bundle.js (Method: GET, IP: ::1)
[2023.05.09 18:04:54.687] [HTTP] / (Method: GET, IP: ::1)
[2023.05.09 18:04:54.705] [HTTP] /client/resources/css/reset.css (Method: GET, IP: ::1)
[2023.05.09 18:04:54.707] [HTTP] /client/resources/css/common.css (Method: GET, IP: ::1)
[2023.05.09 18:04:54.708] [HTTP] /client/build/bundle.js (Method: GET, IP: ::1)
[2023.05.09 18:05:20.886] [HTTP] / (Method: GET, IP: ::1)
[2023.05.09 18:05:20.897] [HTTP] /client/resources/css/reset.css (Method: GET, IP: ::1)
[2023.05.09 18:05:20.902] [HTTP] /client/resources/css/common.css (Method: GET, IP: ::1)
[2023.05.09 18:05:20.903] [HTTP] /client/build/bundle.js (Method: GET, IP: ::1)
[2023.05.09 18:07:59.936] [HTTP] / (Method: GET, IP: ::1)
[2023.05.09 18:07:59.957] [HTTP] /client/resources/css/reset.css (Method: GET, IP: ::1)
[2023.05.09 18:07:59.959] [HTTP] /client/resources/css/common.css (Method: GET, IP: ::1)
[2023.05.09 18:07:59.961] [HTTP] /client/build/bundle.js (Method: GET, IP: ::1)
[2023.05.09 18:08:58.925] [HTTP] / (Method: GET, IP: ::1)
[2023.05.09 18:08:58.940] [HTTP] /client/resources/css/reset.css (Method: GET, IP: ::1)
[2023.05.09 18:08:58.942] [HTTP] /client/resources/css/common.css (Method: GET, IP: ::1)
[2023.05.09 18:08:58.943] [HTTP] /client/build/bundle.js (Method: GET, IP: ::1)
[2023.05.09 18:09:21.006] [HTTP] / (Method: GET, IP: ::1)
[2023.05.09 18:09:21.021] [HTTP] /client/resources/css/reset.css (Method: GET, IP: ::1)
[2023.05.09 18:09:21.023] [HTTP] /client/resources/css/common.css (Method: GET, IP: ::1)
[2023.05.09 18:09:21.025] [HTTP] /client/build/bundle.js (Method: GET, IP: ::1)
[2023.05.09 18:09:24.869] [HTTP] / (Method: GET, IP: ::1)
[2023.05.09 18:09:24.886] [HTTP] /client/resources/css/reset.css (Method: GET, IP: ::1)
[2023.05.09 18:09:24.887] [HTTP] /client/resources/css/common.css (Method: GET, IP: ::1)
[2023.05.09 18:09:24.889] [HTTP] /client/build/bundle.js (Method: GET, IP: ::1)
