[2023.05.17 10:41:01.767] ★★★ Node.js를 활용한 Web Server 구동(Port:8001) ★★★
[2023.05.17 10:42:39.662] [HTTP] / (Method: GET, IP: ::1)
[2023.05.17 10:42:39.700] [HTTP] /client/resources/css/reset.css (Method: GET, IP: ::1)
[2023.05.17 10:42:39.709] [HTTP] /client/resources/css/common.css (Method: GET, IP: ::1)
[2023.05.17 10:42:39.711] [HTTP] /client/resources/css/main.css (Method: GET, IP: ::1)
[2023.05.17 10:42:39.713] [HTTP] /client/build/bundle.js (Method: GET, IP: ::1)
[2023.05.17 10:42:39.797] [HTTP] /favicon.ico (Method: GET, IP: ::1)
[2023.05.17 10:42:39.803] [Error:404] /favicon.ico/n Error: ENOENT: no such file or directory, stat 'C:\Users\jjy09\Desktop\metadata-team\dgcatholic\favicon.ico'/n
[2023.05.17 10:58:08.897] [HTTP] /Tablelist.page (Method: GET, IP: ::1)
[2023.05.17 10:58:08.914] [HTTP] /client/resources/css/reset.css (Method: GET, IP: ::1)
[2023.05.17 10:58:08.917] [HTTP] /client/resources/css/common.css (Method: GET, IP: ::1)
[2023.05.17 10:58:08.920] [HTTP] /client/resources/css/main.css (Method: GET, IP: ::1)
[2023.05.17 10:58:08.922] [HTTP] /client/build/bundle.js (Method: GET, IP: ::1)
[2023.05.17 11:17:18.464] [HTTP] /Tablelist.page (Method: GET, IP: ::1)
[2023.05.17 11:17:18.481] [HTTP] /client/resources/css/reset.css (Method: GET, IP: ::1)
[2023.05.17 11:17:18.482] [HTTP] /client/resources/css/common.css (Method: GET, IP: ::1)
[2023.05.17 11:17:18.483] [HTTP] /client/resources/css/main.css (Method: GET, IP: ::1)
[2023.05.17 11:17:18.484] [HTTP] /client/build/bundle.js (Method: GET, IP: ::1)
[2023.05.17 11:21:36.286] [HTTP] /Tablelist.page (Method: GET, IP: ::1)
[2023.05.17 11:21:36.301] [HTTP] /client/resources/css/reset.css (Method: GET, IP: ::1)
[2023.05.17 11:21:36.304] [HTTP] /client/resources/css/common.css (Method: GET, IP: ::1)
[2023.05.17 11:21:36.306] [HTTP] /client/resources/css/main.css (Method: GET, IP: ::1)
[2023.05.17 11:21:36.307] [HTTP] /client/build/bundle.js (Method: GET, IP: ::1)
[2023.05.17 13:45:58.724] [HTTP] /Datalist.page (Method: GET, IP: ::1)
[2023.05.17 13:45:58.737] [HTTP] /client/resources/css/reset.css (Method: GET, IP: ::1)
[2023.05.17 13:45:58.739] [HTTP] /client/resources/css/common.css (Method: GET, IP: ::1)
[2023.05.17 13:45:58.740] [HTTP] /client/resources/css/main.css (Method: GET, IP: ::1)
[2023.05.17 13:45:58.742] [HTTP] /client/build/bundle.js (Method: GET, IP: ::1)
[2023.05.17 13:46:18.275] [HTTP] /Main.page (Method: GET, IP: ::1)
[2023.05.17 13:46:18.287] [HTTP] /client/resources/css/reset.css (Method: GET, IP: ::1)
[2023.05.17 13:46:18.288] [HTTP] /client/resources/css/common.css (Method: GET, IP: ::1)
[2023.05.17 13:46:18.289] [HTTP] /client/resources/css/main.css (Method: GET, IP: ::1)
[2023.05.17 13:46:18.290] [HTTP] /client/build/bundle.js (Method: GET, IP: ::1)
[2023.05.17 13:51:32.413] [HTTP] /Tableinsert.page (Method: GET, IP: ::1)
[2023.05.17 13:51:32.427] [HTTP] /client/resources/css/reset.css (Method: GET, IP: ::1)
[2023.05.17 13:51:32.429] [HTTP] /client/resources/css/common.css (Method: GET, IP: ::1)
[2023.05.17 13:51:32.431] [HTTP] /client/resources/css/main.css (Method: GET, IP: ::1)
[2023.05.17 13:51:32.433] [HTTP] /client/build/bundle.js (Method: GET, IP: ::1)
[2023.05.17 13:58:40.262] [HTTP] /Tableinsert.page (Method: GET, IP: ::1)
[2023.05.17 13:58:40.277] [HTTP] /client/resources/css/reset.css (Method: GET, IP: ::1)
[2023.05.17 13:58:40.279] [HTTP] /client/resources/css/common.css (Method: GET, IP: ::1)
[2023.05.17 13:58:40.282] [HTTP] /client/resources/css/main.css (Method: GET, IP: ::1)
[2023.05.17 13:58:40.284] [HTTP] /client/build/bundle.js (Method: GET, IP: ::1)
[2023.05.17 13:59:02.806] [HTTP] /Filestandard.page (Method: GET, IP: ::1)
[2023.05.17 13:59:02.819] [HTTP] /client/resources/css/reset.css (Method: GET, IP: ::1)
[2023.05.17 13:59:02.821] [HTTP] /client/resources/css/common.css (Method: GET, IP: ::1)
[2023.05.17 13:59:02.823] [HTTP] /client/resources/css/main.css (Method: GET, IP: ::1)
[2023.05.17 13:59:02.825] [HTTP] /client/build/bundle.js (Method: GET, IP: ::1)
[2023.05.17 14:00:30.088] [HTTP] /Tableinsert.page (Method: GET, IP: ::1)
[2023.05.17 14:00:30.101] [HTTP] /client/resources/css/reset.css (Method: GET, IP: ::1)
[2023.05.17 14:00:30.103] [HTTP] /client/resources/css/common.css (Method: GET, IP: ::1)
[2023.05.17 14:00:30.105] [HTTP] /client/resources/css/main.css (Method: GET, IP: ::1)
[2023.05.17 14:00:30.106] [HTTP] /client/build/bundle.js (Method: GET, IP: ::1)
[2023.05.17 14:00:49.096] [HTTP] /Filestandard (Method: GET, IP: ::1)
[2023.05.17 14:01:47.709] [HTTP] /Filestandard.page (Method: GET, IP: ::1)
[2023.05.17 14:01:47.722] [HTTP] /client/resources/css/reset.css (Method: GET, IP: ::1)
[2023.05.17 14:01:47.724] [HTTP] /client/resources/css/common.css (Method: GET, IP: ::1)
[2023.05.17 14:01:47.727] [HTTP] /client/resources/css/main.css (Method: GET, IP: ::1)
[2023.05.17 14:01:47.728] [HTTP] /client/build/bundle.js (Method: GET, IP: ::1)
[2023.05.17 14:04:29.437] [HTTP] /Tablelist.page (Method: GET, IP: ::1)
[2023.05.17 14:04:29.452] [HTTP] /client/resources/css/reset.css (Method: GET, IP: ::1)
[2023.05.17 14:04:29.454] [HTTP] /client/resources/css/common.css (Method: GET, IP: ::1)
[2023.05.17 14:04:29.456] [HTTP] /client/resources/css/main.css (Method: GET, IP: ::1)
[2023.05.17 14:04:29.460] [HTTP] /client/build/bundle.js (Method: GET, IP: ::1)
[2023.05.17 14:08:08.222] [HTTP] /Filestandard.page (Method: GET, IP: ::1)
[2023.05.17 14:08:08.237] [HTTP] /client/resources/css/reset.css (Method: GET, IP: ::1)
[2023.05.17 14:08:08.239] [HTTP] /client/resources/css/common.css (Method: GET, IP: ::1)
[2023.05.17 14:08:08.241] [HTTP] /client/resources/css/main.css (Method: GET, IP: ::1)
[2023.05.17 14:08:08.242] [HTTP] /client/build/bundle.js (Method: GET, IP: ::1)
[2023.05.17 14:09:56.325] [HTTP] /Main.page (Method: GET, IP: ::1)
[2023.05.17 14:09:56.340] [HTTP] /client/resources/css/reset.css (Method: GET, IP: ::1)
[2023.05.17 14:09:56.342] [HTTP] /client/resources/css/common.css (Method: GET, IP: ::1)
[2023.05.17 14:09:56.346] [HTTP] /client/resources/css/main.css (Method: GET, IP: ::1)
[2023.05.17 14:09:56.347] [HTTP] /client/build/bundle.js (Method: GET, IP: ::1)
[2023.05.17 14:13:23.477] [HTTP] /Filestandard.page (Method: GET, IP: ::1)
[2023.05.17 14:13:23.491] [HTTP] /client/resources/css/reset.css (Method: GET, IP: ::1)
[2023.05.17 14:13:23.493] [HTTP] /client/resources/css/common.css (Method: GET, IP: ::1)
[2023.05.17 14:13:23.496] [HTTP] /client/resources/css/main.css (Method: GET, IP: ::1)
[2023.05.17 14:13:23.497] [HTTP] /client/build/bundle.js (Method: GET, IP: ::1)
[2023.05.17 14:17:33.958] [HTTP] /Tableinsert.page (Method: GET, IP: ::1)
[2023.05.17 14:17:33.971] [HTTP] /client/resources/css/reset.css (Method: GET, IP: ::1)
[2023.05.17 14:17:33.973] [HTTP] /client/resources/css/common.css (Method: GET, IP: ::1)
[2023.05.17 14:17:33.975] [HTTP] /client/resources/css/main.css (Method: GET, IP: ::1)
[2023.05.17 14:17:33.976] [HTTP] /client/build/bundle.js (Method: GET, IP: ::1)
[2023.05.17 14:18:20.782] [HTTP] /Filestandard.page (Method: GET, IP: ::1)
[2023.05.17 14:18:20.795] [HTTP] /client/resources/css/reset.css (Method: GET, IP: ::1)
[2023.05.17 14:18:20.797] [HTTP] /client/resources/css/common.css (Method: GET, IP: ::1)
[2023.05.17 14:18:20.798] [HTTP] /client/resources/css/main.css (Method: GET, IP: ::1)
[2023.05.17 14:18:20.800] [HTTP] /client/build/bundle.js (Method: GET, IP: ::1)
[2023.05.17 14:18:24.648] [HTTP] /Tableinsert.page (Method: GET, IP: ::1)
[2023.05.17 14:18:24.660] [HTTP] /client/resources/css/reset.css (Method: GET, IP: ::1)
[2023.05.17 14:18:24.662] [HTTP] /client/resources/css/common.css (Method: GET, IP: ::1)
[2023.05.17 14:18:24.665] [HTTP] /client/resources/css/main.css (Method: GET, IP: ::1)
[2023.05.17 14:18:24.666] [HTTP] /client/build/bundle.js (Method: GET, IP: ::1)
[2023.05.17 14:18:29.785] [HTTP] /Tableinsert.page (Method: GET, IP: ::1)
[2023.05.17 14:18:29.800] [HTTP] /client/resources/css/reset.css (Method: GET, IP: ::1)
[2023.05.17 14:18:29.802] [HTTP] /client/resources/css/common.css (Method: GET, IP: ::1)
[2023.05.17 14:18:29.805] [HTTP] /client/resources/css/main.css (Method: GET, IP: ::1)
[2023.05.17 14:18:29.806] [HTTP] /client/build/bundle.js (Method: GET, IP: ::1)
[2023.05.17 14:18:30.689] [HTTP] /Tableinsert.page (Method: GET, IP: ::1)
[2023.05.17 14:18:30.701] [HTTP] /client/resources/css/reset.css (Method: GET, IP: ::1)
[2023.05.17 14:18:30.703] [HTTP] /client/resources/css/common.css (Method: GET, IP: ::1)
[2023.05.17 14:18:30.704] [HTTP] /client/resources/css/main.css (Method: GET, IP: ::1)
[2023.05.17 14:18:30.705] [HTTP] /client/build/bundle.js (Method: GET, IP: ::1)
[2023.05.17 14:22:29.567] [HTTP] /Tablelist.page (Method: GET, IP: ::1)
[2023.05.17 14:22:29.583] [HTTP] /client/resources/css/reset.css (Method: GET, IP: ::1)
[2023.05.17 14:22:29.585] [HTTP] /client/resources/css/common.css (Method: GET, IP: ::1)
[2023.05.17 14:22:29.587] [HTTP] /client/resources/css/main.css (Method: GET, IP: ::1)
[2023.05.17 14:22:29.589] [HTTP] /client/build/bundle.js (Method: GET, IP: ::1)
[2023.05.17 14:24:06.902] [HTTP] /Datalist.page (Method: GET, IP: ::1)
[2023.05.17 14:24:06.916] [HTTP] /client/resources/css/reset.css (Method: GET, IP: ::1)
[2023.05.17 14:24:06.918] [HTTP] /client/resources/css/common.css (Method: GET, IP: ::1)
[2023.05.17 14:24:06.921] [HTTP] /client/resources/css/main.css (Method: GET, IP: ::1)
[2023.05.17 14:24:06.922] [HTTP] /client/build/bundle.js (Method: GET, IP: ::1)
[2023.05.17 14:24:32.454] [HTTP] /Tablelist.page (Method: GET, IP: ::1)
[2023.05.17 14:24:32.470] [HTTP] /client/resources/css/reset.css (Method: GET, IP: ::1)
[2023.05.17 14:24:32.483] [HTTP] /client/resources/css/common.css (Method: GET, IP: ::1)
[2023.05.17 14:24:32.485] [HTTP] /client/resources/css/main.css (Method: GET, IP: ::1)
[2023.05.17 14:24:32.487] [HTTP] /client/build/bundle.js (Method: GET, IP: ::1)
[2023.05.17 14:24:37.394] [HTTP] /Tableinsert.page (Method: GET, IP: ::1)
[2023.05.17 14:24:37.407] [HTTP] /client/resources/css/reset.css (Method: GET, IP: ::1)
[2023.05.17 14:24:37.408] [HTTP] /client/resources/css/common.css (Method: GET, IP: ::1)
[2023.05.17 14:24:37.410] [HTTP] /client/resources/css/main.css (Method: GET, IP: ::1)
[2023.05.17 14:24:37.412] [HTTP] /client/build/bundle.js (Method: GET, IP: ::1)
[2023.05.17 14:27:26.022] [HTTP] /Tablelist.page (Method: GET, IP: ::1)
[2023.05.17 14:27:26.037] [HTTP] /client/resources/css/reset.css (Method: GET, IP: ::1)
[2023.05.17 14:27:26.039] [HTTP] /client/resources/css/common.css (Method: GET, IP: ::1)
[2023.05.17 14:27:26.041] [HTTP] /client/resources/css/main.css (Method: GET, IP: ::1)
[2023.05.17 14:27:26.043] [HTTP] /client/build/bundle.js (Method: GET, IP: ::1)
[2023.05.17 14:29:44.014] [HTTP] /Tablelist.page (Method: GET, IP: ::1)
[2023.05.17 14:29:44.029] [HTTP] /client/resources/css/reset.css (Method: GET, IP: ::1)
[2023.05.17 14:29:44.031] [HTTP] /client/resources/css/common.css (Method: GET, IP: ::1)
[2023.05.17 14:29:44.033] [HTTP] /client/resources/css/main.css (Method: GET, IP: ::1)
[2023.05.17 14:29:44.034] [HTTP] /client/build/bundle.js (Method: GET, IP: ::1)
[2023.05.17 14:41:56.846] [HTTP] /Tableinsert.page (Method: GET, IP: ::1)
[2023.05.17 14:41:56.862] [HTTP] /client/resources/css/reset.css (Method: GET, IP: ::1)
[2023.05.17 14:41:56.863] [HTTP] /client/resources/css/common.css (Method: GET, IP: ::1)
[2023.05.17 14:41:56.867] [HTTP] /client/resources/css/main.css (Method: GET, IP: ::1)
[2023.05.17 14:41:56.868] [HTTP] /client/build/bundle.js (Method: GET, IP: ::1)
[2023.05.17 14:44:21.574] [HTTP] /Filestandard.page (Method: GET, IP: ::1)
[2023.05.17 14:44:21.590] [HTTP] /client/resources/css/reset.css (Method: GET, IP: ::1)
[2023.05.17 14:44:21.592] [HTTP] /client/resources/css/common.css (Method: GET, IP: ::1)
[2023.05.17 14:44:21.595] [HTTP] /client/resources/css/main.css (Method: GET, IP: ::1)
[2023.05.17 14:44:21.596] [HTTP] /client/build/bundle.js (Method: GET, IP: ::1)
[2023.05.17 14:44:49.376] [HTTP] /Filestandard.page (Method: GET, IP: ::1)
[2023.05.17 14:44:49.391] [HTTP] /client/resources/css/reset.css (Method: GET, IP: ::1)
[2023.05.17 14:44:49.392] [HTTP] /client/resources/css/common.css (Method: GET, IP: ::1)
[2023.05.17 14:44:49.394] [HTTP] /client/build/bundle.js (Method: GET, IP: ::1)
[2023.05.17 14:44:49.395] [HTTP] /client/resources/css/main.css (Method: GET, IP: ::1)
[2023.05.17 14:44:51.765] [HTTP] /Main.page (Method: GET, IP: ::1)
[2023.05.17 14:44:51.777] [HTTP] /client/resources/css/reset.css (Method: GET, IP: ::1)
[2023.05.17 14:44:51.778] [HTTP] /client/resources/css/common.css (Method: GET, IP: ::1)
[2023.05.17 14:44:51.779] [HTTP] /client/resources/css/main.css (Method: GET, IP: ::1)
[2023.05.17 14:44:51.781] [HTTP] /client/build/bundle.js (Method: GET, IP: ::1)
[2023.05.17 14:47:23.983] [HTTP] /Tablelist.page (Method: GET, IP: ::1)
[2023.05.17 14:47:23.998] [HTTP] /client/resources/css/reset.css (Method: GET, IP: ::1)
[2023.05.17 14:47:24.001] [HTTP] /client/resources/css/common.css (Method: GET, IP: ::1)
[2023.05.17 14:47:24.003] [HTTP] /client/resources/css/main.css (Method: GET, IP: ::1)
[2023.05.17 14:47:24.004] [HTTP] /client/build/bundle.js (Method: GET, IP: ::1)
[2023.05.17 14:47:44.830] [HTTP] /Filestandard.page (Method: GET, IP: ::1)
[2023.05.17 14:47:44.844] [HTTP] /client/resources/css/reset.css (Method: GET, IP: ::1)
[2023.05.17 14:47:44.846] [HTTP] /client/resources/css/common.css (Method: GET, IP: ::1)
[2023.05.17 14:47:44.848] [HTTP] /client/resources/css/main.css (Method: GET, IP: ::1)
[2023.05.17 14:47:44.849] [HTTP] /client/build/bundle.js (Method: GET, IP: ::1)
