[2022.10.19 14:36:07.892] ★★★ Node.js를 활용한 Web Server 구동(Port:80) ★★★
[2022.10.19 14:36:10.368] [HTTP] / (Method: GET, IP: ::1)
[2022.10.19 14:36:10.388] [HTTP] /client/views/index.js (Method: GET, IP: ::1)
[2022.10.19 14:36:10.394] [HTTP] /node_modules/vue/dist/vue.global.js (Method: GET, IP: ::1)
[2022.10.19 14:36:10.396] [HTTP] /node_modules/vue-router/dist/vue-router.global.js (Method: GET, IP: ::1)
[2022.10.19 14:36:12.717] [HTTP] / (Method: GET, IP: ::1)
[2022.10.19 14:36:12.729] [HTTP] /client/views/index.js (Method: GET, IP: ::1)
[2022.10.19 14:36:12.733] [HTTP] /node_modules/vue/dist/vue.global.js (Method: GET, IP: ::1)
[2022.10.19 14:36:12.735] [HTTP] /node_modules/vue-router/dist/vue-router.global.js (Method: GET, IP: ::1)
[2022.10.19 14:36:12.752] [HTTP] /favicon.ico (Method: GET, IP: ::1)
[2022.10.19 14:36:12.755] [Error:404] /favicon.ico
 Error: ENOENT: no such file or directory, stat 'C:\takensoft\tools\dev\nodejs\workspace\node_vue_web_server_framework_v1.0\favicon.ico'

[2022.10.19 14:37:36.088] [HTTP] / (Method: GET, IP: ::1)
[2022.10.19 14:37:36.104] [HTTP] /client/views/index.js (Method: GET, IP: ::1)
[2022.10.19 14:37:36.111] [HTTP] /node_modules/vue/dist/vue.global.js (Method: GET, IP: ::1)
[2022.10.19 14:37:36.112] [HTTP] /node_modules/vue-router/dist/vue-router.global.js (Method: GET, IP: ::1)
[2022.10.19 14:37:37.063] [HTTP] / (Method: GET, IP: ::1)
[2022.10.19 14:37:37.073] [HTTP] /client/views/index.js (Method: GET, IP: ::1)
[2022.10.19 14:37:37.078] [HTTP] /node_modules/vue/dist/vue.global.js (Method: GET, IP: ::1)
[2022.10.19 14:37:37.079] [HTTP] /node_modules/vue-router/dist/vue-router.global.js (Method: GET, IP: ::1)
[2022.10.19 14:38:34.021] [HTTP] /node_modules/vue/dist/vue.global.js (Method: GET, IP: ::1)
[2022.10.19 14:49:45.959] ★★★ Node.js를 활용한 Web Server 구동(Port:80) ★★★
[2022.10.19 14:49:46.995] [HTTP] / (Method: GET, IP: ::1)
[2022.10.19 14:49:47.020] [HTTP] /node_modules/vue/dist/vue.global.js (Method: GET, IP: ::1)
[2022.10.19 14:51:20.555] [HTTP] / (Method: GET, IP: ::1)
[2022.10.19 14:51:20.570] [HTTP] /node_modules/vue/dist/vue.global.js (Method: GET, IP: ::1)
[2022.10.19 14:51:37.756] ★★★ Node.js를 활용한 Web Server 구동(Port:80) ★★★
[2022.10.19 14:51:38.503] [HTTP] / (Method: GET, IP: ::1)
[2022.10.19 14:51:38.522] [HTTP] /client/views/index.js (Method: GET, IP: ::1)
[2022.10.19 14:51:38.532] [HTTP] /node_modules/vue/dist/vue.global.js (Method: GET, IP: ::1)
[2022.10.19 14:51:38.534] [HTTP] /node_modules/vue-router/dist/vue-router.global.js (Method: GET, IP: ::1)
[2022.10.19 14:52:05.405] ★★★ Node.js를 활용한 Web Server 구동(Port:80) ★★★
[2022.10.19 14:52:07.526] [HTTP] / (Method: GET, IP: ::1)
[2022.10.19 14:52:07.557] [HTTP] /client/views/index.js (Method: GET, IP: ::1)
[2022.10.19 14:52:07.565] [HTTP] /node_modules/vue/dist/vue.global.js (Method: GET, IP: ::1)
[2022.10.19 14:52:07.567] [HTTP] /node_modules/vue-router/dist/vue-router.global.js (Method: GET, IP: ::1)
[2022.10.19 14:52:08.686] [HTTP] / (Method: GET, IP: ::1)
[2022.10.19 14:52:08.697] [HTTP] /client/views/index.js (Method: GET, IP: ::1)
[2022.10.19 14:52:08.701] [HTTP] /node_modules/vue/dist/vue.global.js (Method: GET, IP: ::1)
[2022.10.19 14:52:08.702] [HTTP] /node_modules/vue-router/dist/vue-router.global.js (Method: GET, IP: ::1)
[2022.10.19 14:59:38.153] ★★★ Node.js를 활용한 Web Server 구동(Port:80) ★★★
[2022.10.19 14:59:39.330] [HTTP] / (Method: GET, IP: ::1)
[2022.10.19 14:59:39.348] [HTTP] /client/views/index.js (Method: GET, IP: ::1)
[2022.10.19 14:59:39.359] [HTTP] /node_modules/vue/dist/vue.global.js (Method: GET, IP: ::1)
[2022.10.19 14:59:39.361] [HTTP] /node_modules/vue-router/dist/vue-router.global.js (Method: GET, IP: ::1)
[2022.10.19 14:59:59.092] [HTTP] / (Method: GET, IP: ::1)
[2022.10.19 14:59:59.106] [HTTP] /client/views/index.js (Method: GET, IP: ::1)
[2022.10.19 14:59:59.114] [HTTP] /node_modules/vue/dist/vue.global.js (Method: GET, IP: ::1)
[2022.10.19 14:59:59.870] [HTTP] / (Method: GET, IP: ::1)
[2022.10.19 14:59:59.880] [HTTP] /client/views/index.js (Method: GET, IP: ::1)
[2022.10.19 14:59:59.884] [HTTP] /node_modules/vue/dist/vue.global.js (Method: GET, IP: ::1)
[2022.10.19 15:02:26.227] [HTTP] / (Method: GET, IP: ::1)
[2022.10.19 15:02:26.244] [HTTP] /client/views/index.js (Method: GET, IP: ::1)
[2022.10.19 15:02:26.254] [HTTP] /node_modules/vue/dist/vue.esm-browser.js (Method: GET, IP: ::1)
[2022.10.19 15:02:27.001] [HTTP] / (Method: GET, IP: ::1)
[2022.10.19 15:02:27.011] [HTTP] /client/views/index.js (Method: GET, IP: ::1)
[2022.10.19 15:02:27.014] [HTTP] /node_modules/vue/dist/vue.esm-browser.js (Method: GET, IP: ::1)
[2022.10.19 15:02:52.481] [HTTP] / (Method: GET, IP: ::1)
[2022.10.19 15:02:52.497] [HTTP] /client/views/index.js (Method: GET, IP: ::1)
[2022.10.19 15:02:52.504] [HTTP] /node_modules/vue/dist/vue.global.js (Method: GET, IP: ::1)
[2022.10.19 15:03:02.993] [HTTP] / (Method: GET, IP: ::1)
[2022.10.19 15:03:03.003] [HTTP] /client/views/index.js (Method: GET, IP: ::1)
[2022.10.19 15:03:13.084] [HTTP] / (Method: GET, IP: ::1)
[2022.10.19 15:03:13.095] [HTTP] /client/views/index.js (Method: GET, IP: ::1)
[2022.10.19 15:03:13.100] [HTTP] /node_modules/vue/dist/vue.global.js (Method: GET, IP: ::1)
[2022.10.19 15:05:02.705] ★★★ Node.js를 활용한 Web Server 구동(Port:80) ★★★
[2022.10.19 15:05:04.207] [HTTP] / (Method: GET, IP: ::1)
[2022.10.19 15:05:04.226] [HTTP] /client/views/index.js (Method: GET, IP: ::1)
[2022.10.19 15:05:04.234] [HTTP] /favicon.ico (Method: GET, IP: ::1)
[2022.10.19 15:05:04.238] [Error:404] /favicon.ico
 Error: ENOENT: no such file or directory, stat 'C:\takensoft\tools\dev\nodejs\workspace\node_vue_web_server_framework_v1.0\favicon.ico'

[2022.10.19 15:09:40.908] ★★★ Node.js를 활용한 Web Server 구동(Port:80) ★★★
[2022.10.19 15:09:44.172] [HTTP] / (Method: GET, IP: ::1)
[2022.10.19 15:09:44.191] [HTTP] /client/views/index.js (Method: GET, IP: ::1)
[2022.10.19 15:09:45.231] [HTTP] / (Method: GET, IP: ::1)
[2022.10.19 15:09:45.242] [HTTP] /client/views/index.js (Method: GET, IP: ::1)
[2022.10.19 15:11:13.955] [HTTP] / (Method: GET, IP: ::1)
[2022.10.19 15:11:13.983] [HTTP] /client/views/index.js (Method: GET, IP: ::1)
[2022.10.19 15:11:13.991] [HTTP] /node_modules/vue/dist/vue.esm-browser.js (Method: GET, IP: ::1)
[2022.10.19 15:11:14.022] [HTTP] /favicon.ico (Method: GET, IP: ::1)
[2022.10.19 15:11:14.026] [Error:404] /favicon.ico
 Error: ENOENT: no such file or directory, stat 'C:\takensoft\tools\dev\nodejs\workspace\node_vue_web_server_framework_v1.0\favicon.ico'

[2022.10.19 15:12:02.340] ★★★ Node.js를 활용한 Web Server 구동(Port:80) ★★★
[2022.10.19 15:12:02.650] [HTTP] / (Method: GET, IP: ::1)
[2022.10.19 15:12:02.667] [HTTP] /client/views/index.js (Method: GET, IP: ::1)
[2022.10.19 15:12:02.676] [HTTP] /node_modules/vue/dist/vue.esm-browser.js (Method: GET, IP: ::1)
[2022.10.19 15:14:36.002] ★★★ Node.js를 활용한 Web Server 구동(Port:80) ★★★
[2022.10.19 15:15:53.069] [HTTP] / (Method: GET, IP: ::1)
[2022.10.19 15:15:53.102] [HTTP] /node_modules/vue/dist/vue.global.js (Method: GET, IP: ::1)
[2022.10.19 15:15:53.104] [HTTP] /node_modules/http-vue-loader/src/httpVueLoader.js (Method: GET, IP: ::1)
[2022.10.19 15:16:16.114] [HTTP] / (Method: GET, IP: ::1)
[2022.10.19 15:16:16.128] [HTTP] /node_modules/vue/dist/vue.global.js (Method: GET, IP: ::1)
[2022.10.19 15:16:16.130] [HTTP] /node_modules/http-vue-loader/src/httpVueLoader.js (Method: GET, IP: ::1)
[2022.10.19 15:16:22.154] [HTTP] / (Method: GET, IP: ::1)
[2022.10.19 15:16:22.164] [HTTP] /node_modules/vue/dist/vue.global.js (Method: GET, IP: ::1)
[2022.10.19 15:16:22.166] [HTTP] /node_modules/http-vue-loader/src/httpVueLoader.js (Method: GET, IP: ::1)
[2022.10.19 15:16:56.937] [HTTP] / (Method: GET, IP: ::1)
[2022.10.19 15:16:56.978] [HTTP] /node_modules/vue/dist/vue.global.js (Method: GET, IP: ::1)
[2022.10.19 15:16:56.981] [HTTP] /node_modules/http-vue-loader/src/httpVueLoader.js (Method: GET, IP: ::1)
[2022.10.19 15:16:57.008] [HTTP] /client/views/pages/App.vue (Method: GET, IP: ::1)
[2022.10.19 15:17:46.006] [HTTP] / (Method: GET, IP: ::1)
[2022.10.19 15:17:46.019] [HTTP] /node_modules/vue/dist/vue.global.js (Method: GET, IP: ::1)
[2022.10.19 15:17:46.021] [HTTP] /node_modules/http-vue-loader/src/httpVueLoader.js (Method: GET, IP: ::1)
[2022.10.19 15:17:46.046] [HTTP] /client/views/pages/App.vue (Method: GET, IP: ::1)
[2022.10.19 15:17:46.048] [HTTP] /client/views/pages/App.vue (Method: GET, IP: ::1)
[2022.10.19 15:17:47.608] [HTTP] / (Method: GET, IP: ::1)
[2022.10.19 15:17:47.618] [HTTP] /node_modules/vue/dist/vue.global.js (Method: GET, IP: ::1)
[2022.10.19 15:17:47.619] [HTTP] /node_modules/http-vue-loader/src/httpVueLoader.js (Method: GET, IP: ::1)
[2022.10.19 15:17:47.642] [HTTP] /client/views/pages/App.vue (Method: GET, IP: ::1)
[2022.10.19 15:17:47.643] [HTTP] /client/views/pages/App.vue (Method: GET, IP: ::1)
[2022.10.19 15:20:21.629] [HTTP] / (Method: GET, IP: ::1)
[2022.10.19 15:20:21.643] [HTTP] /node_modules/vue/dist/vue.global.js (Method: GET, IP: ::1)
[2022.10.19 15:20:21.645] [HTTP] /node_modules/http-vue-loader/src/httpVueLoader.js (Method: GET, IP: ::1)
[2022.10.19 15:20:21.673] [HTTP] /client/views/pages/App.vue (Method: GET, IP: ::1)
[2022.10.19 15:20:21.676] [HTTP] /client/views/pages/App.vue (Method: GET, IP: ::1)
[2022.10.19 15:20:43.736] ★★★ Node.js를 활용한 Web Server 구동(Port:80) ★★★
[2022.10.19 15:20:44.639] [HTTP] / (Method: GET, IP: ::1)
[2022.10.19 15:20:44.658] [HTTP] /node_modules/vue/dist/vue.global.js (Method: GET, IP: ::1)
[2022.10.19 15:20:44.660] [HTTP] /node_modules/http-vue-loader/src/httpVueLoader.js (Method: GET, IP: ::1)
[2022.10.19 15:20:44.714] [HTTP] /client/views/pages/App.vue (Method: GET, IP: ::1)
[2022.10.19 15:20:44.717] [HTTP] /client/views/pages/App.vue (Method: GET, IP: ::1)
[2022.10.19 15:20:44.719] [HTTP] /client/views/pages/App.vue (Method: GET, IP: ::1)
[2022.10.19 15:20:53.771] ★★★ Node.js를 활용한 Web Server 구동(Port:80) ★★★
[2022.10.19 15:20:53.997] [HTTP] / (Method: GET, IP: ::1)
[2022.10.19 15:20:54.013] [HTTP] /node_modules/vue/dist/vue.global.js (Method: GET, IP: ::1)
[2022.10.19 15:20:54.015] [HTTP] /node_modules/http-vue-loader/src/httpVueLoader.js (Method: GET, IP: ::1)
[2022.10.19 15:20:54.028] [HTTP] /client/views/pages/App.vue (Method: GET, IP: ::1)
[2022.10.19 15:20:55.864] [HTTP] / (Method: GET, IP: ::1)
[2022.10.19 15:20:55.875] [HTTP] /node_modules/vue/dist/vue.global.js (Method: GET, IP: ::1)
[2022.10.19 15:20:55.876] [HTTP] /node_modules/http-vue-loader/src/httpVueLoader.js (Method: GET, IP: ::1)
[2022.10.19 15:20:55.886] [HTTP] /client/views/pages/App.vue (Method: GET, IP: ::1)
[2022.10.19 15:21:12.483] [HTTP] / (Method: GET, IP: ::1)
[2022.10.19 15:21:12.499] [HTTP] /node_modules/vue/dist/vue.global.js (Method: GET, IP: ::1)
[2022.10.19 15:21:12.501] [HTTP] /node_modules/http-vue-loader/src/httpVueLoader.js (Method: GET, IP: ::1)
[2022.10.19 15:21:12.517] [HTTP] /client/views/pages/App.vue (Method: GET, IP: ::1)
[2022.10.19 15:21:41.555] [HTTP] / (Method: GET, IP: ::1)
[2022.10.19 15:21:41.585] [HTTP] /node_modules/vue/dist/vue.global.js (Method: GET, IP: ::1)
[2022.10.19 15:21:41.588] [HTTP] /node_modules/http-vue-loader/src/httpVueLoader.js (Method: GET, IP: ::1)
[2022.10.19 15:21:41.601] [HTTP] /client/views/pages/App.vue (Method: GET, IP: ::1)
[2022.10.19 15:21:42.627] [HTTP] / (Method: GET, IP: ::1)
[2022.10.19 15:21:42.638] [HTTP] /node_modules/vue/dist/vue.global.js (Method: GET, IP: ::1)
[2022.10.19 15:21:42.640] [HTTP] /node_modules/http-vue-loader/src/httpVueLoader.js (Method: GET, IP: ::1)
[2022.10.19 15:21:42.650] [HTTP] /client/views/pages/App.vue (Method: GET, IP: ::1)
[2022.10.19 15:22:50.059] [HTTP] / (Method: GET, IP: ::1)
[2022.10.19 15:22:50.072] [HTTP] /node_modules/vue/dist/vue.global.js (Method: GET, IP: ::1)
[2022.10.19 15:22:50.075] [HTTP] /node_modules/http-vue-loader/src/httpVueLoader.js (Method: GET, IP: ::1)
[2022.10.19 15:22:50.831] [HTTP] / (Method: GET, IP: ::1)
[2022.10.19 15:22:50.841] [HTTP] /node_modules/vue/dist/vue.global.js (Method: GET, IP: ::1)
[2022.10.19 15:22:50.843] [HTTP] /node_modules/http-vue-loader/src/httpVueLoader.js (Method: GET, IP: ::1)
[2022.10.19 15:23:43.735] [HTTP] / (Method: GET, IP: ::1)
[2022.10.19 15:23:43.745] [HTTP] /node_modules/http-vue-loader/src/httpVueLoader.js (Method: GET, IP: ::1)
[2022.10.19 15:23:43.820] [HTTP] /favicon.ico (Method: GET, IP: ::1)
[2022.10.19 15:23:43.824] [Error:404] /favicon.ico/n Error: ENOENT: no such file or directory, stat 'C:\takensoft\tools\dev\nodejs\workspace\node_vue_web_server_framework_v1.0\favicon.ico'/n
[2022.10.19 15:24:20.743] [HTTP] / (Method: GET, IP: ::1)
[2022.10.19 15:24:20.760] [HTTP] /node_modules/http-vue-loader/src/httpVueLoader.js (Method: GET, IP: ::1)
[2022.10.19 15:24:20.847] [HTTP] /favicon.ico (Method: GET, IP: ::1)
[2022.10.19 15:24:20.848] [Error:404] /favicon.ico/n Error: ENOENT: no such file or directory, stat 'C:\takensoft\tools\dev\nodejs\workspace\node_vue_web_server_framework_v1.0\favicon.ico'/n
[2022.10.19 15:25:02.704] ★★★ Node.js를 활용한 Web Server 구동(Port:80) ★★★
[2022.10.19 15:25:03.025] [HTTP] / (Method: GET, IP: ::1)
[2022.10.19 15:25:03.045] [HTTP] /node_modules/http-vue-loader/src/httpVueLoader.js (Method: GET, IP: ::1)
[2022.10.19 15:25:03.124] [HTTP] /favicon.ico (Method: GET, IP: ::1)
[2022.10.19 15:25:03.128] [Error:404] /favicon.ico/n Error: ENOENT: no such file or directory, stat 'C:\takensoft\tools\dev\nodejs\workspace\node_vue_web_server_framework_v1.0\favicon.ico'/n
[2022.10.19 15:25:21.558] [HTTP] / (Method: GET, IP: ::1)
[2022.10.19 15:25:21.587] [HTTP] /node_modules/http-vue-loader/src/httpVueLoader.js (Method: GET, IP: ::1)
[2022.10.19 15:25:22.670] [HTTP] / (Method: GET, IP: ::1)
[2022.10.19 15:25:22.680] [HTTP] /node_modules/http-vue-loader/src/httpVueLoader.js (Method: GET, IP: ::1)
[2022.10.19 15:25:30.976] [HTTP] / (Method: GET, IP: ::1)
[2022.10.19 15:25:30.988] [HTTP] /node_modules/vue/dist/vue.global.js (Method: GET, IP: ::1)
[2022.10.19 15:25:30.989] [HTTP] /node_modules/http-vue-loader/src/httpVueLoader.js (Method: GET, IP: ::1)
[2022.10.19 15:25:56.827] ★★★ Node.js를 활용한 Web Server 구동(Port:80) ★★★
[2022.10.19 15:25:59.654] [HTTP] / (Method: GET, IP: ::1)
[2022.10.19 15:25:59.673] [HTTP] /node_modules/vue/dist/vue.global.js (Method: GET, IP: ::1)
[2022.10.19 15:25:59.676] [HTTP] /node_modules/http-vue-loader/src/httpVueLoader.js (Method: GET, IP: ::1)
[2022.10.19 15:26:27.219] [HTTP] / (Method: GET, IP: ::1)
[2022.10.19 15:26:27.244] [HTTP] /node_modules/vue/dist/vue.global.js (Method: GET, IP: ::1)
[2022.10.19 15:26:27.247] [HTTP] /node_modules/http-vue-loader/src/httpVueLoader.js (Method: GET, IP: ::1)
[2022.10.19 15:26:27.274] [HTTP] /client/views/pages/App.vue (Method: GET, IP: ::1)
[2022.10.19 15:28:24.982] [HTTP] / (Method: GET, IP: ::1)
[2022.10.19 15:28:25.009] [HTTP] /node_modules/vue/dist/vue.global.js (Method: GET, IP: ::1)
[2022.10.19 15:28:25.013] [HTTP] /node_modules/http-vue-loader/src/httpVueLoader.js (Method: GET, IP: ::1)
[2022.10.19 15:28:26.147] [HTTP] / (Method: GET, IP: ::1)
[2022.10.19 15:28:26.157] [HTTP] /node_modules/vue/dist/vue.global.js (Method: GET, IP: ::1)
[2022.10.19 15:28:26.158] [HTTP] /node_modules/http-vue-loader/src/httpVueLoader.js (Method: GET, IP: ::1)
[2022.10.19 15:35:35.392] [HTTP] / (Method: GET, IP: ::1)
[2022.10.19 15:35:35.406] [HTTP] /node_modules/vue/dist/vue.global.js (Method: GET, IP: ::1)
[2022.10.19 15:35:35.408] [HTTP] /node_modules/http-vue-loader/src/httpVueLoader.js (Method: GET, IP: ::1)
[2022.10.19 15:36:52.384] [HTTP] / (Method: GET, IP: ::1)
[2022.10.19 15:36:52.400] [HTTP] /node_modules/http-vue-loader/src/httpVueLoader.js (Method: GET, IP: ::1)
[2022.10.19 15:37:06.744] [HTTP] / (Method: GET, IP: ::1)
[2022.10.19 15:37:06.753] [HTTP] /node_modules/http-vue-loader/src/httpVueLoader.js (Method: GET, IP: ::1)
[2022.10.19 15:37:06.780] [HTTP] /client/views/pages/App.vue (Method: GET, IP: ::1)
[2022.10.19 15:37:36.388] ★★★ Node.js를 활용한 Web Server 구동(Port:80) ★★★
[2022.10.19 15:37:36.514] [HTTP] / (Method: GET, IP: ::1)
[2022.10.19 15:37:36.546] [HTTP] /node_modules/http-vue-loader/src/httpVueLoader.js (Method: GET, IP: ::1)
[2022.10.19 15:37:36.560] [HTTP] /client/views/pages/App.vue (Method: GET, IP: ::1)
[2022.10.19 15:37:37.331] [HTTP] / (Method: GET, IP: ::1)
[2022.10.19 15:37:37.342] [HTTP] /node_modules/http-vue-loader/src/httpVueLoader.js (Method: GET, IP: ::1)
[2022.10.19 15:37:37.354] [HTTP] /client/views/pages/App.vue (Method: GET, IP: ::1)
[2022.10.19 15:38:06.734] ★★★ Node.js를 활용한 Web Server 구동(Port:80) ★★★
[2022.10.19 15:38:06.959] [HTTP] / (Method: GET, IP: ::1)
[2022.10.19 15:38:06.979] [HTTP] /node_modules/http-vue-loader/src/httpVueLoader.js (Method: GET, IP: ::1)
[2022.10.19 15:38:12.341] [HTTP] / (Method: GET, IP: ::1)
[2022.10.19 15:38:12.352] [HTTP] /node_modules/http-vue-loader/src/httpVueLoader.js (Method: GET, IP: ::1)
[2022.10.19 15:38:12.365] [HTTP] /client/views/pages/App.vue (Method: GET, IP: ::1)
[2022.10.19 15:38:13.434] [HTTP] / (Method: GET, IP: ::1)
[2022.10.19 15:38:13.444] [HTTP] /node_modules/http-vue-loader/src/httpVueLoader.js (Method: GET, IP: ::1)
[2022.10.19 15:38:13.462] [HTTP] /client/views/pages/App.vue (Method: GET, IP: ::1)
[2022.10.19 15:38:21.472] [HTTP] / (Method: GET, IP: ::1)
[2022.10.19 15:38:21.483] [HTTP] /node_modules/http-vue-loader/src/httpVueLoader.js (Method: GET, IP: ::1)
[2022.10.19 15:38:33.681] [HTTP] / (Method: GET, IP: ::1)
[2022.10.19 15:38:33.691] [HTTP] /node_modules/http-vue-loader/src/httpVueLoader.js (Method: GET, IP: ::1)
[2022.10.19 15:38:33.706] [HTTP] /client/views/pages/App.vue (Method: GET, IP: ::1)
[2022.10.19 15:39:11.372] [HTTP] / (Method: GET, IP: ::1)
[2022.10.19 15:39:11.398] [HTTP] /node_modules/http-vue-loader/src/httpVueLoader.js (Method: GET, IP: ::1)
[2022.10.19 15:39:11.410] [HTTP] /client/views/pages/App.vue (Method: GET, IP: ::1)
[2022.10.19 15:39:12.258] [HTTP] / (Method: GET, IP: ::1)
[2022.10.19 15:39:12.268] [HTTP] /node_modules/http-vue-loader/src/httpVueLoader.js (Method: GET, IP: ::1)
[2022.10.19 15:39:12.282] [HTTP] /client/views/pages/App.vue (Method: GET, IP: ::1)
[2022.10.19 15:39:16.852] [HTTP] / (Method: GET, IP: ::1)
[2022.10.19 15:39:16.863] [HTTP] /node_modules/http-vue-loader/src/httpVueLoader.js (Method: GET, IP: ::1)
[2022.10.19 15:39:52.941] [HTTP] / (Method: GET, IP: ::1)
[2022.10.19 15:39:52.953] [HTTP] /node_modules/http-vue-loader/src/httpVueLoader.js (Method: GET, IP: ::1)
[2022.10.19 15:39:52.967] [HTTP] /client/views/pages/App.vue (Method: GET, IP: ::1)
[2022.10.19 15:40:05.061] [HTTP] / (Method: GET, IP: ::1)
[2022.10.19 15:40:05.070] [HTTP] /node_modules/http-vue-loader/src/httpVueLoader.js (Method: GET, IP: ::1)
[2022.10.19 15:40:05.093] [HTTP] /client/views/pages/App.vue (Method: GET, IP: ::1)
[2022.10.19 15:40:06.046] [HTTP] / (Method: GET, IP: ::1)
[2022.10.19 15:40:06.055] [HTTP] /node_modules/http-vue-loader/src/httpVueLoader.js (Method: GET, IP: ::1)
[2022.10.19 15:40:06.068] [HTTP] /client/views/pages/App.vue (Method: GET, IP: ::1)
[2022.10.19 15:40:09.951] [HTTP] / (Method: GET, IP: ::1)
[2022.10.19 15:40:09.961] [HTTP] /node_modules/http-vue-loader/src/httpVueLoader.js (Method: GET, IP: ::1)
[2022.10.19 15:40:09.975] [HTTP] /client/views/pages/App.vue (Method: GET, IP: ::1)
[2022.10.19 15:40:33.205] [HTTP] / (Method: GET, IP: ::1)
[2022.10.19 15:40:33.233] [HTTP] /node_modules/http-vue-loader/src/httpVueLoader.js (Method: GET, IP: ::1)
[2022.10.19 15:40:33.245] [HTTP] /client/views/pages/App.vue (Method: GET, IP: ::1)
[2022.10.19 15:40:46.149] [HTTP] / (Method: GET, IP: ::1)
[2022.10.19 15:40:46.159] [HTTP] /node_modules/vue/dist/vue.global.js (Method: GET, IP: ::1)
[2022.10.19 15:40:46.160] [HTTP] /node_modules/http-vue-loader/src/httpVueLoader.js (Method: GET, IP: ::1)
[2022.10.19 15:40:47.076] [HTTP] / (Method: GET, IP: ::1)
[2022.10.19 15:40:47.085] [HTTP] /node_modules/vue/dist/vue.global.js (Method: GET, IP: ::1)
[2022.10.19 15:40:47.086] [HTTP] /node_modules/http-vue-loader/src/httpVueLoader.js (Method: GET, IP: ::1)
[2022.10.19 15:41:17.865] [HTTP] / (Method: GET, IP: ::1)
[2022.10.19 15:41:17.879] [HTTP] /node_modules/vue/dist/vue.global.js (Method: GET, IP: ::1)
[2022.10.19 15:41:17.882] [HTTP] /node_modules/http-vue-loader/src/httpVueLoader.js (Method: GET, IP: ::1)
[2022.10.19 15:41:19.417] [HTTP] / (Method: GET, IP: ::1)
[2022.10.19 15:41:19.428] [HTTP] /node_modules/vue/dist/vue.global.js (Method: GET, IP: ::1)
[2022.10.19 15:41:19.429] [HTTP] /node_modules/http-vue-loader/src/httpVueLoader.js (Method: GET, IP: ::1)
[2022.10.19 15:41:38.397] [HTTP] / (Method: GET, IP: ::1)
[2022.10.19 15:41:38.421] [HTTP] /node_modules/vue/dist/vue.global.js (Method: GET, IP: ::1)
[2022.10.19 15:41:38.424] [HTTP] /node_modules/http-vue-loader/src/httpVueLoader.js (Method: GET, IP: ::1)
[2022.10.19 15:41:38.441] [HTTP] /client/views/pages/App.vue (Method: GET, IP: ::1)
[2022.10.19 15:41:40.344] [HTTP] / (Method: GET, IP: ::1)
[2022.10.19 15:41:40.353] [HTTP] /node_modules/vue/dist/vue.global.js (Method: GET, IP: ::1)
[2022.10.19 15:41:40.354] [HTTP] /node_modules/http-vue-loader/src/httpVueLoader.js (Method: GET, IP: ::1)
[2022.10.19 15:41:40.369] [HTTP] /client/views/pages/App.vue (Method: GET, IP: ::1)
[2022.10.19 15:41:59.813] [HTTP] / (Method: GET, IP: ::1)
[2022.10.19 15:41:59.826] [HTTP] /node_modules/vue/dist/vue.global.js (Method: GET, IP: ::1)
[2022.10.19 15:41:59.828] [HTTP] /node_modules/http-vue-loader/src/httpVueLoader.js (Method: GET, IP: ::1)
[2022.10.19 15:41:59.864] [HTTP] /client/views/pages/App.vue (Method: GET, IP: ::1)
[2022.10.19 15:42:00.321] [HTTP] / (Method: GET, IP: ::1)
[2022.10.19 15:42:00.331] [HTTP] /node_modules/vue/dist/vue.global.js (Method: GET, IP: ::1)
[2022.10.19 15:42:00.332] [HTTP] /node_modules/http-vue-loader/src/httpVueLoader.js (Method: GET, IP: ::1)
[2022.10.19 15:42:00.361] [HTTP] /client/views/pages/App.vue (Method: GET, IP: ::1)
[2022.10.19 15:42:00.587] [HTTP] / (Method: GET, IP: ::1)
[2022.10.19 15:42:00.605] [HTTP] /node_modules/vue/dist/vue.global.js (Method: GET, IP: ::1)
[2022.10.19 15:42:00.606] [HTTP] /node_modules/http-vue-loader/src/httpVueLoader.js (Method: GET, IP: ::1)
[2022.10.19 15:42:00.637] [HTTP] /client/views/pages/App.vue (Method: GET, IP: ::1)
[2022.10.19 15:43:59.795] [HTTP] / (Method: GET, IP: ::1)
[2022.10.19 15:43:59.809] [HTTP] /node_modules/vue/dist/vue.global.js (Method: GET, IP: ::1)
[2022.10.19 15:43:59.811] [HTTP] /node_modules/http-vue-loader/src/httpVueLoader.js (Method: GET, IP: ::1)
[2022.10.19 15:44:01.940] [HTTP] / (Method: GET, IP: ::1)
[2022.10.19 15:44:01.951] [HTTP] /node_modules/vue/dist/vue.global.js (Method: GET, IP: ::1)
[2022.10.19 15:44:01.951] [HTTP] /node_modules/http-vue-loader/src/httpVueLoader.js (Method: GET, IP: ::1)
[2022.10.19 15:45:29.102] [HTTP] / (Method: GET, IP: ::1)
[2022.10.19 15:45:29.129] [HTTP] /node_modules/vue/dist/vue.global.js (Method: GET, IP: ::1)
[2022.10.19 15:45:29.132] [HTTP] /node_modules/http-vue-loader/src/httpVueLoader.js (Method: GET, IP: ::1)
[2022.10.19 15:45:29.766] [HTTP] / (Method: GET, IP: ::1)
[2022.10.19 15:45:29.775] [HTTP] /node_modules/vue/dist/vue.global.js (Method: GET, IP: ::1)
[2022.10.19 15:45:29.776] [HTTP] /node_modules/http-vue-loader/src/httpVueLoader.js (Method: GET, IP: ::1)
[2022.10.19 15:45:51.619] [HTTP] / (Method: GET, IP: ::1)
[2022.10.19 15:45:51.630] [HTTP] /node_modules/vue/dist/vue.global.js (Method: GET, IP: ::1)
[2022.10.19 15:45:51.631] [HTTP] /node_modules/http-vue-loader/src/httpVueLoader.js (Method: GET, IP: ::1)
[2022.10.19 15:45:51.638] [HTTP] /client/views/test.js (Method: GET, IP: ::1)
[2022.10.19 15:45:51.651] [HTTP] /client/views/pages/App.vue (Method: GET, IP: ::1)
[2022.10.19 15:46:06.419] [HTTP] / (Method: GET, IP: ::1)
[2022.10.19 15:46:06.428] [HTTP] /node_modules/vue/dist/vue.global.js (Method: GET, IP: ::1)
[2022.10.19 15:46:06.429] [HTTP] /node_modules/http-vue-loader/src/httpVueLoader.js (Method: GET, IP: ::1)
[2022.10.19 15:46:06.438] [HTTP] /client/views/test.js (Method: GET, IP: ::1)
[2022.10.19 15:46:06.450] [HTTP] /client/views/pages/App.vue (Method: GET, IP: ::1)
[2022.10.19 15:46:07.288] [HTTP] / (Method: GET, IP: ::1)
[2022.10.19 15:46:07.298] [HTTP] /node_modules/vue/dist/vue.global.js (Method: GET, IP: ::1)
[2022.10.19 15:46:07.299] [HTTP] /node_modules/http-vue-loader/src/httpVueLoader.js (Method: GET, IP: ::1)
[2022.10.19 15:46:07.306] [HTTP] /client/views/test.js (Method: GET, IP: ::1)
[2022.10.19 15:46:07.318] [HTTP] /client/views/pages/App.vue (Method: GET, IP: ::1)
[2022.10.19 15:46:17.482] [HTTP] / (Method: GET, IP: ::1)
[2022.10.19 15:46:17.492] [HTTP] /node_modules/vue/dist/vue.global.js (Method: GET, IP: ::1)
[2022.10.19 15:46:17.493] [HTTP] /node_modules/http-vue-loader/src/httpVueLoader.js (Method: GET, IP: ::1)
[2022.10.19 15:46:17.502] [HTTP] /client/views/test.js (Method: GET, IP: ::1)
[2022.10.19 15:46:17.513] [HTTP] /client/views/pages/App.vue (Method: GET, IP: ::1)
[2022.10.19 15:46:46.467] [HTTP] / (Method: GET, IP: ::1)
[2022.10.19 15:46:46.491] [HTTP] /node_modules/vue/dist/vue.global.js (Method: GET, IP: ::1)
[2022.10.19 15:46:46.493] [HTTP] /node_modules/http-vue-loader/src/httpVueLoader.js (Method: GET, IP: ::1)
[2022.10.19 15:46:46.504] [HTTP] /client/views/pages/App.vue (Method: GET, IP: ::1)
[2022.10.19 15:47:02.954] [HTTP] / (Method: GET, IP: ::1)
[2022.10.19 15:47:02.967] [HTTP] /node_modules/vue/dist/vue.global.js (Method: GET, IP: ::1)
[2022.10.19 15:47:02.969] [HTTP] /node_modules/http-vue-loader/src/httpVueLoader.js (Method: GET, IP: ::1)
[2022.10.19 15:47:45.864] [HTTP] / (Method: GET, IP: ::1)
[2022.10.19 15:47:45.876] [HTTP] /node_modules/vue/dist/vue.global.js (Method: GET, IP: ::1)
[2022.10.19 15:47:45.878] [HTTP] /node_modules/http-vue-loader/src/httpVueLoader.js (Method: GET, IP: ::1)
[2022.10.19 15:48:05.336] [HTTP] / (Method: GET, IP: ::1)
[2022.10.19 15:48:05.360] [HTTP] /node_modules/vue/dist/vue.global.js (Method: GET, IP: ::1)
[2022.10.19 15:48:05.362] [HTTP] /node_modules/http-vue-loader/src/httpVueLoader.js (Method: GET, IP: ::1)
[2022.10.19 15:48:13.740] [HTTP] / (Method: GET, IP: ::1)
[2022.10.19 15:48:13.751] [HTTP] /node_modules/vue/dist/vue.global.js (Method: GET, IP: ::1)
[2022.10.19 15:48:13.752] [HTTP] /node_modules/http-vue-loader/src/httpVueLoader.js (Method: GET, IP: ::1)
[2022.10.19 15:48:13.760] [HTTP] /client/views/test.js (Method: GET, IP: ::1)
[2022.10.19 15:48:13.772] [HTTP] /client/views/pages/App.vue (Method: GET, IP: ::1)
[2022.10.19 16:21:12.772] ★★★ Node.js를 활용한 Web Server 구동(Port:80) ★★★
[2022.10.19 16:21:12.779] [HTTP] / (Method: GET, IP: ::ffff:127.0.0.1)
[2022.10.19 16:21:12.801] [HTTP] /node_modules/vue/dist/vue.global.js (Method: GET, IP: ::ffff:127.0.0.1)
[2022.10.19 16:21:12.806] [HTTP] /node_modules/vue3-sfc-loader/dist/vue3-sfc-loader.js (Method: GET, IP: ::ffff:127.0.0.1)
[2022.10.19 16:21:12.976] [HTTP] /node_modules/vue3-sfc-loader/dist/vue3-sfc-loader.js.map (Method: GET, IP: ::ffff:127.0.0.1)
[2022.10.19 16:21:15.912] [HTTP] / (Method: GET, IP: ::ffff:127.0.0.1)
[2022.10.19 16:21:15.923] [HTTP] /node_modules/vue/dist/vue.global.js (Method: GET, IP: ::ffff:127.0.0.1)
[2022.10.19 16:21:15.924] [HTTP] /node_modules/vue3-sfc-loader/dist/vue3-sfc-loader.js (Method: GET, IP: ::ffff:127.0.0.1)
[2022.10.19 16:21:16.080] [HTTP] /node_modules/vue3-sfc-loader/dist/vue3-sfc-loader.js.map (Method: GET, IP: ::ffff:127.0.0.1)
[2022.10.19 16:21:39.566] [HTTP] / (Method: GET, IP: ::ffff:127.0.0.1)
[2022.10.19 16:21:39.592] [HTTP] /node_modules/vue/dist/vue.global.js (Method: GET, IP: ::ffff:127.0.0.1)
[2022.10.19 16:21:39.594] [HTTP] /node_modules/vue3-sfc-loader/dist/vue3-sfc-loader.js (Method: GET, IP: ::1)
[2022.10.19 16:21:39.754] [HTTP] /node_modules/vue3-sfc-loader/dist/vue3-sfc-loader.js.map (Method: GET, IP: ::1)
[2022.10.19 16:21:52.936] [HTTP] / (Method: GET, IP: ::1)
[2022.10.19 16:21:52.947] [HTTP] /node_modules/vue/dist/vue.global.js (Method: GET, IP: ::1)
[2022.10.19 16:21:52.949] [HTTP] /node_modules/vue3-sfc-loader/dist/vue3-sfc-loader.js (Method: GET, IP: ::1)
[2022.10.19 16:21:53.097] [HTTP] /node_modules/vue3-sfc-loader/dist/vue3-sfc-loader.js.map (Method: GET, IP: ::1)
[2022.10.19 16:21:53.106] [HTTP] /client/views/pages/App.vue (Method: GET, IP: ::1)
[2022.10.19 16:22:30.919] [HTTP] / (Method: GET, IP: ::1)
[2022.10.19 16:22:30.934] [HTTP] /node_modules/vue/dist/vue.global.js (Method: GET, IP: ::1)
[2022.10.19 16:22:30.938] [HTTP] /node_modules/vue3-sfc-loader/dist/vue3-sfc-loader.js (Method: GET, IP: ::1)
[2022.10.19 16:22:31.093] [HTTP] /node_modules/vue3-sfc-loader/dist/vue3-sfc-loader.js.map (Method: GET, IP: ::1)
[2022.10.19 16:22:31.101] [HTTP] /client/views/pages/App.vue (Method: GET, IP: ::1)
[2022.10.19 16:23:04.057] [HTTP] / (Method: GET, IP: ::1)
[2022.10.19 16:23:04.082] [HTTP] /node_modules/vue/dist/vue.global.js (Method: GET, IP: ::1)
[2022.10.19 16:23:04.084] [HTTP] /node_modules/vue3-sfc-loader/dist/vue3-sfc-loader.js (Method: GET, IP: ::1)
[2022.10.19 16:23:04.238] [HTTP] /node_modules/vue3-sfc-loader/dist/vue3-sfc-loader.js.map (Method: GET, IP: ::1)
[2022.10.19 16:23:04.239] [HTTP] /client/views/pages/App.vue (Method: GET, IP: ::1)
[2022.10.19 16:23:43.186] [HTTP] / (Method: GET, IP: ::1)
[2022.10.19 16:23:43.199] [HTTP] /node_modules/vue/dist/vue.global.js (Method: GET, IP: ::1)
[2022.10.19 16:23:43.201] [HTTP] /node_modules/vue3-sfc-loader/dist/vue3-sfc-loader.js (Method: GET, IP: ::1)
[2022.10.19 16:23:43.373] [HTTP] /node_modules/vue3-sfc-loader/dist/vue3-sfc-loader.js.map (Method: GET, IP: ::1)
[2022.10.19 16:23:43.374] [HTTP] /client/views/pages/App.vue (Method: GET, IP: ::1)
[2022.10.19 16:23:57.627] [HTTP] / (Method: GET, IP: ::1)
[2022.10.19 16:23:57.638] [HTTP] /node_modules/vue/dist/vue.global.js (Method: GET, IP: ::1)
[2022.10.19 16:23:57.639] [HTTP] /node_modules/vue3-sfc-loader/dist/vue3-sfc-loader.js (Method: GET, IP: ::1)
[2022.10.19 16:23:57.692] [HTTP] /node_modules/vue3-sfc-loader/dist/vue3-sfc-loader.js.map (Method: GET, IP: ::1)
[2022.10.19 16:23:57.693] [HTTP] /client/views/pages/App.vue (Method: GET, IP: ::1)
[2022.10.19 16:24:48.637] [HTTP] / (Method: GET, IP: ::1)
[2022.10.19 16:24:48.663] [HTTP] /node_modules/vue/dist/vue.global.js (Method: GET, IP: ::1)
[2022.10.19 16:24:48.666] [HTTP] /node_modules/vue3-sfc-loader/dist/vue3-sfc-loader.js (Method: GET, IP: ::1)
[2022.10.19 16:24:48.721] [HTTP] /client/views/pages/App.vue (Method: GET, IP: ::1)
[2022.10.19 16:24:48.722] [HTTP] /node_modules/vue3-sfc-loader/dist/vue3-sfc-loader.js.map (Method: GET, IP: ::1)
[2022.10.19 16:25:05.408] [HTTP] / (Method: GET, IP: ::1)
[2022.10.19 16:25:05.425] [HTTP] /node_modules/vue/dist/vue.global.js (Method: GET, IP: ::1)
[2022.10.19 16:25:05.428] [HTTP] /node_modules/vue3-sfc-loader/dist/vue3-sfc-loader.js (Method: GET, IP: ::1)
[2022.10.19 16:25:05.482] [HTTP] /node_modules/vue3-sfc-loader/dist/vue3-sfc-loader.js.map (Method: GET, IP: ::1)
[2022.10.19 16:25:05.483] [HTTP] /client/views/pages/App.vue (Method: GET, IP: ::1)
[2022.10.19 17:19:30.901] ★★★ Node.js를 활용한 Web Server 구동(Port:80) ★★★
[2022.10.19 17:19:33.421] [HTTP] / (Method: GET, IP: ::1)
[2022.10.19 17:19:33.441] [HTTP] /client/build/bundle.js (Method: GET, IP: ::1)
[2022.10.19 17:19:50.647] [HTTP] / (Method: GET, IP: ::1)
[2022.10.19 17:19:50.662] [HTTP] /client/build/bundle.js (Method: GET, IP: ::1)
[2022.10.19 17:20:17.808] ★★★ Node.js를 활용한 Web Server 구동(Port:80) ★★★
[2022.10.19 17:20:35.900] ★★★ Node.js를 활용한 Web Server 구동(Port:80) ★★★
[2022.10.19 17:20:54.508] [HTTP] / (Method: GET, IP: ::1)
[2022.10.19 17:20:54.543] [HTTP] /client/build/bundle.js (Method: GET, IP: ::1)
[2022.10.19 17:20:55.850] [HTTP] / (Method: GET, IP: ::1)
[2022.10.19 17:20:55.860] [HTTP] /client/build/bundle.js (Method: GET, IP: ::1)
[2022.10.19 17:20:59.880] [HTTP] / (Method: GET, IP: ::1)
[2022.10.19 17:20:59.891] [HTTP] /client/build/bundle.js (Method: GET, IP: ::1)
[2022.10.19 17:21:16.241] [HTTP] / (Method: GET, IP: ::1)
[2022.10.19 17:21:16.258] [HTTP] /client/build/bundle.js (Method: GET, IP: ::1)
[2022.10.19 17:21:16.292] [HTTP] /favicon.ico (Method: GET, IP: ::1)
[2022.10.19 17:21:16.295] [Error:404] /favicon.ico/n Error: ENOENT: no such file or directory, stat 'C:\takensoft\tools\dev\nodejs\workspace\node_vue_web_server_framework_v1.0\favicon.ico'/n
[2022.10.19 17:21:55.602] ★★★ Node.js를 활용한 Web Server 구동(Port:80) ★★★
[2022.10.19 17:21:56.764] [HTTP] / (Method: GET, IP: ::1)
[2022.10.19 17:21:56.809] [HTTP] /client/build/bundle.js (Method: GET, IP: ::1)
[2022.10.19 17:22:29.628] [HTTP] / (Method: GET, IP: ::1)
[2022.10.19 17:22:29.644] [HTTP] /client/build/bundle.js (Method: GET, IP: ::1)
[2022.10.19 17:23:58.367] [HTTP] / (Method: GET, IP: ::1)
[2022.10.19 17:23:58.403] [HTTP] /client/build/bundle.js (Method: GET, IP: ::1)
[2022.10.19 17:24:33.631] [HTTP] / (Method: GET, IP: ::1)
[2022.10.19 17:24:33.649] [HTTP] /client/build/bundle.js (Method: GET, IP: ::1)
[2022.10.19 17:24:40.737] [HTTP] / (Method: GET, IP: ::1)
[2022.10.19 17:24:40.748] [HTTP] /client/build/bundle.js (Method: GET, IP: ::1)
[2022.10.19 17:24:41.931] [HTTP] / (Method: GET, IP: ::1)
[2022.10.19 17:24:41.945] [HTTP] /client/build/bundle.js (Method: GET, IP: ::1)
[2022.10.19 17:24:52.002] [HTTP] / (Method: GET, IP: ::1)
[2022.10.19 17:24:52.012] [HTTP] /client/build/bundle.js (Method: GET, IP: ::1)
[2022.10.19 17:24:52.478] [HTTP] / (Method: GET, IP: ::1)
[2022.10.19 17:24:52.487] [HTTP] /client/build/bundle.js (Method: GET, IP: ::1)
[2022.10.19 17:24:52.677] [HTTP] / (Method: GET, IP: ::1)
[2022.10.19 17:24:52.687] [HTTP] /client/build/bundle.js (Method: GET, IP: ::1)
[2022.10.19 17:24:57.299] [HTTP] / (Method: GET, IP: ::1)
[2022.10.19 17:24:57.309] [HTTP] /client/build/bundle.js (Method: GET, IP: ::1)
[2022.10.19 17:25:47.860] [HTTP] / (Method: GET, IP: ::1)
[2022.10.19 17:25:47.871] [HTTP] /client/build/bundle.js (Method: GET, IP: ::1)
[2022.10.19 17:26:35.496] [HTTP] / (Method: GET, IP: ::1)
[2022.10.19 17:26:35.522] [HTTP] /client/build/bundle.js (Method: GET, IP: ::1)
[2022.10.19 17:26:36.140] [HTTP] / (Method: GET, IP: ::1)
[2022.10.19 17:26:36.151] [HTTP] /client/build/bundle.js (Method: GET, IP: ::1)
[2022.10.19 17:26:36.347] [HTTP] / (Method: GET, IP: ::1)
[2022.10.19 17:26:36.356] [HTTP] /client/build/bundle.js (Method: GET, IP: ::1)
[2022.10.19 17:26:36.501] [HTTP] / (Method: GET, IP: ::1)
[2022.10.19 17:26:36.511] [HTTP] /client/build/bundle.js (Method: GET, IP: ::1)
[2022.10.19 17:26:38.363] [HTTP] / (Method: GET, IP: ::1)
[2022.10.19 17:26:38.372] [HTTP] /client/build/bundle.js (Method: GET, IP: ::1)
[2022.10.19 17:28:56.320] [HTTP] / (Method: GET, IP: ::1)
[2022.10.19 17:28:56.334] [HTTP] /client/build/bundle.js (Method: GET, IP: ::1)
[2022.10.19 17:28:56.873] [HTTP] / (Method: GET, IP: ::1)
[2022.10.19 17:28:56.883] [HTTP] /client/build/bundle.js (Method: GET, IP: ::1)
[2022.10.19 17:28:57.051] [HTTP] / (Method: GET, IP: ::1)
[2022.10.19 17:28:57.060] [HTTP] /client/build/bundle.js (Method: GET, IP: ::1)
[2022.10.19 17:28:57.224] [HTTP] / (Method: GET, IP: ::1)
[2022.10.19 17:28:57.238] [HTTP] /client/build/bundle.js (Method: GET, IP: ::1)
[2022.10.19 17:28:57.360] [HTTP] / (Method: GET, IP: ::1)
[2022.10.19 17:28:57.370] [HTTP] /client/build/bundle.js (Method: GET, IP: ::1)
[2022.10.19 17:28:58.142] [HTTP] / (Method: GET, IP: ::1)
[2022.10.19 17:28:58.151] [HTTP] /client/build/bundle.js (Method: GET, IP: ::1)
[2022.10.19 17:32:08.450] [HTTP] / (Method: GET, IP: ::1)
[2022.10.19 17:32:08.459] [HTTP] /client/build/bundle.js (Method: GET, IP: ::1)
[2022.10.19 17:32:40.028] [HTTP] / (Method: GET, IP: ::1)
[2022.10.19 17:32:40.055] [HTTP] /client/build/bundle.js (Method: GET, IP: ::1)
[2022.10.19 17:32:40.718] [HTTP] / (Method: GET, IP: ::1)
[2022.10.19 17:32:40.727] [HTTP] /client/build/bundle.js (Method: GET, IP: ::1)
[2022.10.19 17:33:00.676] [HTTP] / (Method: GET, IP: ::1)
[2022.10.19 17:33:00.689] [HTTP] /client/build/bundle.js (Method: GET, IP: ::1)
[2022.10.19 17:33:01.287] [HTTP] / (Method: GET, IP: ::1)
[2022.10.19 17:33:01.297] [HTTP] /client/build/bundle.js (Method: GET, IP: ::1)
[2022.10.19 17:33:01.473] [HTTP] / (Method: GET, IP: ::1)
[2022.10.19 17:33:01.488] [HTTP] /client/build/bundle.js (Method: GET, IP: ::1)
[2022.10.19 17:33:01.624] [HTTP] / (Method: GET, IP: ::1)
[2022.10.19 17:33:01.633] [HTTP] /client/build/bundle.js (Method: GET, IP: ::1)
[2022.10.19 17:33:01.778] [HTTP] / (Method: GET, IP: ::1)
[2022.10.19 17:33:01.787] [HTTP] /client/build/bundle.js (Method: GET, IP: ::1)
[2022.10.19 17:35:30.730] [HTTP] / (Method: GET, IP: ::1)
[2022.10.19 17:35:30.739] [HTTP] /client/build/bundle.js (Method: GET, IP: ::1)
[2022.10.19 17:35:31.290] [HTTP] / (Method: GET, IP: ::1)
[2022.10.19 17:35:31.299] [HTTP] /client/build/bundle.js (Method: GET, IP: ::1)
[2022.10.19 17:35:31.472] [HTTP] / (Method: GET, IP: ::1)
[2022.10.19 17:35:31.481] [HTTP] /client/build/bundle.js (Method: GET, IP: ::1)
[2022.10.19 17:35:31.654] [HTTP] / (Method: GET, IP: ::1)
[2022.10.19 17:35:31.663] [HTTP] /client/build/bundle.js (Method: GET, IP: ::1)
[2022.10.19 17:35:31.820] [HTTP] / (Method: GET, IP: ::1)
[2022.10.19 17:35:31.830] [HTTP] /client/build/bundle.js (Method: GET, IP: ::1)
[2022.10.19 17:35:31.969] [HTTP] / (Method: GET, IP: ::1)
[2022.10.19 17:35:31.978] [HTTP] /client/build/bundle.js (Method: GET, IP: ::1)
[2022.10.19 17:35:32.112] [HTTP] / (Method: GET, IP: ::1)
[2022.10.19 17:35:32.122] [HTTP] /client/build/bundle.js (Method: GET, IP: ::1)
[2022.10.19 17:36:50.807] [HTTP] / (Method: GET, IP: ::1)
[2022.10.19 17:36:50.822] [HTTP] /client/build/bundle.js (Method: GET, IP: ::1)
[2022.10.19 17:36:53.355] [HTTP] / (Method: GET, IP: ::1)
[2022.10.19 17:36:53.364] [HTTP] /client/build/bundle.js (Method: GET, IP: ::1)
[2022.10.19 17:37:01.191] [HTTP] / (Method: GET, IP: ::1)
[2022.10.19 17:37:01.200] [HTTP] /client/build/bundle.js (Method: GET, IP: ::1)
[2022.10.19 17:38:20.580] [HTTP] / (Method: GET, IP: ::1)
[2022.10.19 17:38:20.605] [HTTP] /client/build/bundle.js (Method: GET, IP: ::1)
[2022.10.19 17:38:55.650] [HTTP] / (Method: GET, IP: ::1)
[2022.10.19 17:38:55.663] [HTTP] /client/build/bundle.js (Method: GET, IP: ::1)
[2022.10.19 17:39:05.400] [HTTP] / (Method: GET, IP: ::1)
[2022.10.19 17:39:05.411] [HTTP] /client/build/bundle.js (Method: GET, IP: ::1)
[2022.10.19 17:39:56.993] [HTTP] / (Method: GET, IP: ::1)
[2022.10.19 17:39:57.008] [HTTP] /client/build/bundle.js (Method: GET, IP: ::1)
[2022.10.19 17:39:58.066] [HTTP] / (Method: GET, IP: ::1)
[2022.10.19 17:39:58.075] [HTTP] /client/build/bundle.js (Method: GET, IP: ::1)
[2022.10.19 17:40:12.713] [HTTP] / (Method: GET, IP: ::1)
[2022.10.19 17:40:12.723] [HTTP] /client/build/bundle.js (Method: GET, IP: ::1)
[2022.10.19 17:40:25.550] [HTTP] / (Method: GET, IP: ::1)
[2022.10.19 17:40:25.559] [HTTP] /client/build/bundle.js (Method: GET, IP: ::1)
[2022.10.19 17:40:26.542] [HTTP] / (Method: GET, IP: ::1)
[2022.10.19 17:40:26.551] [HTTP] /client/build/bundle.js (Method: GET, IP: ::1)
[2022.10.19 17:40:26.760] [HTTP] / (Method: GET, IP: ::1)
[2022.10.19 17:40:26.769] [HTTP] /client/build/bundle.js (Method: GET, IP: ::1)
[2022.10.19 17:40:27.333] [HTTP] / (Method: GET, IP: ::1)
[2022.10.19 17:40:27.342] [HTTP] /client/build/bundle.js (Method: GET, IP: ::1)
[2022.10.19 17:40:34.460] [HTTP] / (Method: GET, IP: ::1)
[2022.10.19 17:40:34.482] [HTTP] /client/build/bundle.js (Method: GET, IP: ::1)
[2022.10.19 18:00:08.829] ★★★ Node.js를 활용한 Web Server 구동(Port:80) ★★★
[2022.10.19 18:00:09.523] [HTTP] / (Method: GET, IP: ::1)
[2022.10.19 18:00:09.540] [HTTP] /client/build/bundle.js (Method: GET, IP: ::1)
[2022.10.19 18:01:05.002] [HTTP] / (Method: GET, IP: ::1)
[2022.10.19 18:01:05.030] [HTTP] /client/build/bundle.js (Method: GET, IP: ::1)
[2022.10.19 18:02:58.271] [HTTP] / (Method: GET, IP: ::1)
[2022.10.19 18:02:58.283] [HTTP] /client/build/bundle.js (Method: GET, IP: ::1)
[2022.10.19 18:03:21.537] [HTTP] / (Method: GET, IP: ::1)
[2022.10.19 18:03:21.567] [HTTP] /client/build/bundle.js (Method: GET, IP: ::1)
[2022.10.19 18:03:22.603] [HTTP] / (Method: GET, IP: ::1)
[2022.10.19 18:03:22.615] [HTTP] /client/build/bundle.js (Method: GET, IP: ::1)
[2022.10.19 18:07:33.802] [HTTP] / (Method: GET, IP: ::1)
[2022.10.19 18:07:33.825] [HTTP] /client/build/bundle.js (Method: GET, IP: ::1)
[2022.10.19 18:07:35.424] [HTTP] / (Method: GET, IP: ::1)
[2022.10.19 18:07:35.435] [HTTP] /client/build/bundle.js (Method: GET, IP: ::1)
[2022.10.19 18:08:54.509] [HTTP] / (Method: GET, IP: ::1)
[2022.10.19 18:08:54.541] [HTTP] /client/build/bundle.js (Method: GET, IP: ::1)
[2022.10.19 18:10:04.518] [HTTP] / (Method: GET, IP: ::1)
[2022.10.19 18:10:04.560] [HTTP] /client/build/bundle.js (Method: GET, IP: ::1)
[2022.10.19 18:10:06.876] [HTTP] / (Method: GET, IP: ::1)
[2022.10.19 18:10:06.887] [HTTP] /client/build/bundle.js (Method: GET, IP: ::1)
[2022.10.19 18:12:13.976] [HTTP] / (Method: GET, IP: ::1)
[2022.10.19 18:12:13.992] [HTTP] /client/build/bundle.js (Method: GET, IP: ::1)
[2022.10.19 18:12:20.246] [HTTP] / (Method: GET, IP: ::1)
[2022.10.19 18:12:20.258] [HTTP] /client/build/bundle.js (Method: GET, IP: ::1)
[2022.10.19 18:12:21.025] [HTTP] / (Method: GET, IP: ::1)
[2022.10.19 18:12:21.034] [HTTP] /client/build/bundle.js (Method: GET, IP: ::1)
[2022.10.19 18:12:23.846] [HTTP] / (Method: GET, IP: ::1)
[2022.10.19 18:12:23.856] [HTTP] /client/build/bundle.js (Method: GET, IP: ::1)
[2022.10.19 18:14:48.940] [HTTP] / (Method: GET, IP: ::1)
[2022.10.19 18:14:48.956] [HTTP] /client/build/bundle.js (Method: GET, IP: ::1)
[2022.10.19 18:15:23.862] [HTTP] / (Method: GET, IP: ::1)
[2022.10.19 18:15:23.882] [HTTP] /client/build/bundle.js (Method: GET, IP: ::1)
[2022.10.19 18:15:26.517] [HTTP] / (Method: GET, IP: ::1)
[2022.10.19 18:15:26.527] [HTTP] /client/build/bundle.js (Method: GET, IP: ::1)
[2022.10.19 18:15:32.090] [HTTP] / (Method: GET, IP: ::1)
[2022.10.19 18:15:32.099] [HTTP] /client/build/bundle.js (Method: GET, IP: ::1)
[2022.10.19 18:17:58.350] [HTTP] / (Method: GET, IP: ::1)
[2022.10.19 18:17:58.380] [HTTP] /client/build/bundle.js (Method: GET, IP: ::1)
[2022.10.19 18:17:59.216] [HTTP] / (Method: GET, IP: ::1)
[2022.10.19 18:17:59.230] [HTTP] /client/build/bundle.js (Method: GET, IP: ::1)
[2022.10.19 18:18:00.923] [HTTP] / (Method: GET, IP: ::1)
[2022.10.19 18:18:00.933] [HTTP] /client/build/bundle.js (Method: GET, IP: ::1)
[2022.10.19 18:19:23.724] [HTTP] / (Method: GET, IP: ::1)
[2022.10.19 18:19:23.766] [HTTP] /client/build/bundle.js (Method: GET, IP: ::1)
